--- Job Balmorel.gms Start 06/18/26 11:56:37 53.5.1 f2e5fac3 DAX-DAC arm 64bit/macOS
--- Applying:
    /Library/Frameworks/GAMS.framework/Versions/53/Resources/gmsprmun.txt
    /Users/wiwillym/Library/Preferences/GAMS/gamsconfig.yaml
--- GAMS Parameters defined
    Input /Users/wiwillym/Desktop/Cote/LSESA/Project/pybalmorel/examples/Balmorel/04Project_CO2TaxwCCS/Model/Balmorel.gms
    PageSize 0
    ScrDir /Users/wiwillym/Desktop/Cote/LSESA/Project/pybalmorel/examples/Balmorel/04Project_CO2TaxwCCS/Model/225a/
    SysDir /Library/Frameworks/GAMS.framework/Versions/53/Resources/
    LogOption 3
    AppendLog 1
    ErrMsg 1
    ErrorLog 99
    IDE 1
    LstTitleLeftAligned 1
Licensee: Large MUD - 20 User License                    G251106+0003Ac-GEN
          Technical University of Denmark, Management Engineering    DC8611
          /Users/wiwillym/Library/Application Support/GAMS/gamslice.txt
          556f6a85-f5d8-4c6d
          v:2                                                              
          The maintenance period of the license expires on Dec 31, 2026
System information: 10 physical cores and 24 Gb physical memory detected
GAMS 53.5.1   Copyright (C) 1987-2026 GAMS Development. All rights reserved
--- Starting compilation
--- Balmorel.gms(42) 2 Mb
--- > balgams.opt(161) 2 Mb
--- Balmorel.gms(49) 2 Mb
--- > balopt.opt(1051) 2 Mb
--- Balmorel.gms(99) 2 Mb
--- > error1.inc(44) 2 Mb
--- >> hellolog.inc(120) 2 Mb
--- > error1.inc(56) 2 Mb
--- Balmorel.gms(121) 2 Mb
--- > Balmorelbb4.inc(305) 2 Mb
--- >> bb4datainc.inc(25) 2 Mb
--- >>> ACRONYMS.inc(16) 2 Mb
--- >> bb4datainc.inc(27) 2 Mb
--- >>> acronymsadditions.inc(11) 2 Mb
--- >>>> hydrogen_acronymsadditions.inc(3) 2 Mb
--- >>>>> HYDROGEN_ACRONYMS.inc(2) 2 Mb
--- >>>> hydrogen_acronymsadditions.inc(4) 2 Mb
--- >>> acronymsadditions.inc(15) 2 Mb
--- >> bb4datainc.inc(33) 2 Mb
--- >>> CCCRRRAAA.inc(109) 3 Mb
--- >> bb4datainc.inc(36) 3 Mb
--- >>> cccrrraaaadditions.inc(9) 3 Mb
--- >> bb4datainc.inc(40) 3 Mb
--- >>> CCC.inc(5) 3 Mb
--- >> bb4datainc.inc(43) 3 Mb
--- >>> cccadditions.inc(8) 3 Mb
--- >> bb4datainc.inc(47) 3 Mb
--- >>> RRR.inc(10) 3 Mb
--- >> bb4datainc.inc(50) 3 Mb
--- >>> rrradditions.inc(8) 3 Mb
--- >> bb4datainc.inc(54) 3 Mb
--- >>> AAA.inc(88) 3 Mb
--- >> bb4datainc.inc(57) 3 Mb
--- >>> aaaadditions.inc(9) 3 Mb
--- >> bb4datainc.inc(61) 3 Mb
--- >>> CCCRRR.inc(10) 3 Mb
--- >> bb4datainc.inc(64) 3 Mb
--- >>> cccrrradditions.inc(8) 3 Mb
--- >> bb4datainc.inc(68) 3 Mb
--- >>> RRRAAA.inc(90) 3 Mb
--- >> bb4datainc.inc(71) 3 Mb
--- >>> rrraaaadditions.inc(9) 3 Mb
--- >> bb4datainc.inc(75) 3 Mb
--- >>> C.inc(5) 3 Mb
--- >> bb4datainc.inc(77) 3 Mb
--- >>> cadditions.inc(8) 3 Mb
--- >> bb4datainc.inc(104) 3 Mb
--- >>> YYY.inc(2) 3 Mb
--- >> bb4datainc.inc(109) 3 Mb
--- >>> SSS.inc(4) 3 Mb
--- >> bb4datainc.inc(114) 3 Mb
--- >>> TTT.inc(4) 3 Mb
--- >> bb4datainc.inc(119) 3 Mb
--- >>> GROUP.inc(7) 3 Mb
--- >> bb4datainc.inc(124) 3 Mb
--- >>> GROUP_AAA.inc(8) 3 Mb
--- >> bb4datainc.inc(129) 3 Mb
--- >>> DEUSER.inc(10) 3 Mb
--- >> bb4datainc.inc(132) 3 Mb
--- >>> deuseradditions.inc(12) 3 Mb
--- >> bb4datainc.inc(136) 3 Mb
--- >>> DHUSER.inc(14) 3 Mb
--- >> bb4datainc.inc(141) 3 Mb
--- >>> FFF.inc(112) 3 Mb
--- >> bb4datainc.inc(144) 3 Mb
--- >>> fffadditions.inc(1) 3 Mb
--- >>>> hydrogen_fffadditions.inc(3) 3 Mb
--- >>>>> HYDROGEN_FFF.inc(10) 3 Mb
--- >>>> hydrogen_fffadditions.inc(4) 3 Mb
--- >>> fffadditions.inc(4) 3 Mb
--- >> bb4datainc.inc(148) 3 Mb
--- >>> FDATASET.inc(9) 3 Mb
--- >> bb4datainc.inc(153) 3 Mb
--- >>> FDATA.inc(56) 3 Mb
--- >> bb4datainc.inc(156) 3 Mb
--- >>> fdataadditions.inc(1) 3 Mb
--- >>>> hydrogen_fdataadditions.inc(3) 3 Mb
--- >>>>> HYDROGEN_FDATA.inc(11) 3 Mb
--- >>>> hydrogen_fdataadditions.inc(4) 3 Mb
--- >>> fdataadditions.inc(3) 3 Mb
--- >> bb4datainc.inc(159) 3 Mb
--- >>> GGG.inc(1323) 3 Mb
--- >> bb4datainc.inc(163) 3 Mb
--- >>> gggadditions.inc(6) 3 Mb
--- >>>> hydrogen_gggadditions.inc(3) 3 Mb
--- >>>>> HYDROGEN_GGG.inc(288) 3 Mb
--- >>>> hydrogen_gggadditions.inc(4) 3 Mb
--- >>> gggadditions.inc(9) 3 Mb
--- >> bb4datainc.inc(167) 3 Mb
--- >>> GDATASET.inc(63) 3 Mb
--- >> bb4datainc.inc(172) 3 Mb
--- >>> TECH_GROUP.inc(27) 3 Mb
--- >> bb4datainc.inc(175) 3 Mb
--- >>> tech_groupadditions.inc(4) 3 Mb
--- >> bb4datainc.inc(179) 3 Mb
--- >>> TECH_GROUP_VALUE.inc(25) 3 Mb
--- >> bb4datainc.inc(182) 3 Mb
--- >>> tech_group_valueadditions.inc(4) 3 Mb
--- >> bb4datainc.inc(186) 3 Mb
--- >>> TECHGROUP_DEUSER.inc(5) 3 Mb
--- >> bb4datainc.inc(191) 3 Mb
--- >>> SUBTECH_GROUP.inc(25) 3 Mb
--- >> bb4datainc.inc(196) 3 Mb
--- >>> SUBTECH_GROUP_VALUE.inc(25) 3 Mb
--- >> bb4datainc.inc(200) 3 Mb
--- >>> G.inc(1272) 3 Mb
--- >> bb4datainc.inc(204) 3 Mb
--- >>> gadditions.inc(6) 3 Mb
--- >>>> hydrogen_gadditions.inc(3) 3 Mb
--- >>>>> HYDROGEN_G.inc(290) 3 Mb
--- >>>> hydrogen_gadditions.inc(4) 3 Mb
--- >>> gadditions.inc(9) 3 Mb
--- >> bb4datainc.inc(210) 3 Mb
--- >>> setdeclare.inc(28) 3 Mb
--- >>>> CCS_setdeclare.inc(4) 3 Mb
--- >>>>> CCS_CCS_G.inc(115) 3 Mb
--- >>>> CCS_setdeclare.inc(6) 3 Mb
--- >>> setdeclare.inc(33) 3 Mb
--- >> bb4datainc.inc(211) 3 Mb
--- >>> setdefine.inc(20) 3 Mb
--- >>> setdefine.inc(42) 3 Mb
--- >>>> CCS_setdefine.inc(3) 3 Mb
--- >>> setdefine.inc(47) 3 Mb
--- >> bb4datainc.inc(218) 3 Mb
--- >>> GDATA.inc(1286) 5 Mb
--- >> bb4datainc.inc(222) 5 Mb
--- >>> gdataadditions.inc(13) 5 Mb
--- >>>> hydrogen_gdataadditions.inc(3) 5 Mb
--- >>>>> HYDROGEN_GDATA.inc(290) 5 Mb
--- >>>> hydrogen_gdataadditions.inc(4) 5 Mb
--- >>> gdataadditions.inc(18) 5 Mb
--- >> bb4datainc.inc(238) 5 Mb
--- >>> HYRSMAXVOL_G.inc(848) 5 Mb
--- >> bb4datainc.inc(243) 5 Mb
--- >>> HYRSDATASET.inc(8) 5 Mb
--- >> bb4datainc.inc(248) 5 Mb
--- >>> DF_QP.inc(5) 5 Mb
--- >> bb4datainc.inc(253) 5 Mb
--- >>> EMIPOLSET.inc(9) 5 Mb
--- >> bb4datainc.inc(258) 5 Mb
--- >>> AGKN.inc(572) 5 Mb
--- >> bb4datainc.inc(263) 5 Mb
--- >>> agknadditions.inc(6) 5 Mb
--- >>>> CCS_agknadditions.inc(5) 5 Mb
--- >>>>> CCS_AGKN.inc(1) 5 Mb
--- >>>> CCS_agknadditions.inc(6) 5 Mb
--- >>> agknadditions.inc(7) 5 Mb
--- >>>> hydrogen_agknadditions.inc(3) 5 Mb
--- >>>>> HYDROGEN_AGKN.inc(72) 5 Mb
--- >>>> hydrogen_agknadditions.inc(4) 5 Mb
--- >>> agknadditions.inc(14) 5 Mb
--- >> bb4datainc.inc(266) 5 Mb
--- >>> Y.inc(11) 5 Mb
--- >> bb4datainc.inc(275) 5 Mb
--- >>> S.inc(6) 5 Mb
--- >> bb4datainc.inc(280) 5 Mb
--- >>> T.inc(7) 5 Mb
--- >> bb4datainc.inc(286) 5 Mb
--- >>> YVALUE.inc(12) 5 Mb
--- >> bb4datainc.inc(291) 5 Mb
--- >>> TWORKDAY.inc(1) 5 Mb
--- >> bb4datainc.inc(296) 5 Mb
--- >>> TWEEKEND.inc(1) 5 Mb
--- >> bb4datainc.inc(403) 5 Mb
--- >>> GKFX.inc(593) 5 Mb
--- >> bb4datainc.inc(406) 5 Mb
--- >>> gkfxadditions.inc(5) 5 Mb
--- >>>> hydrogen_gkfxadditions.inc(3) 5 Mb
--- >>>>> HYDROGEN_GKFX.inc(22) 5 Mb
--- >>>> hydrogen_gkfxadditions.inc(4) 5 Mb
--- >>> gkfxadditions.inc(14) 5 Mb
--- >> bb4datainc.inc(411) 5 Mb
--- >>> FMAXINVEST.inc(5) 5 Mb
--- >> bb4datainc.inc(416) 5 Mb
--- >>> FMAXINVESTNA.inc(2) 5 Mb
--- >> bb4datainc.inc(421) 5 Mb
--- >>> DISLOSS_E.inc(11) 5 Mb
--- >> bb4datainc.inc(426) 5 Mb
--- >>> DISLOSS_E_AG.inc(57) 5 Mb
--- >> bb4datainc.inc(429) 5 Mb
--- >>> disloss_e_agadditions.inc(17) 5 Mb
--- >> bb4datainc.inc(433) 5 Mb
--- >>> DISLOSS_H.inc(3) 5 Mb
--- >> bb4datainc.inc(438) 5 Mb
--- >>> DISCOST_E.inc(10) 5 Mb
--- >> bb4datainc.inc(443) 5 Mb
--- >>> DISCOST_H.inc(18) 5 Mb
--- >> bb4datainc.inc(448) 5 Mb
--- >>> FKPOT.inc(36) 5 Mb
--- >> bb4datainc.inc(453) 5 Mb
--- >>> TECHGROUPKPOT.inc(31) 5 Mb
--- >> bb4datainc.inc(458) 5 Mb
--- >>> SUBTECHGROUPKPOT.inc(117) 5 Mb
--- >> bb4datainc.inc(461) 5 Mb
--- >>> subtechgroupkpotadditions.inc(15) 5 Mb
--- >> bb4datainc.inc(466) 5 Mb
--- >>> FKMIN.inc(4) 5 Mb
--- >> bb4datainc.inc(472) 5 Mb
--- >>> FKMAX.inc(4) 5 Mb
--- >> bb4datainc.inc(478) 5 Mb
--- >>> FKEQ.inc(4) 5 Mb
--- >> bb4datainc.inc(484) 5 Mb
--- >>> FKMINNA.inc(4) 5 Mb
--- >> bb4datainc.inc(489) 5 Mb
--- >>> FKMAXNA.inc(4) 5 Mb
--- >> bb4datainc.inc(494) 5 Mb
--- >>> FKEQNA.inc(4) 5 Mb
--- >> bb4datainc.inc(499) 5 Mb
--- >>> FGEMIN.inc(5) 5 Mb
--- >> bb4datainc.inc(504) 5 Mb
--- >>> FGEMAX.inc(4) 5 Mb
--- >> bb4datainc.inc(510) 5 Mb
--- >>> GMINF.inc(5) 5 Mb
--- >> bb4datainc.inc(516) 5 Mb
--- >>> GMAXF.inc(22) 5 Mb
--- >> bb4datainc.inc(522) 5 Mb
--- >>> GEQF.inc(45) 5 Mb
--- >> bb4datainc.inc(527) 5 Mb
--- >>> GMAXFS.inc(39) 5 Mb
--- >> bb4datainc.inc(532) 5 Mb
--- >>> WTRRSFLH.inc(14) 5 Mb
--- >> bb4datainc.inc(537) 5 Mb
--- >>> WTRRRFLH.inc(15) 5 Mb
--- >> bb4datainc.inc(543) 5 Mb
--- >>> WNDFLH.inc(51) 5 Mb
--- >> bb4datainc.inc(546) 5 Mb
--- >>> wndflhadditions.inc(15) 5 Mb
--- >> bb4datainc.inc(551) 5 Mb
--- >>> SOLEFLH.inc(42) 5 Mb
--- >> bb4datainc.inc(558) 5 Mb
--- >>> SOLHFLH.inc(34) 5 Mb
--- >> bb4datainc.inc(561) 5 Mb
--- >>> solhflhadditions.inc(13) 5 Mb
--- >> bb4datainc.inc(566) 5 Mb
--- >>> WAVEFLH.inc(14) 5 Mb
--- >> bb4datainc.inc(571) 5 Mb
--- >>> HYRSDATA.inc(25) 5 Mb
--- >> bb4datainc.inc(576) 5 Mb
--- >>> DISCOUNTRATE.inc(2) 5 Mb
--- >> bb4datainc.inc(581) 5 Mb
--- >>> LIFETIME_X.inc(2) 5 Mb
--- >> bb4datainc.inc(585) 5 Mb
--- >>> ANNUITYCG.inc(1236) 5 Mb
--- >> bb4datainc.inc(589) 5 Mb
--- >>> annuitycgadditions.inc(3) 5 Mb
--- >>>> hydrogen_annuitycgadditions.inc(3) 5 Mb
--- >>>>> HYDROGEN_ANNUITYCG.inc(39) 5 Mb
--- >>>> hydrogen_annuitycgadditions.inc(4) 5 Mb
--- >>> annuitycgadditions.inc(3) 5 Mb
--- >> bb4datainc.inc(593) 5 Mb
--- >>> ANNUITYCX.inc(4) 5 Mb
--- >> bb4datainc.inc(598) 5 Mb
--- >>> GINVCOST.inc(3) 5 Mb
--- >> bb4datainc.inc(603) 5 Mb
--- >>> GOMVCOSTO.inc(6) 5 Mb
--- >> bb4datainc.inc(608) 5 Mb
--- >>> GOMVCOSTIN.inc(6) 5 Mb
--- >> bb4datainc.inc(613) 5 Mb
--- >>> GOMFCOST.inc(10) 5 Mb
--- >> bb4datainc.inc(618) 5 Mb
--- >>> GEFFRATE.inc(5) 5 Mb
--- >> bb4datainc.inc(623) 5 Mb
--- >>> DEFP_BASE.inc(10) 5 Mb
--- >> bb4datainc.inc(628) 5 Mb
--- >>> DHFP_BASE.inc(35) 5 Mb
--- >> bb4datainc.inc(633) 5 Mb
--- >>> GKF_LO.inc(4) 5 Mb
--- >> bb4datainc.inc(646) 5 Mb
--- >>> DE.inc(58) 5 Mb
--- >> bb4datainc.inc(649) 5 Mb
--- >>> deadditions.inc(17) 5 Mb
--- >> bb4datainc.inc(657) 5 Mb
--- >>> DH.inc(158) 5 Mb
--- >> bb4datainc.inc(660) 5 Mb
--- >>> dhadditions.inc(13) 5 Mb
--- >> bb4datainc.inc(667) 5 Mb
--- >>> XINVCOST.inc(66) 5 Mb
--- >> bb4datainc.inc(670) 5 Mb
--- >>> xinvcostadditions.inc(10) 5 Mb
--- >> bb4datainc.inc(674) 5 Mb
--- >>> XKFX.inc(58) 5 Mb
--- >> bb4datainc.inc(679) 5 Mb
--- >>> XCOST.inc(29) 5 Mb
--- >> bb4datainc.inc(682) 5 Mb
--- >>> xcostadditions.inc(10) 5 Mb
--- >> bb4datainc.inc(686) 5 Mb
--- >>> XLOSS.inc(40) 5 Mb
--- >> bb4datainc.inc(689) 5 Mb
--- >>> xlossadditions.inc(10) 5 Mb
--- >> bb4datainc.inc(695) 5 Mb
--- >>> XKRATE.inc(11) 5 Mb
--- >> bb4datainc.inc(700) 5 Mb
--- >>> XMAXINV.inc(55) 5 Mb
--- >> bb4datainc.inc(709) 5 Mb
--- >>> FUELPRICE.inc(67) 5 Mb
--- >> bb4datainc.inc(712) 5 Mb
--- >>> fuelpriceadditions.inc(1) 5 Mb
--- >>>> hydrogen_fuelpriceadditions.inc(3) 5 Mb
--- >>>>> HYDROGEN_FUELPRICE.inc(1) 5 Mb
--- >>>> hydrogen_fuelpriceadditions.inc(4) 5 Mb
--- >>> fuelpriceadditions.inc(2) 5 Mb
--- >> bb4datainc.inc(719) 5 Mb
--- >>> EMI_POL.inc(52) 5 Mb
--- >> bb4datainc.inc(724) 5 Mb
--- >>> EMI_POLNA.inc(7) 5 Mb
--- >> bb4datainc.inc(734) 5 Mb
--- >>> WEIGHT_S.inc(7) 5 Mb
--- >> bb4datainc.inc(739) 5 Mb
--- >>> WEIGHT_T.inc(8) 5 Mb
--- >> bb4datainc.inc(744) 5 Mb
--- >>> CHRONOHOUR.inc(4) 5 Mb
--- >> bb4datainc.inc(749) 5 Mb
--- >>> SSIZE.inc(3) 5 Mb
--- >> bb4datainc.inc(755) 5 Mb
--- >>> GKRATE.inc(93) 5 Mb
--- >> bb4datainc.inc(760) 5 Mb
--- >>> DE_VAR_T.inc(17494) 10 Mb
--- >> bb4datainc.inc(763) 10 Mb
--- >>> de_var_tadditions.inc(13) 10 Mb
--- >> bb4datainc.inc(767) 10 Mb
--- >>> DH_VAR_T.inc(8797) 13 Mb
--- >> bb4datainc.inc(770) 13 Mb
--- >>> dh_var_tadditions.inc(13) 13 Mb
--- >> bb4datainc.inc(774) 13 Mb
--- >>> WTRRSVAR_S.inc(51) 13 Mb
--- >> bb4datainc.inc(779) 13 Mb
--- >>> WTRRRVAR_T.inc(74) 13 Mb
--- >> bb4datainc.inc(784) 13 Mb
--- >>> WND_VAR_T.inc(8743) 19 Mb
--- >>>> WND_VAR_T2.inc(8992) 20 Mb
--- >>> WND_VAR_T.inc(8992) 20 Mb
--- >> bb4datainc.inc(787) 20 Mb
--- >>> wnd_var_tadditions.inc(15) 20 Mb
--- >> bb4datainc.inc(791) 20 Mb
--- >>> SOLE_VAR_T.inc(8748) 25 Mb
--- >> bb4datainc.inc(796) 25 Mb
--- >>> SOLH_VAR_T.inc(8758) 28 Mb
--- >> bb4datainc.inc(799) 28 Mb
--- >>> solh_var_tadditions.inc(13) 28 Mb
--- >> bb4datainc.inc(803) 28 Mb
--- >>> WAVE_VAR_T.inc(3) 28 Mb
--- >> bb4datainc.inc(808) 28 Mb
--- >>> X3FX.inc(29) 28 Mb
--- >> bb4datainc.inc(813) 28 Mb
--- >>> X3FX_VAR_T.inc(17494) 29 Mb
--- >> bb4datainc.inc(818) 29 Mb
--- >>> HYPPROFILS.inc(20) 29 Mb
--- >> bb4datainc.inc(824) 29 Mb
--- >>> YMODEL.inc(10) 29 Mb
--- >> bb4datainc.inc(826) 29 Mb
--- >>> YMODELDELTA.inc(11) 29 Mb
--- >> bb4datainc.inc(840) 29 Mb
--- >>> OMONEY.inc(3) 29 Mb
--- >> bb4datainc.inc(845) 29 Mb
--- >>> PENALTYQ.inc(5) 29 Mb
--- >> bb4datainc.inc(850) 29 Mb
--- >>> XES.inc(4) 29 Mb
--- >> bb4datainc.inc(856) 29 Mb
--- >>> pardeclare.inc(24) 29 Mb
--- >>>> hydrogen_pardeclare.inc(58) 29 Mb
--- >>> pardeclare.inc(31) 29 Mb
--- >>>> DECOM_pardeclare.inc(2) 29 Mb
--- >>> pardeclare.inc(34) 29 Mb
--- >>>> CCS_pardeclare.inc(8) 29 Mb
--- >>> pardeclare.inc(38) 29 Mb
--- >> bb4datainc.inc(857) 29 Mb
--- >>> pardefine.inc(26) 29 Mb
--- >>>> hydrogen_pardefine.inc(3) 29 Mb
--- >>>>> HYDROGEN_DH2.inc(25) 29 Mb
--- >>>> hydrogen_pardefine.inc(8) 29 Mb
--- >>>>> HYDROGEN_DH2_VAR_T.inc(5) 29 Mb
--- >>>> hydrogen_pardefine.inc(13) 29 Mb
--- >>>>> HYDROGEN_DISLOSS_H2.inc(2) 29 Mb
--- >>>> hydrogen_pardefine.inc(22) 29 Mb
--- >>>>> HYDROGEN_DAC_DE.inc(2) 29 Mb
--- >>>> hydrogen_pardefine.inc(25) 29 Mb
--- >>>>> HYDROGEN_DAC_DH.inc(2) 29 Mb
--- >>>> hydrogen_pardefine.inc(28) 29 Mb
--- >>>>> HYDROGEN_METHANATION_DE.inc(5) 29 Mb
--- >>>> hydrogen_pardefine.inc(31) 29 Mb
--- >>>>> HYDROGEN_METHANATION_DH2.inc(6) 29 Mb
--- >>>> hydrogen_pardefine.inc(34) 29 Mb
--- >>>>> HYDROGEN_BIOGASUPGRADING_DE.inc(5) 29 Mb
--- >>>> hydrogen_pardefine.inc(37) 29 Mb
--- >>>>> HYDROGEN_XH2KFX.inc(2) 29 Mb
--- >>>> hydrogen_pardefine.inc(40) 29 Mb
--- >>>>> HYDROGEN_XH2INVCOST.inc(96) 29 Mb
--- >>>> hydrogen_pardefine.inc(43) 29 Mb
--- >>>>> HYDROGEN_XH2INVCOST_NGTOH2.inc(2) 29 Mb
--- >>>> hydrogen_pardefine.inc(46) 29 Mb
--- >>>>> HYDROGEN_XH2COST.inc(2) 29 Mb
--- >>>> hydrogen_pardefine.inc(49) 29 Mb
--- >>>>> HYDROGEN_XH2LOSS.inc(79) 29 Mb
--- >>>> hydrogen_pardefine.inc(52) 29 Mb
--- >>>>> HYDROGEN_XH2KRATE.inc(2) 29 Mb
--- >>>> hydrogen_pardefine.inc(55) 29 Mb
--- >>>>> HYDROGEN_ANNUITYCXH2.inc(4) 29 Mb
--- >>>> hydrogen_pardefine.inc(58) 29 Mb
--- >>>>> HYDROGEN_XH2MAXK_NGTOH2.inc(2) 29 Mb
--- >>>> hydrogen_pardefine.inc(61) 29 Mb
--- >>>>> HYDROGEN_LIFETIME_XH2.inc(2) 29 Mb
--- >>>> hydrogen_pardefine.inc(65) 29 Mb
--- >>>>> HYDROGEN_XH2INVCOST_ES.inc(15) 29 Mb
--- >>>> hydrogen_pardefine.inc(68) 29 Mb
--- >>>>> HYDROGEN_XH2KN_ES.inc(14) 29 Mb
--- >>>> hydrogen_pardefine.inc(70) 29 Mb
--- >>> pardefine.inc(38) 29 Mb
--- >>>> DECOM_pardefine.inc(3) 29 Mb
--- >>> pardefine.inc(41) 29 Mb
--- >>>> CCS_pardefine.inc(5) 29 Mb
--- >>>>> CCS_CCS_DECO2COMP_G.inc(57) 29 Mb
--- >>>> CCS_pardefine.inc(9) 29 Mb
--- >>>>> CCS_CCS_CO2CAPTEFF_G.inc(8794) 29 Mb
--- >>>> CCS_pardefine.inc(15) 29 Mb
--- >>>>> CCS_CCS_TRANSPORTCOST.inc(3) 29 Mb
--- >>>> CCS_pardefine.inc(16) 29 Mb
--- >>> pardefine.inc(50) 29 Mb
--- >> bb4datainc.inc(859) 29 Mb
--- > Balmorelbb4.inc(475) 29 Mb
--- >> isetdecdef.inc(13) 29 Mb
--- >>> hydrogen_isetdecdef.inc(61) 29 Mb
--- >> isetdecdef.inc(25) 29 Mb
--- >>> DECOM_isetdecdef.inc(8) 29 Mb
--- >> isetdecdef.inc(33) 29 Mb
--- > Balmorelbb4.inc(926) 29 Mb
--- >> ipardecdef.inc(11) 29 Mb
--- >>> hydrogen_ipardecdef.inc(106) 29 Mb
--- >> ipardecdef.inc(21) 29 Mb
--- >>> DECOM_ipardecdef.inc(93) 29 Mb
--- >> ipardecdef.inc(26) 29 Mb
--- > Balmorelbb4.inc(1041) 29 Mb
--- >> print1.inc(353) 29 Mb
--- > Balmorelbb4.inc(1046) 29 Mb
--- >> error2.inc(1119) 29 Mb
--- > Balmorelbb4.inc(1077) 29 Mb
--- >> reducecard.inc(4) 29 Mb
--- > Balmorelbb4.inc(1179) 29 Mb
--- >> vardeclare.inc(17) 29 Mb
--- >>> hydrogen_vardeclare.inc(21) 29 Mb
--- >> vardeclare.inc(29) 29 Mb
--- >>> DECOM_vardeclare.inc(20) 29 Mb
--- >> vardeclare.inc(43) 29 Mb
--- > Balmorelbb4.inc(1391) 29 Mb
--- >> qobj.inc(19) 29 Mb
--- >>> hydrogen_qobj.inc(88) 29 Mb
--- >> qobj.inc(31) 29 Mb
--- >>> DECOM_qobj.inc(10) 29 Mb
--- >> qobj.inc(33) 29 Mb
--- >>> CCS_qobj.inc(10) 29 Mb
--- >> qobj.inc(42) 29 Mb
--- > Balmorelbb4.inc(1419) 29 Mb
--- >> qeeq.inc(11) 29 Mb
--- >>> hydrogen_qeeq.inc(14) 29 Mb
--- >> qeeq.inc(21) 29 Mb
--- >>> CCS_qeeq.inc(7) 29 Mb
--- >> qeeq.inc(29) 29 Mb
--- > Balmorelbb4.inc(1436) 29 Mb
--- >> qheq.inc(15) 29 Mb
--- >>> hydrogen_qheq.inc(7) 29 Mb
--- >> qheq.inc(24) 29 Mb
--- > Balmorelbb4.inc(1468) 29 Mb
--- >> qgfeq.inc(16) 29 Mb
--- >>> hydrogen_qgfeq.inc(6) 29 Mb
--- >> qgfeq.inc(24) 29 Mb
--- > Balmorelbb4.inc(1489) 29 Mb
--- >> qgcbgbprbypass2.inc(12) 29 Mb
--- > Balmorelbb4.inc(1517) 29 Mb
--- >> qgcvgext.inc(12) 29 Mb
--- > Balmorelbb4.inc(1538) 29 Mb
--- >> qgcvgextbypass1.inc(12) 29 Mb
--- > Balmorelbb4.inc(1547) 29 Mb
--- >> qgfeqextbypass1.inc(10) 29 Mb
--- > Balmorelbb4.inc(1555) 29 Mb
--- >> qgfeqextbypass2.inc(10) 29 Mb
--- > Balmorelbb4.inc(1564) 29 Mb
--- >> qggetoh.inc(4) 29 Mb
--- > Balmorelbb4.inc(1590) 29 Mb
--- >> qhyrsseq.inc(10) 29 Mb
--- > Balmorelbb4.inc(1601) 29 Mb
--- >> qhyrsminvol.inc(8) 29 Mb
--- > Balmorelbb4.inc(1613) 29 Mb
--- >> qhyrsmaxvol.inc(8) 29 Mb
--- > Balmorelbb4.inc(1629) 29 Mb
--- >> qhymaxg.inc(8) 29 Mb
--- > Balmorelbb4.inc(1643) 29 Mb
--- >> qestovolt.inc(8) 29 Mb
--- > Balmorelbb4.inc(1656) 29 Mb
--- >> qestovolts.inc(11) 29 Mb
--- > Balmorelbb4.inc(1666) 29 Mb
--- >> qhstovolt.inc(8) 29 Mb
--- > Balmorelbb4.inc(1679) 29 Mb
--- >> qhstovolts.inc(10) 29 Mb
--- > Balmorelbb4.inc(1839) 29 Mb
--- >> qkefuelc.inc(8) 29 Mb
--- > Balmorelbb4.inc(1850) 29 Mb
--- >> qkefuelr.inc(8) 29 Mb
--- > Balmorelbb4.inc(1861) 29 Mb
--- >> qkefuela.inc(8) 29 Mb
--- > Balmorelbb4.inc(1914) 29 Mb
--- >> qgeqcf.inc(8) 29 Mb
--- > Balmorelbb4.inc(1932) 29 Mb
--- >> qgeqrf.inc(8) 29 Mb
--- > Balmorelbb4.inc(1949) 29 Mb
--- >> qgeqaf.inc(8) 29 Mb
--- > Balmorelbb4.inc(2072) 29 Mb
--- >> qktechgroupc.inc(8) 29 Mb
--- > Balmorelbb4.inc(2083) 29 Mb
--- >> qktechgroupr.inc(8) 29 Mb
--- > Balmorelbb4.inc(2094) 29 Mb
--- >> qktechgroupa.inc(8) 29 Mb
--- > Balmorelbb4.inc(2147) 29 Mb
--- >> qxk_up.inc(8) 29 Mb
--- > Balmorelbb4.inc(2165) 29 Mb
--- >> qxknaccumnet.inc(8) 29 Mb
--- > Balmorelbb4.inc(2183) 29 Mb
--- >> qlimco2c.inc(5) 29 Mb
--- >>> CCS_qlimco2c.inc(5) 29 Mb
--- >> qlimco2c.inc(10) 29 Mb
--- > Balmorelbb4.inc(2202) 29 Mb
--- >> qlimco2na.inc(5) 29 Mb
--- >>> CCS_qlimco2na.inc(5) 29 Mb
--- >> qlimco2na.inc(10) 29 Mb
--- > Balmorelbb4.inc(2236) 29 Mb
--- >> qgknaccumnet.inc(3) 29 Mb
--- >>> DECOM_qgknaccumnet.inc(6) 29 Mb
--- >> qgknaccumnet.inc(9) 29 Mb
--- > Balmorelbb4.inc(2261) 29 Mb
--- >> qgke_up.inc(8) 29 Mb
--- > Balmorelbb4.inc(2271) 29 Mb
--- >> qgkh_up.inc(8) 29 Mb
--- > Balmorelbb4.inc(2382) 29 Mb
--- >> eqndecdef.inc(24) 29 Mb
--- >>> hydrogen_eqndecdef.inc(61) 29 Mb
--- >>>> qhydrogen_eq.inc(10) 29 Mb
--- >>> hydrogen_eqndecdef.inc(81) 29 Mb
--- >>>> qhydrogen_eq_area.inc(8) 29 Mb
--- >>> hydrogen_eqndecdef.inc(102) 29 Mb
--- >>>> qhydrogen_stovol.inc(10) 29 Mb
--- >>> hydrogen_eqndecdef.inc(167) 29 Mb
--- >>>> qbiomethane_stovolts.inc(7) 29 Mb
--- >>> hydrogen_eqndecdef.inc(257) 29 Mb
--- >> eqndecdef.inc(32) 29 Mb
--- >>> DECOM_eqndecdef.inc(68) 29 Mb
--- >> eqndecdef.inc(41) 29 Mb
--- > Balmorelbb4.inc(2534) 29 Mb
--- >> balbase4.inc(10) 29 Mb
--- >>> hydrogen_balbase4.inc(28) 29 Mb
--- >> balbase4.inc(21) 29 Mb
--- >>> DECOM_balbase4.inc(21) 29 Mb
--- >> balbase4.inc(30) 29 Mb
--- > Balmorelbb4.inc(2554) 29 Mb
--- >> error2.inc(15) 29 Mb
--- > Balmorelbb4.inc(2555) 29 Mb
--- >> errorBB4.inc(62) 29 Mb
--- > Balmorelbb4.inc(2582) 29 Mb
--- >> BB4overview.inc(114) 29 Mb
--- > Balmorelbb4.inc(2587) 29 Mb
--- >> Balmorelbb4.sim(223) 29 Mb
--- >>> sim.inc(24) 29 Mb
--- >>>> DECOM_sim.inc(6) 29 Mb
--- >>> sim.inc(27) 29 Mb
--- >>>> hydrogen_sim.inc(23) 29 Mb
--- >>> sim.inc(30) 29 Mb
--- >> Balmorelbb4.sim(224) 29 Mb
--- >>> varloupfx.inc(10) 29 Mb
--- >> Balmorelbb4.sim(277) 29 Mb
--- >>> solveend.inc(18) 29 Mb
--- >> Balmorelbb4.sim(282) 29 Mb
--- >>> balbase4.mss(120) 29 Mb
--- >> Balmorelbb4.sim(317) 29 Mb
--- >>> errorBB4.inc(62) 29 Mb
--- >> Balmorelbb4.sim(344) 29 Mb
--- >>> varassign.inc(4) 29 Mb
--- >>>> DECOM_varassign.inc(17) 29 Mb
--- >>> varassign.inc(6) 29 Mb
--- >>>> hydrogen_varassign.inc(7) 29 Mb
--- >>> varassign.inc(7) 29 Mb
--- >> Balmorelbb4.sim(367) 29 Mb
--- > Balmorelbb4.inc(2593) 29 Mb
--- >> OUTPUT_SUMMARY.inc(1901) 29 Mb
--- > Balmorelbb4.inc(2852) 29 Mb
--- Balmorel.gms(210) 29 Mb
--- Starting execution: elapsed 0:00:00.371
--- Balmorel.gms(37) 30 Mb
--- Balmorel.gms(1252) 30 Mb
--- Balmorel.gms(102717) 66 Mb
--- GDX File (execute_unload) /Users/wiwillym/Desktop/Cote/LSESA/Project/pybalmorel/examples/Balmorel/04Project_CO2TaxwCCS/output/temp/IWEIGHTY.gdx
--- Balmorel.gms(103513) 68 Mb
--- Balmorel.gms(104550) 71 Mb
--- GDX File (execute_unload) /Users/wiwillym/Desktop/Cote/LSESA/Project/pybalmorel/examples/Balmorel/04Project_CO2TaxwCCS/output/inputout/INPUTDATAOUT.gdx
--- Balmorel.gms(107386) 73 Mb
--- Generating RMIP model BALBASE4
--- Balmorel.gms(107641) 282 Mb
--- LOOPS IYALIAS = 2030
---   665,503 rows  604,799 columns  2,246,138 non-zeroes
--- Range statistics (absolute non-zero finite values)
--- RHS       [min, max] : [ 5.994E-04, 2.893E+09] - Zero values observed as well
--- Bound     [min, max] : [ 2.736E-03, 3.705E+03] - Zero values observed as well
--- Matrix    [min, max] : [ 7.821E-10, 1.408E+02]
--- Executing CPLEX (Solvelink=2): elapsed 0:00:07.252

IBM ILOG CPLEX   53.5.1 f2e5fac3 May 20, 2026          DAC arm 64bit/macOS    

--- GAMS/CPLEX licensed for continuous and discrete problems.

Reading parameter(s) from "/Users/wiwillym/Desktop/Cote/LSESA/Project/pybalmorel/examples/Balmorel/04Project_CO2TaxwCCS/Model/cplex.op4"
>>  * Option file 4 for CPLEX solver. For possible options, see the GAMS Solver Manual.
>>  * To use with CPLEX,  set  '$Setglobal USEOPTIONFILE 4' in balgams.opt.
>>  * Do not change this file, it is predefined.
>>  * To use other options with CPLEX, make and/or use some other file, see USEOPTIONFILE in balgams.opt.
>>  * "LPmethod  4": Barrier method
>>  * "Threads  -1": Use all available threads except 1.
>>  * If memory tight, set the Threads parameter to 1.
>> ~* advind is set to 0 by default since for large problems a better performance has been experienced. If 0, the optimization will no~
>> ~t use the previous solution to try to find the next run faster.
>> 
>>  LPmethod  4
>>  Threads  -1
>>  advind 0
>> 
>> 
Finished reading from "/Users/wiwillym/Desktop/Cote/LSESA/Project/pybalmorel/examples/Balmorel/04Project_CO2TaxwCCS/Model/cplex.op4"

--- GMO setup time: 0.00s
--- Space for names approximately 81.89 Mb
--- Use option 'names no' to turn use of names off
--- GMO memory 246.41 Mb (peak 251.03 Mb)
--- Dictionary memory 0.00 Mb
--- Cplex 22.1.2.0 link memory 19.15 Mb (peak 135.64 Mb)
--- Starting Cplex

Version identifier: 22.1.2.0 | 2024-12-02 | 8bd2200c8
CPXPARAM_Advance                                 0
CPXPARAM_LPMethod                                4
CPXPARAM_Threads                                 9
CPXPARAM_Parallel                                1
CPXPARAM_MIP_Display                             4
CPXPARAM_MIP_Pool_Capacity                       0
3036                                             1
CPXPARAM_Barrier_Limits_Iteration                2000000000
CPXPARAM_TimeLimit                               1209600
CPXPARAM_MIP_Tolerances_AbsMIPGap                0
CPXPARAM_MIP_Tolerances_MIPGap                   9.9999999999999995e-07
Tried aggregator 1 time.
DUAL formed by presolve
LP Presolve eliminated 248091 rows and 243534 columns.
Aggregator did 99084 substitutions.
Reduced LP has 262187 rows, 335204 columns, and 1086009 nonzeros.
Presolve time = 1.15 sec. (2955.62 ticks)
Parallel mode: using up to 9 threads for barrier.

***NOTE: Found 281 dense columns.

Number of nonzeros in lower triangle of A*A' = 6461778
Using Nested Dissection ordering
Total time for automatic ordering = 2.83 sec. (11425.94 ticks)
Summary statistics for Cholesky factor:
  Threads                   = 9
  Rows in Factor            = 262468
  Integer space required    = 1511312
  Total non-zeros in factor = 40144236
  Total FP ops to factor    = 17809499022
 Itn      Primal Obj        Dual Obj  Prim Inf Upper Inf  Dual Inf Inf Ratio
   0  -1.1064983e+14   2.4338976e+10  8.83e+10  0.00e+00  2.30e+10  1.00e+00
   1  -3.3949162e+13   1.3201320e+12  2.84e+10  0.00e+00  1.07e+10  4.96e-09
   2  -8.4501919e+12   1.2074299e+12  7.64e+09  0.00e+00  7.62e+09  7.32e-09
   3  -3.5782485e+12   6.2748555e+11  2.98e+09  0.00e+00  4.98e+09  9.75e-09
   4  -1.8781264e+12  -1.2959180e+11  1.32e+09  0.00e+00  1.69e+09  1.55e-08
   5  -1.3604241e+12  -8.6208159e+10  9.45e+08  0.00e+00  5.32e+08  4.03e-08
   6  -7.9636883e+11   4.3045544e+10  6.20e+08  0.00e+00  3.44e+08  6.15e-08
   7  -7.0988908e+11  -2.2629299e+10  5.26e+08  0.00e+00  2.60e+08  7.88e-08
   8  -5.3911535e+11   6.3354024e+10  4.25e+08  0.00e+00  1.48e+08  1.35e-07
   9  -2.8759825e+11   6.4386155e+10  2.48e+08  0.00e+00  1.01e+08  1.99e-07
  10  -9.2632748e+10   7.7669229e+10  1.20e+08  0.00e+00  4.47e+07  4.65e-07
  11  -3.9220315e+10   8.0907645e+10  8.38e+07  0.00e+00  2.76e+07  7.91e-07
  12   1.9528921e+09   8.0427853e+10  5.47e+07  0.00e+00  2.01e+07  1.12e-06
  13   2.3690003e+10   7.7614477e+10  3.72e+07  0.00e+00  1.47e+07  1.60e-06
  14   3.1291503e+10   7.6779713e+10  3.14e+07  0.00e+00  1.23e+07  1.94e-06
  15   4.0768213e+10   7.6347007e+10  2.43e+07  0.00e+00  1.09e+07  2.24e-06
  16   4.5102557e+10   7.6225775e+10  2.10e+07  0.00e+00  1.05e+07  2.33e-06
  17   4.9582234e+10   7.6118066e+10  1.75e+07  0.00e+00  1.02e+07  2.41e-06
  18   5.2453535e+10   7.5951094e+10  1.51e+07  0.00e+00  9.91e+06  2.52e-06
  19   5.2942503e+10   7.5527344e+10  1.47e+07  0.00e+00  9.18e+06  2.74e-06
  20   5.6973149e+10   7.4745821e+10  1.14e+07  0.00e+00  7.63e+06  3.38e-06
  21   6.0228116e+10   7.4351432e+10  8.83e+06  0.00e+00  6.73e+06  3.90e-06
  22   6.2542534e+10   7.3750294e+10  6.96e+06  0.00e+00  5.47e+06  4.92e-06
  23   6.4665173e+10   7.3261755e+10  5.30e+06  0.00e+00  4.31e+06  6.43e-06
  24   6.5685223e+10   7.3047698e+10  4.55e+06  0.00e+00  3.66e+06  7.71e-06
  25   6.5872568e+10   7.2935238e+10  4.40e+06  0.00e+00  3.40e+06  8.34e-06
  26   6.7797118e+10   7.2777462e+10  3.05e+06  0.00e+00  2.72e+06  1.07e-05
  27   6.8194866e+10   7.2755965e+10  2.79e+06  0.00e+00  2.53e+06  1.16e-05
  28   6.8303890e+10   7.2717654e+10  2.71e+06  0.00e+00  2.42e+06  1.22e-05
  29   6.8640754e+10   7.2691372e+10  2.49e+06  0.00e+00  1.96e+06  1.53e-05
  30   6.9135444e+10   7.2697305e+10  2.20e+06  0.00e+00  1.88e+06  1.60e-05
  31   6.9181167e+10   7.2686433e+10  2.17e+06  0.00e+00  1.70e+06  1.78e-05
  32   6.9985196e+10   7.2723234e+10  1.69e+06  0.00e+00  1.26e+06  2.46e-05
  33   7.0175205e+10   7.2726693e+10  1.58e+06  0.00e+00  1.11e+06  2.84e-05
  34   7.0242505e+10   7.2679982e+10  1.51e+06  0.00e+00  1.05e+06  3.01e-05
  35   7.0824791e+10   7.2722614e+10  1.18e+06  0.00e+00  8.37e+05  3.84e-05
  36   7.1291961e+10   7.2739593e+10  9.06e+05  0.00e+00  7.25e+05  4.49e-05
  37   7.1528056e+10   7.2742276e+10  7.62e+05  0.00e+00  6.78e+05  4.84e-05
  38   7.1827410e+10   7.2743367e+10  5.76e+05  0.00e+00  6.01e+05  5.52e-05
  39   7.1903356e+10   7.2741299e+10  5.27e+05  0.00e+00  5.59e+05  5.97e-05
  40   7.2079904e+10   7.2736922e+10  4.14e+05  0.00e+00  3.85e+05  8.97e-05
  41   7.2161443e+10   7.2751023e+10  3.67e+05  0.00e+00  3.02e+05  1.16e-04
  42   7.2254998e+10   7.2773876e+10  3.16e+05  0.00e+00  2.21e+05  1.62e-04
  43   7.2379806e+10   7.2782045e+10  2.51e+05  0.00e+00  2.01e+05  1.79e-04
  44   7.2460907e+10   7.2787881e+10  2.07e+05  0.00e+00  1.80e+05  2.01e-04
  45   7.2520870e+10   7.2798004e+10  1.73e+05  0.00e+00  1.37e+05  2.68e-04
  46   7.2579583e+10   7.2807134e+10  1.42e+05  0.00e+00  1.09e+05  3.42e-04
  47   7.2635439e+10   7.2812835e+10  1.12e+05  0.00e+00  9.18e+04  4.08e-04
  48   7.2659423e+10   7.2818622e+10  9.85e+04  0.00e+00  7.17e+04  5.28e-04
  49   7.2688735e+10   7.2824401e+10  8.30e+04  0.00e+00  5.62e+04  6.80e-04
  50   7.2711570e+10   7.2828752e+10  7.10e+04  0.00e+00  4.56e+04  8.43e-04
  51   7.2726555e+10   7.2829522e+10  6.32e+04  0.00e+00  4.36e+04  8.82e-04
  52   7.2743735e+10   7.2829995e+10  5.39e+04  0.00e+00  4.22e+04  9.13e-04
  53   7.2760261e+10   7.2832647e+10  4.47e+04  0.00e+00  3.15e+04  1.24e-03
  54   7.2768431e+10   7.2834987e+10  4.03e+04  0.00e+00  2.47e+04  1.59e-03
  55   7.2779554e+10   7.2835971e+10  3.45e+04  0.00e+00  2.25e+04  1.75e-03
  56   7.2791503e+10   7.2836998e+10  2.81e+04  0.00e+00  1.96e+04  2.01e-03
  57   7.2797339e+10   7.2837436e+10  2.49e+04  0.00e+00  1.80e+04  2.19e-03
  58   7.2806260e+10   7.2837856e+10  1.99e+04  0.00e+00  1.63e+04  2.42e-03
  59   7.2809725e+10   7.2838588e+10  1.79e+04  0.00e+00  1.21e+04  3.31e-03
  60   7.2815869e+10   7.2839748e+10  1.46e+04  0.00e+00  8.59e+03  4.69e-03
  61   7.2818283e+10   7.2840611e+10  1.33e+04  0.00e+00  6.41e+03  6.29e-03
  62   7.2822570e+10   7.2841047e+10  1.11e+04  0.00e+00  5.56e+03  7.23e-03
  63   7.2826380e+10   7.2841631e+10  9.01e+03  0.00e+00  4.02e+03  9.97e-03
  64   7.2829307e+10   7.2841892e+10  7.43e+03  0.00e+00  3.27e+03  1.22e-02
  65   7.2831918e+10   7.2842063e+10  5.98e+03  0.00e+00  2.59e+03  1.53e-02
  66   7.2833466e+10   7.2842100e+10  5.09e+03  0.00e+00  2.28e+03  1.74e-02
  67   7.2835869e+10   7.2842107e+10  3.69e+03  0.00e+00  2.04e+03  1.94e-02
  68   7.2837654e+10   7.2841976e+10  2.55e+03  0.00e+00  1.45e+03  2.73e-02
  69   7.2838700e+10   7.2841799e+10  1.87e+03  0.00e+00  8.20e+02  4.85e-02
  70   7.2839201e+10   7.2841780e+10  1.56e+03  0.00e+00  6.46e+02  6.13e-02
  71   7.2839333e+10   7.2841756e+10  1.47e+03  0.00e+00  4.91e+02  8.02e-02
  72   7.2839993e+10   7.2841753e+10  1.07e+03  0.00e+00  3.48e+02  1.11e-01
  73   7.2840390e+10   7.2841737e+10  8.16e+02  0.00e+00  2.88e+02  1.34e-01
  74   7.2840748e+10   7.2841645e+10  5.58e+02  0.00e+00  1.64e+02  2.33e-01
  75   7.2840861e+10   7.2841618e+10  4.82e+02  0.00e+00  9.99e+01  3.73e-01
  76   7.2841117e+10   7.2841612e+10  3.12e+02  0.00e+00  8.06e+01  4.54e-01
  77   7.2841239e+10   7.2841561e+10  2.20e+02  0.00e+00  3.19e+01  1.09e+00
  78   7.2841382e+10   7.2841552e+10  1.11e+02  0.00e+00  2.35e+01  1.43e+00
  79   7.2841419e+10   7.2841514e+10  7.31e+01  0.00e+00  8.55e+00  3.80e+00
  80   7.2841448e+10   7.2841508e+10  4.58e+01  0.00e+00  5.80e+00  5.38e+00
  81   7.2841473e+10   7.2841494e+10  1.62e+01  0.00e+00  2.00e+00  1.51e+01
  82   7.2841480e+10   7.2841485e+10  3.52e+00  0.00e+00  6.73e-01  5.50e+01
  83   7.2841483e+10   7.2841484e+10  1.44e+01  0.00e+00  1.08e-01  5.46e+02
  84   7.2841484e+10   7.2841485e+10  1.45e+01  0.00e+00  2.95e-02  7.41e+03
Barrier time = 46.93 sec. (69529.82 ticks)
Parallel mode: deterministic, using up to 9 threads for concurrent optimization:
 * Starting dual Simplex on 1 thread...
 * Starting primal Simplex on 1 thread...

Dual crossover.
  Dual:  Fixing 2272 variables.
     2271 DMoves:  Infeasibility  2.74654831e+00  Objective  7.28414848e+10
     1692 DMoves:  Infeasibility  7.53309089e-01  Objective  7.28414850e+10
      368 DMoves:  Infeasibility  1.52573706e-01  Objective  7.28414853e+10
        0 DMoves:  Infeasibility  2.61281410e-11  Objective  7.28414850e+10
  Dual:  Pushed 705, exchanged 1567.
  Primal:  Fixing 236585 variables.
   236584 PMoves:  Infeasibility  5.34581920e+00  Objective  7.28414850e+10
   229812 PMoves:  Infeasibility  2.46788151e+00  Objective  7.28414850e+10
   191533 PMoves:  Infeasibility  2.46788148e+00  Objective  7.28414850e+10
   188373 PMoves:  Infeasibility  2.46788148e+00  Objective  7.28414850e+10
   182652 PMoves:  Infeasibility  2.46788148e+00  Objective  7.28414850e+10
   172361 PMoves:  Infeasibility  2.46788148e+00  Objective  7.28414850e+10
   149531 PMoves:  Infeasibility  2.46788148e+00  Objective  7.28414850e+10
   134091 PMoves:  Infeasibility  2.46788148e+00  Objective  7.28414850e+10
   110861 PMoves:  Infeasibility  2.46788148e+00  Objective  7.28414850e+10
    94129 PMoves:  Infeasibility  2.46788147e+00  Objective  7.28414850e+10
    84043 PMoves:  Infeasibility  2.46787609e+00  Objective  7.28414850e+10
    78282 PMoves:  Infeasibility  1.64107712e-05  Objective  7.28414850e+10
    55590 PMoves:  Infeasibility  1.64144493e-05  Objective  7.28414850e+10
    44633 PMoves:  Infeasibility  1.64093578e-05  Objective  7.28414850e+10
    31259 PMoves:  Infeasibility  1.64122554e-05  Objective  7.28414850e+10
    22265 PMoves:  Infeasibility  1.64086432e-05  Objective  7.28414850e+10
    18127 PMoves:  Infeasibility  1.64108956e-05  Objective  7.28414850e+10
    10415 PMoves:  Infeasibility  1.64149245e-05  Objective  7.28414850e+10
     5895 PMoves:  Infeasibility  1.64117330e-05  Objective  7.28414850e+10
        0 PMoves:  Infeasibility  1.64117330e-05  Objective  7.28414850e+10
  Primal:  Pushed 200252, exchanged 36333.
Elapsed time = 49.13 sec. (83578.31 ticks, 1 iterations)

Iteration log . . .
Iteration:     1   Dual objective     =   72841485039.627441
Removing shift (3).

Primal simplex solved model.

Total crossover time = 3.52 sec. (7729.90 ticks)

Total time on 9 threads = 51.62 sec. (80242.57 ticks)

--- LP status (1): optimal.
--- Cplex Time: 51.62sec (det. 80244.47 ticks)


Optimal solution found
Simplex iterations after crossover: 0
Objective:  72841485039.635757

--- Reading solution for model BALBASE4
--- Balmorel.gms(107641) 282 Mb  52 secs
--- GDX Point /Users/wiwillym/Desktop/Cote/LSESA/Project/pybalmorel/examples/Balmorel/04Project_CO2TaxwCCS/Model/BALBASE4_p.gdx
--- Executing after solve: elapsed 0:00:59.792
--- Balmorel.gms(107386) 282 Mb
--- Generating RMIP model BALBASE4
--- Balmorel.gms(107641) 492 Mb
--- LOOPS IYALIAS = 2050
---   1,015,881 rows  913,329 columns  3,414,675 non-zeroes
--- Range statistics (absolute non-zero finite values)
--- RHS       [min, max] : [ 5.994E-04, 2.893E+09] - Zero values observed as well
--- Bound     [min, max] : [ 2.736E-03, 1.003E+05] - Zero values observed as well
--- Matrix    [min, max] : [ 3.570E-10, 1.408E+02]
--- Executing CPLEX (Solvelink=2): elapsed 0:01:02.522

IBM ILOG CPLEX   53.5.1 f2e5fac3 May 20, 2026          DAC arm 64bit/macOS    

--- GAMS/CPLEX licensed for continuous and discrete problems.

Reading parameter(s) from "/Users/wiwillym/Desktop/Cote/LSESA/Project/pybalmorel/examples/Balmorel/04Project_CO2TaxwCCS/Model/cplex.op4"
>>  * Option file 4 for CPLEX solver. For possible options, see the GAMS Solver Manual.
>>  * To use with CPLEX,  set  '$Setglobal USEOPTIONFILE 4' in balgams.opt.
>>  * Do not change this file, it is predefined.
>>  * To use other options with CPLEX, make and/or use some other file, see USEOPTIONFILE in balgams.opt.
>>  * "LPmethod  4": Barrier method
>>  * "Threads  -1": Use all available threads except 1.
>>  * If memory tight, set the Threads parameter to 1.
>> ~* advind is set to 0 by default since for large problems a better performance has been experienced. If 0, the optimization will no~
>> ~t use the previous solution to try to find the next run faster.
>> 
>>  LPmethod  4
>>  Threads  -1
>>  advind 0
>> 
>> 
Finished reading from "/Users/wiwillym/Desktop/Cote/LSESA/Project/pybalmorel/examples/Balmorel/04Project_CO2TaxwCCS/Model/cplex.op4"

--- GMO setup time: 0.00s
--- Space for names approximately 132.36 Mb
--- Use option 'names no' to turn use of names off
--- GMO memory 374.28 Mb (peak 381.24 Mb)
--- Dictionary memory 0.00 Mb
--- Cplex 22.1.2.0 link memory 29.05 Mb (peak 213.88 Mb)
--- Starting Cplex

Version identifier: 22.1.2.0 | 2024-12-02 | 8bd2200c8
CPXPARAM_Advance                                 0
CPXPARAM_LPMethod                                4
CPXPARAM_Threads                                 9
CPXPARAM_Parallel                                1
CPXPARAM_MIP_Display                             4
CPXPARAM_MIP_Pool_Capacity                       0
3036                                             1
CPXPARAM_Barrier_Limits_Iteration                2000000000
CPXPARAM_TimeLimit                               1209600
CPXPARAM_MIP_Tolerances_AbsMIPGap                0
CPXPARAM_MIP_Tolerances_MIPGap                   9.9999999999999995e-07
Tried aggregator 1 time.
DUAL formed by presolve
LP Presolve eliminated 558811 rows and 534966 columns.
Aggregator did 130178 substitutions.
Reduced LP has 248191 rows, 339733 columns, and 1051146 nonzeros.
Presolve time = 1.59 sec. (4517.53 ticks)
Symmetry aggregator did 80710 additional substitutions.
Tried aggregator 0 times.
Reduced presolve eliminated 49 rows and 0 columns.
Reduced LP has 216712 rows, 290453 columns, and 921177 nonzeros.
Presolve time = 0.09 sec. (182.14 ticks)
Parallel mode: using up to 9 threads for barrier.

***NOTE: Found 56 dense columns.

Number of nonzeros in lower triangle of A*A' = 4943482
Using Nested Dissection ordering
Total time for automatic ordering = 1.80 sec. (5217.95 ticks)
Summary statistics for Cholesky factor:
  Threads                   = 9
  Rows in Factor            = 216768
  Integer space required    = 1409245
  Total non-zeros in factor = 35675485
  Total FP ops to factor    = 15729127667
 Itn      Primal Obj        Dual Obj  Prim Inf Upper Inf  Dual Inf Inf Ratio
   0  -2.0407096e+13   1.4694723e+10  1.38e+10  1.11e+06  1.71e+10  1.00e+00
   1  -7.2913970e+12   9.1947112e+11  5.59e+09  4.50e+05  7.83e+09  1.42e-08
   2  -4.5494503e+12   7.8173956e+11  3.65e+09  2.94e+05  4.29e+09  1.31e-08
   3  -3.2663985e+12   3.1174269e+11  2.30e+09  1.85e+05  3.21e+09  1.24e-08
   4  -2.9507551e+12   1.8656109e+11  1.92e+09  1.55e+05  2.97e+09  1.20e-08
   5  -1.8751219e+12   1.5124687e+11  1.25e+09  1.01e+05  1.52e+09  1.90e-08
   6  -1.1987451e+12   1.2325736e+11  8.18e+08  6.59e+04  8.81e+08  2.99e-08
   7  -7.7541382e+11   7.9200842e+10  5.40e+08  4.35e+04  3.77e+08  6.28e-08
   8  -5.2605800e+11   1.0401433e+11  3.91e+08  3.14e+04  1.76e+08  1.31e-07
   9  -2.9148044e+11   1.0707940e+11  2.47e+08  1.99e+04  1.08e+08  2.18e-07
  10  -1.6414422e+11   9.3672834e+10  1.61e+08  1.30e+04  6.26e+07  3.83e-07
  11  -7.6350627e+10   8.3253621e+10  1.01e+08  8.16e+03  3.20e+07  7.77e-07
  12  -2.5846361e+10   7.3059751e+10  6.44e+07  5.18e+03  1.66e+07  1.53e-06
  13   8.8746108e+09   6.8012747e+10  3.70e+07  2.98e+03  1.17e+07  2.21e-06
  14   2.3495442e+10   6.2964138e+10  2.37e+07  1.91e+03  8.52e+06  3.12e-06
  15   2.9478355e+10   6.0497869e+10  1.78e+07  1.43e+03  7.18e+06  3.75e-06
  16   3.4194866e+10   5.8160438e+10  1.30e+07  1.04e+03  5.95e+06  4.61e-06
  17   3.6841507e+10   5.5669794e+10  1.02e+07  8.24e+02  4.65e+06  6.00e-06
  18   3.8672414e+10   5.4741551e+10  8.41e+06  6.77e+02  4.14e+06  6.80e-06
  19   4.0692773e+10   5.3958470e+10  6.41e+06  5.16e+02  3.72e+06  7.68e-06
  20   4.1332460e+10   5.3555834e+10  5.75e+06  4.63e+02  3.50e+06  8.18e-06
  21   4.1674190e+10   5.3465394e+10  5.39e+06  4.34e+02  3.46e+06  8.32e-06
  22   4.2703675e+10   5.2534931e+10  4.35e+06  3.50e+02  2.96e+06  9.85e-06
  23   4.3331918e+10   5.2275880e+10  3.74e+06  3.01e+02  2.81e+06  1.04e-05
  24   4.3954788e+10   5.1662512e+10  3.14e+06  2.53e+02  2.47e+06  1.20e-05
  25   4.4712584e+10   5.0631369e+10  2.44e+06  1.97e+02  1.88e+06  1.61e-05
  26   4.5246930e+10   5.0320469e+10  1.97e+06  1.59e+02  1.70e+06  1.80e-05
  27   4.5591457e+10   5.0202682e+10  1.65e+06  1.33e+02  1.63e+06  1.89e-05
  28   4.5881415e+10   4.9899854e+10  1.37e+06  1.10e+02  1.46e+06  2.12e-05
  29   4.6021765e+10   4.9851070e+10  1.22e+06  9.85e+01  1.43e+06  2.16e-05
  30   4.6227684e+10   4.9567641e+10  1.01e+06  8.16e+01  1.28e+06  2.44e-05
  31   4.6382367e+10   4.9455201e+10  8.55e+05  6.89e+01  1.22e+06  2.57e-05
  32   4.6464315e+10   4.9269168e+10  7.69e+05  6.19e+01  1.12e+06  2.82e-05
  33   4.6617762e+10   4.9004395e+10  6.08e+05  4.90e+01  9.74e+05  3.27e-05
  34   4.6708300e+10   4.8714088e+10  5.22e+05  4.20e+01  8.13e+05  3.97e-05
  35   4.6789701e+10   4.8385582e+10  4.50e+05  3.63e+01  6.23e+05  5.30e-05
  36   4.6888517e+10   4.8219819e+10  3.75e+05  3.02e+01  5.20e+05  6.43e-05
  37   4.6967504e+10   4.8043355e+10  3.18e+05  2.56e+01  4.08e+05  8.36e-05
  38   4.7049576e+10   4.7907435e+10  2.63e+05  2.12e+01  3.15e+05  1.10e-04
  39   4.7115103e+10   4.7867862e+10  2.23e+05  1.79e+01  2.86e+05  1.22e-04
  40   4.7170124e+10   4.7846320e+10  1.90e+05  1.52e+01  2.70e+05  1.29e-04
  41   4.7225522e+10   4.7784612e+10  1.55e+05  1.24e+01  2.26e+05  1.56e-04
  42   4.7286785e+10   4.7705053e+10  1.17e+05  9.39e+00  1.68e+05  2.15e-04
  43   4.7319930e+10   4.7682501e+10  9.70e+04  7.80e+00  1.51e+05  2.40e-04
  44   4.7356267e+10   4.7637157e+10  7.49e+04  6.02e+00  1.17e+05  3.14e-04
  45   4.7383747e+10   4.7609676e+10  5.90e+04  4.74e+00  9.59e+04  3.87e-04
  46   4.7405189e+10   4.7574825e+10  4.68e+04  3.76e+00  6.85e+04  5.53e-04
  47   4.7416716e+10   4.7553742e+10  4.08e+04  3.28e+00  5.05e+04  7.60e-04
  48   4.7427734e+10   4.7540865e+10  3.54e+04  2.85e+00  3.84e+04  1.01e-03
  49   4.7438294e+10   4.7530674e+10  3.04e+04  2.45e+00  2.80e+04  1.38e-03
  50   4.7446728e+10   4.7526996e+10  2.68e+04  2.15e+00  2.34e+04  1.66e-03
  51   4.7453759e+10   4.7522190e+10  2.35e+04  1.89e+00  1.83e+04  2.12e-03
  52   4.7459664e+10   4.7518695e+10  2.09e+04  1.68e+00  1.44e+04  2.69e-03
  53   4.7467253e+10   4.7516855e+10  1.74e+04  1.40e+00  1.23e+04  3.12e-03
  54   4.7471276e+10   4.7516135e+10  1.55e+04  1.25e+00  1.16e+04  3.30e-03
  55   4.7477642e+10   4.7513061e+10  1.24e+04  9.97e-01  8.92e+03  4.28e-03
  56   4.7481753e+10   4.7510490e+10  1.03e+04  8.30e-01  6.81e+03  5.58e-03
  57   4.7484370e+10   4.7508093e+10  8.99e+03  7.23e-01  4.87e+03  7.72e-03
  58   4.7486388e+10   4.7506928e+10  7.98e+03  6.41e-01  3.91e+03  9.51e-03
  59   4.7487638e+10   4.7505909e+10  7.34e+03  5.90e-01  3.09e+03  1.19e-02
  60   4.7488961e+10   4.7504793e+10  6.66e+03  5.36e-01  2.20e+03  1.62e-02
  61   4.7489829e+10   4.7504558e+10  6.23e+03  5.01e-01  2.01e+03  1.76e-02
  62   4.7490967e+10   4.7503885e+10  5.64e+03  4.53e-01  1.50e+03  2.27e-02
  63   4.7491994e+10   4.7503410e+10  5.10e+03  4.10e-01  1.16e+03  2.83e-02
  64   4.7493166e+10   4.7502922e+10  4.48e+03  3.60e-01  8.49e+02  3.67e-02
  65   4.7493738e+10   4.7502693e+10  4.17e+03  3.35e-01  7.20e+02  4.19e-02
  66   4.7494683e+10   4.7502318e+10  3.65e+03  2.93e-01  5.31e+02  5.32e-02
  67   4.7495331e+10   4.7502077e+10  3.28e+03  2.63e-01  4.28e+02  6.29e-02
  68   4.7496487e+10   4.7501649e+10  2.60e+03  2.09e-01  2.72e+02  8.81e-02
  69   4.7497253e+10   4.7501431e+10  2.11e+03  1.70e-01  2.15e+02  1.05e-01
  70   4.7497485e+10   4.7501201e+10  1.96e+03  1.57e-01  1.68e+02  1.27e-01
  71   4.7497949e+10   4.7501130e+10  1.64e+03  1.32e-01  1.54e+02  1.36e-01
  72   4.7498497e+10   4.7500887e+10  1.24e+03  9.95e-02  1.14e+02  1.71e-01
  73   4.7498852e+10   4.7500749e+10  9.53e+02  7.66e-02  9.58e+01  1.98e-01
  74   4.7499307e+10   4.7500363e+10  5.40e+02  4.34e-02  5.22e+01  3.33e-01
  75   4.7499410e+10   4.7500265e+10  4.29e+02  3.45e-02  4.30e+01  3.95e-01
  76   4.7499453e+10   4.7500105e+10  3.79e+02  3.04e-02  2.89e+01  5.67e-01
  77   4.7499499e+10   4.7500012e+10  3.24e+02  2.61e-02  2.08e+01  7.53e-01
  78   4.7499633e+10   4.7499922e+10  1.63e+02  1.31e-02  1.32e+01  1.11e+00
  79   4.7499654e+10   4.7499882e+10  1.25e+02  1.00e-02  1.05e+01  1.36e+00
  80   4.7499693e+10   4.7499787e+10  4.61e+01  3.71e-03  4.55e+00  3.00e+00
  81   4.7499696e+10   4.7499750e+10  3.36e+01  2.70e-03  2.47e+00  5.51e+00
  82   4.7499702e+10   4.7499738e+10  1.46e+01  1.18e-03  1.80e+00  7.51e+00
  83   4.7499704e+10   4.7499710e+10  4.56e+00  3.66e-04  2.47e-01  5.53e+01
  84   4.7499705e+10   4.7499706e+10  1.80e+00  1.07e-04  5.15e-02  5.37e+02
  85   4.7499705e+10   4.7499706e+10  1.27e+00  7.39e-05  3.29e-02  8.22e+02
Barrier time = 38.29 sec. (55966.88 ticks)

Total time on 9 threads = 39.94 sec. (60519.19 ticks)
Barrier time = 38.37 sec. (56025.61 ticks)
Parallel mode: deterministic, using up to 9 threads for concurrent optimization:
 * Starting dual Simplex on 1 thread...
 * Starting primal Simplex on 1 thread...

Dual crossover.
  Dual:  Fixing 56450 variables.
    56449 DMoves:  Infeasibility  2.43563913e-01  Objective  4.74997057e+10
    54541 DMoves:  Infeasibility  2.36296196e-01  Objective  4.74997057e+10
    52817 DMoves:  Infeasibility  2.23824486e-01  Objective  4.74997057e+10
    51784 DMoves:  Infeasibility  2.18377005e-01  Objective  4.74997057e+10
    50264 DMoves:  Infeasibility  2.14414539e-01  Objective  4.74997057e+10
    47393 DMoves:  Infeasibility  2.00652274e-01  Objective  4.74997053e+10
    44867 DMoves:  Infeasibility  1.85671724e-01  Objective  4.74997053e+10
    42308 DMoves:  Infeasibility  1.53643268e-01  Objective  4.74997053e+10
    40404 DMoves:  Infeasibility  1.25093954e-01  Objective  4.74997052e+10
    39611 DMoves:  Infeasibility  1.21323353e-01  Objective  4.74997052e+10
    38727 DMoves:  Infeasibility  1.18937664e-01  Objective  4.74997052e+10
    37793 DMoves:  Infeasibility  1.09556507e-01  Objective  4.74997052e+10
    36869 DMoves:  Infeasibility  1.03934131e-01  Objective  4.74997052e+10
    36005 DMoves:  Infeasibility  9.85929465e-02  Objective  4.74997052e+10
    35248 DMoves:  Infeasibility  8.71000424e-02  Objective  4.74997052e+10
    34053 DMoves:  Infeasibility  7.73905283e-02  Objective  4.74997052e+10
    27498 DMoves:  Infeasibility  6.96062295e-02  Objective  4.74997053e+10
    24928 DMoves:  Infeasibility  5.30498196e-02  Objective  4.74997049e+10
    23605 DMoves:  Infeasibility  4.93481774e-02  Objective  4.74997049e+10
    22693 DMoves:  Infeasibility  4.75230618e-02  Objective  4.74997049e+10
    21496 DMoves:  Infeasibility  4.42145050e-02  Objective  4.74997049e+10
    20798 DMoves:  Infeasibility  4.31756258e-02  Objective  4.74997049e+10
    19348 DMoves:  Infeasibility  4.01142737e-02  Objective  4.74997049e+10
    18403 DMoves:  Infeasibility  3.45895105e-02  Objective  4.74997049e+10
    17506 DMoves:  Infeasibility  3.33249879e-02  Objective  4.74997049e+10
    16670 DMoves:  Infeasibility  3.20393274e-02  Objective  4.74997049e+10
    15566 DMoves:  Infeasibility  3.02046268e-02  Objective  4.74997049e+10
    14050 DMoves:  Infeasibility  2.77534283e-02  Objective  4.74997049e+10
    12553 DMoves:  Infeasibility  2.74152633e-02  Objective  4.74997049e+10
    11453 DMoves:  Infeasibility  2.35728722e-02  Objective  4.74997049e+10
    10875 DMoves:  Infeasibility  2.04453069e-02  Objective  4.74997049e+10
    10138 DMoves:  Infeasibility  1.08455420e-02  Objective  4.74997046e+10
     9532 DMoves:  Infeasibility  7.79813259e-03  Objective  4.74997048e+10
     8927 DMoves:  Infeasibility  6.66058259e-03  Objective  4.74997046e+10
     7999 DMoves:  Infeasibility  8.02319988e-03  Objective  4.74997045e+10
     7227 DMoves:  Infeasibility  6.49596018e-03  Objective  4.74997046e+10
     6589 DMoves:  Infeasibility  6.10348894e-03  Objective  4.74997047e+10
     5536 DMoves:  Infeasibility  5.29620847e-03  Objective  4.74997046e+10
     5078 DMoves:  Infeasibility  5.16715927e-03  Objective  4.74997046e+10
   Elapsed crossover time = 3.27 sec. (10000.82 ticks, 4197 DMoves)
     4163 DMoves:  Infeasibility  4.64613687e-03  Objective  4.74997047e+10
     3214 DMoves:  Infeasibility  4.50641882e-03  Objective  4.74997047e+10

Primal simplex solved model.

Total crossover time = 4.71 sec. (11152.15 ticks)

Total time on 9 threads = 44.70 sec. (71732.92 ticks)

--- LP status (1): optimal.
--- Cplex Time: 44.70sec (det. 71735.83 ticks)


Optimal solution found
Simplex iterations after crossover: 0
Objective:  47499705237.381836

--- Reading solution for model BALBASE4
--- Balmorel.gms(107641) 492 Mb  46 secs
--- GDX Point /Users/wiwillym/Desktop/Cote/LSESA/Project/pybalmorel/examples/Balmorel/04Project_CO2TaxwCCS/Model/BALBASE4_p.gdx
--- Executing after solve: elapsed 0:01:48.629
--- Balmorel.gms(109280) 492 Mb
--- GDX File (execute_unload) /Users/wiwillym/Desktop/Cote/LSESA/Project/pybalmorel/examples/Balmorel/04Project_CO2TaxwCCS/Model/MainResults.gdx
--- Balmorel.gms(109626) 492 Mb
--- GDX File (execute_unload) /Users/wiwillym/Desktop/Cote/LSESA/Project/pybalmorel/examples/Balmorel/simex/HYRSG.gdx
--- Balmorel.gms(109627) 492 Mb
--- GDX File (execute_unload) /Users/wiwillym/Desktop/Cote/LSESA/Project/pybalmorel/examples/Balmorel/simex/VHYRS_SL.gdx
--- Balmorel.gms(109628) 492 Mb
--- GDX File (execute_unload) /Users/wiwillym/Desktop/Cote/LSESA/Project/pybalmorel/examples/Balmorel/simex/WATERVAL.gdx
--- Balmorel.gms(109629) 492 Mb
--- GDX File (execute_unload) /Users/wiwillym/Desktop/Cote/LSESA/Project/pybalmorel/examples/Balmorel/simex/VHYRS_STL.gdx
--- Balmorel.gms(109653) 492 Mb
--- GDX File (execute_unload) /Users/wiwillym/Desktop/Cote/LSESA/Project/pybalmorel/examples/Balmorel/simex/XKACCUMNET.gdx
--- Balmorel.gms(109654) 492 Mb
--- GDX File (execute_unload) /Users/wiwillym/Desktop/Cote/LSESA/Project/pybalmorel/examples/Balmorel/simex/GKACCUMNET.gdx
--- Balmorel.gms(109684) 492 Mb
--- GDX File (execute_unload) /Users/wiwillym/Desktop/Cote/LSESA/Project/pybalmorel/examples/Balmorel/simex/ESTOVOLTS.gdx
--- Balmorel.gms(109685) 492 Mb
--- GDX File (execute_unload) /Users/wiwillym/Desktop/Cote/LSESA/Project/pybalmorel/examples/Balmorel/simex/HSTOVOLTS.gdx
--- Balmorel.gms(109686) 492 Mb
--- GDX File (execute_unload) /Users/wiwillym/Desktop/Cote/LSESA/Project/pybalmorel/examples/Balmorel/simex/ESTOVOLT.gdx
--- Balmorel.gms(109687) 492 Mb
--- GDX File (execute_unload) /Users/wiwillym/Desktop/Cote/LSESA/Project/pybalmorel/examples/Balmorel/simex/HSTOVOLT.gdx
--- Balmorel.gms(109692) 492 Mb
--- GDX File (execute_unload) /Users/wiwillym/Desktop/Cote/LSESA/Project/pybalmorel/examples/Balmorel/simex/ESTOVOLTSVAL.gdx
--- Balmorel.gms(109693) 492 Mb
--- GDX File (execute_unload) /Users/wiwillym/Desktop/Cote/LSESA/Project/pybalmorel/examples/Balmorel/simex/HSTOVOLTSVAL.gdx
--- Balmorel.gms(109694) 492 Mb
--- GDX File (execute_unload) /Users/wiwillym/Desktop/Cote/LSESA/Project/pybalmorel/examples/Balmorel/simex/ESTOVOLTVAL.gdx
--- Balmorel.gms(109695) 492 Mb
--- GDX File (execute_unload) /Users/wiwillym/Desktop/Cote/LSESA/Project/pybalmorel/examples/Balmorel/simex/HSTOVOLTVAL.gdx
--- Balmorel.gms(109725) 492 Mb
--- GDX File (execute_unload) /Users/wiwillym/Desktop/Cote/LSESA/Project/pybalmorel/examples/Balmorel/simex/GE_T.gdx
--- Balmorel.gms(109726) 492 Mb
--- GDX File (execute_unload) /Users/wiwillym/Desktop/Cote/LSESA/Project/pybalmorel/examples/Balmorel/simex/GH_T.gdx
--- Balmorel.gms(109743) 492 Mb
--- GDX File (execute_unload) /Users/wiwillym/Desktop/Cote/LSESA/Project/pybalmorel/examples/Balmorel/simex/F_T.gdx
--- Balmorel.gms(109754) 492 Mb
--- GDX File (execute_unload) /Users/wiwillym/Desktop/Cote/LSESA/Project/pybalmorel/examples/Balmorel/simex/GMAXFS.gdx
--- Balmorel.gms(109759) 492 Mb
--- GDX File (execute_unload) /Users/wiwillym/Desktop/Cote/LSESA/Project/pybalmorel/examples/Balmorel/simex/FUELPRICE_EXC.gdx
--- Balmorel.gms(109789) 492 Mb
--- GDX File (execute_unload) /Users/wiwillym/Desktop/Cote/LSESA/Project/pybalmorel/examples/Balmorel/simex/H2STOVOLTS.gdx
--- Balmorel.gms(109790) 492 Mb
--- GDX File (execute_unload) /Users/wiwillym/Desktop/Cote/LSESA/Project/pybalmorel/examples/Balmorel/simex/H2STOVOLTSVAL.gdx
--- Balmorel.gms(109800) 492 Mb
--- GDX File (execute_unload) /Users/wiwillym/Desktop/Cote/LSESA/Project/pybalmorel/examples/Balmorel/simex/BIOMETHSTOVOLTS.gdx
--- Balmorel.gms(109801) 492 Mb
--- GDX File (execute_unload) /Users/wiwillym/Desktop/Cote/LSESA/Project/pybalmorel/examples/Balmorel/simex/BIOMETHSTOVOLTSVAL.gdx
--- Balmorel.gms(109811) 492 Mb
--- GDX File (execute_unload) /Users/wiwillym/Desktop/Cote/LSESA/Project/pybalmorel/examples/Balmorel/simex/XH2KACCUMNET.gdx
--- Balmorel.gms(109859) 492 Mb
--- GDX File (execute_unload) /Users/wiwillym/Desktop/Cote/LSESA/Project/pybalmorel/examples/Balmorel/04Project_CO2TaxwCCS/Model/all_endofmodel.gdx
--- Putfile fileMERGEWITHBASEbat /Users/wiwillym/Desktop/Cote/LSESA/Project/pybalmorel/examples/Balmorel/04Project_CO2TaxwCCS/Model/%batfileMERGEWITHBASE%
--- Putfile errorfile /Users/wiwillym/Desktop/Cote/LSESA/Project/pybalmorel/examples/Balmorel/04Project_CO2TaxwCCS/Model/..\logerror\errors.out
--- Putfile logfile /Users/wiwillym/Desktop/Cote/LSESA/Project/pybalmorel/examples/Balmorel/04Project_CO2TaxwCCS/Model/..\logerror\logfile.out
--- Putfile printoutoverview /Users/wiwillym/Desktop/Cote/LSESA/Project/pybalmorel/examples/Balmorel/04Project_CO2TaxwCCS/output/printout/printoutoverview.out
--- Putfile BB4overview /Users/wiwillym/Desktop/Cote/LSESA/Project/pybalmorel/examples/Balmorel/04Project_CO2TaxwCCS/Model/..\logerror\BB4overview.out
*** Status: Normal completion
--- Job Balmorel.gms Stop 06/18/26 11:58:29 elapsed 0:01:52.060
