--- Job Balmorel.gms Start 06/18/26 12:09:25 53.5.1 f2e5fac3 DAX-DAC arm 64bit/macOS
--- Applying:
    /Library/Frameworks/GAMS.framework/Versions/53/Resources/gmsprmun.txt
    /Users/wiwillym/Library/Preferences/GAMS/gamsconfig.yaml
--- GAMS Parameters defined
    Input /Users/wiwillym/Desktop/Cote/LSESA/Project/pybalmorel/examples/Balmorel/05Project_NNwCCS/Model/Balmorel.gms
    PageSize 0
    ScrDir /Users/wiwillym/Desktop/Cote/LSESA/Project/pybalmorel/examples/Balmorel/05Project_NNwCCS/Model/225c/
    SysDir /Library/Frameworks/GAMS.framework/Versions/53/Resources/
    LogOption 3
    AppendLog 1
    ErrMsg 1
    ErrorLog 99
    IDE 1
    LstTitleLeftAligned 1
Licensee: Large MUD - 20 User License                    G251106+0003Ac-GEN
          Technical University of Denmark, Management Engineering    DC8611
          /Users/wiwillym/Library/Application Support/GAMS/gamslice.txt
          556f6a85-f5d8-4c6d
          v:2                                                              
          The maintenance period of the license expires on Dec 31, 2026
System information: 10 physical cores and 24 Gb physical memory detected
GAMS 53.5.1   Copyright (C) 1987-2026 GAMS Development. All rights reserved
--- Starting compilation
--- Balmorel.gms(42) 2 Mb
--- > balgams.opt(161) 2 Mb
--- Balmorel.gms(48) 2 Mb
--- > balopt.opt(1051) 2 Mb
--- Balmorel.gms(99) 2 Mb
--- > error1.inc(44) 2 Mb
--- >> hellolog.inc(120) 2 Mb
--- > error1.inc(56) 2 Mb
--- Balmorel.gms(121) 2 Mb
--- > Balmorelbb4.inc(305) 2 Mb
--- >> bb4datainc.inc(25) 2 Mb
--- >>> ACRONYMS.inc(16) 2 Mb
--- >> bb4datainc.inc(27) 2 Mb
--- >>> acronymsadditions.inc(11) 2 Mb
--- >>>> hydrogen_acronymsadditions.inc(3) 2 Mb
--- >>>>> HYDROGEN_ACRONYMS.inc(2) 2 Mb
--- >>>> hydrogen_acronymsadditions.inc(4) 2 Mb
--- >>> acronymsadditions.inc(15) 2 Mb
--- >> bb4datainc.inc(33) 2 Mb
--- >>> CCCRRRAAA.inc(109) 3 Mb
--- >> bb4datainc.inc(36) 3 Mb
--- >>> cccrrraaaadditions.inc(9) 3 Mb
--- >> bb4datainc.inc(40) 3 Mb
--- >>> CCC.inc(5) 3 Mb
--- >> bb4datainc.inc(43) 3 Mb
--- >>> cccadditions.inc(8) 3 Mb
--- >> bb4datainc.inc(47) 3 Mb
--- >>> RRR.inc(10) 3 Mb
--- >> bb4datainc.inc(50) 3 Mb
--- >>> rrradditions.inc(8) 3 Mb
--- >> bb4datainc.inc(54) 3 Mb
--- >>> AAA.inc(88) 3 Mb
--- >> bb4datainc.inc(57) 3 Mb
--- >>> aaaadditions.inc(9) 3 Mb
--- >> bb4datainc.inc(61) 3 Mb
--- >>> CCCRRR.inc(10) 3 Mb
--- >> bb4datainc.inc(64) 3 Mb
--- >>> cccrrradditions.inc(8) 3 Mb
--- >> bb4datainc.inc(68) 3 Mb
--- >>> RRRAAA.inc(90) 3 Mb
--- >> bb4datainc.inc(71) 3 Mb
--- >>> rrraaaadditions.inc(9) 3 Mb
--- >> bb4datainc.inc(75) 3 Mb
--- >>> C.inc(5) 3 Mb
--- >> bb4datainc.inc(77) 3 Mb
--- >>> cadditions.inc(8) 3 Mb
--- >> bb4datainc.inc(104) 3 Mb
--- >>> YYY.inc(2) 3 Mb
--- >> bb4datainc.inc(109) 3 Mb
--- >>> SSS.inc(4) 3 Mb
--- >> bb4datainc.inc(114) 3 Mb
--- >>> TTT.inc(4) 3 Mb
--- >> bb4datainc.inc(119) 3 Mb
--- >>> GROUP.inc(7) 3 Mb
--- >> bb4datainc.inc(124) 3 Mb
--- >>> GROUP_AAA.inc(8) 3 Mb
--- >> bb4datainc.inc(129) 3 Mb
--- >>> DEUSER.inc(10) 3 Mb
--- >> bb4datainc.inc(132) 3 Mb
--- >>> deuseradditions.inc(12) 3 Mb
--- >> bb4datainc.inc(136) 3 Mb
--- >>> DHUSER.inc(14) 3 Mb
--- >> bb4datainc.inc(141) 3 Mb
--- >>> FFF.inc(112) 3 Mb
--- >> bb4datainc.inc(144) 3 Mb
--- >>> fffadditions.inc(1) 3 Mb
--- >>>> hydrogen_fffadditions.inc(3) 3 Mb
--- >>>>> HYDROGEN_FFF.inc(10) 3 Mb
--- >>>> hydrogen_fffadditions.inc(4) 3 Mb
--- >>> fffadditions.inc(4) 3 Mb
--- >> bb4datainc.inc(148) 3 Mb
--- >>> FDATASET.inc(9) 3 Mb
--- >> bb4datainc.inc(153) 3 Mb
--- >>> FDATA.inc(56) 3 Mb
--- >> bb4datainc.inc(156) 3 Mb
--- >>> fdataadditions.inc(1) 3 Mb
--- >>>> hydrogen_fdataadditions.inc(3) 3 Mb
--- >>>>> HYDROGEN_FDATA.inc(11) 3 Mb
--- >>>> hydrogen_fdataadditions.inc(4) 3 Mb
--- >>> fdataadditions.inc(3) 3 Mb
--- >> bb4datainc.inc(159) 3 Mb
--- >>> GGG.inc(1323) 3 Mb
--- >> bb4datainc.inc(163) 3 Mb
--- >>> gggadditions.inc(6) 3 Mb
--- >>>> hydrogen_gggadditions.inc(3) 3 Mb
--- >>>>> HYDROGEN_GGG.inc(288) 3 Mb
--- >>>> hydrogen_gggadditions.inc(4) 3 Mb
--- >>> gggadditions.inc(9) 3 Mb
--- >> bb4datainc.inc(167) 3 Mb
--- >>> GDATASET.inc(63) 3 Mb
--- >> bb4datainc.inc(172) 3 Mb
--- >>> TECH_GROUP.inc(27) 3 Mb
--- >> bb4datainc.inc(175) 3 Mb
--- >>> tech_groupadditions.inc(4) 3 Mb
--- >> bb4datainc.inc(179) 3 Mb
--- >>> TECH_GROUP_VALUE.inc(25) 3 Mb
--- >> bb4datainc.inc(182) 3 Mb
--- >>> tech_group_valueadditions.inc(4) 3 Mb
--- >> bb4datainc.inc(186) 3 Mb
--- >>> TECHGROUP_DEUSER.inc(5) 3 Mb
--- >> bb4datainc.inc(191) 3 Mb
--- >>> SUBTECH_GROUP.inc(25) 3 Mb
--- >> bb4datainc.inc(196) 3 Mb
--- >>> SUBTECH_GROUP_VALUE.inc(25) 3 Mb
--- >> bb4datainc.inc(200) 3 Mb
--- >>> G.inc(1272) 3 Mb
--- >> bb4datainc.inc(204) 3 Mb
--- >>> gadditions.inc(6) 3 Mb
--- >>>> hydrogen_gadditions.inc(3) 3 Mb
--- >>>>> HYDROGEN_G.inc(290) 3 Mb
--- >>>> hydrogen_gadditions.inc(4) 3 Mb
--- >>> gadditions.inc(9) 3 Mb
--- >> bb4datainc.inc(210) 3 Mb
--- >>> setdeclare.inc(28) 3 Mb
--- >>>> CCS_setdeclare.inc(4) 3 Mb
--- >>>>> CCS_CCS_G.inc(115) 3 Mb
--- >>>> CCS_setdeclare.inc(6) 3 Mb
--- >>> setdeclare.inc(33) 3 Mb
--- >> bb4datainc.inc(211) 3 Mb
--- >>> setdefine.inc(20) 3 Mb
--- >>> setdefine.inc(42) 3 Mb
--- >>>> CCS_setdefine.inc(3) 3 Mb
--- >>> setdefine.inc(47) 3 Mb
--- >> bb4datainc.inc(218) 3 Mb
--- >>> GDATA.inc(1286) 5 Mb
--- >> bb4datainc.inc(222) 5 Mb
--- >>> gdataadditions.inc(13) 5 Mb
--- >>>> hydrogen_gdataadditions.inc(3) 5 Mb
--- >>>>> HYDROGEN_GDATA.inc(290) 5 Mb
--- >>>> hydrogen_gdataadditions.inc(4) 5 Mb
--- >>> gdataadditions.inc(18) 5 Mb
--- >> bb4datainc.inc(238) 5 Mb
--- >>> HYRSMAXVOL_G.inc(848) 5 Mb
--- >> bb4datainc.inc(243) 5 Mb
--- >>> HYRSDATASET.inc(8) 5 Mb
--- >> bb4datainc.inc(248) 5 Mb
--- >>> DF_QP.inc(5) 5 Mb
--- >> bb4datainc.inc(253) 5 Mb
--- >>> EMIPOLSET.inc(9) 5 Mb
--- >> bb4datainc.inc(258) 5 Mb
--- >>> AGKN.inc(572) 5 Mb
--- >> bb4datainc.inc(263) 5 Mb
--- >>> agknadditions.inc(6) 5 Mb
--- >>>> CCS_agknadditions.inc(5) 5 Mb
--- >>>>> CCS_AGKN.inc(1) 5 Mb
--- >>>> CCS_agknadditions.inc(6) 5 Mb
--- >>> agknadditions.inc(7) 5 Mb
--- >>>> hydrogen_agknadditions.inc(3) 5 Mb
--- >>>>> HYDROGEN_AGKN.inc(72) 5 Mb
--- >>>> hydrogen_agknadditions.inc(4) 5 Mb
--- >>> agknadditions.inc(14) 5 Mb
--- >> bb4datainc.inc(266) 5 Mb
--- >>> Y.inc(11) 5 Mb
--- >> bb4datainc.inc(275) 5 Mb
--- >>> S.inc(6) 5 Mb
--- >> bb4datainc.inc(280) 5 Mb
--- >>> T.inc(7) 5 Mb
--- >> bb4datainc.inc(286) 5 Mb
--- >>> YVALUE.inc(12) 5 Mb
--- >> bb4datainc.inc(291) 5 Mb
--- >>> TWORKDAY.inc(1) 5 Mb
--- >> bb4datainc.inc(296) 5 Mb
--- >>> TWEEKEND.inc(1) 5 Mb
--- >> bb4datainc.inc(403) 5 Mb
--- >>> GKFX.inc(593) 5 Mb
--- >> bb4datainc.inc(406) 5 Mb
--- >>> gkfxadditions.inc(5) 5 Mb
--- >>>> hydrogen_gkfxadditions.inc(3) 5 Mb
--- >>>>> HYDROGEN_GKFX.inc(22) 5 Mb
--- >>>> hydrogen_gkfxadditions.inc(4) 5 Mb
--- >>> gkfxadditions.inc(14) 5 Mb
--- >> bb4datainc.inc(411) 5 Mb
--- >>> FMAXINVEST.inc(5) 5 Mb
--- >> bb4datainc.inc(416) 5 Mb
--- >>> FMAXINVESTNA.inc(2) 5 Mb
--- >> bb4datainc.inc(421) 5 Mb
--- >>> DISLOSS_E.inc(11) 5 Mb
--- >> bb4datainc.inc(426) 5 Mb
--- >>> DISLOSS_E_AG.inc(57) 5 Mb
--- >> bb4datainc.inc(429) 5 Mb
--- >>> disloss_e_agadditions.inc(17) 5 Mb
--- >> bb4datainc.inc(433) 5 Mb
--- >>> DISLOSS_H.inc(3) 5 Mb
--- >> bb4datainc.inc(438) 5 Mb
--- >>> DISCOST_E.inc(10) 5 Mb
--- >> bb4datainc.inc(443) 5 Mb
--- >>> DISCOST_H.inc(18) 5 Mb
--- >> bb4datainc.inc(448) 5 Mb
--- >>> FKPOT.inc(36) 5 Mb
--- >> bb4datainc.inc(453) 5 Mb
--- >>> TECHGROUPKPOT.inc(31) 5 Mb
--- >> bb4datainc.inc(458) 5 Mb
--- >>> SUBTECHGROUPKPOT.inc(117) 5 Mb
--- >> bb4datainc.inc(461) 5 Mb
--- >>> subtechgroupkpotadditions.inc(15) 5 Mb
--- >> bb4datainc.inc(466) 5 Mb
--- >>> FKMIN.inc(4) 5 Mb
--- >> bb4datainc.inc(472) 5 Mb
--- >>> FKMAX.inc(4) 5 Mb
--- >> bb4datainc.inc(478) 5 Mb
--- >>> FKEQ.inc(4) 5 Mb
--- >> bb4datainc.inc(484) 5 Mb
--- >>> FKMINNA.inc(4) 5 Mb
--- >> bb4datainc.inc(489) 5 Mb
--- >>> FKMAXNA.inc(4) 5 Mb
--- >> bb4datainc.inc(494) 5 Mb
--- >>> FKEQNA.inc(4) 5 Mb
--- >> bb4datainc.inc(499) 5 Mb
--- >>> FGEMIN.inc(5) 5 Mb
--- >> bb4datainc.inc(504) 5 Mb
--- >>> FGEMAX.inc(4) 5 Mb
--- >> bb4datainc.inc(510) 5 Mb
--- >>> GMINF.inc(5) 5 Mb
--- >> bb4datainc.inc(516) 5 Mb
--- >>> GMAXF.inc(22) 5 Mb
--- >> bb4datainc.inc(522) 5 Mb
--- >>> GEQF.inc(45) 5 Mb
--- >> bb4datainc.inc(527) 5 Mb
--- >>> GMAXFS.inc(39) 5 Mb
--- >> bb4datainc.inc(532) 5 Mb
--- >>> WTRRSFLH.inc(14) 5 Mb
--- >> bb4datainc.inc(537) 5 Mb
--- >>> WTRRRFLH.inc(15) 5 Mb
--- >> bb4datainc.inc(543) 5 Mb
--- >>> WNDFLH.inc(51) 5 Mb
--- >> bb4datainc.inc(546) 5 Mb
--- >>> wndflhadditions.inc(15) 5 Mb
--- >> bb4datainc.inc(551) 5 Mb
--- >>> SOLEFLH.inc(42) 5 Mb
--- >> bb4datainc.inc(558) 5 Mb
--- >>> SOLHFLH.inc(34) 5 Mb
--- >> bb4datainc.inc(561) 5 Mb
--- >>> solhflhadditions.inc(13) 5 Mb
--- >> bb4datainc.inc(566) 5 Mb
--- >>> WAVEFLH.inc(14) 5 Mb
--- >> bb4datainc.inc(571) 5 Mb
--- >>> HYRSDATA.inc(25) 5 Mb
--- >> bb4datainc.inc(576) 5 Mb
--- >>> DISCOUNTRATE.inc(2) 5 Mb
--- >> bb4datainc.inc(581) 5 Mb
--- >>> LIFETIME_X.inc(2) 5 Mb
--- >> bb4datainc.inc(585) 5 Mb
--- >>> ANNUITYCG.inc(1236) 5 Mb
--- >> bb4datainc.inc(589) 5 Mb
--- >>> annuitycgadditions.inc(3) 5 Mb
--- >>>> hydrogen_annuitycgadditions.inc(3) 5 Mb
--- >>>>> HYDROGEN_ANNUITYCG.inc(39) 5 Mb
--- >>>> hydrogen_annuitycgadditions.inc(4) 5 Mb
--- >>> annuitycgadditions.inc(3) 5 Mb
--- >> bb4datainc.inc(593) 5 Mb
--- >>> ANNUITYCX.inc(4) 5 Mb
--- >> bb4datainc.inc(598) 5 Mb
--- >>> GINVCOST.inc(3) 5 Mb
--- >> bb4datainc.inc(603) 5 Mb
--- >>> GOMVCOSTO.inc(6) 5 Mb
--- >> bb4datainc.inc(608) 5 Mb
--- >>> GOMVCOSTIN.inc(6) 5 Mb
--- >> bb4datainc.inc(613) 5 Mb
--- >>> GOMFCOST.inc(10) 5 Mb
--- >> bb4datainc.inc(618) 5 Mb
--- >>> GEFFRATE.inc(5) 5 Mb
--- >> bb4datainc.inc(623) 5 Mb
--- >>> DEFP_BASE.inc(10) 5 Mb
--- >> bb4datainc.inc(628) 5 Mb
--- >>> DHFP_BASE.inc(35) 5 Mb
--- >> bb4datainc.inc(633) 5 Mb
--- >>> GKF_LO.inc(4) 5 Mb
--- >> bb4datainc.inc(646) 5 Mb
--- >>> DE.inc(58) 5 Mb
--- >> bb4datainc.inc(649) 5 Mb
--- >>> deadditions.inc(17) 5 Mb
--- >> bb4datainc.inc(657) 5 Mb
--- >>> DH.inc(158) 5 Mb
--- >> bb4datainc.inc(660) 5 Mb
--- >>> dhadditions.inc(13) 5 Mb
--- >> bb4datainc.inc(667) 5 Mb
--- >>> XINVCOST.inc(66) 5 Mb
--- >> bb4datainc.inc(670) 5 Mb
--- >>> xinvcostadditions.inc(10) 5 Mb
--- >> bb4datainc.inc(674) 5 Mb
--- >>> XKFX.inc(58) 5 Mb
--- >> bb4datainc.inc(679) 5 Mb
--- >>> XCOST.inc(29) 5 Mb
--- >> bb4datainc.inc(682) 5 Mb
--- >>> xcostadditions.inc(10) 5 Mb
--- >> bb4datainc.inc(686) 5 Mb
--- >>> XLOSS.inc(40) 5 Mb
--- >> bb4datainc.inc(689) 5 Mb
--- >>> xlossadditions.inc(10) 5 Mb
--- >> bb4datainc.inc(695) 5 Mb
--- >>> XKRATE.inc(11) 5 Mb
--- >> bb4datainc.inc(700) 5 Mb
--- >>> XMAXINV.inc(55) 5 Mb
--- >> bb4datainc.inc(709) 5 Mb
--- >>> FUELPRICE.inc(67) 5 Mb
--- >> bb4datainc.inc(712) 5 Mb
--- >>> fuelpriceadditions.inc(1) 5 Mb
--- >>>> hydrogen_fuelpriceadditions.inc(3) 5 Mb
--- >>>>> HYDROGEN_FUELPRICE.inc(1) 5 Mb
--- >>>> hydrogen_fuelpriceadditions.inc(4) 5 Mb
--- >>> fuelpriceadditions.inc(2) 5 Mb
--- >> bb4datainc.inc(719) 5 Mb
--- >>> EMI_POL.inc(53) 5 Mb
--- >> bb4datainc.inc(724) 5 Mb
--- >>> EMI_POLNA.inc(8) 5 Mb
--- >> bb4datainc.inc(734) 5 Mb
--- >>> WEIGHT_S.inc(7) 5 Mb
--- >> bb4datainc.inc(739) 5 Mb
--- >>> WEIGHT_T.inc(8) 5 Mb
--- >> bb4datainc.inc(744) 5 Mb
--- >>> CHRONOHOUR.inc(4) 5 Mb
--- >> bb4datainc.inc(749) 5 Mb
--- >>> SSIZE.inc(3) 5 Mb
--- >> bb4datainc.inc(755) 5 Mb
--- >>> GKRATE.inc(93) 5 Mb
--- >> bb4datainc.inc(760) 5 Mb
--- >>> DE_VAR_T.inc(17494) 10 Mb
--- >> bb4datainc.inc(763) 10 Mb
--- >>> de_var_tadditions.inc(13) 10 Mb
--- >> bb4datainc.inc(767) 10 Mb
--- >>> DH_VAR_T.inc(8797) 13 Mb
--- >> bb4datainc.inc(770) 13 Mb
--- >>> dh_var_tadditions.inc(13) 13 Mb
--- >> bb4datainc.inc(774) 13 Mb
--- >>> WTRRSVAR_S.inc(51) 13 Mb
--- >> bb4datainc.inc(779) 13 Mb
--- >>> WTRRRVAR_T.inc(74) 13 Mb
--- >> bb4datainc.inc(784) 13 Mb
--- >>> WND_VAR_T.inc(8743) 19 Mb
--- >>>> WND_VAR_T2.inc(8992) 20 Mb
--- >>> WND_VAR_T.inc(8992) 20 Mb
--- >> bb4datainc.inc(787) 20 Mb
--- >>> wnd_var_tadditions.inc(15) 20 Mb
--- >> bb4datainc.inc(791) 20 Mb
--- >>> SOLE_VAR_T.inc(8748) 25 Mb
--- >> bb4datainc.inc(796) 25 Mb
--- >>> SOLH_VAR_T.inc(8758) 28 Mb
--- >> bb4datainc.inc(799) 28 Mb
--- >>> solh_var_tadditions.inc(13) 28 Mb
--- >> bb4datainc.inc(803) 28 Mb
--- >>> WAVE_VAR_T.inc(3) 28 Mb
--- >> bb4datainc.inc(808) 28 Mb
--- >>> X3FX.inc(29) 28 Mb
--- >> bb4datainc.inc(813) 28 Mb
--- >>> X3FX_VAR_T.inc(17494) 29 Mb
--- >> bb4datainc.inc(818) 29 Mb
--- >>> HYPPROFILS.inc(20) 29 Mb
--- >> bb4datainc.inc(824) 29 Mb
--- >>> YMODEL.inc(10) 29 Mb
--- >> bb4datainc.inc(826) 29 Mb
--- >>> YMODELDELTA.inc(11) 29 Mb
--- >> bb4datainc.inc(840) 29 Mb
--- >>> OMONEY.inc(3) 29 Mb
--- >> bb4datainc.inc(845) 29 Mb
--- >>> PENALTYQ.inc(5) 29 Mb
--- >> bb4datainc.inc(850) 29 Mb
--- >>> XES.inc(4) 29 Mb
--- >> bb4datainc.inc(856) 29 Mb
--- >>> pardeclare.inc(24) 29 Mb
--- >>>> hydrogen_pardeclare.inc(58) 29 Mb
--- >>> pardeclare.inc(31) 29 Mb
--- >>>> DECOM_pardeclare.inc(2) 29 Mb
--- >>> pardeclare.inc(34) 29 Mb
--- >>>> CCS_pardeclare.inc(8) 29 Mb
--- >>> pardeclare.inc(38) 29 Mb
--- >> bb4datainc.inc(857) 29 Mb
--- >>> pardefine.inc(26) 29 Mb
--- >>>> hydrogen_pardefine.inc(3) 29 Mb
--- >>>>> HYDROGEN_DH2.inc(25) 29 Mb
--- >>>> hydrogen_pardefine.inc(8) 29 Mb
--- >>>>> HYDROGEN_DH2_VAR_T.inc(5) 29 Mb
--- >>>> hydrogen_pardefine.inc(13) 29 Mb
--- >>>>> HYDROGEN_DISLOSS_H2.inc(2) 29 Mb
--- >>>> hydrogen_pardefine.inc(22) 29 Mb
--- >>>>> HYDROGEN_DAC_DE.inc(2) 29 Mb
--- >>>> hydrogen_pardefine.inc(25) 29 Mb
--- >>>>> HYDROGEN_DAC_DH.inc(2) 29 Mb
--- >>>> hydrogen_pardefine.inc(28) 29 Mb
--- >>>>> HYDROGEN_METHANATION_DE.inc(5) 29 Mb
--- >>>> hydrogen_pardefine.inc(31) 29 Mb
--- >>>>> HYDROGEN_METHANATION_DH2.inc(6) 29 Mb
--- >>>> hydrogen_pardefine.inc(34) 29 Mb
--- >>>>> HYDROGEN_BIOGASUPGRADING_DE.inc(5) 29 Mb
--- >>>> hydrogen_pardefine.inc(37) 29 Mb
--- >>>>> HYDROGEN_XH2KFX.inc(2) 29 Mb
--- >>>> hydrogen_pardefine.inc(40) 29 Mb
--- >>>>> HYDROGEN_XH2INVCOST.inc(96) 29 Mb
--- >>>> hydrogen_pardefine.inc(43) 29 Mb
--- >>>>> HYDROGEN_XH2INVCOST_NGTOH2.inc(2) 29 Mb
--- >>>> hydrogen_pardefine.inc(46) 29 Mb
--- >>>>> HYDROGEN_XH2COST.inc(2) 29 Mb
--- >>>> hydrogen_pardefine.inc(49) 29 Mb
--- >>>>> HYDROGEN_XH2LOSS.inc(79) 29 Mb
--- >>>> hydrogen_pardefine.inc(52) 29 Mb
--- >>>>> HYDROGEN_XH2KRATE.inc(2) 29 Mb
--- >>>> hydrogen_pardefine.inc(55) 29 Mb
--- >>>>> HYDROGEN_ANNUITYCXH2.inc(4) 29 Mb
--- >>>> hydrogen_pardefine.inc(58) 29 Mb
--- >>>>> HYDROGEN_XH2MAXK_NGTOH2.inc(2) 29 Mb
--- >>>> hydrogen_pardefine.inc(61) 29 Mb
--- >>>>> HYDROGEN_LIFETIME_XH2.inc(2) 29 Mb
--- >>>> hydrogen_pardefine.inc(65) 29 Mb
--- >>>>> HYDROGEN_XH2INVCOST_ES.inc(15) 29 Mb
--- >>>> hydrogen_pardefine.inc(68) 29 Mb
--- >>>>> HYDROGEN_XH2KN_ES.inc(14) 29 Mb
--- >>>> hydrogen_pardefine.inc(70) 29 Mb
--- >>> pardefine.inc(38) 29 Mb
--- >>>> DECOM_pardefine.inc(3) 29 Mb
--- >>> pardefine.inc(41) 29 Mb
--- >>>> CCS_pardefine.inc(5) 29 Mb
--- >>>>> CCS_CCS_DECO2COMP_G.inc(57) 29 Mb
--- >>>> CCS_pardefine.inc(9) 29 Mb
--- >>>>> CCS_CCS_CO2CAPTEFF_G.inc(8794) 29 Mb
--- >>>> CCS_pardefine.inc(15) 29 Mb
--- >>>>> CCS_CCS_TRANSPORTCOST.inc(3) 29 Mb
--- >>>> CCS_pardefine.inc(16) 29 Mb
--- >>> pardefine.inc(50) 29 Mb
--- >> bb4datainc.inc(859) 29 Mb
--- > Balmorelbb4.inc(475) 29 Mb
--- >> isetdecdef.inc(13) 29 Mb
--- >>> hydrogen_isetdecdef.inc(61) 29 Mb
--- >> isetdecdef.inc(25) 29 Mb
--- >>> DECOM_isetdecdef.inc(8) 29 Mb
--- >> isetdecdef.inc(33) 29 Mb
--- > Balmorelbb4.inc(926) 29 Mb
--- >> ipardecdef.inc(11) 29 Mb
--- >>> hydrogen_ipardecdef.inc(106) 29 Mb
--- >> ipardecdef.inc(21) 29 Mb
--- >>> DECOM_ipardecdef.inc(93) 29 Mb
--- >> ipardecdef.inc(26) 29 Mb
--- > Balmorelbb4.inc(1041) 29 Mb
--- >> print1.inc(353) 29 Mb
--- > Balmorelbb4.inc(1046) 29 Mb
--- >> error2.inc(1119) 29 Mb
--- > Balmorelbb4.inc(1077) 29 Mb
--- >> reducecard.inc(4) 29 Mb
--- > Balmorelbb4.inc(1179) 29 Mb
--- >> vardeclare.inc(17) 29 Mb
--- >>> hydrogen_vardeclare.inc(21) 29 Mb
--- >> vardeclare.inc(29) 29 Mb
--- >>> DECOM_vardeclare.inc(20) 29 Mb
--- >> vardeclare.inc(43) 29 Mb
--- > Balmorelbb4.inc(1391) 29 Mb
--- >> qobj.inc(19) 29 Mb
--- >>> hydrogen_qobj.inc(88) 29 Mb
--- >> qobj.inc(31) 29 Mb
--- >>> DECOM_qobj.inc(10) 29 Mb
--- >> qobj.inc(33) 29 Mb
--- >>> CCS_qobj.inc(10) 29 Mb
--- >> qobj.inc(42) 29 Mb
--- > Balmorelbb4.inc(1419) 29 Mb
--- >> qeeq.inc(11) 29 Mb
--- >>> hydrogen_qeeq.inc(14) 29 Mb
--- >> qeeq.inc(21) 29 Mb
--- >>> CCS_qeeq.inc(7) 29 Mb
--- >> qeeq.inc(29) 29 Mb
--- > Balmorelbb4.inc(1436) 29 Mb
--- >> qheq.inc(15) 29 Mb
--- >>> hydrogen_qheq.inc(7) 29 Mb
--- >> qheq.inc(24) 29 Mb
--- > Balmorelbb4.inc(1468) 29 Mb
--- >> qgfeq.inc(16) 29 Mb
--- >>> hydrogen_qgfeq.inc(6) 29 Mb
--- >> qgfeq.inc(24) 29 Mb
--- > Balmorelbb4.inc(1489) 29 Mb
--- >> qgcbgbprbypass2.inc(12) 29 Mb
--- > Balmorelbb4.inc(1517) 29 Mb
--- >> qgcvgext.inc(12) 29 Mb
--- > Balmorelbb4.inc(1538) 29 Mb
--- >> qgcvgextbypass1.inc(12) 29 Mb
--- > Balmorelbb4.inc(1547) 29 Mb
--- >> qgfeqextbypass1.inc(10) 29 Mb
--- > Balmorelbb4.inc(1555) 29 Mb
--- >> qgfeqextbypass2.inc(10) 29 Mb
--- > Balmorelbb4.inc(1564) 29 Mb
--- >> qggetoh.inc(4) 29 Mb
--- > Balmorelbb4.inc(1590) 29 Mb
--- >> qhyrsseq.inc(10) 29 Mb
--- > Balmorelbb4.inc(1601) 29 Mb
--- >> qhyrsminvol.inc(8) 29 Mb
--- > Balmorelbb4.inc(1613) 29 Mb
--- >> qhyrsmaxvol.inc(8) 29 Mb
--- > Balmorelbb4.inc(1629) 29 Mb
--- >> qhymaxg.inc(8) 29 Mb
--- > Balmorelbb4.inc(1643) 29 Mb
--- >> qestovolt.inc(8) 29 Mb
--- > Balmorelbb4.inc(1656) 29 Mb
--- >> qestovolts.inc(11) 29 Mb
--- > Balmorelbb4.inc(1666) 29 Mb
--- >> qhstovolt.inc(8) 29 Mb
--- > Balmorelbb4.inc(1679) 29 Mb
--- >> qhstovolts.inc(10) 29 Mb
--- > Balmorelbb4.inc(1839) 29 Mb
--- >> qkefuelc.inc(8) 29 Mb
--- > Balmorelbb4.inc(1850) 29 Mb
--- >> qkefuelr.inc(8) 29 Mb
--- > Balmorelbb4.inc(1861) 29 Mb
--- >> qkefuela.inc(8) 29 Mb
--- > Balmorelbb4.inc(1914) 29 Mb
--- >> qgeqcf.inc(8) 29 Mb
--- > Balmorelbb4.inc(1932) 29 Mb
--- >> qgeqrf.inc(8) 29 Mb
--- > Balmorelbb4.inc(1949) 29 Mb
--- >> qgeqaf.inc(8) 29 Mb
--- > Balmorelbb4.inc(2072) 29 Mb
--- >> qktechgroupc.inc(8) 29 Mb
--- > Balmorelbb4.inc(2083) 29 Mb
--- >> qktechgroupr.inc(8) 29 Mb
--- > Balmorelbb4.inc(2094) 29 Mb
--- >> qktechgroupa.inc(8) 29 Mb
--- > Balmorelbb4.inc(2147) 29 Mb
--- >> qxk_up.inc(8) 29 Mb
--- > Balmorelbb4.inc(2165) 29 Mb
--- >> qxknaccumnet.inc(8) 29 Mb
--- > Balmorelbb4.inc(2183) 29 Mb
--- >> qlimco2c.inc(5) 29 Mb
--- >>> CCS_qlimco2c.inc(5) 29 Mb
--- >> qlimco2c.inc(10) 29 Mb
--- > Balmorelbb4.inc(2202) 29 Mb
--- >> qlimco2na.inc(5) 29 Mb
--- >>> CCS_qlimco2na.inc(5) 29 Mb
--- >> qlimco2na.inc(10) 29 Mb
--- > Balmorelbb4.inc(2236) 29 Mb
--- >> qgknaccumnet.inc(3) 29 Mb
--- >>> DECOM_qgknaccumnet.inc(6) 29 Mb
--- >> qgknaccumnet.inc(9) 29 Mb
--- > Balmorelbb4.inc(2261) 29 Mb
--- >> qgke_up.inc(8) 29 Mb
--- > Balmorelbb4.inc(2271) 29 Mb
--- >> qgkh_up.inc(8) 29 Mb
--- > Balmorelbb4.inc(2382) 29 Mb
--- >> eqndecdef.inc(24) 29 Mb
--- >>> hydrogen_eqndecdef.inc(61) 29 Mb
--- >>>> qhydrogen_eq.inc(10) 29 Mb
--- >>> hydrogen_eqndecdef.inc(81) 29 Mb
--- >>>> qhydrogen_eq_area.inc(8) 29 Mb
--- >>> hydrogen_eqndecdef.inc(102) 29 Mb
--- >>>> qhydrogen_stovol.inc(10) 29 Mb
--- >>> hydrogen_eqndecdef.inc(167) 29 Mb
--- >>>> qbiomethane_stovolts.inc(7) 29 Mb
--- >>> hydrogen_eqndecdef.inc(257) 29 Mb
--- >> eqndecdef.inc(32) 29 Mb
--- >>> DECOM_eqndecdef.inc(68) 29 Mb
--- >> eqndecdef.inc(41) 29 Mb
--- > Balmorelbb4.inc(2534) 29 Mb
--- >> balbase4.inc(10) 29 Mb
--- >>> hydrogen_balbase4.inc(28) 29 Mb
--- >> balbase4.inc(21) 29 Mb
--- >>> DECOM_balbase4.inc(21) 29 Mb
--- >> balbase4.inc(30) 29 Mb
--- > Balmorelbb4.inc(2554) 29 Mb
--- >> error2.inc(15) 29 Mb
--- > Balmorelbb4.inc(2555) 29 Mb
--- >> errorBB4.inc(62) 29 Mb
--- > Balmorelbb4.inc(2582) 29 Mb
--- >> BB4overview.inc(114) 29 Mb
--- > Balmorelbb4.inc(2587) 29 Mb
--- >> Balmorelbb4.sim(223) 29 Mb
--- >>> sim.inc(24) 29 Mb
--- >>>> DECOM_sim.inc(6) 29 Mb
--- >>> sim.inc(27) 29 Mb
--- >>>> hydrogen_sim.inc(23) 29 Mb
--- >>> sim.inc(30) 29 Mb
--- >> Balmorelbb4.sim(224) 29 Mb
--- >>> varloupfx.inc(10) 29 Mb
--- >> Balmorelbb4.sim(277) 29 Mb
--- >>> solveend.inc(18) 29 Mb
--- >> Balmorelbb4.sim(282) 29 Mb
--- >>> balbase4.mss(120) 29 Mb
--- >> Balmorelbb4.sim(317) 29 Mb
--- >>> errorBB4.inc(62) 29 Mb
--- >> Balmorelbb4.sim(344) 29 Mb
--- >>> varassign.inc(4) 29 Mb
--- >>>> DECOM_varassign.inc(17) 29 Mb
--- >>> varassign.inc(6) 29 Mb
--- >>>> hydrogen_varassign.inc(7) 29 Mb
--- >>> varassign.inc(7) 29 Mb
--- >> Balmorelbb4.sim(367) 29 Mb
--- > Balmorelbb4.inc(2593) 29 Mb
--- >> OUTPUT_SUMMARY.inc(1901) 29 Mb
--- > Balmorelbb4.inc(2852) 29 Mb
--- Balmorel.gms(210) 29 Mb
--- Starting execution: elapsed 0:00:00.377
--- Balmorel.gms(37) 30 Mb
--- Balmorel.gms(1252) 30 Mb
--- Balmorel.gms(102719) 66 Mb
--- GDX File (execute_unload) /Users/wiwillym/Desktop/Cote/LSESA/Project/pybalmorel/examples/Balmorel/05Project_NNwCCS/output/temp/IWEIGHTY.gdx
--- Balmorel.gms(103515) 68 Mb
--- Balmorel.gms(104552) 71 Mb
--- GDX File (execute_unload) /Users/wiwillym/Desktop/Cote/LSESA/Project/pybalmorel/examples/Balmorel/05Project_NNwCCS/output/inputout/INPUTDATAOUT.gdx
--- Balmorel.gms(107388) 73 Mb
--- Generating RMIP model BALBASE4
--- Balmorel.gms(107643) 282 Mb
--- LOOPS IYALIAS = 2030
---   665,503 rows  604,799 columns  2,245,914 non-zeroes
--- Range statistics (absolute non-zero finite values)
--- RHS       [min, max] : [ 5.994E-04, 2.893E+09] - Zero values observed as well
--- Bound     [min, max] : [ 2.736E-03, 3.705E+03] - Zero values observed as well
--- Matrix    [min, max] : [ 7.821E-10, 1.408E+02]
--- Executing CPLEX (Solvelink=2): elapsed 0:00:07.514

IBM ILOG CPLEX   53.5.1 f2e5fac3 May 20, 2026          DAC arm 64bit/macOS    

--- GAMS/CPLEX licensed for continuous and discrete problems.

Reading parameter(s) from "/Users/wiwillym/Desktop/Cote/LSESA/Project/pybalmorel/examples/Balmorel/05Project_NNwCCS/Model/cplex.op4"
>>  * Option file 4 for CPLEX solver. For possible options, see the GAMS Solver Manual.
>>  * To use with CPLEX,  set  '$Setglobal USEOPTIONFILE 4' in balgams.opt.
>>  * Do not change this file, it is predefined.
>>  * To use other options with CPLEX, make and/or use some other file, see USEOPTIONFILE in balgams.opt.
>>  * "LPmethod  4": Barrier method
>>  * "Threads  -1": Use all available threads except 1.
>>  * If memory tight, set the Threads parameter to 1.
>> ~* advind is set to 0 by default since for large problems a better performance has been experienced. If 0, the optimization will no~
>> ~t use the previous solution to try to find the next run faster.
>> 
>>  LPmethod  4
>>  Threads  -1
>>  advind 0
>> 
>> 
Finished reading from "/Users/wiwillym/Desktop/Cote/LSESA/Project/pybalmorel/examples/Balmorel/05Project_NNwCCS/Model/cplex.op4"

--- GMO setup time: 0.00s
--- Space for names approximately 81.89 Mb
--- Use option 'names no' to turn use of names off
--- GMO memory 246.41 Mb (peak 251.03 Mb)
--- Dictionary memory 0.00 Mb
--- Cplex 22.1.2.0 link memory 19.15 Mb (peak 135.64 Mb)
--- Starting Cplex

Version identifier: 22.1.2.0 | 2024-12-02 | 8bd2200c8
CPXPARAM_Advance                                 0
CPXPARAM_LPMethod                                4
CPXPARAM_Threads                                 9
CPXPARAM_Parallel                                1
CPXPARAM_MIP_Display                             4
CPXPARAM_MIP_Pool_Capacity                       0
3036                                             1
CPXPARAM_Barrier_Limits_Iteration                2000000000
CPXPARAM_TimeLimit                               1209600
CPXPARAM_MIP_Tolerances_AbsMIPGap                0
CPXPARAM_MIP_Tolerances_MIPGap                   9.9999999999999995e-07
Tried aggregator 1 time.
DUAL formed by presolve
LP Presolve eliminated 248091 rows and 243534 columns.
Aggregator did 99084 substitutions.
Reduced LP has 262187 rows, 335204 columns, and 1086009 nonzeros.
Presolve time = 1.23 sec. (2955.62 ticks)
Parallel mode: using up to 9 threads for barrier.

***NOTE: Found 281 dense columns.

Number of nonzeros in lower triangle of A*A' = 6461778
Using Nested Dissection ordering
Total time for automatic ordering = 3.14 sec. (11425.94 ticks)
Summary statistics for Cholesky factor:
  Threads                   = 9
  Rows in Factor            = 262468
  Integer space required    = 1511312
  Total non-zeros in factor = 40144236
  Total FP ops to factor    = 17809499022
 Itn      Primal Obj        Dual Obj  Prim Inf Upper Inf  Dual Inf Inf Ratio
   0  -1.1280591e+14   2.4338976e+10  9.01e+10  0.00e+00  2.30e+10  1.00e+00
   1  -2.7511012e+13   9.3833946e+11  2.29e+10  0.00e+00  9.21e+09  5.93e-09
   2  -1.0025143e+13   9.1087948e+11  8.79e+09  0.00e+00  5.36e+09  6.44e-09
   3  -4.1835012e+12   7.9182449e+11  3.85e+09  0.00e+00  4.18e+09  9.25e-09
   4  -2.5758432e+12   1.9973055e+11  2.26e+09  0.00e+00  1.91e+09  1.31e-08
   5  -1.2986704e+12   1.4758846e+11  1.13e+09  0.00e+00  1.46e+09  1.79e-08
   6  -6.2893370e+11   1.8778090e+10  4.77e+08  0.00e+00  8.01e+08  3.18e-08
   7  -4.8153674e+11   2.3412610e+10  3.70e+08  0.00e+00  3.32e+08  7.58e-08
   8  -3.5132441e+11   4.9234477e+10  2.86e+08  0.00e+00  2.10e+08  1.22e-07
   9  -3.2087150e+11   4.8079413e+10  2.63e+08  0.00e+00  2.01e+08  1.29e-07
  10  -2.1041029e+11   6.6778714e+10  1.93e+08  0.00e+00  1.15e+08  2.37e-07
  11  -6.0875068e+10   7.3023813e+10  9.33e+07  0.00e+00  5.93e+07  4.80e-07
  12  -2.6362792e+10   7.1223734e+10  6.84e+07  0.00e+00  3.45e+07  8.64e-07
  13   4.3891211e+09   7.0563605e+10  4.63e+07  0.00e+00  2.58e+07  1.19e-06
  14   2.3066509e+10   6.9789193e+10  3.26e+07  0.00e+00  1.96e+07  1.61e-06
  15   3.2323655e+10   6.9328724e+10  2.57e+07  0.00e+00  1.62e+07  1.98e-06
  16   4.0412110e+10   6.9195515e+10  1.98e+07  0.00e+00  1.51e+07  2.16e-06
  17   4.6164836e+10   6.8944629e+10  1.54e+07  0.00e+00  1.37e+07  2.40e-06
  18   4.9359231e+10   6.8832305e+10  1.29e+07  0.00e+00  1.33e+07  2.51e-06
  19   5.1022469e+10   6.8469209e+10  1.15e+07  0.00e+00  1.21e+07  2.78e-06
  20   5.4483235e+10   6.8050686e+10  8.61e+06  0.00e+00  1.07e+07  3.20e-06
  21   5.6210331e+10   6.7557901e+10  7.21e+06  0.00e+00  8.90e+06  3.92e-06
  22   5.6418532e+10   6.7304652e+10  7.05e+06  0.00e+00  7.89e+06  4.47e-06
  23   5.9303362e+10   6.7028548e+10  4.95e+06  0.00e+00  6.06e+06  5.99e-06
  24   6.0657085e+10   6.6980207e+10  4.05e+06  0.00e+00  4.98e+06  7.43e-06
  25   6.1515300e+10   6.7067725e+10  3.54e+06  0.00e+00  4.07e+06  9.24e-06
  26   6.1967870e+10   6.7136828e+10  3.29e+06  0.00e+00  3.71e+06  1.02e-05
  27   6.2274360e+10   6.7213072e+10  3.12e+06  0.00e+00  3.37e+06  1.13e-05
  28   6.2408785e+10   6.7242303e+10  3.04e+06  0.00e+00  2.88e+06  1.34e-05
  29   6.3655865e+10   6.7356380e+10  2.38e+06  0.00e+00  2.53e+06  1.53e-05
  30   6.3773914e+10   6.7471834e+10  2.32e+06  0.00e+00  2.19e+06  1.79e-05
  31   6.4154450e+10   6.7583117e+10  2.12e+06  0.00e+00  1.86e+06  2.12e-05
  32   6.4577443e+10   6.7660790e+10  1.92e+06  0.00e+00  1.73e+06  2.29e-05
  33   6.4620573e+10   6.7732383e+10  1.90e+06  0.00e+00  1.49e+06  2.67e-05
  34   6.5350343e+10   6.7841320e+10  1.53e+06  0.00e+00  1.24e+06  3.25e-05
  35   6.5481724e+10   6.7901237e+10  1.46e+06  0.00e+00  1.01e+06  4.01e-05
  36   6.5792913e+10   6.7915096e+10  1.28e+06  0.00e+00  9.28e+05  4.40e-05
  37   6.6322383e+10   6.7962688e+10  9.99e+05  0.00e+00  7.70e+05  5.35e-05
  38   6.6629902e+10   6.7985739e+10  8.26e+05  0.00e+00  6.33e+05  6.55e-05
  39   6.6842401e+10   6.7994916e+10  7.03e+05  0.00e+00  5.62e+05  7.43e-05
  40   6.7069999e+10   6.8005205e+10  5.71e+05  0.00e+00  4.60e+05  9.16e-05
  41   6.7195148e+10   6.8007647e+10  4.97e+05  0.00e+00  4.29e+05  9.87e-05
  42   6.7417499e+10   6.8011027e+10  3.66e+05  0.00e+00  3.79e+05  1.12e-04
  43   6.7547278e+10   6.8009076e+10  2.84e+05  0.00e+00  3.17e+05  1.36e-04
  44   6.7613109e+10   6.8006533e+10  2.43e+05  0.00e+00  2.47e+05  1.77e-04
  45   6.7650389e+10   6.8008341e+10  2.21e+05  0.00e+00  2.23e+05  1.96e-04
  46   6.7720613e+10   6.8010416e+10  1.79e+05  0.00e+00  1.90e+05  2.33e-04
  47   6.7775101e+10   6.8012481e+10  1.47e+05  0.00e+00  1.53e+05  2.92e-04
  48   6.7829321e+10   6.8013515e+10  1.15e+05  0.00e+00  1.41e+05  3.19e-04
  49   6.7859439e+10   6.8013901e+10  9.64e+04  0.00e+00  1.20e+05  3.76e-04
  50   6.7893134e+10   6.8014875e+10  7.60e+04  0.00e+00  9.47e+04  4.83e-04
  51   6.7924355e+10   6.8016661e+10  5.77e+04  0.00e+00  7.39e+04  6.27e-04
  52   6.7941389e+10   6.8017464e+10  4.81e+04  0.00e+00  6.76e+04  6.88e-04
  53   6.7956747e+10   6.8017769e+10  3.91e+04  0.00e+00  6.44e+04  7.25e-04
  54   6.7971319e+10   6.8018248e+10  3.04e+04  0.00e+00  5.73e+04  8.20e-04
  55   6.7977519e+10   6.8018912e+10  2.67e+04  0.00e+00  4.64e+04  1.02e-03
  56   6.7982237e+10   6.8019011e+10  2.40e+04  0.00e+00  4.56e+04  1.04e-03
  57   6.7990228e+10   6.8020578e+10  1.96e+04  0.00e+00  3.42e+04  1.41e-03
  58   6.7997450e+10   6.8021330e+10  1.59e+04  0.00e+00  3.13e+04  1.55e-03
  59   6.8002140e+10   6.8022685e+10  1.36e+04  0.00e+00  2.57e+04  1.90e-03
  60   6.8004776e+10   6.8023564e+10  1.23e+04  0.00e+00  2.29e+04  2.15e-03
  61   6.8009207e+10   6.8023777e+10  1.03e+04  0.00e+00  2.23e+04  2.21e-03
  62   6.8011978e+10   6.8024264e+10  8.92e+03  0.00e+00  2.06e+04  2.40e-03
  63   6.8016742e+10   6.8024619e+10  6.64e+03  0.00e+00  1.95e+04  2.55e-03
  64   6.8020006e+10   6.8026436e+10  5.13e+03  0.00e+00  1.41e+04  3.58e-03
  65   6.8021983e+10   6.8027809e+10  4.26e+03  0.00e+00  1.04e+04  4.92e-03
  66   6.8024318e+10   6.8029004e+10  3.38e+03  0.00e+00  8.08e+03  6.39e-03
  67   6.8025458e+10   6.8029717e+10  2.96e+03  0.00e+00  6.83e+03  7.60e-03
  68   6.8025842e+10   6.8029886e+10  2.82e+03  0.00e+00  6.55e+03  7.95e-03
  69   6.8026586e+10   6.8030367e+10  2.57e+03  0.00e+00  5.79e+03  9.02e-03
  70   6.8028366e+10   6.8030642e+10  1.96e+03  0.00e+00  5.37e+03  9.76e-03
  71   6.8029416e+10   6.8031136e+10  1.59e+03  0.00e+00  4.55e+03  1.16e-02
  72   6.8030013e+10   6.8031277e+10  1.38e+03  0.00e+00  4.32e+03  1.22e-02
  73   6.8030624e+10   6.8031410e+10  1.16e+03  0.00e+00  4.10e+03  1.29e-02
  74   6.8031096e+10   6.8031678e+10  9.93e+02  0.00e+00  3.65e+03  1.46e-02
  75   6.8031400e+10   6.8031773e+10  8.86e+02  0.00e+00  3.50e+03  1.52e-02
  76   6.8032279e+10   6.8031929e+10  5.80e+02  0.00e+00  3.24e+03  1.65e-02
  77   6.8032740e+10   6.8032165e+10  4.05e+02  0.00e+00  2.84e+03  1.90e-02
  78   6.8032952e+10   6.8032673e+10  3.31e+02  0.00e+00  2.01e+03  2.74e-02
  79   6.8033286e+10   6.8033053e+10  2.47e+02  0.00e+00  1.53e+03  3.64e-02
  80   6.8033479e+10   6.8033646e+10  2.05e+02  0.00e+00  8.63e+02  6.63e-02
  81   6.8033827e+10   6.8033940e+10  1.45e+02  0.00e+00  6.16e+02  9.35e-02
  82   6.8034033e+10   6.8034139e+10  1.10e+02  0.00e+00  4.52e+02  1.28e-01
  83   6.8034254e+10   6.8034325e+10  7.41e+01  0.00e+00  3.04e+02  1.91e-01
  84   6.8034414e+10   6.8034530e+10  4.86e+01  0.00e+00  1.46e+02  4.01e-01
  85   6.8034502e+10   6.8034595e+10  3.57e+01  0.00e+00  1.02e+02  5.70e-01
  86   6.8034557e+10   6.8034682e+10  2.74e+01  0.00e+00  3.96e+01  1.44e+00
  87   6.8034628e+10   6.8034725e+10  1.76e+01  0.00e+00  1.57e+01  3.24e+00
  88   6.8034663e+10   6.8034734e+10  1.24e+01  0.00e+00  7.26e+00  6.11e+00
  89   6.8034699e+10   6.8034735e+10  6.55e+00  0.00e+00  4.95e+00  8.35e+00
  90   6.8034716e+10   6.8034731e+10  4.53e+00  0.00e+00  1.50e+00  2.91e+01
  91   6.8034720e+10   6.8034729e+10  2.96e+00  0.00e+00  9.37e-01  4.34e+01
  92   6.8034723e+10   6.8034726e+10  1.57e+00  0.00e+00  1.77e-01  2.16e+02
  93   6.8034725e+10   6.8034725e+10  1.51e+00  0.00e+00  2.95e-02  2.15e+03
Barrier time = 53.57 sec. (75688.39 ticks)
Parallel mode: deterministic, using up to 9 threads for concurrent optimization:
 * Starting dual Simplex on 1 thread...
 * Starting primal Simplex on 1 thread...

Dual crossover.
  Dual:  Fixing 17130 variables.
    17129 DMoves:  Infeasibility  6.85179239e-01  Objective  6.80347246e+10
    15461 DMoves:  Infeasibility  6.77672111e-01  Objective  6.80347246e+10
    13814 DMoves:  Infeasibility  6.33137897e-01  Objective  6.80347246e+10
    12166 DMoves:  Infeasibility  4.81186826e-01  Objective  6.80347246e+10
    11262 DMoves:  Infeasibility  4.77386979e-01  Objective  6.80347246e+10
    10311 DMoves:  Infeasibility  4.68881391e-01  Objective  6.80347246e+10
     9576 DMoves:  Infeasibility  4.58903552e-01  Objective  6.80347246e+10
     8631 DMoves:  Infeasibility  4.52310690e-01  Objective  6.80347246e+10
     7654 DMoves:  Infeasibility  4.46097237e-01  Objective  6.80347246e+10
     6664 DMoves:  Infeasibility  4.40102337e-01  Objective  6.80347246e+10
     5501 DMoves:  Infeasibility  4.32423291e-01  Objective  6.80347246e+10
     4796 DMoves:  Infeasibility  4.28141796e-01  Objective  6.80347247e+10
     3974 DMoves:  Infeasibility  4.12546837e-01  Objective  6.80347248e+10
     2998 DMoves:  Infeasibility  6.59634194e+00  Objective  6.80347249e+10
     1772 DMoves:  Infeasibility  2.48655116e+00  Objective  6.80347248e+10
      586 DMoves:  Infeasibility  2.48521208e+00  Objective  6.80347249e+10
        0 DMoves:  Infeasibility  2.48458559e+00  Objective  6.80347249e+10
  Dual:  Pushed 1392, exchanged 15738.
  Primal:  Fixing 238836 variables.
   238835 PMoves:  Infeasibility  7.12109127e-03  Objective  6.80347249e+10
   232369 PMoves:  Infeasibility  7.00071583e-03  Objective  6.80347249e+10
   196469 PMoves:  Infeasibility  7.00174021e-03  Objective  6.80347249e+10
   194087 PMoves:  Infeasibility  7.00174021e-03  Objective  6.80347249e+10
   190090 PMoves:  Infeasibility  7.00174021e-03  Objective  6.80347249e+10
   177820 PMoves:  Infeasibility  7.00174021e-03  Objective  6.80347249e+10
   155068 PMoves:  Infeasibility  7.00174021e-03  Objective  6.80347249e+10
   138764 PMoves:  Infeasibility  7.00173992e-03  Objective  6.80347249e+10
   115836 PMoves:  Infeasibility  7.00174047e-03  Objective  6.80347249e+10
    98057 PMoves:  Infeasibility  7.00174011e-03  Objective  6.80347249e+10
    88210 PMoves:  Infeasibility  7.00174485e-03  Objective  6.80347249e+10
    81248 PMoves:  Infeasibility  6.96815135e-03  Objective  6.80347249e+10
    60673 PMoves:  Infeasibility  6.96815114e-03  Objective  6.80347249e+10
    54338 PMoves:  Infeasibility  6.96815114e-03  Objective  6.80347249e+10
    44461 PMoves:  Infeasibility  6.96815111e-03  Objective  6.80347249e+10
    36399 PMoves:  Infeasibility  6.96815120e-03  Objective  6.80347249e+10
    28063 PMoves:  Infeasibility  6.96815116e-03  Objective  6.80347249e+10
    21236 PMoves:  Infeasibility  6.96815111e-03  Objective  6.80347249e+10
    13752 PMoves:  Infeasibility  6.96815739e-03  Objective  6.80347249e+10
     8819 PMoves:  Infeasibility  6.96815919e-03  Objective  6.80347249e+10
      777 PMoves:  Infeasibility  6.96815739e-03  Objective  6.80347249e+10
        0 PMoves:  Infeasibility  6.96815739e-03  Objective  6.80347249e+10
  Primal:  Pushed 197966, exchanged 40870.
Elapsed time = 56.70 sec. (91425.00 ticks, 1 iterations)

Iteration log . . .
Iteration:     1   Dual objective     =   68034724883.217285
Removing shift (3).
Iteration:     6    Objective     =   68034724886.706123

Primal simplex solved model.

Total crossover time = 2.14 sec. (5347.72 ticks)

Total time on 9 threads = 56.96 sec. (84018.98 ticks)

--- LP status (1): optimal.
--- Cplex Time: 56.96sec (det. 84020.88 ticks)


Optimal solution found
Simplex iterations after crossover: 0
Objective:  68034724886.704750

--- Reading solution for model BALBASE4
--- Balmorel.gms(107643) 282 Mb  58 secs
--- GDX Point /Users/wiwillym/Desktop/Cote/LSESA/Project/pybalmorel/examples/Balmorel/05Project_NNwCCS/Model/BALBASE4_p.gdx
--- Executing after solve: elapsed 0:01:05.451
--- Balmorel.gms(107388) 282 Mb
--- Generating RMIP model BALBASE4
--- Balmorel.gms(107643) 495 Mb
--- LOOPS IYALIAS = 2050
---   1,015,882 rows  913,329 columns  3,508,083 non-zeroes
--- Range statistics (absolute non-zero finite values)
--- RHS       [min, max] : [ 5.994E-04, 2.893E+09] - Zero values observed as well
--- Bound     [min, max] : [ 2.736E-03, 9.593E+04] - Zero values observed as well
--- Matrix    [min, max] : [ 3.570E-10, 1.408E+02]
--- Executing CPLEX (Solvelink=2): elapsed 0:01:08.373

IBM ILOG CPLEX   53.5.1 f2e5fac3 May 20, 2026          DAC arm 64bit/macOS    

--- GAMS/CPLEX licensed for continuous and discrete problems.

Reading parameter(s) from "/Users/wiwillym/Desktop/Cote/LSESA/Project/pybalmorel/examples/Balmorel/05Project_NNwCCS/Model/cplex.op4"
>>  * Option file 4 for CPLEX solver. For possible options, see the GAMS Solver Manual.
>>  * To use with CPLEX,  set  '$Setglobal USEOPTIONFILE 4' in balgams.opt.
>>  * Do not change this file, it is predefined.
>>  * To use other options with CPLEX, make and/or use some other file, see USEOPTIONFILE in balgams.opt.
>>  * "LPmethod  4": Barrier method
>>  * "Threads  -1": Use all available threads except 1.
>>  * If memory tight, set the Threads parameter to 1.
>> ~* advind is set to 0 by default since for large problems a better performance has been experienced. If 0, the optimization will no~
>> ~t use the previous solution to try to find the next run faster.
>> 
>>  LPmethod  4
>>  Threads  -1
>>  advind 0
>> 
>> 
Finished reading from "/Users/wiwillym/Desktop/Cote/LSESA/Project/pybalmorel/examples/Balmorel/05Project_NNwCCS/Model/cplex.op4"

--- GMO setup time: 0.00s
--- Space for names approximately 132.36 Mb
--- Use option 'names no' to turn use of names off
--- GMO memory 378.78 Mb (peak 385.74 Mb)
--- Dictionary memory 0.00 Mb
--- Cplex 22.1.2.0 link memory 29.05 Mb (peak 214.95 Mb)
--- Starting Cplex

Version identifier: 22.1.2.0 | 2024-12-02 | 8bd2200c8
CPXPARAM_Advance                                 0
CPXPARAM_LPMethod                                4
CPXPARAM_Threads                                 9
CPXPARAM_Parallel                                1
CPXPARAM_MIP_Display                             4
CPXPARAM_MIP_Pool_Capacity                       0
3036                                             1
CPXPARAM_Barrier_Limits_Iteration                2000000000
CPXPARAM_TimeLimit                               1209600
CPXPARAM_MIP_Tolerances_AbsMIPGap                0
CPXPARAM_MIP_Tolerances_MIPGap                   9.9999999999999995e-07
Tried aggregator 1 time.
DUAL formed by presolve
LP Presolve eliminated 543351 rows and 519506 columns.
Aggregator did 146088 substitutions.
Reduced LP has 247741 rows, 339285 columns, and 1080712 nonzeros.
Presolve time = 1.80 sec. (4866.56 ticks)
Symmetry aggregator did 73985 additional substitutions.
Tried aggregator 0 times.
Reduced presolve eliminated 49 rows and 0 columns.
Reduced LP has 218507 rows, 294485 columns, and 960823 nonzeros.
Presolve time = 0.10 sec. (185.71 ticks)
Parallel mode: using up to 9 threads for barrier.

***NOTE: Found 57 dense columns.

Number of nonzeros in lower triangle of A*A' = 4989359
Using Nested Dissection ordering
Total time for automatic ordering = 2.01 sec. (5108.84 ticks)
Summary statistics for Cholesky factor:
  Threads                   = 9
  Rows in Factor            = 218564
  Integer space required    = 1463704
  Total non-zeros in factor = 36104329
  Total FP ops to factor    = 15910240243
 Itn      Primal Obj        Dual Obj  Prim Inf Upper Inf  Dual Inf Inf Ratio
   0  -2.0432939e+13   1.3645767e+10  1.49e+10  1.19e+06  1.73e+10  1.00e+00
   1  -5.5295724e+12   3.9874680e+11  4.29e+09  3.45e+05  4.31e+09  1.53e-08
   2  -1.2159311e+13  -2.8442820e+11  7.19e+09  5.78e+05  5.07e+09  6.90e-09
   3  -2.9393453e+12  -5.6454946e+10  1.87e+09  1.50e+05  3.05e+09  9.69e-09
   4  -2.6382433e+12  -5.4824893e+10  1.67e+09  1.34e+05  2.77e+09  1.04e-08
   5  -2.8530793e+12  -1.8196957e+11  1.69e+09  1.36e+05  2.79e+09  9.79e-09
   6  -1.3298098e+12  -2.0452969e+11  6.89e+08  5.53e+04  2.17e+09  1.16e-08
   7  -1.1590532e+12   1.5060329e+10  6.06e+08  4.87e+04  5.61e+08  3.99e-08
   8  -8.3354069e+11   5.6679294e+10  4.55e+08  3.66e+04  3.87e+08  5.70e-08
   9  -6.2712387e+11   1.0416118e+11  3.59e+08  2.89e+04  1.84e+08  1.17e-07
  10  -3.7711876e+11   1.1511341e+11  2.42e+08  1.95e+04  1.27e+08  1.74e-07
  11  -2.1374290e+11   1.0871355e+11  1.58e+08  1.27e+04  8.73e+07  2.61e-07
  12  -1.3549825e+11   1.0058236e+11  1.16e+08  9.32e+03  6.36e+07  3.70e-07
  13  -5.7262240e+10   8.8452040e+10  7.17e+07  5.76e+03  3.88e+07  6.41e-07
  14  -5.3039050e+09   7.2654439e+10  3.92e+07  3.15e+03  1.92e+07  1.41e-06
  15   1.9588435e+10   6.8029146e+10  2.17e+07  1.74e+03  1.52e+07  1.86e-06
  16   2.7601594e+10   6.1666018e+10  1.44e+07  1.16e+03  1.12e+07  2.61e-06
  17   3.1474536e+10   5.7773596e+10  1.14e+07  9.13e+02  8.48e+06  3.56e-06
  18   3.3220656e+10   5.4962068e+10  1.00e+07  8.06e+02  6.39e+06  4.84e-06
  19   3.6751421e+10   5.3137265e+10  7.49e+06  6.02e+02  4.89e+06  6.47e-06
  20   3.8664507e+10   5.2315004e+10  6.12e+06  4.92e+02  4.21e+06  7.63e-06
  21   3.9651496e+10   5.1991120e+10  5.42e+06  4.35e+02  3.95e+06  8.21e-06
  22   4.0968140e+10   5.1396438e+10  4.48e+06  3.60e+02  3.45e+06  9.53e-06
  23   4.1782726e+10   5.1111683e+10  3.90e+06  3.13e+02  3.21e+06  1.03e-05
  24   4.2743581e+10   5.0664467e+10  3.21e+06  2.58e+02  2.84e+06  1.18e-05
  25   4.3234091e+10   5.0514400e+10  2.85e+06  2.29e+02  2.73e+06  1.24e-05
  26   4.4157415e+10   4.9897627e+10  2.16e+06  1.74e+02  2.24e+06  1.54e-05
  27   4.4599307e+10   4.9636848e+10  1.82e+06  1.47e+02  2.04e+06  1.71e-05
  28   4.4908567e+10   4.9438652e+10  1.59e+06  1.27e+02  1.89e+06  1.86e-05
  29   4.5141830e+10   4.9112917e+10  1.40e+06  1.13e+02  1.64e+06  2.17e-05
  30   4.5324048e+10   4.8889948e+10  1.26e+06  1.01e+02  1.47e+06  2.44e-05
  31   4.5705027e+10   4.8685008e+10  9.76e+05  7.84e+01  1.31e+06  2.77e-05
  32   4.5965942e+10   4.8504308e+10  7.67e+05  6.17e+01  1.18e+06  3.11e-05
  33   4.6117966e+10   4.8174062e+10  6.42e+05  5.16e+01  9.36e+05  4.00e-05
  34   4.6292992e+10   4.7957761e+10  5.09e+05  4.09e+01  7.69e+05  4.96e-05
  35   4.6454685e+10   4.7819889e+10  3.91e+05  3.14e+01  6.59e+05  5.87e-05
  36   4.6565348e+10   4.7701324e+10  3.12e+05  2.51e+01  5.63e+05  6.97e-05
  37   4.6655158e+10   4.7586806e+10  2.51e+05  2.02e+01  4.68e+05  8.53e-05
  38   4.6690838e+10   4.7431075e+10  2.28e+05  1.83e+01  3.34e+05  1.23e-04
  39   4.6803400e+10   4.7364699e+10  1.65e+05  1.32e+01  2.68e+05  1.56e-04
  40   4.6850175e+10   4.7338719e+10  1.38e+05  1.11e+01  2.42e+05  1.74e-04
  41   4.6881569e+10   4.7303806e+10  1.20e+05  9.62e+00  2.08e+05  2.04e-04
  42   4.6919741e+10   4.7276275e+10  9.86e+04  7.92e+00  1.80e+05  2.38e-04
  43   4.6960131e+10   4.7261518e+10  7.62e+04  6.12e+00  1.66e+05  2.61e-04
  44   4.6985655e+10   4.7238606e+10  6.13e+04  4.92e+00  1.43e+05  3.05e-04
  45   4.7009558e+10   4.7206852e+10  4.77e+04  3.83e+00  1.12e+05  3.97e-04
  46   4.7026360e+10   4.7192561e+10  3.87e+04  3.11e+00  9.72e+04  4.62e-04
  47   4.7042556e+10   4.7170269e+10  3.02e+04  2.43e+00  7.37e+04  6.21e-04
  48   4.7054056e+10   4.7163148e+10  2.47e+04  1.98e+00  6.56e+04  7.02e-04
  49   4.7061402e+10   4.7153644e+10  2.12e+04  1.71e+00  5.46e+04  8.55e-04
  50   4.7072708e+10   4.7137736e+10  1.62e+04  1.30e+00  3.49e+04  1.38e-03
  51   4.7078713e+10   4.7130064e+10  1.39e+04  1.12e+00  2.35e+04  2.08e-03
  52   4.7083536e+10   4.7127472e+10  1.22e+04  9.77e-01  1.87e+04  2.63e-03
  53   4.7086735e+10   4.7125372e+10  1.10e+04  8.86e-01  1.47e+04  3.35e-03
  54   4.7090420e+10   4.7123476e+10  9.73e+03  7.82e-01  1.09e+04  4.53e-03
  55   4.7093143e+10   4.7123050e+10  8.79e+03  7.06e-01  9.89e+03  4.97e-03
  56   4.7097119e+10   4.7122095e+10  7.38e+03  5.93e-01  8.02e+03  6.10e-03
  57   4.7099203e+10   4.7120791e+10  6.63e+03  5.33e-01  5.68e+03  8.54e-03
  58   4.7100071e+10   4.7120464e+10  6.33e+03  5.09e-01  4.98e+03  9.67e-03
  59   4.7102136e+10   4.7120235e+10  5.60e+03  4.50e-01  4.51e+03  1.06e-02
  60   4.7103213e+10   4.7119911e+10  5.21e+03  4.19e-01  3.97e+03  1.20e-02
  61   4.7104927e+10   4.7119209e+10  4.58e+03  3.68e-01  2.88e+03  1.62e-02
  62   4.7106311e+10   4.7118958e+10  4.07e+03  3.27e-01  2.49e+03  1.84e-02
  63   4.7107380e+10   4.7118630e+10  3.66e+03  2.94e-01  2.07e+03  2.19e-02
  64   4.7107943e+10   4.7118489e+10  3.45e+03  2.77e-01  1.88e+03  2.39e-02
  65   4.7109014e+10   4.7117979e+10  3.03e+03  2.44e-01  1.30e+03  3.33e-02
  66   4.7110069e+10   4.7117759e+10  2.62e+03  2.11e-01  1.06e+03  3.97e-02
  67   4.7110271e+10   4.7117576e+10  2.54e+03  2.04e-01  8.96e+02  4.59e-02
  68   4.7110912e+10   4.7117386e+10  2.28e+03  1.83e-01  7.26e+02  5.48e-02
  69   4.7111620e+10   4.7117204e+10  1.99e+03  1.60e-01  5.86e+02  6.54e-02
  70   4.7112529e+10   4.7117157e+10  1.60e+03  1.29e-01  5.55e+02  6.85e-02
  71   4.7112790e+10   4.7117020e+10  1.48e+03  1.19e-01  4.88e+02  7.67e-02
  72   4.7113461e+10   4.7116745e+10  1.17e+03  9.42e-02  3.58e+02  1.00e-01
  73   4.7113888e+10   4.7116623e+10  9.64e+02  7.74e-02  3.08e+02  1.14e-01
  74   4.7114014e+10   4.7116569e+10  8.98e+02  7.22e-02  2.90e+02  1.21e-01
  75   4.7114674e+10   4.7116355e+10  5.50e+02  4.42e-02  2.17e+02  1.56e-01
  76   4.7114906e+10   4.7116078e+10  4.04e+02  3.25e-02  1.42e+02  2.33e-01
  77   4.7115031e+10   4.7115875e+10  3.23e+02  2.59e-02  9.04e+01  3.56e-01
  78   4.7115144e+10   4.7115807e+10  2.48e+02  1.99e-02  7.31e+01  4.33e-01
  79   4.7115170e+10   4.7115741e+10  2.29e+02  1.84e-02  5.80e+01  5.37e-01
  80   4.7115331e+10   4.7115711e+10  1.15e+02  9.22e-03  5.08e+01  6.06e-01
  81   4.7115368e+10   4.7115578e+10  7.75e+01  6.23e-03  2.55e+01  1.21e+00
  82   4.7115368e+10   4.7115578e+10  7.74e+01  6.22e-03  2.55e+01  1.21e+00
  83   4.7115373e+10   4.7115554e+10  7.23e+01  5.81e-03  2.07e+01  1.47e+00
  84   4.7115406e+10   4.7115498e+10  4.13e+01  3.32e-03  9.69e+00  3.03e+00
  85   4.7115427e+10   4.7115488e+10  2.03e+01  1.63e-03  7.74e+00  3.75e+00
  86   4.7115432e+10   4.7115482e+10  1.34e+01  1.08e-03  6.68e+00  4.35e+00
  87   4.7115435e+10   4.7115476e+10  8.28e+00  6.65e-04  5.80e+00  5.01e+00
  88   4.7115487e+10   4.7115499e+10  2.62e+00  1.98e-04  6.94e+00  1.81e+01
  89   4.7115491e+10   4.7115500e+10  2.14e+00  1.59e-04  6.81e+00  2.13e+01
  90   4.7115497e+10   4.7115501e+10  1.40e+00  9.78e-05  6.72e+00  2.70e+01
  91   4.7115498e+10   4.7115503e+10  1.29e+00  8.88e-05  6.68e+00  3.10e+01
Barrier time = 44.33 sec. (59921.25 ticks)

Total time on 9 threads = 46.20 sec. (64823.11 ticks)
Barrier time = 44.41 sec. (59980.85 ticks)
Parallel mode: deterministic, using up to 9 threads for concurrent optimization:
 * Starting dual Simplex on 1 thread...
 * Starting primal Simplex on 1 thread...

Dual crossover.
  Dual:  Fixing 65586 variables.
    65585 DMoves:  Infeasibility  8.14139678e+00  Objective  4.71154933e+10
    63475 DMoves:  Infeasibility  8.09682618e+00  Objective  4.71154932e+10
    61358 DMoves:  Infeasibility  7.68300146e+00  Objective  4.71154932e+10
    60219 DMoves:  Infeasibility  7.61637975e+00  Objective  4.71154933e+10
    59488 DMoves:  Infeasibility  7.56089132e+00  Objective  4.71154933e+10
    58021 DMoves:  Infeasibility  3.66061335e+02  Objective  4.71088081e+10
    55511 DMoves:  Infeasibility  3.65907574e+02  Objective  4.71088067e+10
    52977 DMoves:  Infeasibility  3.65799401e+02  Objective  4.71088067e+10
    50409 DMoves:  Infeasibility  3.65738910e+02  Objective  4.71088067e+10
    47254 DMoves:  Infeasibility  3.65534700e+02  Objective  4.71088062e+10
    45870 DMoves:  Infeasibility  3.65325369e+02  Objective  4.71088060e+10
    45018 DMoves:  Infeasibility  3.65243940e+02  Objective  4.71088060e+10
    44239 DMoves:  Infeasibility  3.65228956e+02  Objective  4.71088059e+10
    43348 DMoves:  Infeasibility  3.65181457e+02  Objective  4.71088059e+10
    42561 DMoves:  Infeasibility  3.65161375e+02  Objective  4.71088059e+10
    41628 DMoves:  Infeasibility  3.65104550e+02  Objective  4.71088059e+10
    40766 DMoves:  Infeasibility  3.65068511e+02  Objective  4.71088059e+10
    39901 DMoves:  Infeasibility  3.64996463e+02  Objective  4.71088059e+10
    38614 DMoves:  Infeasibility  3.64931558e+02  Objective  4.71088059e+10
    30933 DMoves:  Infeasibility  3.63889161e+02  Objective  4.71088081e+10
    28227 DMoves:  Infeasibility  3.59222908e+02  Objective  4.71087474e+10
    27218 DMoves:  Infeasibility  3.59172614e+02  Objective  4.71087475e+10
    26277 DMoves:  Infeasibility  3.59131373e+02  Objective  4.71087475e+10
    25507 DMoves:  Infeasibility  3.59130837e+02  Objective  4.71087474e+10
    24620 DMoves:  Infeasibility  3.59094439e+02  Objective  4.71087476e+10
    23750 DMoves:  Infeasibility  3.59080655e+02  Objective  4.71087476e+10
    22574 DMoves:  Infeasibility  3.59053173e+02  Objective  4.71083788e+10
    21850 DMoves:  Infeasibility  3.59048503e+02  Objective  4.71083788e+10
    20799 DMoves:  Infeasibility  3.59031009e+02  Objective  4.71083787e+10
    20035 DMoves:  Infeasibility  3.59018475e+02  Objective  4.71083788e+10
    19253 DMoves:  Infeasibility  3.59005749e+02  Objective  4.71083788e+10
    18199 DMoves:  Infeasibility  3.58990574e+02  Objective  4.71083785e+10
    17025 DMoves:  Infeasibility  3.58963971e+02  Objective  4.71083784e+10
    15112 DMoves:  Infeasibility  3.58969385e+02  Objective  4.71083782e+10
    13672 DMoves:  Infeasibility  3.59830769e+02  Objective  4.71083738e+10
    12746 DMoves:  Infeasibility  3.59314965e+02  Objective  4.71083742e+10
    12090 DMoves:  Infeasibility  3.59135957e+02  Objective  4.71083748e+10
    11300 DMoves:  Infeasibility  3.59139588e+02  Objective  4.71083661e+10
    10715 DMoves:  Infeasibility  3.59233275e+02  Objective  4.71083666e+10
     9987 DMoves:  Infeasibility  3.59640190e+02  Objective  4.71083569e+10
     9133 DMoves:  Infeasibility  5.14760634e+02  Objective  4.71081548e+10
     8386 DMoves:  Infeasibility  5.35532573e+02  Objective  4.71080964e+10
     7629 DMoves:  Infeasibility  7.41021212e+02  Objective  4.71080960e+10
     6510 DMoves:  Infeasibility  7.36756930e+02  Objective  4.71080585e+10
   Elapsed crossover time = 3.16 sec. (10000.45 ticks, 6210 DMoves)
     6011 DMoves:  Infeasibility  7.31393788e+02  Objective  4.71080864e+10
     5379 DMoves:  Infeasibility  7.45664675e+02  Objective  4.71080410e+10
     4476 DMoves:  Infeasibility  7.26544923e+02  Objective  4.71079835e+10
     3750 DMoves:  Infeasibility  7.12517034e+02  Objective  4.71080407e+10

Primal simplex solved model.

Total crossover time = 4.84 sec. (11425.08 ticks)

Total time on 9 threads = 51.08 sec. (76302.61 ticks)

--- LP status (1): optimal.
--- Cplex Time: 51.08sec (det. 76305.52 ticks)


Optimal solution found
Simplex iterations after crossover: 0
Objective:  47115441523.622253

--- Reading solution for model BALBASE4
--- Balmorel.gms(107643) 495 Mb  52 secs
--- GDX Point /Users/wiwillym/Desktop/Cote/LSESA/Project/pybalmorel/examples/Balmorel/05Project_NNwCCS/Model/BALBASE4_p.gdx
--- Executing after solve: elapsed 0:02:00.903
--- Balmorel.gms(109282) 495 Mb
--- GDX File (execute_unload) /Users/wiwillym/Desktop/Cote/LSESA/Project/pybalmorel/examples/Balmorel/05Project_NNwCCS/Model/MainResults.gdx
--- Balmorel.gms(109628) 495 Mb
--- GDX File (execute_unload) /Users/wiwillym/Desktop/Cote/LSESA/Project/pybalmorel/examples/Balmorel/simex/HYRSG.gdx
--- Balmorel.gms(109629) 495 Mb
--- GDX File (execute_unload) /Users/wiwillym/Desktop/Cote/LSESA/Project/pybalmorel/examples/Balmorel/simex/VHYRS_SL.gdx
--- Balmorel.gms(109630) 495 Mb
--- GDX File (execute_unload) /Users/wiwillym/Desktop/Cote/LSESA/Project/pybalmorel/examples/Balmorel/simex/WATERVAL.gdx
--- Balmorel.gms(109631) 495 Mb
--- GDX File (execute_unload) /Users/wiwillym/Desktop/Cote/LSESA/Project/pybalmorel/examples/Balmorel/simex/VHYRS_STL.gdx
--- Balmorel.gms(109655) 495 Mb
--- GDX File (execute_unload) /Users/wiwillym/Desktop/Cote/LSESA/Project/pybalmorel/examples/Balmorel/simex/XKACCUMNET.gdx
--- Balmorel.gms(109656) 495 Mb
--- GDX File (execute_unload) /Users/wiwillym/Desktop/Cote/LSESA/Project/pybalmorel/examples/Balmorel/simex/GKACCUMNET.gdx
--- Balmorel.gms(109686) 495 Mb
--- GDX File (execute_unload) /Users/wiwillym/Desktop/Cote/LSESA/Project/pybalmorel/examples/Balmorel/simex/ESTOVOLTS.gdx
--- Balmorel.gms(109687) 495 Mb
--- GDX File (execute_unload) /Users/wiwillym/Desktop/Cote/LSESA/Project/pybalmorel/examples/Balmorel/simex/HSTOVOLTS.gdx
--- Balmorel.gms(109688) 495 Mb
--- GDX File (execute_unload) /Users/wiwillym/Desktop/Cote/LSESA/Project/pybalmorel/examples/Balmorel/simex/ESTOVOLT.gdx
--- Balmorel.gms(109689) 495 Mb
--- GDX File (execute_unload) /Users/wiwillym/Desktop/Cote/LSESA/Project/pybalmorel/examples/Balmorel/simex/HSTOVOLT.gdx
--- Balmorel.gms(109694) 495 Mb
--- GDX File (execute_unload) /Users/wiwillym/Desktop/Cote/LSESA/Project/pybalmorel/examples/Balmorel/simex/ESTOVOLTSVAL.gdx
--- Balmorel.gms(109695) 495 Mb
--- GDX File (execute_unload) /Users/wiwillym/Desktop/Cote/LSESA/Project/pybalmorel/examples/Balmorel/simex/HSTOVOLTSVAL.gdx
--- Balmorel.gms(109696) 495 Mb
--- GDX File (execute_unload) /Users/wiwillym/Desktop/Cote/LSESA/Project/pybalmorel/examples/Balmorel/simex/ESTOVOLTVAL.gdx
--- Balmorel.gms(109697) 495 Mb
--- GDX File (execute_unload) /Users/wiwillym/Desktop/Cote/LSESA/Project/pybalmorel/examples/Balmorel/simex/HSTOVOLTVAL.gdx
--- Balmorel.gms(109727) 495 Mb
--- GDX File (execute_unload) /Users/wiwillym/Desktop/Cote/LSESA/Project/pybalmorel/examples/Balmorel/simex/GE_T.gdx
--- Balmorel.gms(109728) 495 Mb
--- GDX File (execute_unload) /Users/wiwillym/Desktop/Cote/LSESA/Project/pybalmorel/examples/Balmorel/simex/GH_T.gdx
--- Balmorel.gms(109745) 495 Mb
--- GDX File (execute_unload) /Users/wiwillym/Desktop/Cote/LSESA/Project/pybalmorel/examples/Balmorel/simex/F_T.gdx
--- Balmorel.gms(109756) 495 Mb
--- GDX File (execute_unload) /Users/wiwillym/Desktop/Cote/LSESA/Project/pybalmorel/examples/Balmorel/simex/GMAXFS.gdx
--- Balmorel.gms(109761) 495 Mb
--- GDX File (execute_unload) /Users/wiwillym/Desktop/Cote/LSESA/Project/pybalmorel/examples/Balmorel/simex/FUELPRICE_EXC.gdx
--- Balmorel.gms(109791) 495 Mb
--- GDX File (execute_unload) /Users/wiwillym/Desktop/Cote/LSESA/Project/pybalmorel/examples/Balmorel/simex/H2STOVOLTS.gdx
--- Balmorel.gms(109792) 495 Mb
--- GDX File (execute_unload) /Users/wiwillym/Desktop/Cote/LSESA/Project/pybalmorel/examples/Balmorel/simex/H2STOVOLTSVAL.gdx
--- Balmorel.gms(109802) 495 Mb
--- GDX File (execute_unload) /Users/wiwillym/Desktop/Cote/LSESA/Project/pybalmorel/examples/Balmorel/simex/BIOMETHSTOVOLTS.gdx
--- Balmorel.gms(109803) 495 Mb
--- GDX File (execute_unload) /Users/wiwillym/Desktop/Cote/LSESA/Project/pybalmorel/examples/Balmorel/simex/BIOMETHSTOVOLTSVAL.gdx
--- Balmorel.gms(109813) 495 Mb
--- GDX File (execute_unload) /Users/wiwillym/Desktop/Cote/LSESA/Project/pybalmorel/examples/Balmorel/simex/XH2KACCUMNET.gdx
--- Balmorel.gms(109861) 495 Mb
--- GDX File (execute_unload) /Users/wiwillym/Desktop/Cote/LSESA/Project/pybalmorel/examples/Balmorel/05Project_NNwCCS/Model/all_endofmodel.gdx
--- Putfile fileMERGEWITHBASEbat /Users/wiwillym/Desktop/Cote/LSESA/Project/pybalmorel/examples/Balmorel/05Project_NNwCCS/Model/%batfileMERGEWITHBASE%
--- Putfile errorfile /Users/wiwillym/Desktop/Cote/LSESA/Project/pybalmorel/examples/Balmorel/05Project_NNwCCS/Model/..\logerror\errors.out
--- Putfile logfile /Users/wiwillym/Desktop/Cote/LSESA/Project/pybalmorel/examples/Balmorel/05Project_NNwCCS/Model/..\logerror\logfile.out
--- Putfile printoutoverview /Users/wiwillym/Desktop/Cote/LSESA/Project/pybalmorel/examples/Balmorel/05Project_NNwCCS/output/printout/printoutoverview.out
--- Putfile BB4overview /Users/wiwillym/Desktop/Cote/LSESA/Project/pybalmorel/examples/Balmorel/05Project_NNwCCS/Model/..\logerror\BB4overview.out
*** Status: Normal completion
--- Job Balmorel.gms Stop 06/18/26 12:11:29 elapsed 0:02:04.347
