--- Job Balmorel.gms Start 06/18/26 13:56:50 53.5.1 f2e5fac3 DAX-DAC arm 64bit/macOS
--- Applying:
    /Library/Frameworks/GAMS.framework/Versions/53/Resources/gmsprmun.txt
    /Users/wiwillym/Library/Preferences/GAMS/gamsconfig.yaml
--- GAMS Parameters defined
    Input /Users/wiwillym/Desktop/Cote/LSESA/Project/pybalmorel/examples/Balmorel/03Project_NZwCCS2/Model/Balmorel.gms
    PageSize 0
    ScrDir /Users/wiwillym/Desktop/Cote/LSESA/Project/pybalmorel/examples/Balmorel/03Project_NZwCCS2/Model/225b/
    SysDir /Library/Frameworks/GAMS.framework/Versions/53/Resources/
    LogOption 3
    AppendLog 1
    ErrMsg 1
    ErrorLog 99
    IDE 1
    LstTitleLeftAligned 1
Licensee: Large MUD - 20 User License                    G251106+0003Ac-GEN
          Technical University of Denmark, Management Engineering    DC8611
          /Users/wiwillym/Library/Application Support/GAMS/gamslice.txt
          556f6a85-f5d8-4c6d
          v:2                                                              
          The maintenance period of the license expires on Dec 31, 2026
System information: 10 physical cores and 24 Gb physical memory detected
GAMS 53.5.1   Copyright (C) 1987-2026 GAMS Development. All rights reserved
--- Starting compilation
--- Balmorel.gms(42) 2 Mb
--- > balgams.opt(161) 2 Mb
--- Balmorel.gms(48) 2 Mb
--- > balopt.opt(1051) 2 Mb
--- Balmorel.gms(99) 2 Mb
--- > error1.inc(44) 2 Mb
--- >> hellolog.inc(120) 2 Mb
--- > error1.inc(56) 2 Mb
--- Balmorel.gms(121) 2 Mb
--- > Balmorelbb4.inc(305) 2 Mb
--- >> bb4datainc.inc(25) 2 Mb
--- >>> ACRONYMS.inc(16) 2 Mb
--- >> bb4datainc.inc(27) 2 Mb
--- >>> acronymsadditions.inc(11) 2 Mb
--- >>>> hydrogen_acronymsadditions.inc(3) 2 Mb
--- >>>>> HYDROGEN_ACRONYMS.inc(2) 2 Mb
--- >>>> hydrogen_acronymsadditions.inc(4) 2 Mb
--- >>> acronymsadditions.inc(15) 2 Mb
--- >> bb4datainc.inc(33) 2 Mb
--- >>> CCCRRRAAA.inc(109) 3 Mb
--- >> bb4datainc.inc(36) 3 Mb
--- >>> cccrrraaaadditions.inc(9) 3 Mb
--- >> bb4datainc.inc(40) 3 Mb
--- >>> CCC.inc(5) 3 Mb
--- >> bb4datainc.inc(43) 3 Mb
--- >>> cccadditions.inc(8) 3 Mb
--- >> bb4datainc.inc(47) 3 Mb
--- >>> RRR.inc(10) 3 Mb
--- >> bb4datainc.inc(50) 3 Mb
--- >>> rrradditions.inc(8) 3 Mb
--- >> bb4datainc.inc(54) 3 Mb
--- >>> AAA.inc(88) 3 Mb
--- >> bb4datainc.inc(57) 3 Mb
--- >>> aaaadditions.inc(9) 3 Mb
--- >> bb4datainc.inc(61) 3 Mb
--- >>> CCCRRR.inc(10) 3 Mb
--- >> bb4datainc.inc(64) 3 Mb
--- >>> cccrrradditions.inc(8) 3 Mb
--- >> bb4datainc.inc(68) 3 Mb
--- >>> RRRAAA.inc(90) 3 Mb
--- >> bb4datainc.inc(71) 3 Mb
--- >>> rrraaaadditions.inc(9) 3 Mb
--- >> bb4datainc.inc(75) 3 Mb
--- >>> C.inc(5) 3 Mb
--- >> bb4datainc.inc(77) 3 Mb
--- >>> cadditions.inc(8) 3 Mb
--- >> bb4datainc.inc(104) 3 Mb
--- >>> YYY.inc(2) 3 Mb
--- >> bb4datainc.inc(109) 3 Mb
--- >>> SSS.inc(4) 3 Mb
--- >> bb4datainc.inc(114) 3 Mb
--- >>> TTT.inc(4) 3 Mb
--- >> bb4datainc.inc(119) 3 Mb
--- >>> GROUP.inc(7) 3 Mb
--- >> bb4datainc.inc(124) 3 Mb
--- >>> GROUP_AAA.inc(8) 3 Mb
--- >> bb4datainc.inc(129) 3 Mb
--- >>> DEUSER.inc(10) 3 Mb
--- >> bb4datainc.inc(132) 3 Mb
--- >>> deuseradditions.inc(12) 3 Mb
--- >> bb4datainc.inc(136) 3 Mb
--- >>> DHUSER.inc(14) 3 Mb
--- >> bb4datainc.inc(141) 3 Mb
--- >>> FFF.inc(112) 3 Mb
--- >> bb4datainc.inc(144) 3 Mb
--- >>> fffadditions.inc(1) 3 Mb
--- >>>> hydrogen_fffadditions.inc(3) 3 Mb
--- >>>>> HYDROGEN_FFF.inc(10) 3 Mb
--- >>>> hydrogen_fffadditions.inc(4) 3 Mb
--- >>> fffadditions.inc(4) 3 Mb
--- >> bb4datainc.inc(148) 3 Mb
--- >>> FDATASET.inc(9) 3 Mb
--- >> bb4datainc.inc(153) 3 Mb
--- >>> FDATA.inc(56) 3 Mb
--- >> bb4datainc.inc(156) 3 Mb
--- >>> fdataadditions.inc(1) 3 Mb
--- >>>> hydrogen_fdataadditions.inc(3) 3 Mb
--- >>>>> HYDROGEN_FDATA.inc(11) 3 Mb
--- >>>> hydrogen_fdataadditions.inc(4) 3 Mb
--- >>> fdataadditions.inc(3) 3 Mb
--- >> bb4datainc.inc(159) 3 Mb
--- >>> GGG.inc(1325) 3 Mb
--- >> bb4datainc.inc(163) 3 Mb
--- >>> gggadditions.inc(6) 3 Mb
--- >>>> hydrogen_gggadditions.inc(3) 3 Mb
--- >>>>> HYDROGEN_GGG.inc(288) 3 Mb
--- >>>> hydrogen_gggadditions.inc(4) 3 Mb
--- >>> gggadditions.inc(9) 3 Mb
--- >> bb4datainc.inc(167) 3 Mb
--- >>> GDATASET.inc(63) 3 Mb
--- >> bb4datainc.inc(172) 3 Mb
--- >>> TECH_GROUP.inc(27) 3 Mb
--- >> bb4datainc.inc(175) 3 Mb
--- >>> tech_groupadditions.inc(4) 3 Mb
--- >> bb4datainc.inc(179) 3 Mb
--- >>> TECH_GROUP_VALUE.inc(25) 3 Mb
--- >> bb4datainc.inc(182) 3 Mb
--- >>> tech_group_valueadditions.inc(4) 3 Mb
--- >> bb4datainc.inc(186) 3 Mb
--- >>> TECHGROUP_DEUSER.inc(5) 3 Mb
--- >> bb4datainc.inc(191) 3 Mb
--- >>> SUBTECH_GROUP.inc(25) 3 Mb
--- >> bb4datainc.inc(196) 3 Mb
--- >>> SUBTECH_GROUP_VALUE.inc(25) 3 Mb
--- >> bb4datainc.inc(200) 3 Mb
--- >>> G.inc(1274) 3 Mb
--- >> bb4datainc.inc(204) 3 Mb
--- >>> gadditions.inc(6) 3 Mb
--- >>>> hydrogen_gadditions.inc(3) 3 Mb
--- >>>>> HYDROGEN_G.inc(290) 3 Mb
--- >>>> hydrogen_gadditions.inc(4) 3 Mb
--- >>> gadditions.inc(9) 3 Mb
--- >> bb4datainc.inc(210) 3 Mb
--- >>> setdeclare.inc(28) 3 Mb
--- >>>> CCS_setdeclare.inc(4) 3 Mb
--- >>>>> CCS_CCS_G.inc(117) 3 Mb
--- >>>> CCS_setdeclare.inc(6) 3 Mb
--- >>> setdeclare.inc(33) 3 Mb
--- >> bb4datainc.inc(211) 3 Mb
--- >>> setdefine.inc(20) 3 Mb
--- >>> setdefine.inc(42) 3 Mb
--- >>>> CCS_setdefine.inc(3) 3 Mb
--- >>> setdefine.inc(47) 3 Mb
--- >> bb4datainc.inc(218) 3 Mb
--- >>> GDATA.inc(1288) 5 Mb
--- >> bb4datainc.inc(222) 5 Mb
--- >>> gdataadditions.inc(13) 5 Mb
--- >>>> hydrogen_gdataadditions.inc(3) 5 Mb
--- >>>>> HYDROGEN_GDATA.inc(290) 5 Mb
--- >>>> hydrogen_gdataadditions.inc(4) 5 Mb
--- >>> gdataadditions.inc(18) 5 Mb
--- >> bb4datainc.inc(238) 5 Mb
--- >>> HYRSMAXVOL_G.inc(848) 5 Mb
--- >> bb4datainc.inc(243) 5 Mb
--- >>> HYRSDATASET.inc(8) 5 Mb
--- >> bb4datainc.inc(248) 5 Mb
--- >>> DF_QP.inc(5) 5 Mb
--- >> bb4datainc.inc(253) 5 Mb
--- >>> EMIPOLSET.inc(9) 5 Mb
--- >> bb4datainc.inc(258) 5 Mb
--- >>> AGKN.inc(574) 5 Mb
--- >> bb4datainc.inc(263) 5 Mb
--- >>> agknadditions.inc(6) 5 Mb
--- >>>> CCS_agknadditions.inc(5) 5 Mb
--- >>>>> CCS_AGKN.inc(1) 5 Mb
--- >>>> CCS_agknadditions.inc(6) 5 Mb
--- >>> agknadditions.inc(7) 5 Mb
--- >>>> hydrogen_agknadditions.inc(3) 5 Mb
--- >>>>> HYDROGEN_AGKN.inc(72) 5 Mb
--- >>>> hydrogen_agknadditions.inc(4) 5 Mb
--- >>> agknadditions.inc(14) 5 Mb
--- >> bb4datainc.inc(266) 5 Mb
--- >>> Y.inc(11) 5 Mb
--- >> bb4datainc.inc(275) 5 Mb
--- >>> S.inc(6) 5 Mb
--- >> bb4datainc.inc(280) 5 Mb
--- >>> T.inc(7) 5 Mb
--- >> bb4datainc.inc(286) 5 Mb
--- >>> YVALUE.inc(12) 5 Mb
--- >> bb4datainc.inc(291) 5 Mb
--- >>> TWORKDAY.inc(1) 5 Mb
--- >> bb4datainc.inc(296) 5 Mb
--- >>> TWEEKEND.inc(1) 5 Mb
--- >> bb4datainc.inc(403) 5 Mb
--- >>> GKFX.inc(593) 5 Mb
--- >> bb4datainc.inc(406) 5 Mb
--- >>> gkfxadditions.inc(5) 5 Mb
--- >>>> hydrogen_gkfxadditions.inc(3) 5 Mb
--- >>>>> HYDROGEN_GKFX.inc(22) 5 Mb
--- >>>> hydrogen_gkfxadditions.inc(4) 5 Mb
--- >>> gkfxadditions.inc(14) 5 Mb
--- >> bb4datainc.inc(411) 5 Mb
--- >>> FMAXINVEST.inc(5) 5 Mb
--- >> bb4datainc.inc(416) 5 Mb
--- >>> FMAXINVESTNA.inc(2) 5 Mb
--- >> bb4datainc.inc(421) 5 Mb
--- >>> DISLOSS_E.inc(11) 5 Mb
--- >> bb4datainc.inc(426) 5 Mb
--- >>> DISLOSS_E_AG.inc(57) 5 Mb
--- >> bb4datainc.inc(429) 5 Mb
--- >>> disloss_e_agadditions.inc(17) 5 Mb
--- >> bb4datainc.inc(433) 5 Mb
--- >>> DISLOSS_H.inc(3) 5 Mb
--- >> bb4datainc.inc(438) 5 Mb
--- >>> DISCOST_E.inc(10) 5 Mb
--- >> bb4datainc.inc(443) 5 Mb
--- >>> DISCOST_H.inc(18) 5 Mb
--- >> bb4datainc.inc(448) 5 Mb
--- >>> FKPOT.inc(36) 5 Mb
--- >> bb4datainc.inc(453) 5 Mb
--- >>> TECHGROUPKPOT.inc(31) 5 Mb
--- >> bb4datainc.inc(458) 5 Mb
--- >>> SUBTECHGROUPKPOT.inc(117) 5 Mb
--- >> bb4datainc.inc(461) 5 Mb
--- >>> subtechgroupkpotadditions.inc(15) 5 Mb
--- >> bb4datainc.inc(466) 5 Mb
--- >>> FKMIN.inc(4) 5 Mb
--- >> bb4datainc.inc(472) 5 Mb
--- >>> FKMAX.inc(4) 5 Mb
--- >> bb4datainc.inc(478) 5 Mb
--- >>> FKEQ.inc(4) 5 Mb
--- >> bb4datainc.inc(484) 5 Mb
--- >>> FKMINNA.inc(4) 5 Mb
--- >> bb4datainc.inc(489) 5 Mb
--- >>> FKMAXNA.inc(4) 5 Mb
--- >> bb4datainc.inc(494) 5 Mb
--- >>> FKEQNA.inc(4) 5 Mb
--- >> bb4datainc.inc(499) 5 Mb
--- >>> FGEMIN.inc(5) 5 Mb
--- >> bb4datainc.inc(504) 5 Mb
--- >>> FGEMAX.inc(4) 5 Mb
--- >> bb4datainc.inc(510) 5 Mb
--- >>> GMINF.inc(5) 5 Mb
--- >> bb4datainc.inc(516) 5 Mb
--- >>> GMAXF.inc(22) 5 Mb
--- >> bb4datainc.inc(522) 5 Mb
--- >>> GEQF.inc(45) 5 Mb
--- >> bb4datainc.inc(527) 5 Mb
--- >>> GMAXFS.inc(39) 5 Mb
--- >> bb4datainc.inc(532) 5 Mb
--- >>> WTRRSFLH.inc(14) 5 Mb
--- >> bb4datainc.inc(537) 5 Mb
--- >>> WTRRRFLH.inc(15) 5 Mb
--- >> bb4datainc.inc(543) 5 Mb
--- >>> WNDFLH.inc(51) 5 Mb
--- >> bb4datainc.inc(546) 5 Mb
--- >>> wndflhadditions.inc(15) 5 Mb
--- >> bb4datainc.inc(551) 5 Mb
--- >>> SOLEFLH.inc(42) 5 Mb
--- >> bb4datainc.inc(558) 5 Mb
--- >>> SOLHFLH.inc(34) 5 Mb
--- >> bb4datainc.inc(561) 5 Mb
--- >>> solhflhadditions.inc(13) 5 Mb
--- >> bb4datainc.inc(566) 5 Mb
--- >>> WAVEFLH.inc(14) 5 Mb
--- >> bb4datainc.inc(571) 5 Mb
--- >>> HYRSDATA.inc(25) 5 Mb
--- >> bb4datainc.inc(576) 5 Mb
--- >>> DISCOUNTRATE.inc(2) 5 Mb
--- >> bb4datainc.inc(581) 5 Mb
--- >>> LIFETIME_X.inc(2) 5 Mb
--- >> bb4datainc.inc(585) 5 Mb
--- >>> ANNUITYCG.inc(1240) 5 Mb
--- >> bb4datainc.inc(589) 5 Mb
--- >>> annuitycgadditions.inc(3) 5 Mb
--- >>>> hydrogen_annuitycgadditions.inc(3) 5 Mb
--- >>>>> HYDROGEN_ANNUITYCG.inc(39) 5 Mb
--- >>>> hydrogen_annuitycgadditions.inc(4) 5 Mb
--- >>> annuitycgadditions.inc(3) 5 Mb
--- >> bb4datainc.inc(593) 5 Mb
--- >>> ANNUITYCX.inc(4) 5 Mb
--- >> bb4datainc.inc(598) 5 Mb
--- >>> GINVCOST.inc(3) 5 Mb
--- >> bb4datainc.inc(603) 5 Mb
--- >>> GOMVCOSTO.inc(6) 5 Mb
--- >> bb4datainc.inc(608) 5 Mb
--- >>> GOMVCOSTIN.inc(6) 5 Mb
--- >> bb4datainc.inc(613) 5 Mb
--- >>> GOMFCOST.inc(10) 5 Mb
--- >> bb4datainc.inc(618) 5 Mb
--- >>> GEFFRATE.inc(5) 5 Mb
--- >> bb4datainc.inc(623) 5 Mb
--- >>> DEFP_BASE.inc(10) 5 Mb
--- >> bb4datainc.inc(628) 5 Mb
--- >>> DHFP_BASE.inc(35) 5 Mb
--- >> bb4datainc.inc(633) 5 Mb
--- >>> GKF_LO.inc(4) 5 Mb
--- >> bb4datainc.inc(646) 5 Mb
--- >>> DE.inc(58) 5 Mb
--- >> bb4datainc.inc(649) 5 Mb
--- >>> deadditions.inc(17) 5 Mb
--- >> bb4datainc.inc(657) 5 Mb
--- >>> DH.inc(158) 5 Mb
--- >> bb4datainc.inc(660) 5 Mb
--- >>> dhadditions.inc(13) 5 Mb
--- >> bb4datainc.inc(667) 5 Mb
--- >>> XINVCOST.inc(66) 5 Mb
--- >> bb4datainc.inc(670) 5 Mb
--- >>> xinvcostadditions.inc(10) 5 Mb
--- >> bb4datainc.inc(674) 5 Mb
--- >>> XKFX.inc(58) 5 Mb
--- >> bb4datainc.inc(679) 5 Mb
--- >>> XCOST.inc(29) 5 Mb
--- >> bb4datainc.inc(682) 5 Mb
--- >>> xcostadditions.inc(10) 5 Mb
--- >> bb4datainc.inc(686) 5 Mb
--- >>> XLOSS.inc(40) 5 Mb
--- >> bb4datainc.inc(689) 5 Mb
--- >>> xlossadditions.inc(10) 5 Mb
--- >> bb4datainc.inc(695) 5 Mb
--- >>> XKRATE.inc(11) 5 Mb
--- >> bb4datainc.inc(700) 5 Mb
--- >>> XMAXINV.inc(55) 5 Mb
--- >> bb4datainc.inc(709) 5 Mb
--- >>> FUELPRICE.inc(67) 5 Mb
--- >> bb4datainc.inc(712) 5 Mb
--- >>> fuelpriceadditions.inc(1) 5 Mb
--- >>>> hydrogen_fuelpriceadditions.inc(3) 5 Mb
--- >>>>> HYDROGEN_FUELPRICE.inc(1) 5 Mb
--- >>>> hydrogen_fuelpriceadditions.inc(4) 5 Mb
--- >>> fuelpriceadditions.inc(2) 5 Mb
--- >> bb4datainc.inc(719) 5 Mb
--- >>> EMI_POL.inc(53) 5 Mb
--- >> bb4datainc.inc(724) 5 Mb
--- >>> EMI_POLNA.inc(8) 5 Mb
--- >> bb4datainc.inc(734) 5 Mb
--- >>> WEIGHT_S.inc(7) 5 Mb
--- >> bb4datainc.inc(739) 5 Mb
--- >>> WEIGHT_T.inc(8) 5 Mb
--- >> bb4datainc.inc(744) 5 Mb
--- >>> CHRONOHOUR.inc(4) 5 Mb
--- >> bb4datainc.inc(749) 5 Mb
--- >>> SSIZE.inc(3) 5 Mb
--- >> bb4datainc.inc(755) 5 Mb
--- >>> GKRATE.inc(93) 5 Mb
--- >> bb4datainc.inc(760) 5 Mb
--- >>> DE_VAR_T.inc(17494) 10 Mb
--- >> bb4datainc.inc(763) 10 Mb
--- >>> de_var_tadditions.inc(13) 10 Mb
--- >> bb4datainc.inc(767) 10 Mb
--- >>> DH_VAR_T.inc(8797) 13 Mb
--- >> bb4datainc.inc(770) 13 Mb
--- >>> dh_var_tadditions.inc(13) 13 Mb
--- >> bb4datainc.inc(774) 13 Mb
--- >>> WTRRSVAR_S.inc(51) 13 Mb
--- >> bb4datainc.inc(779) 13 Mb
--- >>> WTRRRVAR_T.inc(74) 13 Mb
--- >> bb4datainc.inc(784) 13 Mb
--- >>> WND_VAR_T.inc(8743) 19 Mb
--- >>>> WND_VAR_T2.inc(8992) 20 Mb
--- >>> WND_VAR_T.inc(8992) 20 Mb
--- >> bb4datainc.inc(787) 20 Mb
--- >>> wnd_var_tadditions.inc(15) 20 Mb
--- >> bb4datainc.inc(791) 20 Mb
--- >>> SOLE_VAR_T.inc(8748) 25 Mb
--- >> bb4datainc.inc(796) 25 Mb
--- >>> SOLH_VAR_T.inc(8758) 28 Mb
--- >> bb4datainc.inc(799) 28 Mb
--- >>> solh_var_tadditions.inc(13) 28 Mb
--- >> bb4datainc.inc(803) 28 Mb
--- >>> WAVE_VAR_T.inc(3) 28 Mb
--- >> bb4datainc.inc(808) 28 Mb
--- >>> X3FX.inc(29) 28 Mb
--- >> bb4datainc.inc(813) 28 Mb
--- >>> X3FX_VAR_T.inc(17494) 29 Mb
--- >> bb4datainc.inc(818) 29 Mb
--- >>> HYPPROFILS.inc(20) 29 Mb
--- >> bb4datainc.inc(824) 29 Mb
--- >>> YMODEL.inc(10) 29 Mb
--- >> bb4datainc.inc(826) 29 Mb
--- >>> YMODELDELTA.inc(11) 29 Mb
--- >> bb4datainc.inc(840) 29 Mb
--- >>> OMONEY.inc(3) 29 Mb
--- >> bb4datainc.inc(845) 29 Mb
--- >>> PENALTYQ.inc(5) 29 Mb
--- >> bb4datainc.inc(850) 29 Mb
--- >>> XES.inc(4) 29 Mb
--- >> bb4datainc.inc(856) 29 Mb
--- >>> pardeclare.inc(24) 29 Mb
--- >>>> hydrogen_pardeclare.inc(58) 29 Mb
--- >>> pardeclare.inc(31) 29 Mb
--- >>>> DECOM_pardeclare.inc(2) 29 Mb
--- >>> pardeclare.inc(34) 29 Mb
--- >>>> CCS_pardeclare.inc(8) 29 Mb
--- >>> pardeclare.inc(38) 29 Mb
--- >> bb4datainc.inc(857) 29 Mb
--- >>> pardefine.inc(26) 29 Mb
--- >>>> hydrogen_pardefine.inc(3) 29 Mb
--- >>>>> HYDROGEN_DH2.inc(25) 29 Mb
--- >>>> hydrogen_pardefine.inc(8) 29 Mb
--- >>>>> HYDROGEN_DH2_VAR_T.inc(5) 29 Mb
--- >>>> hydrogen_pardefine.inc(13) 29 Mb
--- >>>>> HYDROGEN_DISLOSS_H2.inc(2) 29 Mb
--- >>>> hydrogen_pardefine.inc(22) 29 Mb
--- >>>>> HYDROGEN_DAC_DE.inc(2) 29 Mb
--- >>>> hydrogen_pardefine.inc(25) 29 Mb
--- >>>>> HYDROGEN_DAC_DH.inc(2) 29 Mb
--- >>>> hydrogen_pardefine.inc(28) 29 Mb
--- >>>>> HYDROGEN_METHANATION_DE.inc(5) 29 Mb
--- >>>> hydrogen_pardefine.inc(31) 29 Mb
--- >>>>> HYDROGEN_METHANATION_DH2.inc(6) 29 Mb
--- >>>> hydrogen_pardefine.inc(34) 29 Mb
--- >>>>> HYDROGEN_BIOGASUPGRADING_DE.inc(5) 29 Mb
--- >>>> hydrogen_pardefine.inc(37) 29 Mb
--- >>>>> HYDROGEN_XH2KFX.inc(2) 29 Mb
--- >>>> hydrogen_pardefine.inc(40) 29 Mb
--- >>>>> HYDROGEN_XH2INVCOST.inc(96) 29 Mb
--- >>>> hydrogen_pardefine.inc(43) 29 Mb
--- >>>>> HYDROGEN_XH2INVCOST_NGTOH2.inc(2) 29 Mb
--- >>>> hydrogen_pardefine.inc(46) 29 Mb
--- >>>>> HYDROGEN_XH2COST.inc(2) 29 Mb
--- >>>> hydrogen_pardefine.inc(49) 29 Mb
--- >>>>> HYDROGEN_XH2LOSS.inc(79) 29 Mb
--- >>>> hydrogen_pardefine.inc(52) 29 Mb
--- >>>>> HYDROGEN_XH2KRATE.inc(2) 29 Mb
--- >>>> hydrogen_pardefine.inc(55) 29 Mb
--- >>>>> HYDROGEN_ANNUITYCXH2.inc(4) 29 Mb
--- >>>> hydrogen_pardefine.inc(58) 29 Mb
--- >>>>> HYDROGEN_XH2MAXK_NGTOH2.inc(2) 29 Mb
--- >>>> hydrogen_pardefine.inc(61) 29 Mb
--- >>>>> HYDROGEN_LIFETIME_XH2.inc(2) 29 Mb
--- >>>> hydrogen_pardefine.inc(65) 29 Mb
--- >>>>> HYDROGEN_XH2INVCOST_ES.inc(15) 29 Mb
--- >>>> hydrogen_pardefine.inc(68) 29 Mb
--- >>>>> HYDROGEN_XH2KN_ES.inc(14) 29 Mb
--- >>>> hydrogen_pardefine.inc(70) 29 Mb
--- >>> pardefine.inc(38) 29 Mb
--- >>>> DECOM_pardefine.inc(3) 29 Mb
--- >>> pardefine.inc(41) 29 Mb
--- >>>> CCS_pardefine.inc(5) 29 Mb
--- >>>>> CCS_CCS_DECO2COMP_G.inc(57) 29 Mb
--- >>>> CCS_pardefine.inc(9) 29 Mb
--- >>>>> CCS_CCS_CO2CAPTEFF_G.inc(8796) 29 Mb
--- >>>> CCS_pardefine.inc(15) 29 Mb
--- >>>>> CCS_CCS_TRANSPORTCOST.inc(3) 29 Mb
--- >>>> CCS_pardefine.inc(16) 29 Mb
--- >>> pardefine.inc(50) 29 Mb
--- >> bb4datainc.inc(859) 29 Mb
--- > Balmorelbb4.inc(475) 29 Mb
--- >> isetdecdef.inc(13) 29 Mb
--- >>> hydrogen_isetdecdef.inc(61) 29 Mb
--- >> isetdecdef.inc(25) 29 Mb
--- >>> DECOM_isetdecdef.inc(8) 29 Mb
--- >> isetdecdef.inc(33) 29 Mb
--- > Balmorelbb4.inc(926) 29 Mb
--- >> ipardecdef.inc(11) 29 Mb
--- >>> hydrogen_ipardecdef.inc(106) 29 Mb
--- >> ipardecdef.inc(21) 29 Mb
--- >>> DECOM_ipardecdef.inc(93) 29 Mb
--- >> ipardecdef.inc(26) 29 Mb
--- > Balmorelbb4.inc(1041) 29 Mb
--- >> print1.inc(353) 29 Mb
--- > Balmorelbb4.inc(1046) 29 Mb
--- >> error2.inc(1119) 29 Mb
--- > Balmorelbb4.inc(1077) 29 Mb
--- >> reducecard.inc(4) 29 Mb
--- > Balmorelbb4.inc(1179) 29 Mb
--- >> vardeclare.inc(17) 29 Mb
--- >>> hydrogen_vardeclare.inc(21) 29 Mb
--- >> vardeclare.inc(29) 29 Mb
--- >>> DECOM_vardeclare.inc(20) 29 Mb
--- >> vardeclare.inc(43) 29 Mb
--- > Balmorelbb4.inc(1391) 29 Mb
--- >> qobj.inc(19) 29 Mb
--- >>> hydrogen_qobj.inc(88) 29 Mb
--- >> qobj.inc(31) 29 Mb
--- >>> DECOM_qobj.inc(10) 29 Mb
--- >> qobj.inc(33) 29 Mb
--- >>> CCS_qobj.inc(10) 29 Mb
--- >> qobj.inc(42) 29 Mb
--- > Balmorelbb4.inc(1419) 29 Mb
--- >> qeeq.inc(11) 29 Mb
--- >>> hydrogen_qeeq.inc(14) 29 Mb
--- >> qeeq.inc(21) 29 Mb
--- >>> CCS_qeeq.inc(7) 29 Mb
--- >> qeeq.inc(29) 29 Mb
--- > Balmorelbb4.inc(1436) 29 Mb
--- >> qheq.inc(15) 29 Mb
--- >>> hydrogen_qheq.inc(7) 29 Mb
--- >> qheq.inc(24) 29 Mb
--- > Balmorelbb4.inc(1468) 29 Mb
--- >> qgfeq.inc(16) 29 Mb
--- >>> hydrogen_qgfeq.inc(6) 29 Mb
--- >> qgfeq.inc(24) 29 Mb
--- > Balmorelbb4.inc(1489) 29 Mb
--- >> qgcbgbprbypass2.inc(12) 29 Mb
--- > Balmorelbb4.inc(1517) 29 Mb
--- >> qgcvgext.inc(12) 29 Mb
--- > Balmorelbb4.inc(1538) 29 Mb
--- >> qgcvgextbypass1.inc(12) 29 Mb
--- > Balmorelbb4.inc(1547) 29 Mb
--- >> qgfeqextbypass1.inc(10) 29 Mb
--- > Balmorelbb4.inc(1555) 29 Mb
--- >> qgfeqextbypass2.inc(10) 29 Mb
--- > Balmorelbb4.inc(1564) 29 Mb
--- >> qggetoh.inc(4) 29 Mb
--- > Balmorelbb4.inc(1590) 29 Mb
--- >> qhyrsseq.inc(10) 29 Mb
--- > Balmorelbb4.inc(1601) 29 Mb
--- >> qhyrsminvol.inc(8) 29 Mb
--- > Balmorelbb4.inc(1613) 29 Mb
--- >> qhyrsmaxvol.inc(8) 29 Mb
--- > Balmorelbb4.inc(1629) 29 Mb
--- >> qhymaxg.inc(8) 29 Mb
--- > Balmorelbb4.inc(1643) 29 Mb
--- >> qestovolt.inc(8) 29 Mb
--- > Balmorelbb4.inc(1656) 29 Mb
--- >> qestovolts.inc(11) 29 Mb
--- > Balmorelbb4.inc(1666) 29 Mb
--- >> qhstovolt.inc(8) 29 Mb
--- > Balmorelbb4.inc(1679) 29 Mb
--- >> qhstovolts.inc(10) 29 Mb
--- > Balmorelbb4.inc(1839) 29 Mb
--- >> qkefuelc.inc(8) 29 Mb
--- > Balmorelbb4.inc(1850) 29 Mb
--- >> qkefuelr.inc(8) 29 Mb
--- > Balmorelbb4.inc(1861) 29 Mb
--- >> qkefuela.inc(8) 29 Mb
--- > Balmorelbb4.inc(1914) 29 Mb
--- >> qgeqcf.inc(8) 29 Mb
--- > Balmorelbb4.inc(1932) 29 Mb
--- >> qgeqrf.inc(8) 29 Mb
--- > Balmorelbb4.inc(1949) 29 Mb
--- >> qgeqaf.inc(8) 29 Mb
--- > Balmorelbb4.inc(2072) 29 Mb
--- >> qktechgroupc.inc(8) 29 Mb
--- > Balmorelbb4.inc(2083) 29 Mb
--- >> qktechgroupr.inc(8) 29 Mb
--- > Balmorelbb4.inc(2094) 29 Mb
--- >> qktechgroupa.inc(8) 29 Mb
--- > Balmorelbb4.inc(2147) 29 Mb
--- >> qxk_up.inc(8) 29 Mb
--- > Balmorelbb4.inc(2165) 29 Mb
--- >> qxknaccumnet.inc(8) 29 Mb
--- > Balmorelbb4.inc(2183) 29 Mb
--- >> qlimco2c.inc(5) 29 Mb
--- >>> CCS_qlimco2c.inc(5) 29 Mb
--- >> qlimco2c.inc(10) 29 Mb
--- > Balmorelbb4.inc(2202) 29 Mb
--- >> qlimco2na.inc(5) 29 Mb
--- >>> CCS_qlimco2na.inc(5) 29 Mb
--- >> qlimco2na.inc(10) 29 Mb
--- > Balmorelbb4.inc(2236) 29 Mb
--- >> qgknaccumnet.inc(3) 29 Mb
--- >>> DECOM_qgknaccumnet.inc(6) 29 Mb
--- >> qgknaccumnet.inc(9) 29 Mb
--- > Balmorelbb4.inc(2261) 29 Mb
--- >> qgke_up.inc(8) 29 Mb
--- > Balmorelbb4.inc(2271) 29 Mb
--- >> qgkh_up.inc(8) 29 Mb
--- > Balmorelbb4.inc(2382) 29 Mb
--- >> eqndecdef.inc(24) 29 Mb
--- >>> hydrogen_eqndecdef.inc(61) 29 Mb
--- >>>> qhydrogen_eq.inc(10) 29 Mb
--- >>> hydrogen_eqndecdef.inc(81) 29 Mb
--- >>>> qhydrogen_eq_area.inc(8) 29 Mb
--- >>> hydrogen_eqndecdef.inc(102) 29 Mb
--- >>>> qhydrogen_stovol.inc(10) 29 Mb
--- >>> hydrogen_eqndecdef.inc(167) 29 Mb
--- >>>> qbiomethane_stovolts.inc(7) 29 Mb
--- >>> hydrogen_eqndecdef.inc(257) 29 Mb
--- >> eqndecdef.inc(32) 29 Mb
--- >>> DECOM_eqndecdef.inc(68) 29 Mb
--- >> eqndecdef.inc(41) 29 Mb
--- > Balmorelbb4.inc(2534) 29 Mb
--- >> balbase4.inc(10) 29 Mb
--- >>> hydrogen_balbase4.inc(28) 29 Mb
--- >> balbase4.inc(21) 29 Mb
--- >>> DECOM_balbase4.inc(21) 29 Mb
--- >> balbase4.inc(30) 29 Mb
--- > Balmorelbb4.inc(2554) 29 Mb
--- >> error2.inc(15) 29 Mb
--- > Balmorelbb4.inc(2555) 29 Mb
--- >> errorBB4.inc(62) 29 Mb
--- > Balmorelbb4.inc(2582) 29 Mb
--- >> BB4overview.inc(114) 29 Mb
--- > Balmorelbb4.inc(2587) 29 Mb
--- >> Balmorelbb4.sim(223) 29 Mb
--- >>> sim.inc(24) 29 Mb
--- >>>> DECOM_sim.inc(6) 29 Mb
--- >>> sim.inc(27) 29 Mb
--- >>>> hydrogen_sim.inc(23) 29 Mb
--- >>> sim.inc(30) 29 Mb
--- >> Balmorelbb4.sim(224) 29 Mb
--- >>> varloupfx.inc(10) 29 Mb
--- >> Balmorelbb4.sim(277) 29 Mb
--- >>> solveend.inc(18) 29 Mb
--- >> Balmorelbb4.sim(282) 29 Mb
--- >>> balbase4.mss(120) 29 Mb
--- >> Balmorelbb4.sim(317) 29 Mb
--- >>> errorBB4.inc(62) 29 Mb
--- >> Balmorelbb4.sim(344) 29 Mb
--- >>> varassign.inc(4) 29 Mb
--- >>>> DECOM_varassign.inc(17) 29 Mb
--- >>> varassign.inc(6) 29 Mb
--- >>>> hydrogen_varassign.inc(7) 29 Mb
--- >>> varassign.inc(7) 29 Mb
--- >> Balmorelbb4.sim(367) 29 Mb
--- > Balmorelbb4.inc(2593) 29 Mb
--- >> OUTPUT_SUMMARY.inc(1901) 29 Mb
--- > Balmorelbb4.inc(2852) 29 Mb
--- Balmorel.gms(210) 29 Mb
--- Starting execution: elapsed 0:00:00.370
--- Balmorel.gms(37) 30 Mb
--- Balmorel.gms(1252) 30 Mb
--- Balmorel.gms(1453) 30 Mb
--- Balmorel.gms(1454) 30 Mb
--- Balmorel.gms(1455) 30 Mb
--- Balmorel.gms(1456) 30 Mb
--- Balmorel.gms(1457) 30 Mb
--- Balmorel.gms(102735) 66 Mb
--- GDX File (execute_unload) /Users/wiwillym/Desktop/Cote/LSESA/Project/pybalmorel/examples/Balmorel/03Project_NZwCCS2/output/temp/IWEIGHTY.gdx
--- Balmorel.gms(103531) 68 Mb
rm: ../output/printout/*.*: No such file or directory
--- Balmorel.gms(104568) 72 Mb
--- GDX File (execute_unload) /Users/wiwillym/Desktop/Cote/LSESA/Project/pybalmorel/examples/Balmorel/03Project_NZwCCS2/output/inputout/INPUTDATAOUT.gdx
--- Balmorel.gms(107404) 73 Mb
--- Generating RMIP model BALBASE4
--- Balmorel.gms(107659) 321 Mb
--- LOOPS IYALIAS = 2030
---   856,413 rows  719,889 columns  2,902,590 non-zeroes
--- Range statistics (absolute non-zero finite values)
--- RHS       [min, max] : [ 5.994E-04, 2.893E+09] - Zero values observed as well
--- Bound     [min, max] : [ 2.736E-03, 3.705E+03] - Zero values observed as well
--- Matrix    [min, max] : [ 7.821E-10, 1.408E+02]
--- Executing CPLEX (Solvelink=2): elapsed 0:00:07.717

IBM ILOG CPLEX   53.5.1 f2e5fac3 May 20, 2026          DAC arm 64bit/macOS    

--- GAMS/CPLEX licensed for continuous and discrete problems.

Reading parameter(s) from "/Users/wiwillym/Desktop/Cote/LSESA/Project/pybalmorel/examples/Balmorel/03Project_NZwCCS2/Model/cplex.op4"
>>  * Option file 4 for CPLEX solver. For possible options, see the GAMS Solver Manual.
>>  * To use with CPLEX,  set  '$Setglobal USEOPTIONFILE 4' in balgams.opt.
>>  * Do not change this file, it is predefined.
>>  * To use other options with CPLEX, make and/or use some other file, see USEOPTIONFILE in balgams.opt.
>>  * "LPmethod  4": Barrier method
>>  * "Threads  -1": Use all available threads except 1.
>>  * If memory tight, set the Threads parameter to 1.
>> ~* advind is set to 0 by default since for large problems a better performance has been experienced. If 0, the optimization will no~
>> ~t use the previous solution to try to find the next run faster.
>> 
>>  LPmethod  4
>>  Threads  -1
>>  advind 0
>> 
>> 
Finished reading from "/Users/wiwillym/Desktop/Cote/LSESA/Project/pybalmorel/examples/Balmorel/03Project_NZwCCS2/Model/cplex.op4"

--- GMO setup time: 0.00s
--- Space for names approximately 101.72 Mb
--- Use option 'names no' to turn use of names off
--- GMO memory 310.81 Mb (peak 316.31 Mb)
--- Dictionary memory 0.00 Mb
--- Cplex 22.1.2.0 link memory 23.53 Mb (peak 169.30 Mb)
--- Starting Cplex

Version identifier: 22.1.2.0 | 2024-12-02 | 8bd2200c8
CPXPARAM_Advance                                 0
CPXPARAM_LPMethod                                4
CPXPARAM_Threads                                 9
CPXPARAM_Parallel                                1
CPXPARAM_MIP_Display                             4
CPXPARAM_MIP_Pool_Capacity                       0
3036                                             1
CPXPARAM_Barrier_Limits_Iteration                2000000000
CPXPARAM_TimeLimit                               1209600
CPXPARAM_MIP_Tolerances_AbsMIPGap                0
CPXPARAM_MIP_Tolerances_MIPGap                   9.9999999999999995e-07
Tried aggregator 1 time.
DUAL formed by presolve
LP Presolve eliminated 278723 rows and 274338 columns.
Aggregator did 99424 substitutions.
Reduced LP has 346133 rows, 495142 columns, and 1522137 nonzeros.
Presolve time = 1.66 sec. (3880.44 ticks)
Parallel mode: using up to 9 threads for barrier.

***NOTE: Found 283 dense columns.

Number of nonzeros in lower triangle of A*A' = 9466064
Using Nested Dissection ordering
Total time for automatic ordering = 3.86 sec. (16252.24 ticks)
Summary statistics for Cholesky factor:
  Threads                   = 9
  Rows in Factor            = 346416
  Integer space required    = 1912905
  Total non-zeros in factor = 49256653
  Total FP ops to factor    = 21453596961
 Itn      Primal Obj        Dual Obj  Prim Inf Upper Inf  Dual Inf Inf Ratio
   0  -1.1830962e+14   2.4338976e+10  1.47e+11  0.00e+00  3.28e+10  1.00e+00
   1  -3.3109355e+13   3.0557172e+11  4.17e+10  0.00e+00  1.36e+10  8.20e-09
   2  -1.2991079e+13   3.2246721e+11  1.66e+10  0.00e+00  6.81e+09  7.18e-09
   3  -4.6335168e+12   3.4270088e+11  6.23e+09  0.00e+00  4.39e+09  1.09e-08
   4  -3.1687243e+12   2.7512510e+11  4.30e+09  0.00e+00  3.19e+09  1.33e-08
   5  -2.1295487e+12   1.1754117e+11  2.87e+09  0.00e+00  1.68e+09  1.95e-08
   6  -9.7576721e+11   4.9219267e+10  1.33e+09  0.00e+00  5.34e+08  4.98e-08
   7  -8.3544791e+11   5.3646050e+10  1.15e+09  0.00e+00  3.02e+08  8.45e-08
   8  -6.8003381e+11   7.0138037e+10  9.58e+08  0.00e+00  2.20e+08  1.17e-07
   9  -2.0136525e+11   7.7320724e+10  3.56e+08  0.00e+00  8.57e+07  3.12e-07
  10  -8.5304502e+10   8.1648362e+10  2.13e+08  0.00e+00  4.64e+07  6.25e-07
  11  -3.6905984e+10   7.9361176e+10  1.48e+08  0.00e+00  3.42e+07  8.95e-07
  12  -4.0217944e+09   7.7332807e+10  1.01e+08  0.00e+00  2.85e+07  1.12e-06
  13   3.8713409e+09   7.5338871e+10  8.93e+07  0.00e+00  2.44e+07  1.34e-06
  14   2.0597880e+10   7.2439867e+10  6.43e+07  0.00e+00  1.83e+07  1.89e-06
  15   2.9707863e+10   7.1413444e+10  5.07e+07  0.00e+00  1.62e+07  2.19e-06
  16   3.6005959e+10   7.0256013e+10  4.13e+07  0.00e+00  1.38e+07  2.65e-06
  17   3.9798081e+10   6.9747751e+10  3.58e+07  0.00e+00  1.26e+07  2.95e-06
  18   4.0262286e+10   6.9463933e+10  3.51e+07  0.00e+00  1.19e+07  3.13e-06
  19   4.1606617e+10   6.9096267e+10  3.32e+07  0.00e+00  1.10e+07  3.43e-06
  20   4.4953983e+10   6.8915025e+10  2.85e+07  0.00e+00  1.05e+07  3.64e-06
  21   4.5392079e+10   6.8833448e+10  2.79e+07  0.00e+00  1.03e+07  3.73e-06
  22   4.9146765e+10   6.8492421e+10  2.26e+07  0.00e+00  9.35e+06  4.17e-06
  23   5.1393589e+10   6.7984169e+10  1.92e+07  0.00e+00  8.17e+06  4.89e-06
  24   5.3968535e+10   6.7731755e+10  1.55e+07  0.00e+00  7.58e+06  5.36e-06
  25   5.5698146e+10   6.7114492e+10  1.29e+07  0.00e+00  6.24e+06  6.74e-06
  26   5.6933768e+10   6.6801134e+10  1.11e+07  0.00e+00  5.46e+06  7.88e-06
  27   5.7651142e+10   6.6524967e+10  1.01e+07  0.00e+00  4.61e+06  9.56e-06
  28   5.7735155e+10   6.6415248e+10  9.97e+06  0.00e+00  4.35e+06  1.02e-05
  29   5.9486066e+10   6.6257345e+10  7.60e+06  0.00e+00  3.83e+06  1.19e-05
  30   5.9822699e+10   6.6161359e+10  7.18e+06  0.00e+00  3.17e+06  1.47e-05
  31   6.0755433e+10   6.6100968e+10  6.04e+06  0.00e+00  2.77e+06  1.71e-05
  32   6.0846030e+10   6.6049924e+10  5.91e+06  0.00e+00  2.64e+06  1.81e-05
  33   6.1000618e+10   6.6045239e+10  5.72e+06  0.00e+00  2.61e+06  1.83e-05
  34   6.1105586e+10   6.5921204e+10  5.57e+06  0.00e+00  2.31e+06  2.10e-05
  35   6.1149351e+10   6.5820475e+10  5.47e+06  0.00e+00  2.21e+06  2.21e-05
  36   6.2187228e+10   6.5733289e+10  4.11e+06  0.00e+00  1.83e+06  2.74e-05
  37   6.2674739e+10   6.5716224e+10  3.46e+06  0.00e+00  1.76e+06  2.87e-05
  38   6.3001502e+10   6.5698599e+10  3.00e+06  0.00e+00  1.71e+06  2.98e-05
  39   6.3307626e+10   6.5595734e+10  2.57e+06  0.00e+00  1.41e+06  3.71e-05
  40   6.3719987e+10   6.5520631e+10  2.01e+06  0.00e+00  1.13e+06  4.76e-05
  41   6.3962930e+10   6.5487622e+10  1.70e+06  0.00e+00  9.73e+05  5.63e-05
  42   6.4145469e+10   6.5476018e+10  1.47e+06  0.00e+00  9.17e+05  6.03e-05
  43   6.4396427e+10   6.5432188e+10  1.15e+06  0.00e+00  6.96e+05  8.22e-05
  44   6.4587344e+10   6.5422525e+10  9.16e+05  0.00e+00  6.16e+05  9.42e-05
  45   6.4688833e+10   6.5410031e+10  7.93e+05  0.00e+00  5.21e+05  1.14e-04
  46   6.4821873e+10   6.5406706e+10  6.35e+05  0.00e+00  4.89e+05  1.22e-04
  47   6.4888365e+10   6.5399174e+10  5.54e+05  0.00e+00  4.27e+05  1.42e-04
  48   6.4932026e+10   6.5393330e+10  5.03e+05  0.00e+00  3.65e+05  1.69e-04
  49   6.5017186e+10   6.5390350e+10  4.07e+05  0.00e+00  2.95e+05  2.14e-04
  50   6.5080270e+10   6.5390186e+10  3.38e+05  0.00e+00  2.63e+05  2.43e-04
  51   6.5135911e+10   6.5389642e+10  2.77e+05  0.00e+00  2.12e+05  3.08e-04
  52   6.5190630e+10   6.5390492e+10  2.18e+05  0.00e+00  1.80e+05  3.69e-04
  53   6.5218498e+10   6.5390746e+10  1.88e+05  0.00e+00  1.66e+05  4.03e-04
  54   6.5241527e+10   6.5390960e+10  1.63e+05  0.00e+00  1.40e+05  4.84e-04
  55   6.5276829e+10   6.5391574e+10  1.26e+05  0.00e+00  1.21e+05  5.66e-04
  56   6.5287822e+10   6.5391619e+10  1.14e+05  0.00e+00  1.17e+05  5.91e-04
  57   6.5302308e+10   6.5391868e+10  9.82e+04  0.00e+00  9.18e+04  7.68e-04
  58   6.5308196e+10   6.5392367e+10  9.24e+04  0.00e+00  8.69e+04  8.15e-04
  59   6.5316664e+10   6.5392897e+10  8.38e+04  0.00e+00  8.06e+04  8.84e-04
  60   6.5322361e+10   6.5393450e+10  7.81e+04  0.00e+00  7.46e+04  9.60e-04
  61   6.5338371e+10   6.5394206e+10  6.24e+04  0.00e+00  6.78e+04  1.06e-03
  62   6.5342380e+10   6.5394371e+10  5.83e+04  0.00e+00  6.57e+04  1.10e-03
  63   6.5354509e+10   6.5394734e+10  4.61e+04  0.00e+00  6.19e+04  1.18e-03
  64   6.5364703e+10   6.5396112e+10  3.59e+04  0.00e+00  4.64e+04  1.60e-03
  65   6.5371100e+10   6.5396358e+10  2.98e+04  0.00e+00  4.47e+04  1.67e-03
  66   6.5372948e+10   6.5396548e+10  2.81e+04  0.00e+00  4.33e+04  1.73e-03
  67   6.5379042e+10   6.5397625e+10  2.23e+04  0.00e+00  3.55e+04  2.14e-03
  68   6.5382038e+10   6.5398664e+10  1.97e+04  0.00e+00  3.01e+04  2.56e-03
  69   6.5382983e+10   6.5398902e+10  1.89e+04  0.00e+00  2.90e+04  2.66e-03
  70   6.5385458e+10   6.5399085e+10  1.68e+04  0.00e+00  2.82e+04  2.74e-03
  71   6.5386994e+10   6.5399560e+10  1.55e+04  0.00e+00  2.62e+04  2.98e-03
  72   6.5387410e+10   6.5399692e+10  1.52e+04  0.00e+00  2.56e+04  3.05e-03
  73   6.5388410e+10   6.5400073e+10  1.43e+04  0.00e+00  2.40e+04  3.26e-03
  74   6.5390053e+10   6.5400258e+10  1.30e+04  0.00e+00  2.33e+04  3.37e-03
  75   6.5392918e+10   6.5400953e+10  1.07e+04  0.00e+00  2.05e+04  3.86e-03
  76   6.5394405e+10   6.5401551e+10  9.52e+03  0.00e+00  1.83e+04  4.36e-03
  77   6.5395916e+10   6.5401768e+10  8.36e+03  0.00e+00  1.75e+04  4.56e-03
  78   6.5397923e+10   6.5402505e+10  7.13e+03  0.00e+00  1.50e+04  5.40e-03
  79   6.5399236e+10   6.5403052e+10  6.11e+03  0.00e+00  1.32e+04  6.17e-03
  80   6.5399938e+10   6.5403221e+10  5.59e+03  0.00e+00  1.27e+04  6.43e-03
  81   6.5401635e+10   6.5403765e+10  4.36e+03  0.00e+00  1.12e+04  7.41e-03
  82   6.5402395e+10   6.5404496e+10  3.82e+03  0.00e+00  9.15e+03  9.16e-03
  83   6.5402717e+10   6.5404836e+10  3.61e+03  0.00e+00  8.34e+03  1.01e-02
  84   6.5403729e+10   6.5405386e+10  2.98e+03  0.00e+00  7.08e+03  1.20e-02
  85   6.5404021e+10   6.5405946e+10  2.80e+03  0.00e+00  5.88e+03  1.46e-02
  86   6.5404077e+10   6.5406181e+10  2.77e+03  0.00e+00  5.46e+03  1.58e-02
  87   6.5404767e+10   6.5406629e+10  2.40e+03  0.00e+00  4.64e+03  1.87e-02
  88   6.5405153e+10   6.5406938e+10  2.61e+03  0.00e+00  4.14e+03  2.11e-02
  89   6.5405682e+10   6.5407112e+10  2.28e+03  0.00e+00  3.84e+03  2.28e-02
  90   6.5405930e+10   6.5407229e+10  2.13e+03  0.00e+00  3.64e+03  2.41e-02
  91   6.5406160e+10   6.5407331e+10  1.99e+03  0.00e+00  3.46e+03  2.55e-02
  92   6.5406534e+10   6.5407778e+10  1.75e+03  0.00e+00  2.70e+03  3.31e-02
  93   6.5406873e+10   6.5407936e+10  1.55e+03  0.00e+00  2.45e+03  3.65e-02
  94   6.5406948e+10   6.5408096e+10  1.51e+03  0.00e+00  2.20e+03  4.07e-02
  95   6.5407298e+10   6.5408333e+10  1.31e+03  0.00e+00  1.85e+03  4.87e-02
  96   6.5407683e+10   6.5408583e+10  1.09e+03  0.00e+00  1.49e+03  6.11e-02
  97   6.5408097e+10   6.5408785e+10  8.55e+02  0.00e+00  1.19e+03  7.65e-02
  98   6.5408305e+10   6.5408867e+10  7.36e+02  0.00e+00  1.07e+03  8.53e-02
  99   6.5408677e+10   6.5408964e+10  5.22e+02  0.00e+00  9.26e+02  9.90e-02
 100   6.5408801e+10   6.5409076e+10  4.46e+02  0.00e+00  7.45e+02  1.24e-01
 101   6.5408872e+10   6.5409140e+10  4.05e+02  0.00e+00  6.45e+02  1.44e-01
 102   6.5408960e+10   6.5409212e+10  3.54e+02  0.00e+00  5.38e+02  1.73e-01
 103   6.5409061e+10   6.5409270e+10  2.96e+02  0.00e+00  4.52e+02  2.06e-01
 104   6.5409099e+10   6.5409330e+10  2.74e+02  0.00e+00  3.66e+02  2.56e-01
 105   6.5409272e+10   6.5409429e+10  1.79e+02  0.00e+00  2.30e+02  4.10e-01
 106   6.5409318e+10   6.5409466e+10  1.53e+02  0.00e+00  1.77e+02  5.33e-01
 107   6.5409327e+10   6.5409483e+10  1.48e+02  0.00e+00  1.55e+02  6.08e-01
 108   6.5409398e+10   6.5409503e+10  1.10e+02  0.00e+00  1.30e+02  7.27e-01
 109   6.5409428e+10   6.5409536e+10  9.29e+01  0.00e+00  8.09e+01  1.17e+00
 110   6.5409463e+10   6.5409554e+10  7.42e+01  0.00e+00  5.80e+01  1.62e+00
 111   6.5409465e+10   6.5409555e+10  7.30e+01  0.00e+00  5.70e+01  1.64e+00
 112   6.5409476e+10   6.5409558e+10  6.71e+01  0.00e+00  5.25e+01  1.78e+00
 113   6.5409489e+10   6.5409560e+10  5.98e+01  0.00e+00  5.11e+01  1.83e+00
 114   6.5409531e+10   6.5409577e+10  3.54e+01  0.00e+00  2.34e+01  3.94e+00
 115   6.5409554e+10   6.5409580e+10  2.18e+01  0.00e+00  1.70e+01  5.35e+00
 116   6.5409568e+10   6.5409584e+10  1.28e+01  0.00e+00  8.05e+00  1.12e+01
 117   6.5409578e+10   6.5409585e+10  6.19e+00  0.00e+00  6.03e+00  1.48e+01
 118   6.5409584e+10   6.5409588e+10  5.52e+00  0.00e+00  2.37e+00  4.26e+01
 119   6.5409581e+10   6.5409585e+10  7.16e+01  0.00e+00  1.39e+00  6.68e+01
Barrier time = 79.94 sec. (118026.67 ticks)
Parallel mode: deterministic, using up to 9 threads for concurrent optimization:
 * Starting dual Simplex on 1 thread...
 * Starting primal Simplex on 1 thread...

Dual crossover.
  Dual:  Fixing 27129 variables.
    27128 DMoves:  Infeasibility  1.76869448e+00  Objective  6.54095744e+10
    25414 DMoves:  Infeasibility  1.66171306e+00  Objective  6.54095744e+10
    24235 DMoves:  Infeasibility  1.17215274e+00  Objective  6.54095743e+10
    23192 DMoves:  Infeasibility  1.12283595e+00  Objective  6.54095743e+10
    22384 DMoves:  Infeasibility  9.97262154e-01  Objective  6.54095743e+10
    20460 DMoves:  Infeasibility  9.62591186e-01  Objective  6.54095746e+10
    19377 DMoves:  Infeasibility  9.32433318e-01  Objective  6.54095745e+10
    18300 DMoves:  Infeasibility  9.03225180e-01  Objective  6.54095745e+10
    17458 DMoves:  Infeasibility  8.53343347e-01  Objective  6.54095746e+10
    16070 DMoves:  Infeasibility  7.70089881e-01  Objective  6.54095760e+10
    15137 DMoves:  Infeasibility  7.61429662e-01  Objective  6.54095757e+10
    14408 DMoves:  Infeasibility  7.09497346e-01  Objective  6.54095771e+10
    13429 DMoves:  Infeasibility  5.88065501e-01  Objective  6.54095771e+10
    11903 DMoves:  Infeasibility  4.67564761e+02  Objective  6.54099563e+10
    10104 DMoves:  Infeasibility  2.44596768e+05  Objective  6.54297863e+10
     7492 DMoves:  Infeasibility  2.59967801e+07  Objective  6.29304799e+10
     3709 DMoves:  Infeasibility  2.40937552e+07  Objective  6.29711004e+10
     1888 DMoves:  Infeasibility  2.13490489e+07  Objective  6.31447909e+10
      522 DMoves:  Infeasibility  2.03841525e+07  Objective  6.33369522e+10
        0 DMoves:  Infeasibility  1.97055116e+07  Objective  6.32834706e+10
  Dual:  Pushed 7366, exchanged 19763.
  Primal:  Fixing 455004 variables.
   455003 PMoves:  Infeasibility  2.02738273e+01  Objective  6.30231072e+10
   447927 PMoves:  Infeasibility  1.00352788e+00  Objective  6.30170561e+10
   443287 PMoves:  Infeasibility  1.00008133e+00  Objective  6.30170550e+10
   439996 PMoves:  Infeasibility  2.42665425e-01  Objective  6.30169382e+10
Removing shift (4142).

Primal simplex solved model.

Total crossover time = 3.19 sec. (7270.89 ticks)

Total time on 9 threads = 84.82 sec. (129213.57 ticks)

--- LP status (1): optimal.
--- Cplex Time: 84.82sec (det. 129216.02 ticks)


Optimal solution found
Simplex iterations after crossover: 0
Objective:  65409584229.334465

--- Reading solution for model BALBASE4
--- Balmorel.gms(107659) 321 Mb  86 secs
--- GDX Point /Users/wiwillym/Desktop/Cote/LSESA/Project/pybalmorel/examples/Balmorel/03Project_NZwCCS2/Model/BALBASE4_p.gdx
--- Executing after solve: elapsed 0:01:33.775
--- Balmorel.gms(107404) 321 Mb
--- Generating RMIP model BALBASE4
--- Balmorel.gms(107659) 517 Mb
--- LOOPS IYALIAS = 2050
---   1,101,507 rows  941,783 columns  3,850,008 non-zeroes
--- Range statistics (absolute non-zero finite values)
--- RHS       [min, max] : [ 5.994E-04, 2.893E+09] - Zero values observed as well
--- Bound     [min, max] : [ 2.736E-03, 1.633E+04] - Zero values observed as well
--- Matrix    [min, max] : [ 3.570E-10, 1.408E+02]
--- Executing CPLEX (Solvelink=2): elapsed 0:01:36.841

IBM ILOG CPLEX   53.5.1 f2e5fac3 May 20, 2026          DAC arm 64bit/macOS    

--- GAMS/CPLEX licensed for continuous and discrete problems.

Reading parameter(s) from "/Users/wiwillym/Desktop/Cote/LSESA/Project/pybalmorel/examples/Balmorel/03Project_NZwCCS2/Model/cplex.op4"
>>  * Option file 4 for CPLEX solver. For possible options, see the GAMS Solver Manual.
>>  * To use with CPLEX,  set  '$Setglobal USEOPTIONFILE 4' in balgams.opt.
>>  * Do not change this file, it is predefined.
>>  * To use other options with CPLEX, make and/or use some other file, see USEOPTIONFILE in balgams.opt.
>>  * "LPmethod  4": Barrier method
>>  * "Threads  -1": Use all available threads except 1.
>>  * If memory tight, set the Threads parameter to 1.
>> ~* advind is set to 0 by default since for large problems a better performance has been experienced. If 0, the optimization will no~
>> ~t use the previous solution to try to find the next run faster.
>> 
>>  LPmethod  4
>>  Threads  -1
>>  advind 0
>> 
>> 
Finished reading from "/Users/wiwillym/Desktop/Cote/LSESA/Project/pybalmorel/examples/Balmorel/03Project_NZwCCS2/Model/cplex.op4"

--- GMO setup time: 0.00s
--- Space for names approximately 135.78 Mb
--- Use option 'names no' to turn use of names off
--- GMO memory 407.03 Mb (peak 414.22 Mb)
--- Dictionary memory 0.00 Mb
--- Cplex 22.1.2.0 link memory 30.57 Mb (peak 224.55 Mb)
--- Starting Cplex

Version identifier: 22.1.2.0 | 2024-12-02 | 8bd2200c8
CPXPARAM_Advance                                 0
CPXPARAM_LPMethod                                4
CPXPARAM_Threads                                 9
CPXPARAM_Parallel                                1
CPXPARAM_MIP_Display                             4
CPXPARAM_MIP_Pool_Capacity                       0
3036                                             1
CPXPARAM_Barrier_Limits_Iteration                2000000000
CPXPARAM_TimeLimit                               1209600
CPXPARAM_MIP_Tolerances_AbsMIPGap                0
CPXPARAM_MIP_Tolerances_MIPGap                   9.9999999999999995e-07
Tried aggregator 1 time.
DUAL formed by presolve
LP Presolve eliminated 558529 rows and 535016 columns.
Aggregator did 115854 substitutions.
Reduced LP has 290919 rows, 439967 columns, and 1386435 nonzeros.
Presolve time = 1.80 sec. (4988.82 ticks)
Parallel mode: using up to 9 threads for barrier.

***NOTE: Found 59 dense columns.

Number of nonzeros in lower triangle of A*A' = 7928568
Using Nested Dissection ordering
Total time for automatic ordering = 2.85 sec. (10178.35 ticks)
Summary statistics for Cholesky factor:
  Threads                   = 9
  Rows in Factor            = 290978
  Integer space required    = 1794198
  Total non-zeros in factor = 43674108
  Total FP ops to factor    = 18400043866
 Itn      Primal Obj        Dual Obj  Prim Inf Upper Inf  Dual Inf Inf Ratio
   0  -2.1512138e+13   1.2616181e+10  2.50e+10  0.00e+00  2.82e+10  1.00e+00
   1  -5.3393926e+12   2.4945285e+11  6.48e+09  0.00e+00  6.85e+09  2.35e-08
   2  -4.4517433e+12   1.1741157e+11  4.79e+09  0.00e+00  6.44e+09  2.42e-08
   3  -3.1292758e+12   6.7379015e+10  3.37e+09  0.00e+00  3.24e+09  2.12e-08
   4  -9.2110488e+11   1.0798023e+11  1.10e+09  0.00e+00  1.61e+09  3.66e-08
   5  -4.5057875e+11   9.0059091e+10  5.74e+08  0.00e+00  9.60e+08  6.07e-08
   6  -3.5571351e+11   7.4182903e+10  4.66e+08  0.00e+00  5.33e+08  1.05e-07
   7  -3.2212807e+11   6.9525768e+10  4.22e+08  0.00e+00  5.01e+08  1.12e-07
   8  -1.2318797e+11   6.6940604e+10  2.04e+08  0.00e+00  3.11e+08  1.96e-07
   9  -8.6526919e+10   5.7981029e+10  1.61e+08  0.00e+00  1.42e+08  4.82e-07
  10  -5.4871078e+10   5.6131549e+10  1.24e+08  0.00e+00  9.51e+07  7.59e-07
  11  -3.8755873e+10   5.4361816e+10  1.05e+08  0.00e+00  6.02e+07  1.27e-06
  12  -1.5543792e+10   5.3129774e+10  7.80e+07  0.00e+00  4.00e+07  2.01e-06
  13   5.3342974e+09   5.1939449e+10  5.24e+07  0.00e+00  3.05e+07  2.72e-06
  14   1.4613241e+10   5.1395234e+10  4.08e+07  0.00e+00  2.71e+07  3.13e-06
  15   2.1307808e+10   4.9492526e+10  3.17e+07  0.00e+00  1.96e+07  4.48e-06
  16   2.8579464e+10   4.8306306e+10  2.20e+07  0.00e+00  1.44e+07  6.43e-06
  17   3.2133110e+10   4.7732129e+10  1.70e+07  0.00e+00  1.23e+07  7.76e-06
  18   3.4178675e+10   4.7285158e+10  1.41e+07  0.00e+00  1.08e+07  8.98e-06
  19   3.4750445e+10   4.7196331e+10  1.32e+07  0.00e+00  1.06e+07  9.26e-06
  20   3.6464523e+10   4.6991673e+10  1.07e+07  0.00e+00  9.96e+06  9.97e-06
  21   3.6795184e+10   4.6894959e+10  1.02e+07  0.00e+00  9.68e+06  1.03e-05
  22   3.7572277e+10   4.6604223e+10  9.06e+06  0.00e+00  8.81e+06  1.15e-05
  23   3.8285678e+10   4.6084114e+10  8.02e+06  0.00e+00  7.20e+06  1.46e-05
  24   3.8723690e+10   4.6024448e+10  7.41e+06  0.00e+00  6.99e+06  1.51e-05
  25   3.9368895e+10   4.5830237e+10  6.51e+06  0.00e+00  6.31e+06  1.69e-05
  26   4.0368961e+10   4.5653929e+10  5.12e+06  0.00e+00  5.69e+06  1.91e-05
  27   4.0787984e+10   4.5450201e+10  4.52e+06  0.00e+00  5.02e+06  2.21e-05
  28   4.1409914e+10   4.5363571e+10  3.64e+06  0.00e+00  4.72e+06  2.38e-05
  29   4.1805152e+10   4.5235011e+10  3.05e+06  0.00e+00  4.33e+06  2.63e-05
  30   4.1974382e+10   4.5072241e+10  2.79e+06  0.00e+00  3.83e+06  3.03e-05
  31   4.2364136e+10   4.4946502e+10  2.23e+06  0.00e+00  3.41e+06  3.46e-05
  32   4.2442460e+10   4.4878561e+10  2.12e+06  0.00e+00  3.19e+06  3.74e-05
  33   4.2573747e+10   4.4847224e+10  1.94e+06  0.00e+00  3.08e+06  3.89e-05
  34   4.2791993e+10   4.4780514e+10  1.63e+06  0.00e+00  2.85e+06  4.25e-05
  35   4.2977182e+10   4.4727774e+10  1.37e+06  0.00e+00  2.67e+06  4.58e-05
  36   4.3054587e+10   4.4631478e+10  1.27e+06  0.00e+00  2.33e+06  5.36e-05
  37   4.3262243e+10   4.4565502e+10  9.87e+05  0.00e+00  2.09e+06  6.07e-05
  38   4.3354382e+10   4.4516505e+10  8.57e+05  0.00e+00  1.92e+06  6.68e-05
  39   4.3421934e+10   4.4454674e+10  7.61e+05  0.00e+00  1.71e+06  7.64e-05
  40   4.3521134e+10   4.4403302e+10  6.24e+05  0.00e+00  1.53e+06  8.69e-05
  41   4.3567021e+10   4.4367953e+10  5.61e+05  0.00e+00  1.40e+06  9.57e-05
  42   4.3643984e+10   4.4320821e+10  4.60e+05  0.00e+00  1.22e+06  1.12e-04
  43   4.3716418e+10   4.4278528e+10  3.68e+05  0.00e+00  1.06e+06  1.31e-04
  44   4.3760757e+10   4.4261959e+10  3.13e+05  0.00e+00  9.94e+05  1.41e-04
  45   4.3764315e+10   4.4258119e+10  3.08e+05  0.00e+00  9.79e+05  1.44e-04
  46   4.3771834e+10   4.4252978e+10  2.99e+05  0.00e+00  9.59e+05  1.47e-04
  47   4.3811692e+10   4.4233557e+10  2.49e+05  0.00e+00  8.82e+05  1.61e-04
  48   4.3837903e+10   4.4198516e+10  2.17e+05  0.00e+00  7.42e+05  1.97e-04
  49   4.3863122e+10   4.4167093e+10  1.89e+05  0.00e+00  6.01e+05  2.49e-04
  50   4.3889660e+10   4.4149214e+10  1.62e+05  0.00e+00  5.06e+05  3.03e-04
  51   4.3919986e+10   4.4130637e+10  1.34e+05  0.00e+00  3.96e+05  3.98e-04
  52   4.3946671e+10   4.4124116e+10  1.11e+05  0.00e+00  3.50e+05  4.57e-04
  53   4.3959990e+10   4.4120337e+10  1.00e+05  0.00e+00  3.16e+05  5.11e-04
  54   4.3970660e+10   4.4116985e+10  9.18e+04  0.00e+00  2.86e+05  5.70e-04
  55   4.3991949e+10   4.4114960e+10  7.47e+04  0.00e+00  2.68e+05  6.12e-04
  56   4.4000620e+10   4.4112630e+10  6.63e+04  0.00e+00  2.54e+05  6.49e-04
  57   4.4013581e+10   4.4107843e+10  5.52e+04  0.00e+00  2.19e+05  7.64e-04
  58   4.4024394e+10   4.4107341e+10  4.69e+04  0.00e+00  2.15e+05  7.80e-04
  59   4.4028626e+10   4.4105026e+10  4.30e+04  0.00e+00  2.00e+05  8.47e-04
  60   4.4039406e+10   4.4101476e+10  3.33e+04  0.00e+00  1.75e+05  9.81e-04
  61   4.4047237e+10   4.4093890e+10  2.66e+04  0.00e+00  1.18e+05  1.52e-03
  62   4.4052057e+10   4.4093379e+10  2.32e+04  0.00e+00  1.11e+05  1.62e-03
  63   4.4055925e+10   4.4091970e+10  2.04e+04  0.00e+00  9.37e+04  1.95e-03
  64   4.4060221e+10   4.4091436e+10  1.75e+04  0.00e+00  8.52e+04  2.16e-03
  65   4.4061908e+10   4.4090137e+10  1.64e+04  0.00e+00  6.37e+04  2.97e-03
  66   4.4066188e+10   4.4090083e+10  1.38e+04  0.00e+00  6.09e+04  3.11e-03
  67   4.4069306e+10   4.4089722e+10  1.18e+04  0.00e+00  4.95e+04  3.88e-03
  68   4.4072053e+10   4.4089667e+10  1.02e+04  0.00e+00  4.48e+04  4.32e-03
  69   4.4073070e+10   4.4089740e+10  9.61e+03  0.00e+00  3.93e+04  4.96e-03
  70   4.4074765e+10   4.4089756e+10  8.65e+03  0.00e+00  3.58e+04  5.48e-03
  71   4.4076150e+10   4.4089761e+10  7.86e+03  0.00e+00  3.52e+04  5.57e-03
  72   4.4077036e+10   4.4089756e+10  7.30e+03  0.00e+00  3.51e+04  5.59e-03
  73   4.4078712e+10   4.4089722e+10  6.31e+03  0.00e+00  3.17e+04  6.21e-03
  74   4.4079736e+10   4.4089658e+10  5.68e+03  0.00e+00  2.88e+04  6.88e-03
  75   4.4081951e+10   4.4089580e+10  4.33e+03  0.00e+00  2.52e+04  7.94e-03
  76   4.4083446e+10   4.4089431e+10  3.40e+03  0.00e+00  1.98e+04  1.03e-02
  77   4.4083710e+10   4.4089421e+10  3.24e+03  0.00e+00  1.91e+04  1.06e-02
  78   4.4083884e+10   4.4089394e+10  3.14e+03  0.00e+00  1.67e+04  1.23e-02
  79   4.4084546e+10   4.4089403e+10  2.77e+03  0.00e+00  1.55e+04  1.33e-02
  80   4.4084974e+10   4.4089400e+10  2.52e+03  0.00e+00  1.45e+04  1.42e-02
  81   4.4085398e+10   4.4089420e+10  2.29e+03  0.00e+00  1.24e+04  1.68e-02
  82   4.4086314e+10   4.4089434e+10  1.79e+03  0.00e+00  1.14e+04  1.83e-02
  83   4.4087061e+10   4.4089441e+10  1.36e+03  0.00e+00  9.20e+03  2.30e-02
  84   4.4087884e+10   4.4089451e+10  9.25e+02  0.00e+00  8.65e+03  2.46e-02
  85   4.4088191e+10   4.4089459e+10  7.54e+02  0.00e+00  7.88e+03  2.71e-02
  86   4.4088562e+10   4.4089481e+10  5.43e+02  0.00e+00  5.08e+03  4.30e-02
  87   4.4088882e+10   4.4089507e+10  3.81e+02  0.00e+00  4.22e+03  5.23e-02
  88   4.4089007e+10   4.4089565e+10  3.19e+02  0.00e+00  2.50e+03  9.16e-02
  89   4.4089224e+10   4.4089618e+10  2.36e+02  0.00e+00  2.02e+03  1.15e-01
  90   4.4089312e+10   4.4089644e+10  2.01e+02  0.00e+00  1.77e+03  1.32e-01
  91   4.4089487e+10   4.4089697e+10  1.33e+02  0.00e+00  1.25e+03  1.88e-01
  92   4.4089575e+10   4.4089729e+10  1.00e+02  0.00e+00  9.81e+02  2.41e-01
  93   4.4089633e+10   4.4089807e+10  7.94e+01  0.00e+00  3.85e+02  6.23e-01
  94   4.4089734e+10   4.4089824e+10  4.94e+01  0.00e+00  3.14e+02  7.61e-01
  95   4.4089844e+10   4.4089859e+10  1.14e+01  0.00e+00  1.09e+02  2.20e+00
  96   4.4089857e+10   4.4089866e+10  6.51e+00  0.00e+00  5.61e+01  4.32e+00
  97   4.4089862e+10   4.4089871e+10  4.64e+00  0.00e+00  2.61e+01  9.40e+00
  98   4.4089866e+10   4.4089875e+10  3.54e+00  0.00e+00  1.03e+01  2.35e+01
  99   4.4089875e+10   4.4089876e+10  5.45e-01  0.00e+00  3.44e+00  6.76e+01
 100   4.4089876e+10   4.4089876e+10  2.22e-01  0.00e+00  2.59e-01  9.10e+02
 101   4.4089876e+10   4.4089876e+10  2.24e-01  0.00e+00  2.51e-01  9.39e+02
Barrier time = 53.18 sec. (83885.66 ticks)
Parallel mode: deterministic, using up to 9 threads for concurrent optimization:
 * Starting dual Simplex on 1 thread...
 * Starting primal Simplex on 1 thread...

Dual crossover.
  Dual:  Fixing 36261 variables.
    36260 DMoves:  Infeasibility  6.11636101e-01  Objective  4.40898739e+10
    34410 DMoves:  Infeasibility  5.85249092e-01  Objective  4.40898739e+10
    33109 DMoves:  Infeasibility  5.75719341e-01  Objective  4.40898739e+10
    31903 DMoves:  Infeasibility  5.67610284e-01  Objective  4.40898739e+10
    30485 DMoves:  Infeasibility  5.60797261e-01  Objective  4.40898739e+10
    29374 DMoves:  Infeasibility  5.54718601e-01  Objective  4.40898739e+10
    28095 DMoves:  Infeasibility  5.48905238e-01  Objective  4.40898739e+10
    26770 DMoves:  Infeasibility  5.02057056e-01  Objective  4.40898739e+10
    25604 DMoves:  Infeasibility  4.98387255e-01  Objective  4.40898739e+10
    24591 DMoves:  Infeasibility  4.70172123e-01  Objective  4.40898739e+10
    23450 DMoves:  Infeasibility  4.42126135e-01  Objective  4.40898739e+10
    21860 DMoves:  Infeasibility  2.50854917e-01  Objective  4.40898739e+10
    20951 DMoves:  Infeasibility  2.40774165e-01  Objective  4.40898739e+10
    19843 DMoves:  Infeasibility  1.72634775e+01  Objective  4.40898747e+10
    18852 DMoves:  Infeasibility  1.66626949e+01  Objective  4.40898747e+10
    17054 DMoves:  Infeasibility  1.57500356e+01  Objective  4.40898747e+10
    15936 DMoves:  Infeasibility  1.35095128e+01  Objective  4.40898748e+10
    14974 DMoves:  Infeasibility  1.32888821e+01  Objective  4.40898748e+10
    13887 DMoves:  Infeasibility  1.25588576e+01  Objective  4.40898748e+10
    12954 DMoves:  Infeasibility  1.21611635e+01  Objective  4.40898747e+10
    12216 DMoves:  Infeasibility  1.19748921e+01  Objective  4.40898748e+10
    11475 DMoves:  Infeasibility  1.18745577e+01  Objective  4.40898748e+10
    10073 DMoves:  Infeasibility  1.15431888e+01  Objective  4.40898748e+10
     9540 DMoves:  Infeasibility  1.15194094e+01  Objective  4.40898748e+10
     8157 DMoves:  Infeasibility  1.08615244e+01  Objective  4.40898749e+10
     7147 DMoves:  Infeasibility  1.05222488e+01  Objective  4.40898749e+10
     6194 DMoves:  Infeasibility  1.02820723e+01  Objective  4.40898750e+10
     5344 DMoves:  Infeasibility  9.99530455e+00  Objective  4.40898750e+10
     4454 DMoves:  Infeasibility  8.86825536e+00  Objective  4.40898749e+10
     3807 DMoves:  Infeasibility  8.67944298e+00  Objective  4.40898748e+10
     2800 DMoves:  Infeasibility  8.24872626e+00  Objective  4.40898746e+10
     1822 DMoves:  Infeasibility  8.10728672e+00  Objective  4.40898742e+10
      977 DMoves:  Infeasibility  6.51541945e+00  Objective  4.40898743e+10
      291 DMoves:  Infeasibility  2.02461160e+00  Objective  4.40898751e+10
        0 DMoves:  Infeasibility  6.17206495e-04  Objective  4.40898762e+10
  Dual:  Pushed 1663, exchanged 34598.
  Primal:  Fixing 341195 variables.
   341194 PMoves:  Infeasibility  1.34540404e-01  Objective  4.40898760e+10
   335069 PMoves:  Infeasibility  8.61580788e-02  Objective  4.40898760e+10
   295438 PMoves:  Infeasibility  3.29542077e-02  Objective  4.40898760e+10
   293112 PMoves:  Infeasibility  3.29560127e-02  Objective  4.40898760e+10
   290946 PMoves:  Infeasibility  3.29560127e-02  Objective  4.40898760e+10
Removing shift (1).

Primal simplex solved model.

Total crossover time = 4.02 sec. (10684.89 ticks)

Total time on 9 threads = 59.05 sec. (99591.34 ticks)

--- LP status (1): optimal.
--- Cplex Time: 59.05sec (det. 99594.49 ticks)


Optimal solution found
Simplex iterations after crossover: 0
Objective:  44089876069.303078

--- Reading solution for model BALBASE4
--- Balmorel.gms(107659) 517 Mb  61 secs
--- GDX Point /Users/wiwillym/Desktop/Cote/LSESA/Project/pybalmorel/examples/Balmorel/03Project_NZwCCS2/Model/BALBASE4_p.gdx
--- Executing after solve: elapsed 0:02:37.580
--- Balmorel.gms(109298) 517 Mb
--- GDX File (execute_unload) /Users/wiwillym/Desktop/Cote/LSESA/Project/pybalmorel/examples/Balmorel/03Project_NZwCCS2/Model/MainResults.gdx
--- Balmorel.gms(109644) 517 Mb
--- GDX File (execute_unload) /Users/wiwillym/Desktop/Cote/LSESA/Project/pybalmorel/examples/Balmorel/simex/HYRSG.gdx
--- Balmorel.gms(109645) 517 Mb
--- GDX File (execute_unload) /Users/wiwillym/Desktop/Cote/LSESA/Project/pybalmorel/examples/Balmorel/simex/VHYRS_SL.gdx
--- Balmorel.gms(109646) 517 Mb
--- GDX File (execute_unload) /Users/wiwillym/Desktop/Cote/LSESA/Project/pybalmorel/examples/Balmorel/simex/WATERVAL.gdx
--- Balmorel.gms(109647) 517 Mb
--- GDX File (execute_unload) /Users/wiwillym/Desktop/Cote/LSESA/Project/pybalmorel/examples/Balmorel/simex/VHYRS_STL.gdx
--- Balmorel.gms(109671) 517 Mb
--- GDX File (execute_unload) /Users/wiwillym/Desktop/Cote/LSESA/Project/pybalmorel/examples/Balmorel/simex/XKACCUMNET.gdx
--- Balmorel.gms(109672) 517 Mb
--- GDX File (execute_unload) /Users/wiwillym/Desktop/Cote/LSESA/Project/pybalmorel/examples/Balmorel/simex/GKACCUMNET.gdx
--- Balmorel.gms(109702) 517 Mb
--- GDX File (execute_unload) /Users/wiwillym/Desktop/Cote/LSESA/Project/pybalmorel/examples/Balmorel/simex/ESTOVOLTS.gdx
--- Balmorel.gms(109703) 517 Mb
--- GDX File (execute_unload) /Users/wiwillym/Desktop/Cote/LSESA/Project/pybalmorel/examples/Balmorel/simex/HSTOVOLTS.gdx
--- Balmorel.gms(109704) 517 Mb
--- GDX File (execute_unload) /Users/wiwillym/Desktop/Cote/LSESA/Project/pybalmorel/examples/Balmorel/simex/ESTOVOLT.gdx
--- Balmorel.gms(109705) 517 Mb
--- GDX File (execute_unload) /Users/wiwillym/Desktop/Cote/LSESA/Project/pybalmorel/examples/Balmorel/simex/HSTOVOLT.gdx
--- Balmorel.gms(109710) 517 Mb
--- GDX File (execute_unload) /Users/wiwillym/Desktop/Cote/LSESA/Project/pybalmorel/examples/Balmorel/simex/ESTOVOLTSVAL.gdx
--- Balmorel.gms(109711) 517 Mb
--- GDX File (execute_unload) /Users/wiwillym/Desktop/Cote/LSESA/Project/pybalmorel/examples/Balmorel/simex/HSTOVOLTSVAL.gdx
--- Balmorel.gms(109712) 517 Mb
--- GDX File (execute_unload) /Users/wiwillym/Desktop/Cote/LSESA/Project/pybalmorel/examples/Balmorel/simex/ESTOVOLTVAL.gdx
--- Balmorel.gms(109713) 517 Mb
--- GDX File (execute_unload) /Users/wiwillym/Desktop/Cote/LSESA/Project/pybalmorel/examples/Balmorel/simex/HSTOVOLTVAL.gdx
--- Balmorel.gms(109743) 517 Mb
--- GDX File (execute_unload) /Users/wiwillym/Desktop/Cote/LSESA/Project/pybalmorel/examples/Balmorel/simex/GE_T.gdx
--- Balmorel.gms(109744) 517 Mb
--- GDX File (execute_unload) /Users/wiwillym/Desktop/Cote/LSESA/Project/pybalmorel/examples/Balmorel/simex/GH_T.gdx
--- Balmorel.gms(109761) 517 Mb
--- GDX File (execute_unload) /Users/wiwillym/Desktop/Cote/LSESA/Project/pybalmorel/examples/Balmorel/simex/F_T.gdx
--- Balmorel.gms(109772) 517 Mb
--- GDX File (execute_unload) /Users/wiwillym/Desktop/Cote/LSESA/Project/pybalmorel/examples/Balmorel/simex/GMAXFS.gdx
--- Balmorel.gms(109777) 517 Mb
--- GDX File (execute_unload) /Users/wiwillym/Desktop/Cote/LSESA/Project/pybalmorel/examples/Balmorel/simex/FUELPRICE_EXC.gdx
--- Balmorel.gms(109807) 517 Mb
--- GDX File (execute_unload) /Users/wiwillym/Desktop/Cote/LSESA/Project/pybalmorel/examples/Balmorel/simex/H2STOVOLTS.gdx
--- Balmorel.gms(109808) 517 Mb
--- GDX File (execute_unload) /Users/wiwillym/Desktop/Cote/LSESA/Project/pybalmorel/examples/Balmorel/simex/H2STOVOLTSVAL.gdx
--- Balmorel.gms(109818) 517 Mb
--- GDX File (execute_unload) /Users/wiwillym/Desktop/Cote/LSESA/Project/pybalmorel/examples/Balmorel/simex/BIOMETHSTOVOLTS.gdx
--- Balmorel.gms(109819) 517 Mb
--- GDX File (execute_unload) /Users/wiwillym/Desktop/Cote/LSESA/Project/pybalmorel/examples/Balmorel/simex/BIOMETHSTOVOLTSVAL.gdx
--- Balmorel.gms(109829) 517 Mb
--- GDX File (execute_unload) /Users/wiwillym/Desktop/Cote/LSESA/Project/pybalmorel/examples/Balmorel/simex/XH2KACCUMNET.gdx
--- Balmorel.gms(109877) 517 Mb
--- GDX File (execute_unload) /Users/wiwillym/Desktop/Cote/LSESA/Project/pybalmorel/examples/Balmorel/03Project_NZwCCS2/Model/all_endofmodel.gdx
--- Putfile fileMERGEWITHBASEbat /Users/wiwillym/Desktop/Cote/LSESA/Project/pybalmorel/examples/Balmorel/03Project_NZwCCS2/Model/%batfileMERGEWITHBASE%
--- Putfile errorfile /Users/wiwillym/Desktop/Cote/LSESA/Project/pybalmorel/examples/Balmorel/03Project_NZwCCS2/Model/..\logerror\errors.out
--- Putfile logfile /Users/wiwillym/Desktop/Cote/LSESA/Project/pybalmorel/examples/Balmorel/03Project_NZwCCS2/Model/..\logerror\logfile.out
--- Putfile printoutoverview /Users/wiwillym/Desktop/Cote/LSESA/Project/pybalmorel/examples/Balmorel/03Project_NZwCCS2/output/printout/printoutoverview.out
--- Putfile BB4overview /Users/wiwillym/Desktop/Cote/LSESA/Project/pybalmorel/examples/Balmorel/03Project_NZwCCS2/Model/..\logerror\BB4overview.out
*** Status: Normal completion
--- Job Balmorel.gms Stop 06/18/26 13:59:32 elapsed 0:02:41.497
