
--- Job Balmorel.gms Start 06/18/26 11:47:57 53.5.1 f2e5fac3 DAX-DAC arm 64bit/macOS
--- Applying:
    /Library/Frameworks/GAMS.framework/Versions/53/Resources/gmsprmun.txt
    /Users/wiwillym/Library/Preferences/GAMS/gamsconfig.yaml
--- GAMS Parameters defined
    Input /Users/wiwillym/Desktop/Cote/LSESA/Project/pybalmorel/examples/Balmorel/03Project_NZwCCS/Model/Balmorel.gms
    PageSize 0
    ScrDir /Users/wiwillym/Desktop/Cote/LSESA/Project/pybalmorel/examples/Balmorel/03Project_NZwCCS/Model/225b/
    SysDir /Library/Frameworks/GAMS.framework/Versions/53/Resources/
    LogOption 3
    AppendLog 1
    ErrMsg 1
    ErrorLog 99
    IDE 1
    LstTitleLeftAligned 1
Licensee: Large MUD - 20 User License                    G251106+0003Ac-GEN
          Technical University of Denmark, Management Engineering    DC8611
          /Users/wiwillym/Library/Application Support/GAMS/gamslice.txt
          556f6a85-f5d8-4c6d
          v:2                                                              
          The maintenance period of the license expires on Dec 31, 2026
System information: 10 physical cores and 24 Gb physical memory detected
GAMS 53.5.1   Copyright (C) 1987-2026 GAMS Development. All rights reserved
--- Starting compilation
--- Balmorel.gms(42) 2 Mb
--- > balgams.opt(161) 2 Mb
--- Balmorel.gms(48) 2 Mb
--- > balopt.opt(1051) 2 Mb
--- Balmorel.gms(99) 2 Mb
--- > error1.inc(44) 2 Mb
--- >> hellolog.inc(120) 2 Mb
--- > error1.inc(56) 2 Mb
--- Balmorel.gms(121) 2 Mb
--- > Balmorelbb4.inc(305) 2 Mb
--- >> bb4datainc.inc(25) 2 Mb
--- >>> ACRONYMS.inc(16) 2 Mb
--- >> bb4datainc.inc(27) 2 Mb
--- >>> acronymsadditions.inc(11) 2 Mb
--- >>>> hydrogen_acronymsadditions.inc(3) 2 Mb
--- >>>>> HYDROGEN_ACRONYMS.inc(2) 2 Mb
--- >>>> hydrogen_acronymsadditions.inc(4) 2 Mb
--- >>> acronymsadditions.inc(15) 2 Mb
--- >> bb4datainc.inc(33) 2 Mb
--- >>> CCCRRRAAA.inc(109) 3 Mb
--- >> bb4datainc.inc(36) 3 Mb
--- >>> cccrrraaaadditions.inc(9) 3 Mb
--- >> bb4datainc.inc(40) 3 Mb
--- >>> CCC.inc(5) 3 Mb
--- >> bb4datainc.inc(43) 3 Mb
--- >>> cccadditions.inc(8) 3 Mb
--- >> bb4datainc.inc(47) 3 Mb
--- >>> RRR.inc(10) 3 Mb
--- >> bb4datainc.inc(50) 3 Mb
--- >>> rrradditions.inc(8) 3 Mb
--- >> bb4datainc.inc(54) 3 Mb
--- >>> AAA.inc(88) 3 Mb
--- >> bb4datainc.inc(57) 3 Mb
--- >>> aaaadditions.inc(9) 3 Mb
--- >> bb4datainc.inc(61) 3 Mb
--- >>> CCCRRR.inc(10) 3 Mb
--- >> bb4datainc.inc(64) 3 Mb
--- >>> cccrrradditions.inc(8) 3 Mb
--- >> bb4datainc.inc(68) 3 Mb
--- >>> RRRAAA.inc(90) 3 Mb
--- >> bb4datainc.inc(71) 3 Mb
--- >>> rrraaaadditions.inc(9) 3 Mb
--- >> bb4datainc.inc(75) 3 Mb
--- >>> C.inc(5) 3 Mb
--- >> bb4datainc.inc(77) 3 Mb
--- >>> cadditions.inc(8) 3 Mb
--- >> bb4datainc.inc(104) 3 Mb
--- >>> YYY.inc(2) 3 Mb
--- >> bb4datainc.inc(109) 3 Mb
--- >>> SSS.inc(4) 3 Mb
--- >> bb4datainc.inc(114) 3 Mb
--- >>> TTT.inc(4) 3 Mb
--- >> bb4datainc.inc(119) 3 Mb
--- >>> GROUP.inc(7) 3 Mb
--- >> bb4datainc.inc(124) 3 Mb
--- >>> GROUP_AAA.inc(8) 3 Mb
--- >> bb4datainc.inc(129) 3 Mb
--- >>> DEUSER.inc(10) 3 Mb
--- >> bb4datainc.inc(132) 3 Mb
--- >>> deuseradditions.inc(12) 3 Mb
--- >> bb4datainc.inc(136) 3 Mb
--- >>> DHUSER.inc(14) 3 Mb
--- >> bb4datainc.inc(141) 3 Mb
--- >>> FFF.inc(112) 3 Mb
--- >> bb4datainc.inc(144) 3 Mb
--- >>> fffadditions.inc(1) 3 Mb
--- >>>> hydrogen_fffadditions.inc(3) 3 Mb
--- >>>>> HYDROGEN_FFF.inc(10) 3 Mb
--- >>>> hydrogen_fffadditions.inc(4) 3 Mb
--- >>> fffadditions.inc(4) 3 Mb
--- >> bb4datainc.inc(148) 3 Mb
--- >>> FDATASET.inc(9) 3 Mb
--- >> bb4datainc.inc(153) 3 Mb
--- >>> FDATA.inc(56) 3 Mb
--- >> bb4datainc.inc(156) 3 Mb
--- >>> fdataadditions.inc(1) 3 Mb
--- >>>> hydrogen_fdataadditions.inc(3) 3 Mb
--- >>>>> HYDROGEN_FDATA.inc(11) 3 Mb
--- >>>> hydrogen_fdataadditions.inc(4) 3 Mb
--- >>> fdataadditions.inc(3) 3 Mb
--- >> bb4datainc.inc(159) 3 Mb
--- >>> GGG.inc(1323) 3 Mb
--- >> bb4datainc.inc(163) 3 Mb
--- >>> gggadditions.inc(6) 3 Mb
--- >>>> hydrogen_gggadditions.inc(3) 3 Mb
--- >>>>> HYDROGEN_GGG.inc(288) 3 Mb
--- >>>> hydrogen_gggadditions.inc(4) 3 Mb
--- >>> gggadditions.inc(9) 3 Mb
--- >> bb4datainc.inc(167) 3 Mb
--- >>> GDATASET.inc(63) 3 Mb
--- >> bb4datainc.inc(172) 3 Mb
--- >>> TECH_GROUP.inc(27) 3 Mb
--- >> bb4datainc.inc(175) 3 Mb
--- >>> tech_groupadditions.inc(4) 3 Mb
--- >> bb4datainc.inc(179) 3 Mb
--- >>> TECH_GROUP_VALUE.inc(25) 3 Mb
--- >> bb4datainc.inc(182) 3 Mb
--- >>> tech_group_valueadditions.inc(4) 3 Mb
--- >> bb4datainc.inc(186) 3 Mb
--- >>> TECHGROUP_DEUSER.inc(5) 3 Mb
--- >> bb4datainc.inc(191) 3 Mb
--- >>> SUBTECH_GROUP.inc(25) 3 Mb
--- >> bb4datainc.inc(196) 3 Mb
--- >>> SUBTECH_GROUP_VALUE.inc(25) 3 Mb
--- >> bb4datainc.inc(200) 3 Mb
--- >>> G.inc(1272) 3 Mb
--- >> bb4datainc.inc(204) 3 Mb
--- >>> gadditions.inc(6) 3 Mb
--- >>>> hydrogen_gadditions.inc(3) 3 Mb
--- >>>>> HYDROGEN_G.inc(290) 3 Mb
--- >>>> hydrogen_gadditions.inc(4) 3 Mb
--- >>> gadditions.inc(9) 3 Mb
--- >> bb4datainc.inc(210) 3 Mb
--- >>> setdeclare.inc(28) 3 Mb
--- >>>> CCS_setdeclare.inc(4) 3 Mb
--- >>>>> CCS_CCS_G.inc(115) 3 Mb
--- >>>> CCS_setdeclare.inc(6) 3 Mb
--- >>> setdeclare.inc(33) 3 Mb
--- >> bb4datainc.inc(211) 3 Mb
--- >>> setdefine.inc(20) 3 Mb
--- >>> setdefine.inc(42) 3 Mb
--- >>>> CCS_setdefine.inc(3) 3 Mb
--- >>> setdefine.inc(47) 3 Mb
--- >> bb4datainc.inc(218) 3 Mb
--- >>> GDATA.inc(1286) 5 Mb
--- >> bb4datainc.inc(222) 5 Mb
--- >>> gdataadditions.inc(13) 5 Mb
--- >>>> hydrogen_gdataadditions.inc(3) 5 Mb
--- >>>>> HYDROGEN_GDATA.inc(290) 5 Mb
--- >>>> hydrogen_gdataadditions.inc(4) 5 Mb
--- >>> gdataadditions.inc(18) 5 Mb
--- >> bb4datainc.inc(238) 5 Mb
--- >>> HYRSMAXVOL_G.inc(848) 5 Mb
--- >> bb4datainc.inc(243) 5 Mb
--- >>> HYRSDATASET.inc(8) 5 Mb
--- >> bb4datainc.inc(248) 5 Mb
--- >>> DF_QP.inc(5) 5 Mb
--- >> bb4datainc.inc(253) 5 Mb
--- >>> EMIPOLSET.inc(9) 5 Mb
--- >> bb4datainc.inc(258) 5 Mb
--- >>> AGKN.inc(572) 5 Mb
--- >> bb4datainc.inc(263) 5 Mb
--- >>> agknadditions.inc(6) 5 Mb
--- >>>> CCS_agknadditions.inc(5) 5 Mb
--- >>>>> CCS_AGKN.inc(1) 5 Mb
--- >>>> CCS_agknadditions.inc(6) 5 Mb
--- >>> agknadditions.inc(7) 5 Mb
--- >>>> hydrogen_agknadditions.inc(3) 5 Mb
--- >>>>> HYDROGEN_AGKN.inc(72) 5 Mb
--- >>>> hydrogen_agknadditions.inc(4) 5 Mb
--- >>> agknadditions.inc(14) 5 Mb
--- >> bb4datainc.inc(266) 5 Mb
--- >>> Y.inc(11) 5 Mb
--- >> bb4datainc.inc(275) 5 Mb
--- >>> S.inc(6) 5 Mb
--- >> bb4datainc.inc(280) 5 Mb
--- >>> T.inc(7) 5 Mb
--- >> bb4datainc.inc(286) 5 Mb
--- >>> YVALUE.inc(12) 5 Mb
--- >> bb4datainc.inc(291) 5 Mb
--- >>> TWORKDAY.inc(1) 5 Mb
--- >> bb4datainc.inc(296) 5 Mb
--- >>> TWEEKEND.inc(1) 5 Mb
--- >> bb4datainc.inc(403) 5 Mb
--- >>> GKFX.inc(593) 5 Mb
--- >> bb4datainc.inc(406) 5 Mb
--- >>> gkfxadditions.inc(5) 5 Mb
--- >>>> hydrogen_gkfxadditions.inc(3) 5 Mb
--- >>>>> HYDROGEN_GKFX.inc(22) 5 Mb
--- >>>> hydrogen_gkfxadditions.inc(4) 5 Mb
--- >>> gkfxadditions.inc(14) 5 Mb
--- >> bb4datainc.inc(411) 5 Mb
--- >>> FMAXINVEST.inc(5) 5 Mb
--- >> bb4datainc.inc(416) 5 Mb
--- >>> FMAXINVESTNA.inc(2) 5 Mb
--- >> bb4datainc.inc(421) 5 Mb
--- >>> DISLOSS_E.inc(11) 5 Mb
--- >> bb4datainc.inc(426) 5 Mb
--- >>> DISLOSS_E_AG.inc(57) 5 Mb
--- >> bb4datainc.inc(429) 5 Mb
--- >>> disloss_e_agadditions.inc(17) 5 Mb
--- >> bb4datainc.inc(433) 5 Mb
--- >>> DISLOSS_H.inc(3) 5 Mb
--- >> bb4datainc.inc(438) 5 Mb
--- >>> DISCOST_E.inc(10) 5 Mb
--- >> bb4datainc.inc(443) 5 Mb
--- >>> DISCOST_H.inc(18) 5 Mb
--- >> bb4datainc.inc(448) 5 Mb
--- >>> FKPOT.inc(36) 5 Mb
--- >> bb4datainc.inc(453) 5 Mb
--- >>> TECHGROUPKPOT.inc(31) 5 Mb
--- >> bb4datainc.inc(458) 5 Mb
--- >>> SUBTECHGROUPKPOT.inc(117) 5 Mb
--- >> bb4datainc.inc(461) 5 Mb
--- >>> subtechgroupkpotadditions.inc(15) 5 Mb
--- >> bb4datainc.inc(466) 5 Mb
--- >>> FKMIN.inc(4) 5 Mb
--- >> bb4datainc.inc(472) 5 Mb
--- >>> FKMAX.inc(4) 5 Mb
--- >> bb4datainc.inc(478) 5 Mb
--- >>> FKEQ.inc(4) 5 Mb
--- >> bb4datainc.inc(484) 5 Mb
--- >>> FKMINNA.inc(4) 5 Mb
--- >> bb4datainc.inc(489) 5 Mb
--- >>> FKMAXNA.inc(4) 5 Mb
--- >> bb4datainc.inc(494) 5 Mb
--- >>> FKEQNA.inc(4) 5 Mb
--- >> bb4datainc.inc(499) 5 Mb
--- >>> FGEMIN.inc(5) 5 Mb
--- >> bb4datainc.inc(504) 5 Mb
--- >>> FGEMAX.inc(4) 5 Mb
--- >> bb4datainc.inc(510) 5 Mb
--- >>> GMINF.inc(5) 5 Mb
--- >> bb4datainc.inc(516) 5 Mb
--- >>> GMAXF.inc(22) 5 Mb
--- >> bb4datainc.inc(522) 5 Mb
--- >>> GEQF.inc(45) 5 Mb
--- >> bb4datainc.inc(527) 5 Mb
--- >>> GMAXFS.inc(39) 5 Mb
--- >> bb4datainc.inc(532) 5 Mb
--- >>> WTRRSFLH.inc(14) 5 Mb
--- >> bb4datainc.inc(537) 5 Mb
--- >>> WTRRRFLH.inc(15) 5 Mb
--- >> bb4datainc.inc(543) 5 Mb
--- >>> WNDFLH.inc(51) 5 Mb
--- >> bb4datainc.inc(546) 5 Mb
--- >>> wndflhadditions.inc(15) 5 Mb
--- >> bb4datainc.inc(551) 5 Mb
--- >>> SOLEFLH.inc(42) 5 Mb
--- >> bb4datainc.inc(558) 5 Mb
--- >>> SOLHFLH.inc(34) 5 Mb
--- >> bb4datainc.inc(561) 5 Mb
--- >>> solhflhadditions.inc(13) 5 Mb
--- >> bb4datainc.inc(566) 5 Mb
--- >>> WAVEFLH.inc(14) 5 Mb
--- >> bb4datainc.inc(571) 5 Mb
--- >>> HYRSDATA.inc(25) 5 Mb
--- >> bb4datainc.inc(576) 5 Mb
--- >>> DISCOUNTRATE.inc(2) 5 Mb
--- >> bb4datainc.inc(581) 5 Mb
--- >>> LIFETIME_X.inc(2) 5 Mb
--- >> bb4datainc.inc(585) 5 Mb
--- >>> ANNUITYCG.inc(1236) 5 Mb
--- >> bb4datainc.inc(589) 5 Mb
--- >>> annuitycgadditions.inc(3) 5 Mb
--- >>>> hydrogen_annuitycgadditions.inc(3) 5 Mb
--- >>>>> HYDROGEN_ANNUITYCG.inc(39) 5 Mb
--- >>>> hydrogen_annuitycgadditions.inc(4) 5 Mb
--- >>> annuitycgadditions.inc(3) 5 Mb
--- >> bb4datainc.inc(593) 5 Mb
--- >>> ANNUITYCX.inc(4) 5 Mb
--- >> bb4datainc.inc(598) 5 Mb
--- >>> GINVCOST.inc(3) 5 Mb
--- >> bb4datainc.inc(603) 5 Mb
--- >>> GOMVCOSTO.inc(6) 5 Mb
--- >> bb4datainc.inc(608) 5 Mb
--- >>> GOMVCOSTIN.inc(6) 5 Mb
--- >> bb4datainc.inc(613) 5 Mb
--- >>> GOMFCOST.inc(10) 5 Mb
--- >> bb4datainc.inc(618) 5 Mb
--- >>> GEFFRATE.inc(5) 5 Mb
--- >> bb4datainc.inc(623) 5 Mb
--- >>> DEFP_BASE.inc(10) 5 Mb
--- >> bb4datainc.inc(628) 5 Mb
--- >>> DHFP_BASE.inc(35) 5 Mb
--- >> bb4datainc.inc(633) 5 Mb
--- >>> GKF_LO.inc(4) 5 Mb
--- >> bb4datainc.inc(646) 5 Mb
--- >>> DE.inc(58) 5 Mb
--- >> bb4datainc.inc(649) 5 Mb
--- >>> deadditions.inc(17) 5 Mb
--- >> bb4datainc.inc(657) 5 Mb
--- >>> DH.inc(158) 5 Mb
--- >> bb4datainc.inc(660) 5 Mb
--- >>> dhadditions.inc(13) 5 Mb
--- >> bb4datainc.inc(667) 5 Mb
--- >>> XINVCOST.inc(66) 5 Mb
--- >> bb4datainc.inc(670) 5 Mb
--- >>> xinvcostadditions.inc(10) 5 Mb
--- >> bb4datainc.inc(674) 5 Mb
--- >>> XKFX.inc(58) 5 Mb
--- >> bb4datainc.inc(679) 5 Mb
--- >>> XCOST.inc(29) 5 Mb
--- >> bb4datainc.inc(682) 5 Mb
--- >>> xcostadditions.inc(10) 5 Mb
--- >> bb4datainc.inc(686) 5 Mb
--- >>> XLOSS.inc(40) 5 Mb
--- >> bb4datainc.inc(689) 5 Mb
--- >>> xlossadditions.inc(10) 5 Mb
--- >> bb4datainc.inc(695) 5 Mb
--- >>> XKRATE.inc(11) 5 Mb
--- >> bb4datainc.inc(700) 5 Mb
--- >>> XMAXINV.inc(55) 5 Mb
--- >> bb4datainc.inc(709) 5 Mb
--- >>> FUELPRICE.inc(67) 5 Mb
--- >> bb4datainc.inc(712) 5 Mb
--- >>> fuelpriceadditions.inc(1) 5 Mb
--- >>>> hydrogen_fuelpriceadditions.inc(3) 5 Mb
--- >>>>> HYDROGEN_FUELPRICE.inc(1) 5 Mb
--- >>>> hydrogen_fuelpriceadditions.inc(4) 5 Mb
--- >>> fuelpriceadditions.inc(2) 5 Mb
--- >> bb4datainc.inc(719) 5 Mb
--- >>> EMI_POL.inc(53) 5 Mb
--- >> bb4datainc.inc(724) 5 Mb
--- >>> EMI_POLNA.inc(8) 5 Mb
--- >> bb4datainc.inc(734) 5 Mb
--- >>> WEIGHT_S.inc(7) 5 Mb
--- >> bb4datainc.inc(739) 5 Mb
--- >>> WEIGHT_T.inc(8) 5 Mb
--- >> bb4datainc.inc(744) 5 Mb
--- >>> CHRONOHOUR.inc(4) 5 Mb
--- >> bb4datainc.inc(749) 5 Mb
--- >>> SSIZE.inc(3) 5 Mb
--- >> bb4datainc.inc(755) 5 Mb
--- >>> GKRATE.inc(93) 5 Mb
--- >> bb4datainc.inc(760) 5 Mb
--- >>> DE_VAR_T.inc(17494) 10 Mb
--- >> bb4datainc.inc(763) 10 Mb
--- >>> de_var_tadditions.inc(13) 10 Mb
--- >> bb4datainc.inc(767) 10 Mb
--- >>> DH_VAR_T.inc(8797) 13 Mb
--- >> bb4datainc.inc(770) 13 Mb
--- >>> dh_var_tadditions.inc(13) 13 Mb
--- >> bb4datainc.inc(774) 13 Mb
--- >>> WTRRSVAR_S.inc(51) 13 Mb
--- >> bb4datainc.inc(779) 13 Mb
--- >>> WTRRRVAR_T.inc(74) 13 Mb
--- >> bb4datainc.inc(784) 13 Mb
--- >>> WND_VAR_T.inc(8743) 19 Mb
--- >>>> WND_VAR_T2.inc(8992) 20 Mb
--- >>> WND_VAR_T.inc(8992) 20 Mb
--- >> bb4datainc.inc(787) 20 Mb
--- >>> wnd_var_tadditions.inc(15) 20 Mb
--- >> bb4datainc.inc(791) 20 Mb
--- >>> SOLE_VAR_T.inc(8748) 25 Mb
--- >> bb4datainc.inc(796) 25 Mb
--- >>> SOLH_VAR_T.inc(8758) 28 Mb
--- >> bb4datainc.inc(799) 28 Mb
--- >>> solh_var_tadditions.inc(13) 28 Mb
--- >> bb4datainc.inc(803) 28 Mb
--- >>> WAVE_VAR_T.inc(3) 28 Mb
--- >> bb4datainc.inc(808) 28 Mb
--- >>> X3FX.inc(29) 28 Mb
--- >> bb4datainc.inc(813) 28 Mb
--- >>> X3FX_VAR_T.inc(17494) 29 Mb
--- >> bb4datainc.inc(818) 29 Mb
--- >>> HYPPROFILS.inc(20) 29 Mb
--- >> bb4datainc.inc(824) 29 Mb
--- >>> YMODEL.inc(10) 29 Mb
--- >> bb4datainc.inc(826) 29 Mb
--- >>> YMODELDELTA.inc(11) 29 Mb
--- >> bb4datainc.inc(840) 29 Mb
--- >>> OMONEY.inc(3) 29 Mb
--- >> bb4datainc.inc(845) 29 Mb
--- >>> PENALTYQ.inc(5) 29 Mb
--- >> bb4datainc.inc(850) 29 Mb
--- >>> XES.inc(4) 29 Mb
--- >> bb4datainc.inc(856) 29 Mb
--- >>> pardeclare.inc(24) 29 Mb
--- >>>> hydrogen_pardeclare.inc(58) 29 Mb
--- >>> pardeclare.inc(31) 29 Mb
--- >>>> DECOM_pardeclare.inc(2) 29 Mb
--- >>> pardeclare.inc(34) 29 Mb
--- >>>> CCS_pardeclare.inc(8) 29 Mb
--- >>> pardeclare.inc(38) 29 Mb
--- >> bb4datainc.inc(857) 29 Mb
--- >>> pardefine.inc(26) 29 Mb
--- >>>> hydrogen_pardefine.inc(3) 29 Mb
--- >>>>> HYDROGEN_DH2.inc(25) 29 Mb
--- >>>> hydrogen_pardefine.inc(8) 29 Mb
--- >>>>> HYDROGEN_DH2_VAR_T.inc(5) 29 Mb
--- >>>> hydrogen_pardefine.inc(13) 29 Mb
--- >>>>> HYDROGEN_DISLOSS_H2.inc(2) 29 Mb
--- >>>> hydrogen_pardefine.inc(22) 29 Mb
--- >>>>> HYDROGEN_DAC_DE.inc(2) 29 Mb
--- >>>> hydrogen_pardefine.inc(25) 29 Mb
--- >>>>> HYDROGEN_DAC_DH.inc(2) 29 Mb
--- >>>> hydrogen_pardefine.inc(28) 29 Mb
--- >>>>> HYDROGEN_METHANATION_DE.inc(5) 29 Mb
--- >>>> hydrogen_pardefine.inc(31) 29 Mb
--- >>>>> HYDROGEN_METHANATION_DH2.inc(6) 29 Mb
--- >>>> hydrogen_pardefine.inc(34) 29 Mb
--- >>>>> HYDROGEN_BIOGASUPGRADING_DE.inc(5) 29 Mb
--- >>>> hydrogen_pardefine.inc(37) 29 Mb
--- >>>>> HYDROGEN_XH2KFX.inc(2) 29 Mb
--- >>>> hydrogen_pardefine.inc(40) 29 Mb
--- >>>>> HYDROGEN_XH2INVCOST.inc(96) 29 Mb
--- >>>> hydrogen_pardefine.inc(43) 29 Mb
--- >>>>> HYDROGEN_XH2INVCOST_NGTOH2.inc(2) 29 Mb
--- >>>> hydrogen_pardefine.inc(46) 29 Mb
--- >>>>> HYDROGEN_XH2COST.inc(2) 29 Mb
--- >>>> hydrogen_pardefine.inc(49) 29 Mb
--- >>>>> HYDROGEN_XH2LOSS.inc(79) 29 Mb
--- >>>> hydrogen_pardefine.inc(52) 29 Mb
--- >>>>> HYDROGEN_XH2KRATE.inc(2) 29 Mb
--- >>>> hydrogen_pardefine.inc(55) 29 Mb
--- >>>>> HYDROGEN_ANNUITYCXH2.inc(4) 29 Mb
--- >>>> hydrogen_pardefine.inc(58) 29 Mb
--- >>>>> HYDROGEN_XH2MAXK_NGTOH2.inc(2) 29 Mb
--- >>>> hydrogen_pardefine.inc(61) 29 Mb
--- >>>>> HYDROGEN_LIFETIME_XH2.inc(2) 29 Mb
--- >>>> hydrogen_pardefine.inc(65) 29 Mb
--- >>>>> HYDROGEN_XH2INVCOST_ES.inc(15) 29 Mb
--- >>>> hydrogen_pardefine.inc(68) 29 Mb
--- >>>>> HYDROGEN_XH2KN_ES.inc(14) 29 Mb
--- >>>> hydrogen_pardefine.inc(70) 29 Mb
--- >>> pardefine.inc(38) 29 Mb
--- >>>> DECOM_pardefine.inc(3) 29 Mb
--- >>> pardefine.inc(41) 29 Mb
--- >>>> CCS_pardefine.inc(5) 29 Mb
--- >>>>> CCS_CCS_DECO2COMP_G.inc(57) 29 Mb
--- >>>> CCS_pardefine.inc(9) 29 Mb
--- >>>>> CCS_CCS_CO2CAPTEFF_G.inc(8794) 29 Mb
--- >>>> CCS_pardefine.inc(15) 29 Mb
--- >>>>> CCS_CCS_TRANSPORTCOST.inc(3) 29 Mb
--- >>>> CCS_pardefine.inc(16) 29 Mb
--- >>> pardefine.inc(50) 29 Mb
--- >> bb4datainc.inc(859) 29 Mb
--- > Balmorelbb4.inc(475) 29 Mb
--- >> isetdecdef.inc(13) 29 Mb
--- >>> hydrogen_isetdecdef.inc(61) 29 Mb
--- >> isetdecdef.inc(25) 29 Mb
--- >>> DECOM_isetdecdef.inc(8) 29 Mb
--- >> isetdecdef.inc(33) 29 Mb
--- > Balmorelbb4.inc(926) 29 Mb
--- >> ipardecdef.inc(11) 29 Mb
--- >>> hydrogen_ipardecdef.inc(106) 29 Mb
--- >> ipardecdef.inc(21) 29 Mb
--- >>> DECOM_ipardecdef.inc(93) 29 Mb
--- >> ipardecdef.inc(26) 29 Mb
--- > Balmorelbb4.inc(1041) 29 Mb
--- >> print1.inc(353) 29 Mb
--- > Balmorelbb4.inc(1046) 29 Mb
--- >> error2.inc(1119) 29 Mb
--- > Balmorelbb4.inc(1077) 29 Mb
--- >> reducecard.inc(4) 29 Mb
--- > Balmorelbb4.inc(1179) 29 Mb
--- >> vardeclare.inc(17) 29 Mb
--- >>> hydrogen_vardeclare.inc(21) 29 Mb
--- >> vardeclare.inc(29) 29 Mb
--- >>> DECOM_vardeclare.inc(20) 29 Mb
--- >> vardeclare.inc(43) 29 Mb
--- > Balmorelbb4.inc(1391) 29 Mb
--- >> qobj.inc(19) 29 Mb
--- >>> hydrogen_qobj.inc(88) 29 Mb
--- >> qobj.inc(31) 29 Mb
--- >>> DECOM_qobj.inc(10) 29 Mb
--- >> qobj.inc(33) 29 Mb
--- >>> CCS_qobj.inc(10) 29 Mb
--- >> qobj.inc(42) 29 Mb
--- > Balmorelbb4.inc(1419) 29 Mb
--- >> qeeq.inc(11) 29 Mb
--- >>> hydrogen_qeeq.inc(14) 29 Mb
--- >> qeeq.inc(21) 29 Mb
--- >>> CCS_qeeq.inc(7) 29 Mb
--- >> qeeq.inc(29) 29 Mb
--- > Balmorelbb4.inc(1436) 29 Mb
--- >> qheq.inc(15) 29 Mb
--- >>> hydrogen_qheq.inc(7) 29 Mb
--- >> qheq.inc(24) 29 Mb
--- > Balmorelbb4.inc(1468) 29 Mb
--- >> qgfeq.inc(16) 29 Mb
--- >>> hydrogen_qgfeq.inc(6) 29 Mb
--- >> qgfeq.inc(24) 29 Mb
--- > Balmorelbb4.inc(1489) 29 Mb
--- >> qgcbgbprbypass2.inc(12) 29 Mb
--- > Balmorelbb4.inc(1517) 29 Mb
--- >> qgcvgext.inc(12) 29 Mb
--- > Balmorelbb4.inc(1538) 29 Mb
--- >> qgcvgextbypass1.inc(12) 29 Mb
--- > Balmorelbb4.inc(1547) 29 Mb
--- >> qgfeqextbypass1.inc(10) 29 Mb
--- > Balmorelbb4.inc(1555) 29 Mb
--- >> qgfeqextbypass2.inc(10) 29 Mb
--- > Balmorelbb4.inc(1564) 29 Mb
--- >> qggetoh.inc(4) 29 Mb
--- > Balmorelbb4.inc(1590) 29 Mb
--- >> qhyrsseq.inc(10) 29 Mb
--- > Balmorelbb4.inc(1601) 29 Mb
--- >> qhyrsminvol.inc(8) 29 Mb
--- > Balmorelbb4.inc(1613) 29 Mb
--- >> qhyrsmaxvol.inc(8) 29 Mb
--- > Balmorelbb4.inc(1629) 29 Mb
--- >> qhymaxg.inc(8) 29 Mb
--- > Balmorelbb4.inc(1643) 29 Mb
--- >> qestovolt.inc(8) 29 Mb
--- > Balmorelbb4.inc(1656) 29 Mb
--- >> qestovolts.inc(11) 29 Mb
--- > Balmorelbb4.inc(1666) 29 Mb
--- >> qhstovolt.inc(8) 29 Mb
--- > Balmorelbb4.inc(1679) 29 Mb
--- >> qhstovolts.inc(10) 29 Mb
--- > Balmorelbb4.inc(1839) 29 Mb
--- >> qkefuelc.inc(8) 29 Mb
--- > Balmorelbb4.inc(1850) 29 Mb
--- >> qkefuelr.inc(8) 29 Mb
--- > Balmorelbb4.inc(1861) 29 Mb
--- >> qkefuela.inc(8) 29 Mb
--- > Balmorelbb4.inc(1914) 29 Mb
--- >> qgeqcf.inc(8) 29 Mb
--- > Balmorelbb4.inc(1932) 29 Mb
--- >> qgeqrf.inc(8) 29 Mb
--- > Balmorelbb4.inc(1949) 29 Mb
--- >> qgeqaf.inc(8) 29 Mb
--- > Balmorelbb4.inc(2072) 29 Mb
--- >> qktechgroupc.inc(8) 29 Mb
--- > Balmorelbb4.inc(2083) 29 Mb
--- >> qktechgroupr.inc(8) 29 Mb
--- > Balmorelbb4.inc(2094) 29 Mb
--- >> qktechgroupa.inc(8) 29 Mb
--- > Balmorelbb4.inc(2147) 29 Mb
--- >> qxk_up.inc(8) 29 Mb
--- > Balmorelbb4.inc(2165) 29 Mb
--- >> qxknaccumnet.inc(8) 29 Mb
--- > Balmorelbb4.inc(2183) 29 Mb
--- >> qlimco2c.inc(5) 29 Mb
--- >>> CCS_qlimco2c.inc(5) 29 Mb
--- >> qlimco2c.inc(10) 29 Mb
--- > Balmorelbb4.inc(2202) 29 Mb
--- >> qlimco2na.inc(5) 29 Mb
--- >>> CCS_qlimco2na.inc(5) 29 Mb
--- >> qlimco2na.inc(10) 29 Mb
--- > Balmorelbb4.inc(2236) 29 Mb
--- >> qgknaccumnet.inc(3) 29 Mb
--- >>> DECOM_qgknaccumnet.inc(6) 29 Mb
--- >> qgknaccumnet.inc(9) 29 Mb
--- > Balmorelbb4.inc(2261) 29 Mb
--- >> qgke_up.inc(8) 29 Mb
--- > Balmorelbb4.inc(2271) 29 Mb
--- >> qgkh_up.inc(8) 29 Mb
--- > Balmorelbb4.inc(2382) 29 Mb
--- >> eqndecdef.inc(24) 29 Mb
--- >>> hydrogen_eqndecdef.inc(61) 29 Mb
--- >>>> qhydrogen_eq.inc(10) 29 Mb
--- >>> hydrogen_eqndecdef.inc(81) 29 Mb
--- >>>> qhydrogen_eq_area.inc(8) 29 Mb
--- >>> hydrogen_eqndecdef.inc(102) 29 Mb
--- >>>> qhydrogen_stovol.inc(10) 29 Mb
--- >>> hydrogen_eqndecdef.inc(167) 29 Mb
--- >>>> qbiomethane_stovolts.inc(7) 29 Mb
--- >>> hydrogen_eqndecdef.inc(257) 29 Mb
--- >> eqndecdef.inc(32) 29 Mb
--- >>> DECOM_eqndecdef.inc(68) 29 Mb
--- >> eqndecdef.inc(41) 29 Mb
--- > Balmorelbb4.inc(2534) 29 Mb
--- >> balbase4.inc(10) 29 Mb
--- >>> hydrogen_balbase4.inc(28) 29 Mb
--- >> balbase4.inc(21) 29 Mb
--- >>> DECOM_balbase4.inc(21) 29 Mb
--- >> balbase4.inc(30) 29 Mb
--- > Balmorelbb4.inc(2554) 29 Mb
--- >> error2.inc(15) 29 Mb
--- > Balmorelbb4.inc(2555) 29 Mb
--- >> errorBB4.inc(62) 29 Mb
--- > Balmorelbb4.inc(2582) 29 Mb
--- >> BB4overview.inc(114) 29 Mb
--- > Balmorelbb4.inc(2587) 29 Mb
--- >> Balmorelbb4.sim(223) 29 Mb
--- >>> sim.inc(24) 29 Mb
--- >>>> DECOM_sim.inc(6) 29 Mb
--- >>> sim.inc(27) 29 Mb
--- >>>> hydrogen_sim.inc(23) 29 Mb
--- >>> sim.inc(30) 29 Mb
--- >> Balmorelbb4.sim(224) 29 Mb
--- >>> varloupfx.inc(10) 29 Mb
--- >> Balmorelbb4.sim(277) 29 Mb
--- >>> solveend.inc(18) 29 Mb
--- >> Balmorelbb4.sim(282) 29 Mb
--- >>> balbase4.mss(120) 29 Mb
--- >> Balmorelbb4.sim(317) 29 Mb
--- >>> errorBB4.inc(62) 29 Mb
--- >> Balmorelbb4.sim(344) 29 Mb
--- >>> varassign.inc(4) 29 Mb
--- >>>> DECOM_varassign.inc(17) 29 Mb
--- >>> varassign.inc(6) 29 Mb
--- >>>> hydrogen_varassign.inc(7) 29 Mb
--- >>> varassign.inc(7) 29 Mb
--- >> Balmorelbb4.sim(367) 29 Mb
--- > Balmorelbb4.inc(2593) 29 Mb
--- >> OUTPUT_SUMMARY.inc(1901) 29 Mb
--- > Balmorelbb4.inc(2852) 29 Mb
--- Balmorel.gms(210) 29 Mb
--- Starting execution: elapsed 0:00:00.339
--- Balmorel.gms(37) 30 Mb
--- Balmorel.gms(1252) 30 Mb
--- Balmorel.gms(102719) 66 Mb
--- GDX File (execute_unload) /Users/wiwillym/Desktop/Cote/LSESA/Project/pybalmorel/examples/Balmorel/03Project_NZwCCS/output/temp/IWEIGHTY.gdx
--- Balmorel.gms(103515) 68 Mb
--- Balmorel.gms(104552) 71 Mb
--- GDX File (execute_unload) /Users/wiwillym/Desktop/Cote/LSESA/Project/pybalmorel/examples/Balmorel/03Project_NZwCCS/output/inputout/INPUTDATAOUT.gdx
--- Balmorel.gms(107388) 73 Mb
--- Generating RMIP model BALBASE4
--- Balmorel.gms(107643) 282 Mb
--- LOOPS IYALIAS = 2030
---   665,503 rows  604,799 columns  2,245,914 non-zeroes
--- Range statistics (absolute non-zero finite values)
--- RHS       [min, max] : [ 5.994E-04, 2.893E+09] - Zero values observed as well
--- Bound     [min, max] : [ 2.736E-03, 3.705E+03] - Zero values observed as well
--- Matrix    [min, max] : [ 7.821E-10, 1.408E+02]
--- Executing CPLEX (Solvelink=2): elapsed 0:00:07.191

IBM ILOG CPLEX   53.5.1 f2e5fac3 May 20, 2026          DAC arm 64bit/macOS    

--- GAMS/CPLEX licensed for continuous and discrete problems.

Reading parameter(s) from "/Users/wiwillym/Desktop/Cote/LSESA/Project/pybalmorel/examples/Balmorel/03Project_NZwCCS/Model/cplex.op4"
>>  * Option file 4 for CPLEX solver. For possible options, see the GAMS Solver Manual.
>>  * To use with CPLEX,  set  '$Setglobal USEOPTIONFILE 4' in balgams.opt.
>>  * Do not change this file, it is predefined.
>>  * To use other options with CPLEX, make and/or use some other file, see USEOPTIONFILE in balgams.opt.
>>  * "LPmethod  4": Barrier method
>>  * "Threads  -1": Use all available threads except 1.
>>  * If memory tight, set the Threads parameter to 1.
>> ~* advind is set to 0 by default since for large problems a better performance has been experienced. If 0, the optimization will no~
>> ~t use the previous solution to try to find the next run faster.
>> 
>>  LPmethod  4
>>  Threads  -1
>>  advind 0
>> 
>> 
Finished reading from "/Users/wiwillym/Desktop/Cote/LSESA/Project/pybalmorel/examples/Balmorel/03Project_NZwCCS/Model/cplex.op4"

--- GMO setup time: 0.00s
--- Space for names approximately 81.89 Mb
--- Use option 'names no' to turn use of names off
--- GMO memory 246.41 Mb (peak 251.03 Mb)
--- Dictionary memory 0.00 Mb
--- Cplex 22.1.2.0 link memory 19.15 Mb (peak 135.64 Mb)
--- Starting Cplex

Version identifier: 22.1.2.0 | 2024-12-02 | 8bd2200c8
CPXPARAM_Advance                                 0
CPXPARAM_LPMethod                                4
CPXPARAM_Threads                                 9
CPXPARAM_Parallel                                1
CPXPARAM_MIP_Display                             4
CPXPARAM_MIP_Pool_Capacity                       0
3036                                             1
CPXPARAM_Barrier_Limits_Iteration                2000000000
CPXPARAM_TimeLimit                               1209600
CPXPARAM_MIP_Tolerances_AbsMIPGap                0
CPXPARAM_MIP_Tolerances_MIPGap                   9.9999999999999995e-07
Tried aggregator 1 time.
DUAL formed by presolve
LP Presolve eliminated 248091 rows and 243534 columns.
Aggregator did 99084 substitutions.
Reduced LP has 262187 rows, 335204 columns, and 1086009 nonzeros.
Presolve time = 1.19 sec. (2955.62 ticks)
Parallel mode: using up to 9 threads for barrier.

***NOTE: Found 281 dense columns.

Number of nonzeros in lower triangle of A*A' = 6461778
Using Nested Dissection ordering
Total time for automatic ordering = 2.82 sec. (11425.94 ticks)
Summary statistics for Cholesky factor:
  Threads                   = 9
  Rows in Factor            = 262468
  Integer space required    = 1511312
  Total non-zeros in factor = 40144236
  Total FP ops to factor    = 17809499022
 Itn      Primal Obj        Dual Obj  Prim Inf Upper Inf  Dual Inf Inf Ratio
   0  -1.1280591e+14   2.4338976e+10  9.01e+10  0.00e+00  2.30e+10  1.00e+00
   1  -2.7511012e+13   9.3833946e+11  2.29e+10  0.00e+00  9.21e+09  5.93e-09
   2  -1.0025142e+13   9.1087977e+11  8.79e+09  0.00e+00  5.36e+09  6.44e-09
   3  -4.1835011e+12   7.9182473e+11  3.85e+09  0.00e+00  4.18e+09  9.25e-09
   4  -2.5758431e+12   1.9973065e+11  2.26e+09  0.00e+00  1.91e+09  1.31e-08
   5  -1.2986702e+12   1.4758855e+11  1.13e+09  0.00e+00  1.46e+09  1.79e-08
   6  -6.2893367e+11   1.8778059e+10  4.77e+08  0.00e+00  8.01e+08  3.18e-08
   7  -4.8153675e+11   2.3412609e+10  3.70e+08  0.00e+00  3.32e+08  7.58e-08
   8  -3.5132442e+11   4.9234478e+10  2.86e+08  0.00e+00  2.10e+08  1.22e-07
   9  -3.2087150e+11   4.8079413e+10  2.63e+08  0.00e+00  2.01e+08  1.29e-07
  10  -2.1041037e+11   6.6778710e+10  1.93e+08  0.00e+00  1.15e+08  2.37e-07
  11  -6.0875095e+10   7.3023816e+10  9.33e+07  0.00e+00  5.93e+07  4.80e-07
  12  -2.6362805e+10   7.1223736e+10  6.84e+07  0.00e+00  3.45e+07  8.64e-07
  13   4.3891149e+09   7.0563606e+10  4.63e+07  0.00e+00  2.58e+07  1.19e-06
  14   2.3066519e+10   6.9789192e+10  3.26e+07  0.00e+00  1.96e+07  1.61e-06
  15   3.2323671e+10   6.9328722e+10  2.57e+07  0.00e+00  1.62e+07  1.98e-06
  16   4.0412118e+10   6.9195511e+10  1.98e+07  0.00e+00  1.51e+07  2.16e-06
  17   4.6164840e+10   6.8944625e+10  1.54e+07  0.00e+00  1.37e+07  2.40e-06
  18   4.9359248e+10   6.8832301e+10  1.29e+07  0.00e+00  1.33e+07  2.51e-06
  19   5.1022493e+10   6.8469207e+10  1.15e+07  0.00e+00  1.21e+07  2.78e-06
  20   5.4483254e+10   6.8050677e+10  8.61e+06  0.00e+00  1.07e+07  3.20e-06
  21   5.6210354e+10   6.7557895e+10  7.21e+06  0.00e+00  8.90e+06  3.92e-06
  22   5.6418555e+10   6.7304646e+10  7.05e+06  0.00e+00  7.89e+06  4.47e-06
  23   5.9303380e+10   6.7028539e+10  4.95e+06  0.00e+00  6.06e+06  5.99e-06
  24   6.0657100e+10   6.6980199e+10  4.05e+06  0.00e+00  4.98e+06  7.43e-06
  25   6.1515311e+10   6.7067718e+10  3.54e+06  0.00e+00  4.07e+06  9.24e-06
  26   6.1967881e+10   6.7136822e+10  3.29e+06  0.00e+00  3.71e+06  1.02e-05
  27   6.2274376e+10   6.7213066e+10  3.12e+06  0.00e+00  3.37e+06  1.13e-05
  28   6.2408779e+10   6.7242291e+10  3.04e+06  0.00e+00  2.88e+06  1.34e-05
  29   6.3655859e+10   6.7356413e+10  2.38e+06  0.00e+00  2.53e+06  1.53e-05
  30   6.3773904e+10   6.7471918e+10  2.32e+06  0.00e+00  2.19e+06  1.79e-05
  31   6.4154491e+10   6.7583229e+10  2.12e+06  0.00e+00  1.86e+06  2.12e-05
  32   6.4577415e+10   6.7660877e+10  1.92e+06  0.00e+00  1.73e+06  2.29e-05
  33   6.4620539e+10   6.7732451e+10  1.90e+06  0.00e+00  1.49e+06  2.67e-05
  34   6.5350456e+10   6.7841380e+10  1.53e+06  0.00e+00  1.24e+06  3.25e-05
  35   6.5481697e+10   6.7901257e+10  1.46e+06  0.00e+00  1.01e+06  4.01e-05
  36   6.5792342e+10   6.7915073e+10  1.28e+06  0.00e+00  9.28e+05  4.40e-05
  37   6.6321728e+10   6.7962735e+10  9.99e+05  0.00e+00  7.70e+05  5.35e-05
  38   6.6629309e+10   6.7985793e+10  8.26e+05  0.00e+00  6.34e+05  6.55e-05
  39   6.6842153e+10   6.7995008e+10  7.04e+05  0.00e+00  5.62e+05  7.43e-05
  40   6.7069850e+10   6.8005298e+10  5.71e+05  0.00e+00  4.60e+05  9.16e-05
  41   6.7194993e+10   6.8007726e+10  4.98e+05  0.00e+00  4.29e+05  9.87e-05
  42   6.7417375e+10   6.8011098e+10  3.66e+05  0.00e+00  3.79e+05  1.12e-04
  43   6.7547127e+10   6.8009140e+10  2.85e+05  0.00e+00  3.17e+05  1.36e-04
  44   6.7613006e+10   6.8006566e+10  2.43e+05  0.00e+00  2.47e+05  1.77e-04
  45   6.7650362e+10   6.8008408e+10  2.21e+05  0.00e+00  2.23e+05  1.97e-04
  46   6.7720476e+10   6.8010538e+10  1.79e+05  0.00e+00  1.89e+05  2.34e-04
  47   6.7775104e+10   6.8012501e+10  1.47e+05  0.00e+00  1.55e+05  2.88e-04
  48   6.7832820e+10   6.8013521e+10  1.13e+05  0.00e+00  1.42e+05  3.16e-04
  49   6.7861648e+10   6.8013664e+10  9.49e+04  0.00e+00  1.21e+05  3.74e-04
  50   6.7894912e+10   6.8014472e+10  7.46e+04  0.00e+00  9.55e+04  4.80e-04
  51   6.7927388e+10   6.8016081e+10  5.56e+04  0.00e+00  7.52e+04  6.16e-04
  52   6.7942636e+10   6.8017564e+10  4.69e+04  0.00e+00  6.21e+04  7.53e-04
  53   6.7960164e+10   6.8018447e+10  3.71e+04  0.00e+00  5.63e+04  8.33e-04
  54   6.7968746e+10   6.8018669e+10  3.22e+04  0.00e+00  5.45e+04  8.64e-04
  55   6.7974102e+10   6.8018806e+10  2.91e+04  0.00e+00  5.29e+04  8.91e-04
  56   6.7986954e+10   6.8018962e+10  2.14e+04  0.00e+00  5.09e+04  9.28e-04
  57   6.7998535e+10   6.8019136e+10  1.41e+04  0.00e+00  4.64e+04  1.03e-03
  58   6.8002131e+10   6.8019422e+10  1.18e+04  0.00e+00  3.46e+04  1.40e-03
  59   6.8007762e+10   6.8019909e+10  8.97e+03  0.00e+00  3.20e+04  1.52e-03
  60   6.8010458e+10   6.8021100e+10  7.63e+03  0.00e+00  2.55e+04  1.94e-03
  61   6.8013053e+10   6.8022461e+10  6.54e+03  0.00e+00  2.08e+04  2.40e-03
  62   6.8013690e+10   6.8023157e+10  6.29e+03  0.00e+00  1.90e+04  2.65e-03
  63   6.8015289e+10   6.8023741e+10  5.72e+03  0.00e+00  1.76e+04  2.87e-03
  64   6.8018403e+10   6.8023906e+10  4.60e+03  0.00e+00  1.72e+04  2.93e-03
  65   6.8020258e+10   6.8024990e+10  3.91e+03  0.00e+00  1.45e+04  3.52e-03
  66   6.8022510e+10   6.8026963e+10  3.13e+03  0.00e+00  1.01e+04  5.15e-03
  67   6.8023518e+10   6.8028353e+10  2.83e+03  0.00e+00  7.85e+03  6.68e-03
  68   6.8024715e+10   6.8029198e+10  2.51e+03  0.00e+00  6.71e+03  7.85e-03
  69   6.8025515e+10   6.8030549e+10  2.30e+03  0.00e+00  4.94e+03  1.08e-02
  70   6.8027298e+10   6.8030746e+10  1.87e+03  0.00e+00  4.72e+03  1.13e-02
  71   6.8028710e+10   6.8030973e+10  1.50e+03  0.00e+00  4.43e+03  1.20e-02
  72   6.8029642e+10   6.8031440e+10  1.25e+03  0.00e+00  3.80e+03  1.41e-02
  73   6.8030024e+10   6.8031555e+10  1.15e+03  0.00e+00  3.65e+03  1.47e-02
  74   6.8030420e+10   6.8031623e+10  1.04e+03  0.00e+00  3.55e+03  1.51e-02
  75   6.8031625e+10   6.8032146e+10  7.06e+02  0.00e+00  2.83e+03  1.91e-02
  76   6.8031985e+10   6.8032674e+10  6.08e+02  0.00e+00  2.11e+03  2.59e-02
  77   6.8032590e+10   6.8032928e+10  4.60e+02  0.00e+00  1.81e+03  3.03e-02
  78   6.8032954e+10   6.8033289e+10  3.70e+02  0.00e+00  1.38e+03  4.01e-02
  79   6.8033259e+10   6.8033560e+10  3.00e+02  0.00e+00  1.09e+03  5.11e-02
  80   6.8033500e+10   6.8033692e+10  2.47e+02  0.00e+00  9.55e+02  5.85e-02
  81   6.8033793e+10   6.8033993e+10  1.82e+02  0.00e+00  6.41e+02  8.82e-02
  82   6.8033981e+10   6.8034117e+10  1.44e+02  0.00e+00  5.28e+02  1.07e-01
  83   6.8034211e+10   6.8034229e+10  9.73e+01  0.00e+00  4.24e+02  1.34e-01
  84   6.8034449e+10   6.8034456e+10  4.64e+01  0.00e+00  2.04e+02  2.85e-01
  85   6.8034604e+10   6.8034569e+10  1.86e+01  0.00e+00  1.12e+02  5.25e-01
  86   6.8034629e+10   6.8034605e+10  1.43e+01  0.00e+00  8.39e+01  7.08e-01
  87   6.8034682e+10   6.8034674e+10  5.78e+00  0.00e+00  3.28e+01  1.85e+00
  88   6.8034696e+10   6.8034695e+10  3.87e+00  0.00e+00  1.89e+01  3.23e+00
  89   6.8034701e+10   6.8034713e+10  3.15e+00  0.00e+00  7.66e+00  8.00e+00
  90   6.8034717e+10   6.8034720e+10  1.12e+00  0.00e+00  3.63e+00  1.64e+01
  91   6.8034722e+10   6.8034722e+10  7.92e-01  0.00e+00  1.99e+00  2.95e+01
  92   6.8034723e+10   6.8034723e+10  8.98e-01  0.00e+00  1.50e+00  3.96e+01
Barrier time = 51.33 sec. (75099.27 ticks)
Parallel mode: deterministic, using up to 9 threads for concurrent optimization:
 * Starting dual Simplex on 1 thread...
 * Starting primal Simplex on 1 thread...

Dual crossover.
  Dual:  Fixing 18391 variables.
    18390 DMoves:  Infeasibility  2.23553966e+01  Objective  6.80347099e+10
    17002 DMoves:  Infeasibility  2.19409041e+01  Objective  6.80347099e+10
    15260 DMoves:  Infeasibility  2.03034739e+01  Objective  6.80347098e+10
    13700 DMoves:  Infeasibility  2.01623306e+01  Objective  6.80347098e+10
    12775 DMoves:  Infeasibility  1.99681719e+01  Objective  6.80347098e+10
    11909 DMoves:  Infeasibility  1.87551459e+01  Objective  6.80347098e+10
    11232 DMoves:  Infeasibility  1.85999472e+01  Objective  6.80347098e+10
    10318 DMoves:  Infeasibility  1.82985870e+01  Objective  6.80347099e+10
     9396 DMoves:  Infeasibility  1.81248079e+01  Objective  6.80347099e+10
     8453 DMoves:  Infeasibility  1.78694812e+01  Objective  6.80347101e+10
     7418 DMoves:  Infeasibility  1.77003580e+01  Objective  6.80347137e+10
     6622 DMoves:  Infeasibility  1.75465906e+01  Objective  6.80347169e+10
     5808 DMoves:  Infeasibility  1.69354415e+01  Objective  6.80347185e+10
     3285 DMoves:  Infeasibility  6.82733942e+04  Objective  6.80346368e+10
     1401 DMoves:  Infeasibility  2.42240630e+05  Objective  6.80928508e+10
      192 DMoves:  Infeasibility  1.46553832e+05  Objective  6.80918204e+10
        0 DMoves:  Infeasibility  1.40676286e+05  Objective  6.80910207e+10
  Dual:  Pushed 3510, exchanged 14881.
  Primal:  Fixing 266544 variables.
   266543 PMoves:  Infeasibility  7.75817650e+00  Objective  6.80542707e+10
   260549 PMoves:  Infeasibility  1.17972336e+00  Objective  6.80541040e+10
   240345 PMoves:  Infeasibility  1.67817056e-01  Objective  6.80541044e+10
Removing shift (1029).

Primal simplex solved model.

Total crossover time = 2.12 sec. (5164.55 ticks)

Total time on 9 threads = 54.66 sec. (83246.69 ticks)

--- LP status (1): optimal.
--- Cplex Time: 54.66sec (det. 83248.59 ticks)


Optimal solution found
Simplex iterations after crossover: 0
Objective:  68034724886.704796

--- Reading solution for model BALBASE4
--- Balmorel.gms(107643) 282 Mb  55 secs
--- GDX Point /Users/wiwillym/Desktop/Cote/LSESA/Project/pybalmorel/examples/Balmorel/03Project_NZwCCS/Model/BALBASE4_p.gdx
--- Executing after solve: elapsed 0:01:02.810
--- Balmorel.gms(107388) 282 Mb
--- Generating RMIP model BALBASE4
--- Balmorel.gms(107643) 495 Mb
--- LOOPS IYALIAS = 2050
---   1,015,882 rows  913,329 columns  3,508,083 non-zeroes
--- Range statistics (absolute non-zero finite values)
--- RHS       [min, max] : [ 5.994E-04, 2.893E+09] - Zero values observed as well
--- Bound     [min, max] : [ 2.736E-03, 9.593E+04] - Zero values observed as well
--- Matrix    [min, max] : [ 3.570E-10, 1.408E+02]
--- Executing CPLEX (Solvelink=2): elapsed 0:01:05.619

IBM ILOG CPLEX   53.5.1 f2e5fac3 May 20, 2026          DAC arm 64bit/macOS    

--- GAMS/CPLEX licensed for continuous and discrete problems.

Reading parameter(s) from "/Users/wiwillym/Desktop/Cote/LSESA/Project/pybalmorel/examples/Balmorel/03Project_NZwCCS/Model/cplex.op4"
>>  * Option file 4 for CPLEX solver. For possible options, see the GAMS Solver Manual.
>>  * To use with CPLEX,  set  '$Setglobal USEOPTIONFILE 4' in balgams.opt.
>>  * Do not change this file, it is predefined.
>>  * To use other options with CPLEX, make and/or use some other file, see USEOPTIONFILE in balgams.opt.
>>  * "LPmethod  4": Barrier method
>>  * "Threads  -1": Use all available threads except 1.
>>  * If memory tight, set the Threads parameter to 1.
>> ~* advind is set to 0 by default since for large problems a better performance has been experienced. If 0, the optimization will no~
>> ~t use the previous solution to try to find the next run faster.
>> 
>>  LPmethod  4
>>  Threads  -1
>>  advind 0
>> 
>> 
Finished reading from "/Users/wiwillym/Desktop/Cote/LSESA/Project/pybalmorel/examples/Balmorel/03Project_NZwCCS/Model/cplex.op4"

--- GMO setup time: 0.00s
--- Space for names approximately 132.36 Mb
--- Use option 'names no' to turn use of names off
--- GMO memory 378.78 Mb (peak 385.74 Mb)
--- Dictionary memory 0.00 Mb
--- Cplex 22.1.2.0 link memory 29.05 Mb (peak 214.95 Mb)
--- Starting Cplex

Version identifier: 22.1.2.0 | 2024-12-02 | 8bd2200c8
CPXPARAM_Advance                                 0
CPXPARAM_LPMethod                                4
CPXPARAM_Threads                                 9
CPXPARAM_Parallel                                1
CPXPARAM_MIP_Display                             4
CPXPARAM_MIP_Pool_Capacity                       0
3036                                             1
CPXPARAM_Barrier_Limits_Iteration                2000000000
CPXPARAM_TimeLimit                               1209600
CPXPARAM_MIP_Tolerances_AbsMIPGap                0
CPXPARAM_MIP_Tolerances_MIPGap                   9.9999999999999995e-07
Tried aggregator 1 time.
DUAL formed by presolve
LP Presolve eliminated 543351 rows and 519506 columns.
Aggregator did 146088 substitutions.
Reduced LP has 247741 rows, 339285 columns, and 1080712 nonzeros.
Presolve time = 1.70 sec. (4866.60 ticks)
Symmetry aggregator did 73985 additional substitutions.
Tried aggregator 0 times.
Reduced presolve eliminated 49 rows and 0 columns.
Reduced LP has 218507 rows, 294485 columns, and 960823 nonzeros.
Presolve time = 0.09 sec. (185.71 ticks)
Parallel mode: using up to 9 threads for barrier.

***NOTE: Found 57 dense columns.

Number of nonzeros in lower triangle of A*A' = 4989359
Using Nested Dissection ordering
Total time for automatic ordering = 1.67 sec. (5108.84 ticks)
Summary statistics for Cholesky factor:
  Threads                   = 9
  Rows in Factor            = 218564
  Integer space required    = 1463704
  Total non-zeros in factor = 36104329
  Total FP ops to factor    = 15910240243
 Itn      Primal Obj        Dual Obj  Prim Inf Upper Inf  Dual Inf Inf Ratio
   0  -2.0476235e+13   1.3645767e+10  1.49e+10  1.19e+06  1.73e+10  1.00e+00
   1  -5.5417881e+12   3.9905163e+11  4.29e+09  3.45e+05  4.31e+09  1.53e-08
   2  -1.2184587e+13  -2.8418593e+11  7.20e+09  5.78e+05  5.07e+09  6.90e-09
   3  -2.9444915e+12  -5.5866682e+10  1.87e+09  1.50e+05  3.05e+09  9.68e-09
   4  -2.6427038e+12  -5.4291652e+10  1.67e+09  1.34e+05  2.77e+09  1.04e-08
   5  -2.8570686e+12  -1.8110160e+11  1.69e+09  1.36e+05  2.79e+09  9.78e-09
   6  -1.3346220e+12  -2.0418137e+11  6.90e+08  5.54e+04  2.18e+09  1.16e-08
   7  -1.1612539e+12   1.5798172e+10  6.06e+08  4.87e+04  5.60e+08  3.98e-08
   8  -8.2426845e+11   5.6975005e+10  4.50e+08  3.62e+04  3.85e+08  5.74e-08
   9  -6.2120207e+11   1.0298003e+11  3.56e+08  2.86e+04  1.85e+08  1.17e-07
  10  -3.6940333e+11   1.1369170e+11  2.38e+08  1.91e+04  1.28e+08  1.74e-07
  11  -2.0960289e+11   1.0707773e+11  1.56e+08  1.25e+04  8.73e+07  2.61e-07
  12  -1.3557812e+11   9.9500318e+10  1.15e+08  9.27e+03  6.50e+07  3.63e-07
  13  -5.8804875e+10   8.8254729e+10  7.21e+07  5.80e+03  4.09e+07  6.09e-07
  14  -4.6547667e+08   7.2309034e+10  3.58e+07  2.88e+03  2.00e+07  1.37e-06
  15   2.0750364e+10   6.6268604e+10  2.03e+07  1.63e+03  1.49e+07  1.92e-06
  16   2.8079651e+10   5.9796034e+10  1.39e+07  1.11e+03  1.06e+07  2.81e-06
  17   3.3050083e+10   5.6510249e+10  9.95e+06  7.99e+02  8.15e+06  3.77e-06
  18   3.6717446e+10   5.3834312e+10  7.08e+06  5.69e+02  6.12e+06  5.19e-06
  19   3.8801624e+10   5.3168488e+10  5.49e+06  4.41e+02  5.60e+06  5.75e-06
  20   3.9955623e+10   5.2293901e+10  4.58e+06  3.68e+02  4.94e+06  6.61e-06
  21   4.1170794e+10   5.1772167e+10  3.64e+06  2.92e+02  4.54e+06  7.29e-06
  22   4.1629637e+10   5.1325253e+10  3.28e+06  2.64e+02  4.20e+06  7.96e-06
  23   4.2453328e+10   5.0030919e+10  2.67e+06  2.14e+02  3.17e+06  1.09e-05
  24   4.3173570e+10   4.9772412e+10  2.21e+06  1.77e+02  2.93e+06  1.19e-05
  25   4.3904974e+10   4.9429415e+10  1.73e+06  1.39e+02  2.62e+06  1.35e-05
  26   4.4308573e+10   4.9076093e+10  1.47e+06  1.18e+02  2.30e+06  1.56e-05
  27   4.4424586e+10   4.9014606e+10  1.39e+06  1.11e+02  2.24e+06  1.60e-05
  28   4.4764243e+10   4.8847371e+10  1.16e+06  9.32e+01  2.09e+06  1.73e-05
  29   4.5061189e+10   4.8670703e+10  9.56e+05  7.68e+01  1.94e+06  1.88e-05
  30   4.5356246e+10   4.8505255e+10  7.47e+05  6.01e+01  1.80e+06  2.05e-05
  31   4.5469834e+10   4.8411720e+10  6.61e+05  5.31e+01  1.72e+06  2.15e-05
  32   4.5657395e+10   4.8230110e+10  5.21e+05  4.19e+01  1.57e+06  2.38e-05
  33   4.5768074e+10   4.7851066e+10  4.38e+05  3.52e+01  1.25e+06  3.06e-05
  34   4.5895315e+10   4.7475415e+10  3.59e+05  2.88e+01  9.11e+05  4.35e-05
  35   4.6035081e+10   4.7356030e+10  2.86e+05  2.30e+01  7.90e+05  5.09e-05
  36   4.6148553e+10   4.7199108e+10  2.29e+05  1.84e+01  6.24e+05  6.59e-05
  37   4.6264629e+10   4.7168392e+10  1.76e+05  1.41e+01  5.89e+05  7.02e-05
  38   4.6376620e+10   4.7061089e+10  1.23e+05  9.92e+00  4.70e+05  9.00e-05
  39   4.6454287e+10   4.7001309e+10  8.90e+04  7.15e+00  4.01e+05  1.07e-04
  40   4.6502485e+10   4.6960027e+10  6.78e+04  5.45e+00  3.53e+05  1.23e-04
  41   4.6548264e+10   4.6922699e+10  4.89e+04  3.93e+00  3.08e+05  1.43e-04
  42   4.6562272e+10   4.6910163e+10  4.34e+04  3.49e+00  2.92e+05  1.51e-04
  43   4.6602352e+10   4.6829790e+10  2.83e+04  2.28e+00  1.91e+05  2.42e-04
  44   4.6614856e+10   4.6806375e+10  2.50e+04  2.01e+00  1.54e+05  3.05e-04
  45   4.6639573e+10   4.6797957e+10  1.91e+04  1.54e+00  1.39e+05  3.41e-04
  46   4.6655565e+10   4.6784674e+10  1.53e+04  1.23e+00  1.16e+05  4.16e-04
  47   4.6665762e+10   4.6760551e+10  1.30e+04  1.05e+00  6.95e+04  7.25e-04
  48   4.6676003e+10   4.6758604e+10  1.14e+04  9.14e-01  5.95e+04  8.52e-04
  49   4.6679504e+10   4.6757102e+10  1.08e+04  8.66e-01  5.36e+04  9.51e-04
  50   4.6691322e+10   4.6754409e+10  8.79e+03  7.06e-01  4.29e+04  1.20e-03
  51   4.6698276e+10   4.6752657e+10  7.63e+03  6.13e-01  3.57e+04  1.45e-03
  52   4.6704949e+10   4.6750612e+10  6.54e+03  5.25e-01  2.64e+04  1.98e-03
  53   4.6705658e+10   4.6750522e+10  6.43e+03  5.17e-01  2.54e+04  2.06e-03
  54   4.6711421e+10   4.6749749e+10  5.53e+03  4.44e-01  2.04e+04  2.58e-03
  55   4.6714835e+10   4.6749656e+10  5.00e+03  4.01e-01  1.97e+04  2.67e-03
  56   4.6719564e+10   4.6748834e+10  4.23e+03  3.40e-01  1.54e+04  3.43e-03
  57   4.6722612e+10   4.6748257e+10  3.75e+03  3.02e-01  1.18e+04  4.49e-03
  58   4.6724177e+10   4.6747914e+10  3.51e+03  2.82e-01  8.87e+03  5.96e-03
  59   4.6725375e+10   4.6747850e+10  3.33e+03  2.68e-01  7.44e+03  7.07e-03
  60   4.6727806e+10   4.6747776e+10  2.97e+03  2.38e-01  5.44e+03  9.54e-03
  61   4.6729060e+10   4.6747768e+10  2.78e+03  2.23e-01  4.67e+03  1.10e-02
  62   4.6731174e+10   4.6747723e+10  2.46e+03  1.98e-01  3.80e+03  1.33e-02
  63   4.6733028e+10   4.6747594e+10  2.17e+03  1.75e-01  3.02e+03  1.64e-02
  64   4.6734745e+10   4.6747485e+10  1.91e+03  1.53e-01  2.55e+03  1.92e-02
  65   4.6736023e+10   4.6747321e+10  1.70e+03  1.37e-01  2.09e+03  2.29e-02
  66   4.6736620e+10   4.6747139e+10  1.60e+03  1.29e-01  1.55e+03  2.99e-02
  67   4.6737886e+10   4.6746988e+10  1.40e+03  1.12e-01  1.20e+03  3.70e-02
  68   4.6738395e+10   4.6746772e+10  1.31e+03  1.05e-01  8.51e+02  4.94e-02
  69   4.6739506e+10   4.6746747e+10  1.13e+03  9.05e-02  8.09e+02  5.15e-02
  70   4.6740529e+10   4.6746618e+10  9.48e+02  7.62e-02  6.78e+02  5.96e-02
  71   4.6741485e+10   4.6746446e+10  7.74e+02  6.22e-02  5.48e+02  7.12e-02
  72   4.6742008e+10   4.6746318e+10  6.73e+02  5.41e-02  4.72e+02  8.09e-02
  73   4.6742963e+10   4.6746162e+10  4.83e+02  3.88e-02  3.93e+02  9.48e-02
  74   4.6743316e+10   4.6745839e+10  4.06e+02  3.26e-02  2.65e+02  1.35e-01
  75   4.6743493e+10   4.6745748e+10  3.66e+02  2.94e-02  2.31e+02  1.53e-01
  76   4.6744117e+10   4.6745583e+10  2.24e+02  1.80e-02  1.72e+02  1.98e-01
  77   4.6744218e+10   4.6745415e+10  1.97e+02  1.58e-02  1.26e+02  2.64e-01
  78   4.6744290e+10   4.6745222e+10  1.78e+02  1.43e-02  7.36e+01  4.30e-01
  79   4.6744361e+10   4.6745206e+10  1.59e+02  1.28e-02  6.87e+01  4.56e-01
  80   4.6744403e+10   4.6745185e+10  1.48e+02  1.19e-02  6.35e+01  4.89e-01
  81   4.6744563e+10   4.6745105e+10  1.04e+02  8.33e-03  4.29e+01  6.85e-01
  82   4.6744618e+10   4.6745089e+10  8.68e+01  6.98e-03  3.95e+01  7.38e-01
  83   4.6744646e+10   4.6745068e+10  7.81e+01  6.28e-03  3.53e+01  8.18e-01
  84   4.6744776e+10   4.6744989e+10  3.33e+01  2.68e-03  2.11e+01  1.33e+00
  85   4.6744791e+10   4.6744972e+10  2.71e+01  2.17e-03  1.83e+01  1.52e+00
  86   4.6744803e+10   4.6744950e+10  2.19e+01  1.76e-03  1.49e+01  1.87e+00
  87   4.6744815e+10   4.6744922e+10  1.68e+01  1.35e-03  1.06e+01  2.62e+00
  88   4.6744824e+10   4.6744891e+10  1.29e+01  1.04e-03  5.85e+00  4.66e+00
  89   4.6744842e+10   4.6744871e+10  5.34e+00  4.29e-04  2.68e+00  9.65e+00
  90   4.6744849e+10   4.6744862e+10  1.43e+00  1.15e-04  1.43e+00  1.80e+01
  91   4.6744864e+10   4.6744867e+10  8.04e-01  6.10e-05  1.81e+00  2.52e+01
  92   4.6744888e+10   4.6744881e+10  6.52e-01  2.04e-05  4.00e+00  4.31e+01
Barrier time = 41.23 sec. (60612.11 ticks)

Total time on 9 threads = 42.99 sec. (65514.01 ticks)
Barrier time = 41.30 sec. (60671.71 ticks)
Parallel mode: deterministic, using up to 9 threads for concurrent optimization:
 * Starting dual Simplex on 1 thread...
 * Starting primal Simplex on 1 thread...

Dual crossover.
  Dual:  Fixing 61378 variables.
    61377 DMoves:  Infeasibility  5.63423271e+00  Objective  4.67448733e+10
    59291 DMoves:  Infeasibility  5.59440357e+00  Objective  4.67448733e+10
    57216 DMoves:  Infeasibility  5.29308397e+00  Objective  4.67448733e+10
    56128 DMoves:  Infeasibility  5.24191101e+00  Objective  4.67448733e+10
    55662 DMoves:  Infeasibility  5.22248089e+00  Objective  4.67448733e+10
    54825 DMoves:  Infeasibility  5.14019135e+00  Objective  4.67448732e+10
    53376 DMoves:  Infeasibility  5.13112168e+00  Objective  4.67448733e+10
    50852 DMoves:  Infeasibility  4.91085535e+00  Objective  4.67448730e+10
    48284 DMoves:  Infeasibility  4.77889074e+00  Objective  4.67448730e+10
    45658 DMoves:  Infeasibility  4.62949672e+00  Objective  4.67448730e+10
    42601 DMoves:  Infeasibility  4.36327130e+00  Objective  4.67448724e+10
    41990 DMoves:  Infeasibility  4.31055949e+00  Objective  4.67448724e+10
    41333 DMoves:  Infeasibility  4.29918532e+00  Objective  4.67448724e+10
    40465 DMoves:  Infeasibility  4.26390427e+00  Objective  4.67448724e+10
    39681 DMoves:  Infeasibility  4.20521696e+00  Objective  4.67448724e+10
    38761 DMoves:  Infeasibility  4.16753562e+00  Objective  4.67448724e+10
    37801 DMoves:  Infeasibility  4.12911111e+00  Objective  4.67448724e+10
    36962 DMoves:  Infeasibility  4.03992996e+00  Objective  4.67448724e+10
    35739 DMoves:  Infeasibility  4.01838144e+00  Objective  4.67448724e+10
    29963 DMoves:  Infeasibility  3.83626210e+00  Objective  4.67448733e+10
    28646 DMoves:  Infeasibility  5.18748262e-01  Objective  4.67448489e+10
    26808 DMoves:  Infeasibility  4.67840955e-01  Objective  4.67448488e+10
    25468 DMoves:  Infeasibility  4.90829742e-01  Objective  4.67448488e+10
    24763 DMoves:  Infeasibility  4.86443120e-01  Objective  4.67448488e+10
    23761 DMoves:  Infeasibility  4.50372012e-01  Objective  4.67448488e+10
    22554 DMoves:  Infeasibility  3.68092729e-01  Objective  4.67448498e+10
    21416 DMoves:  Infeasibility  3.52195744e-01  Objective  4.67448498e+10
    20487 DMoves:  Infeasibility  3.36613040e-01  Objective  4.67448498e+10
    19711 DMoves:  Infeasibility  3.25524751e-01  Objective  4.67448499e+10
    18779 DMoves:  Infeasibility  3.17549021e-01  Objective  4.67448499e+10
    17791 DMoves:  Infeasibility  2.89003326e-01  Objective  4.67448499e+10
    16398 DMoves:  Infeasibility  2.65976545e-01  Objective  4.67448500e+10
    14933 DMoves:  Infeasibility  2.66604443e-01  Objective  4.67448498e+10
    13825 DMoves:  Infeasibility  2.50985453e-01  Objective  4.67448494e+10
    12935 DMoves:  Infeasibility  1.99436893e-01  Objective  4.67448490e+10
    12122 DMoves:  Infeasibility  1.59685993e-01  Objective  4.67448490e+10
    11449 DMoves:  Infeasibility  9.86003336e-02  Objective  4.67448497e+10
    10874 DMoves:  Infeasibility  2.38768314e+00  Objective  4.67448427e+10
    10287 DMoves:  Infeasibility  1.78680610e+02  Objective  4.67450928e+10
     9416 DMoves:  Infeasibility  4.16921378e+01  Objective  4.67448935e+10
     8563 DMoves:  Infeasibility  4.28462682e+01  Objective  4.67448602e+10
     8012 DMoves:  Infeasibility  2.55263091e+01  Objective  4.67448640e+10
     7059 DMoves:  Infeasibility  3.93648235e+04  Objective  4.67448605e+10
     6319 DMoves:  Infeasibility  3.35838500e+04  Objective  4.67450782e+10
     5665 DMoves:  Infeasibility  3.30814119e+04  Objective  4.67450739e+10
     4895 DMoves:  Infeasibility  3.30775304e+04  Objective  4.67449073e+10
   Elapsed crossover time = 3.58 sec. (10043.46 ticks, 4895 DMoves)
     4183 DMoves:  Infeasibility  3.48946126e+04  Objective  4.67452692e+10
     3410 DMoves:  Infeasibility  3.35413996e+04  Objective  4.67453311e+10
     2703 DMoves:  Infeasibility  3.33090709e+04  Objective  4.67460445e+10
     1895 DMoves:  Infeasibility  3.32117172e+04  Objective  4.67457142e+10
     1198 DMoves:  Infeasibility  3.33913305e+04  Objective  4.67452983e+10
      274 DMoves:  Infeasibility  2.80573443e+05  Objective  4.67459870e+10
        0 DMoves:  Infeasibility  2.30591822e+05  Objective  4.67482203e+10
  Dual:  Pushed 11874, exchanged 49503.
  Primal:  Fixing 264243 variables.
   264242 PMoves:  Infeasibility  8.45382446e+01  Objective  4.67417991e+10
   259582 PMoves:  Infeasibility  1.15866077e+03  Objective  4.67417610e+10
   254816 PMoves:  Infeasibility  9.20544756e+02  Objective  4.67417268e+10
   246815 PMoves:  Infeasibility  9.15823189e+02  Objective  4.67417266e+10
   242230 PMoves:  Infeasibility  9.15237139e+02  Objective  4.67417266e+10
   235602 PMoves:  Infeasibility  9.15229559e+02  Objective  4.67417266e+10
   227841 PMoves:  Infeasibility  9.15217149e+02  Objective  4.67417266e+10
   217431 PMoves:  Infeasibility  9.14930081e+02  Objective  4.67417266e+10
   201203 PMoves:  Infeasibility  9.14904991e+02  Objective  4.67417266e+10
   177300 PMoves:  Infeasibility  9.11611736e+02  Objective  4.67417266e+10
   162865 PMoves:  Infeasibility  9.07948873e+02  Objective  4.67417266e+10
   152754 PMoves:  Infeasibility  8.88338854e+02  Objective  4.67417227e+10
   143998 PMoves:  Infeasibility  8.86263005e+02  Objective  4.67417227e+10
   138341 PMoves:  Infeasibility  8.86048658e+02  Objective  4.67417227e+10
   135419 PMoves:  Infeasibility  8.85750859e+02  Objective  4.67417227e+10
Removing shift (110).

Primal simplex solved model.

Total crossover time = 6.83 sec. (21350.38 ticks)

Total time on 9 threads = 49.87 sec. (86927.04 ticks)

--- LP status (1): optimal.
--- Cplex Time: 49.87sec (det. 86929.95 ticks)


Optimal solution found
Simplex iterations after crossover: 0
Objective:  46744851068.301521

--- Reading solution for model BALBASE4
--- Balmorel.gms(107643) 495 Mb  51 secs
--- GDX Point /Users/wiwillym/Desktop/Cote/LSESA/Project/pybalmorel/examples/Balmorel/03Project_NZwCCS/Model/BALBASE4_p.gdx
--- Executing after solve: elapsed 0:01:56.943
--- Balmorel.gms(109282) 495 Mb
--- GDX File (execute_unload) /Users/wiwillym/Desktop/Cote/LSESA/Project/pybalmorel/examples/Balmorel/03Project_NZwCCS/Model/MainResults.gdx
--- Balmorel.gms(109628) 495 Mb
--- GDX File (execute_unload) /Users/wiwillym/Desktop/Cote/LSESA/Project/pybalmorel/examples/Balmorel/simex/HYRSG.gdx
--- Balmorel.gms(109629) 495 Mb
--- GDX File (execute_unload) /Users/wiwillym/Desktop/Cote/LSESA/Project/pybalmorel/examples/Balmorel/simex/VHYRS_SL.gdx
--- Balmorel.gms(109630) 495 Mb
--- GDX File (execute_unload) /Users/wiwillym/Desktop/Cote/LSESA/Project/pybalmorel/examples/Balmorel/simex/WATERVAL.gdx
--- Balmorel.gms(109631) 495 Mb
--- GDX File (execute_unload) /Users/wiwillym/Desktop/Cote/LSESA/Project/pybalmorel/examples/Balmorel/simex/VHYRS_STL.gdx
--- Balmorel.gms(109655) 495 Mb
--- GDX File (execute_unload) /Users/wiwillym/Desktop/Cote/LSESA/Project/pybalmorel/examples/Balmorel/simex/XKACCUMNET.gdx
--- Balmorel.gms(109656) 495 Mb
--- GDX File (execute_unload) /Users/wiwillym/Desktop/Cote/LSESA/Project/pybalmorel/examples/Balmorel/simex/GKACCUMNET.gdx
--- Balmorel.gms(109686) 495 Mb
--- GDX File (execute_unload) /Users/wiwillym/Desktop/Cote/LSESA/Project/pybalmorel/examples/Balmorel/simex/ESTOVOLTS.gdx
--- Balmorel.gms(109687) 495 Mb
--- GDX File (execute_unload) /Users/wiwillym/Desktop/Cote/LSESA/Project/pybalmorel/examples/Balmorel/simex/HSTOVOLTS.gdx
--- Balmorel.gms(109688) 495 Mb
--- GDX File (execute_unload) /Users/wiwillym/Desktop/Cote/LSESA/Project/pybalmorel/examples/Balmorel/simex/ESTOVOLT.gdx
--- Balmorel.gms(109689) 495 Mb
--- GDX File (execute_unload) /Users/wiwillym/Desktop/Cote/LSESA/Project/pybalmorel/examples/Balmorel/simex/HSTOVOLT.gdx
--- Balmorel.gms(109694) 495 Mb
--- GDX File (execute_unload) /Users/wiwillym/Desktop/Cote/LSESA/Project/pybalmorel/examples/Balmorel/simex/ESTOVOLTSVAL.gdx
--- Balmorel.gms(109695) 495 Mb
--- GDX File (execute_unload) /Users/wiwillym/Desktop/Cote/LSESA/Project/pybalmorel/examples/Balmorel/simex/HSTOVOLTSVAL.gdx
--- Balmorel.gms(109696) 495 Mb
--- GDX File (execute_unload) /Users/wiwillym/Desktop/Cote/LSESA/Project/pybalmorel/examples/Balmorel/simex/ESTOVOLTVAL.gdx
--- Balmorel.gms(109697) 495 Mb
--- GDX File (execute_unload) /Users/wiwillym/Desktop/Cote/LSESA/Project/pybalmorel/examples/Balmorel/simex/HSTOVOLTVAL.gdx
--- Balmorel.gms(109727) 495 Mb
--- GDX File (execute_unload) /Users/wiwillym/Desktop/Cote/LSESA/Project/pybalmorel/examples/Balmorel/simex/GE_T.gdx
--- Balmorel.gms(109728) 495 Mb
--- GDX File (execute_unload) /Users/wiwillym/Desktop/Cote/LSESA/Project/pybalmorel/examples/Balmorel/simex/GH_T.gdx
--- Balmorel.gms(109745) 495 Mb
--- GDX File (execute_unload) /Users/wiwillym/Desktop/Cote/LSESA/Project/pybalmorel/examples/Balmorel/simex/F_T.gdx
--- Balmorel.gms(109756) 495 Mb
--- GDX File (execute_unload) /Users/wiwillym/Desktop/Cote/LSESA/Project/pybalmorel/examples/Balmorel/simex/GMAXFS.gdx
--- Balmorel.gms(109761) 495 Mb
--- GDX File (execute_unload) /Users/wiwillym/Desktop/Cote/LSESA/Project/pybalmorel/examples/Balmorel/simex/FUELPRICE_EXC.gdx
--- Balmorel.gms(109791) 495 Mb
--- GDX File (execute_unload) /Users/wiwillym/Desktop/Cote/LSESA/Project/pybalmorel/examples/Balmorel/simex/H2STOVOLTS.gdx
--- Balmorel.gms(109792) 495 Mb
--- GDX File (execute_unload) /Users/wiwillym/Desktop/Cote/LSESA/Project/pybalmorel/examples/Balmorel/simex/H2STOVOLTSVAL.gdx
--- Balmorel.gms(109802) 495 Mb
--- GDX File (execute_unload) /Users/wiwillym/Desktop/Cote/LSESA/Project/pybalmorel/examples/Balmorel/simex/BIOMETHSTOVOLTS.gdx
--- Balmorel.gms(109803) 495 Mb
--- GDX File (execute_unload) /Users/wiwillym/Desktop/Cote/LSESA/Project/pybalmorel/examples/Balmorel/simex/BIOMETHSTOVOLTSVAL.gdx
--- Balmorel.gms(109813) 495 Mb
--- GDX File (execute_unload) /Users/wiwillym/Desktop/Cote/LSESA/Project/pybalmorel/examples/Balmorel/simex/XH2KACCUMNET.gdx
--- Balmorel.gms(109861) 495 Mb
--- GDX File (execute_unload) /Users/wiwillym/Desktop/Cote/LSESA/Project/pybalmorel/examples/Balmorel/03Project_NZwCCS/Model/all_endofmodel.gdx
--- Putfile fileMERGEWITHBASEbat /Users/wiwillym/Desktop/Cote/LSESA/Project/pybalmorel/examples/Balmorel/03Project_NZwCCS/Model/%batfileMERGEWITHBASE%
--- Putfile errorfile /Users/wiwillym/Desktop/Cote/LSESA/Project/pybalmorel/examples/Balmorel/03Project_NZwCCS/Model/..\logerror\errors.out
--- Putfile logfile /Users/wiwillym/Desktop/Cote/LSESA/Project/pybalmorel/examples/Balmorel/03Project_NZwCCS/Model/..\logerror\logfile.out
--- Putfile printoutoverview /Users/wiwillym/Desktop/Cote/LSESA/Project/pybalmorel/examples/Balmorel/03Project_NZwCCS/output/printout/printoutoverview.out
--- Putfile BB4overview /Users/wiwillym/Desktop/Cote/LSESA/Project/pybalmorel/examples/Balmorel/03Project_NZwCCS/Model/..\logerror\BB4overview.out
*** Status: Normal completion
--- Job Balmorel.gms Stop 06/18/26 11:49:58 elapsed 0:02:00.751
