
--- Job Balmorel.gms Start 06/17/26 10:53:50 53.5.1 f2e5fac3 WEX-WEI x86 64bit/MS Windows
--- Applying:
    C:\GAMS\53\gmsprmNT.txt
--- GAMS Parameters defined
    Input "D:\DTU DOCs\LargeScale\Exercises\day_2\BalmorelSimpleModel\Balmorel\Project_base\Model\Balmorel.gms"
    PageSize 0
    ScrDir "D:\DTU DOCs\LargeScale\Exercises\day_2\BalmorelSimpleModel\Balmorel\Project_base\Model\225a\"
    SysDir C:\GAMS\53\
    LogOption 3
    AppendLog 1
    ErrMsg 1
    ErrorLog 99
    IDE 1
    LstTitleLeftAligned 1
Licensee: Large MUD - 20 User License                    G251106+0003Ac-GEN
          Technical University of Denmark, Management Engineering    DC8611
          C:\Users\david\OneDrive\Documenti\GAMS\gamslice.txt
          556f6a85-f5d8-4c6d
          v:2                                                              
          The maintenance period of the license expires on Dec 31, 2026
System information: 4 physical cores and 8 Gb physical memory detected
GAMS 53.5.1   Copyright (C) 1987-2026 GAMS Development. All rights reserved
--- Starting compilation
--- Balmorel.gms(42) 2 Mb
--- > balgams.opt(161) 2 Mb
--- Balmorel.gms(49) 2 Mb
--- > balopt.opt(1051) 2 Mb
--- Balmorel.gms(99) 2 Mb
--- > error1.inc(44) 2 Mb
--- >> hellolog.inc(120) 2 Mb
--- > error1.inc(56) 2 Mb
--- Balmorel.gms(121) 2 Mb
--- > Balmorelbb4.inc(305) 2 Mb
--- >> bb4datainc.inc(25) 2 Mb
--- >>> ACRONYMS.inc(16) 2 Mb
--- >> bb4datainc.inc(27) 2 Mb
--- >>> acronymsadditions.inc(11) 2 Mb
--- >>>> hydrogen_acronymsadditions.inc(3) 2 Mb
--- >>>>> HYDROGEN_ACRONYMS.inc(2) 2 Mb
--- >>>> hydrogen_acronymsadditions.inc(4) 2 Mb
--- >>> acronymsadditions.inc(15) 2 Mb
--- >> bb4datainc.inc(33) 2 Mb
--- >>> CCCRRRAAA.inc(109) 3 Mb
--- >> bb4datainc.inc(36) 3 Mb
--- >>> cccrrraaaadditions.inc(9) 3 Mb
--- >> bb4datainc.inc(40) 3 Mb
--- >>> CCC.inc(5) 3 Mb
--- >> bb4datainc.inc(43) 3 Mb
--- >>> cccadditions.inc(8) 3 Mb
--- >> bb4datainc.inc(47) 3 Mb
--- >>> RRR.inc(10) 3 Mb
--- >> bb4datainc.inc(50) 3 Mb
--- >>> rrradditions.inc(8) 3 Mb
--- >> bb4datainc.inc(54) 3 Mb
--- >>> AAA.inc(88) 3 Mb
--- >> bb4datainc.inc(57) 3 Mb
--- >>> aaaadditions.inc(9) 3 Mb
--- >> bb4datainc.inc(61) 3 Mb
--- >>> CCCRRR.inc(10) 3 Mb
--- >> bb4datainc.inc(64) 3 Mb
--- >>> cccrrradditions.inc(8) 3 Mb
--- >> bb4datainc.inc(68) 3 Mb
--- >>> RRRAAA.inc(90) 3 Mb
--- >> bb4datainc.inc(71) 3 Mb
--- >>> rrraaaadditions.inc(9) 3 Mb
--- >> bb4datainc.inc(75) 3 Mb
--- >>> C.inc(5) 3 Mb
--- >> bb4datainc.inc(77) 3 Mb
--- >>> cadditions.inc(8) 3 Mb
--- >> bb4datainc.inc(104) 3 Mb
--- >>> YYY.inc(2) 3 Mb
--- >> bb4datainc.inc(109) 3 Mb
--- >>> SSS.inc(4) 3 Mb
--- >> bb4datainc.inc(114) 3 Mb
--- >>> TTT.inc(4) 3 Mb
--- >> bb4datainc.inc(119) 3 Mb
--- >>> GROUP.inc(7) 3 Mb
--- >> bb4datainc.inc(124) 3 Mb
--- >>> GROUP_AAA.inc(8) 3 Mb
--- >> bb4datainc.inc(129) 3 Mb
--- >>> DEUSER.inc(10) 3 Mb
--- >> bb4datainc.inc(132) 3 Mb
--- >>> deuseradditions.inc(12) 3 Mb
--- >> bb4datainc.inc(136) 3 Mb
--- >>> DHUSER.inc(14) 3 Mb
--- >> bb4datainc.inc(141) 3 Mb
--- >>> FFF.inc(112) 3 Mb
--- >> bb4datainc.inc(144) 3 Mb
--- >>> fffadditions.inc(1) 3 Mb
--- >>>> hydrogen_fffadditions.inc(3) 3 Mb
--- >>>>> HYDROGEN_FFF.inc(10) 3 Mb
--- >>>> hydrogen_fffadditions.inc(4) 3 Mb
--- >>> fffadditions.inc(4) 3 Mb
--- >> bb4datainc.inc(148) 3 Mb
--- >>> FDATASET.inc(9) 3 Mb
--- >> bb4datainc.inc(153) 3 Mb
--- >>> FDATA.inc(56) 3 Mb
--- >> bb4datainc.inc(156) 3 Mb
--- >>> fdataadditions.inc(1) 3 Mb
--- >>>> hydrogen_fdataadditions.inc(3) 3 Mb
--- >>>>> HYDROGEN_FDATA.inc(11) 3 Mb
--- >>>> hydrogen_fdataadditions.inc(4) 3 Mb
--- >>> fdataadditions.inc(3) 3 Mb
--- >> bb4datainc.inc(160) 3 Mb
--- >>> GGG.inc(1323) 3 Mb
--- >> bb4datainc.inc(163) 3 Mb
--- >>> gggadditions.inc(6) 3 Mb
--- >>>> hydrogen_gggadditions.inc(3) 3 Mb
--- >>>>> HYDROGEN_GGG.inc(288) 3 Mb
--- >>>> hydrogen_gggadditions.inc(4) 3 Mb
--- >>> gggadditions.inc(9) 3 Mb
--- >> bb4datainc.inc(167) 3 Mb
--- >>> GDATASET.inc(63) 3 Mb
--- >> bb4datainc.inc(172) 3 Mb
--- >>> TECH_GROUP.inc(27) 3 Mb
--- >> bb4datainc.inc(175) 3 Mb
--- >>> tech_groupadditions.inc(4) 3 Mb
--- >> bb4datainc.inc(179) 3 Mb
--- >>> TECH_GROUP_VALUE.inc(25) 3 Mb
--- >> bb4datainc.inc(182) 3 Mb
--- >>> tech_group_valueadditions.inc(4) 3 Mb
--- >> bb4datainc.inc(186) 3 Mb
--- >>> TECHGROUP_DEUSER.inc(5) 3 Mb
--- >> bb4datainc.inc(191) 3 Mb
--- >>> SUBTECH_GROUP.inc(25) 3 Mb
--- >> bb4datainc.inc(196) 3 Mb
--- >>> SUBTECH_GROUP_VALUE.inc(25) 3 Mb
--- >> bb4datainc.inc(201) 3 Mb
--- >>> G.inc(1270) 3 Mb
--- >> bb4datainc.inc(204) 3 Mb
--- >>> gadditions.inc(6) 3 Mb
--- >>>> hydrogen_gadditions.inc(3) 3 Mb
--- >>>>> HYDROGEN_G.inc(290) 3 Mb
--- >>>> hydrogen_gadditions.inc(4) 3 Mb
--- >>> gadditions.inc(9) 3 Mb
--- >> bb4datainc.inc(210) 3 Mb
--- >>> setdeclare.inc(33) 3 Mb
--- >> bb4datainc.inc(211) 3 Mb
--- >>> setdefine.inc(20) 3 Mb
--- >>> setdefine.inc(47) 3 Mb
--- >> bb4datainc.inc(219) 3 Mb
--- >>> GDATA.inc(1282) 5 Mb
--- >> bb4datainc.inc(222) 5 Mb
--- >>> gdataadditions.inc(13) 5 Mb
--- >>>> hydrogen_gdataadditions.inc(3) 5 Mb
--- >>>>> HYDROGEN_GDATA.inc(290) 5 Mb
--- >>>> hydrogen_gdataadditions.inc(4) 5 Mb
--- >>> gdataadditions.inc(18) 5 Mb
--- >> bb4datainc.inc(238) 5 Mb
--- >>> HYRSMAXVOL_G.inc(848) 5 Mb
--- >> bb4datainc.inc(243) 5 Mb
--- >>> HYRSDATASET.inc(8) 5 Mb
--- >> bb4datainc.inc(248) 5 Mb
--- >>> DF_QP.inc(5) 5 Mb
--- >> bb4datainc.inc(253) 5 Mb
--- >>> EMIPOLSET.inc(9) 5 Mb
--- >> bb4datainc.inc(259) 5 Mb
--- >>> AGKN.inc(567) 5 Mb
--- >> bb4datainc.inc(263) 5 Mb
--- >>> agknadditions.inc(7) 5 Mb
--- >>>> hydrogen_agknadditions.inc(3) 5 Mb
--- >>>>> HYDROGEN_AGKN.inc(72) 5 Mb
--- >>>> hydrogen_agknadditions.inc(4) 5 Mb
--- >>> agknadditions.inc(14) 5 Mb
--- >> bb4datainc.inc(266) 5 Mb
--- >>> Y.inc(11) 5 Mb
--- >> bb4datainc.inc(275) 5 Mb
--- >>> S.inc(6) 5 Mb
--- >> bb4datainc.inc(280) 5 Mb
--- >>> T.inc(7) 5 Mb
--- >> bb4datainc.inc(286) 5 Mb
--- >>> YVALUE.inc(12) 5 Mb
--- >> bb4datainc.inc(291) 5 Mb
--- >>> TWORKDAY.inc(1) 5 Mb
--- >> bb4datainc.inc(296) 5 Mb
--- >>> TWEEKEND.inc(1) 5 Mb
--- >> bb4datainc.inc(403) 5 Mb
--- >>> GKFX.inc(593) 5 Mb
--- >> bb4datainc.inc(406) 5 Mb
--- >>> gkfxadditions.inc(5) 5 Mb
--- >>>> hydrogen_gkfxadditions.inc(3) 5 Mb
--- >>>>> HYDROGEN_GKFX.inc(22) 5 Mb
--- >>>> hydrogen_gkfxadditions.inc(4) 5 Mb
--- >>> gkfxadditions.inc(14) 5 Mb
--- >> bb4datainc.inc(411) 5 Mb
--- >>> FMAXINVEST.inc(5) 5 Mb
--- >> bb4datainc.inc(416) 5 Mb
--- >>> FMAXINVESTNA.inc(2) 5 Mb
--- >> bb4datainc.inc(421) 5 Mb
--- >>> DISLOSS_E.inc(11) 5 Mb
--- >> bb4datainc.inc(426) 5 Mb
--- >>> DISLOSS_E_AG.inc(57) 5 Mb
--- >> bb4datainc.inc(429) 5 Mb
--- >>> disloss_e_agadditions.inc(17) 5 Mb
--- >> bb4datainc.inc(433) 5 Mb
--- >>> DISLOSS_H.inc(3) 5 Mb
--- >> bb4datainc.inc(438) 5 Mb
--- >>> DISCOST_E.inc(10) 5 Mb
--- >> bb4datainc.inc(443) 5 Mb
--- >>> DISCOST_H.inc(18) 5 Mb
--- >> bb4datainc.inc(448) 5 Mb
--- >>> FKPOT.inc(36) 5 Mb
--- >> bb4datainc.inc(453) 5 Mb
--- >>> TECHGROUPKPOT.inc(31) 5 Mb
--- >> bb4datainc.inc(458) 5 Mb
--- >>> SUBTECHGROUPKPOT.inc(117) 5 Mb
--- >> bb4datainc.inc(461) 5 Mb
--- >>> subtechgroupkpotadditions.inc(15) 5 Mb
--- >> bb4datainc.inc(466) 5 Mb
--- >>> FKMIN.inc(4) 5 Mb
--- >> bb4datainc.inc(472) 5 Mb
--- >>> FKMAX.inc(4) 5 Mb
--- >> bb4datainc.inc(478) 5 Mb
--- >>> FKEQ.inc(4) 5 Mb
--- >> bb4datainc.inc(484) 5 Mb
--- >>> FKMINNA.inc(4) 5 Mb
--- >> bb4datainc.inc(489) 5 Mb
--- >>> FKMAXNA.inc(4) 5 Mb
--- >> bb4datainc.inc(494) 5 Mb
--- >>> FKEQNA.inc(4) 5 Mb
--- >> bb4datainc.inc(499) 5 Mb
--- >>> FGEMIN.inc(5) 5 Mb
--- >> bb4datainc.inc(504) 5 Mb
--- >>> FGEMAX.inc(4) 5 Mb
--- >> bb4datainc.inc(510) 5 Mb
--- >>> GMINF.inc(5) 5 Mb
--- >> bb4datainc.inc(516) 5 Mb
--- >>> GMAXF.inc(22) 5 Mb
--- >> bb4datainc.inc(522) 5 Mb
--- >>> GEQF.inc(45) 5 Mb
--- >> bb4datainc.inc(527) 5 Mb
--- >>> GMAXFS.inc(39) 5 Mb
--- >> bb4datainc.inc(532) 5 Mb
--- >>> WTRRSFLH.inc(14) 5 Mb
--- >> bb4datainc.inc(537) 5 Mb
--- >>> WTRRRFLH.inc(15) 5 Mb
--- >> bb4datainc.inc(543) 5 Mb
--- >>> WNDFLH.inc(51) 5 Mb
--- >> bb4datainc.inc(546) 5 Mb
--- >>> wndflhadditions.inc(15) 5 Mb
--- >> bb4datainc.inc(551) 5 Mb
--- >>> SOLEFLH.inc(42) 5 Mb
--- >> bb4datainc.inc(558) 5 Mb
--- >>> SOLHFLH.inc(34) 5 Mb
--- >> bb4datainc.inc(561) 5 Mb
--- >>> solhflhadditions.inc(13) 5 Mb
--- >> bb4datainc.inc(566) 5 Mb
--- >>> WAVEFLH.inc(14) 5 Mb
--- >> bb4datainc.inc(571) 5 Mb
--- >>> HYRSDATA.inc(25) 5 Mb
--- >> bb4datainc.inc(576) 5 Mb
--- >>> DISCOUNTRATE.inc(2) 5 Mb
--- >> bb4datainc.inc(581) 5 Mb
--- >>> LIFETIME_X.inc(2) 5 Mb
--- >> bb4datainc.inc(586) 5 Mb
--- >>> ANNUITYCG.inc(1228) 5 Mb
--- >> bb4datainc.inc(589) 5 Mb
--- >>> annuitycgadditions.inc(3) 5 Mb
--- >>>> hydrogen_annuitycgadditions.inc(3) 5 Mb
--- >>>>> HYDROGEN_ANNUITYCG.inc(39) 5 Mb
--- >>>> hydrogen_annuitycgadditions.inc(4) 5 Mb
--- >>> annuitycgadditions.inc(3) 5 Mb
--- >> bb4datainc.inc(593) 5 Mb
--- >>> ANNUITYCX.inc(4) 5 Mb
--- >> bb4datainc.inc(598) 5 Mb
--- >>> GINVCOST.inc(3) 5 Mb
--- >> bb4datainc.inc(603) 5 Mb
--- >>> GOMVCOSTO.inc(6) 5 Mb
--- >> bb4datainc.inc(608) 5 Mb
--- >>> GOMVCOSTIN.inc(6) 5 Mb
--- >> bb4datainc.inc(613) 5 Mb
--- >>> GOMFCOST.inc(10) 5 Mb
--- >> bb4datainc.inc(618) 5 Mb
--- >>> GEFFRATE.inc(5) 5 Mb
--- >> bb4datainc.inc(623) 5 Mb
--- >>> DEFP_BASE.inc(10) 5 Mb
--- >> bb4datainc.inc(628) 5 Mb
--- >>> DHFP_BASE.inc(35) 5 Mb
--- >> bb4datainc.inc(633) 5 Mb
--- >>> GKF_LO.inc(4) 5 Mb
--- >> bb4datainc.inc(646) 5 Mb
--- >>> DE.inc(58) 5 Mb
--- >> bb4datainc.inc(649) 5 Mb
--- >>> deadditions.inc(17) 5 Mb
--- >> bb4datainc.inc(657) 5 Mb
--- >>> DH.inc(158) 5 Mb
--- >> bb4datainc.inc(660) 5 Mb
--- >>> dhadditions.inc(13) 5 Mb
--- >> bb4datainc.inc(667) 5 Mb
--- >>> XINVCOST.inc(66) 5 Mb
--- >> bb4datainc.inc(670) 5 Mb
--- >>> xinvcostadditions.inc(10) 5 Mb
--- >> bb4datainc.inc(674) 5 Mb
--- >>> XKFX.inc(58) 5 Mb
--- >> bb4datainc.inc(679) 5 Mb
--- >>> XCOST.inc(29) 5 Mb
--- >> bb4datainc.inc(682) 5 Mb
--- >>> xcostadditions.inc(10) 5 Mb
--- >> bb4datainc.inc(686) 5 Mb
--- >>> XLOSS.inc(40) 5 Mb
--- >> bb4datainc.inc(689) 5 Mb
--- >>> xlossadditions.inc(10) 5 Mb
--- >> bb4datainc.inc(695) 5 Mb
--- >>> XKRATE.inc(11) 5 Mb
--- >> bb4datainc.inc(700) 5 Mb
--- >>> XMAXINV.inc(55) 5 Mb
--- >> bb4datainc.inc(709) 5 Mb
--- >>> FUELPRICE.inc(67) 5 Mb
--- >> bb4datainc.inc(712) 5 Mb
--- >>> fuelpriceadditions.inc(1) 5 Mb
--- >>>> hydrogen_fuelpriceadditions.inc(3) 5 Mb
--- >>>>> HYDROGEN_FUELPRICE.inc(1) 5 Mb
--- >>>> hydrogen_fuelpriceadditions.inc(4) 5 Mb
--- >>> fuelpriceadditions.inc(2) 5 Mb
--- >> bb4datainc.inc(720) 5 Mb
--- >>> EMI_POL.inc(52) 5 Mb
--- >> bb4datainc.inc(725) 5 Mb
--- >>> EMI_POLNA.inc(7) 5 Mb
--- >> bb4datainc.inc(734) 5 Mb
--- >>> WEIGHT_S.inc(7) 5 Mb
--- >> bb4datainc.inc(739) 5 Mb
--- >>> WEIGHT_T.inc(8) 5 Mb
--- >> bb4datainc.inc(744) 5 Mb
--- >>> CHRONOHOUR.inc(4) 5 Mb
--- >> bb4datainc.inc(749) 5 Mb
--- >>> SSIZE.inc(3) 5 Mb
--- >> bb4datainc.inc(755) 5 Mb
--- >>> GKRATE.inc(93) 5 Mb
--- >> bb4datainc.inc(760) 5 Mb
--- >>> DE_VAR_T.inc(17494) 10 Mb
--- >> bb4datainc.inc(763) 10 Mb
--- >>> de_var_tadditions.inc(13) 10 Mb
--- >> bb4datainc.inc(767) 10 Mb
--- >>> DH_VAR_T.inc(8797) 13 Mb
--- >> bb4datainc.inc(770) 13 Mb
--- >>> dh_var_tadditions.inc(13) 13 Mb
--- >> bb4datainc.inc(774) 13 Mb
--- >>> WTRRSVAR_S.inc(51) 13 Mb
--- >> bb4datainc.inc(779) 13 Mb
--- >>> WTRRRVAR_T.inc(74) 13 Mb
--- >> bb4datainc.inc(784) 13 Mb
--- >>> WND_VAR_T.inc(8743) 18 Mb
--- >>>> WND_VAR_T2.inc(8992) 20 Mb
--- >>> WND_VAR_T.inc(8992) 20 Mb
--- >> bb4datainc.inc(787) 20 Mb
--- >>> wnd_var_tadditions.inc(15) 20 Mb
--- >> bb4datainc.inc(791) 20 Mb
--- >>> SOLE_VAR_T.inc(8748) 25 Mb
--- >> bb4datainc.inc(796) 25 Mb
--- >>> SOLH_VAR_T.inc(8758) 28 Mb
--- >> bb4datainc.inc(799) 28 Mb
--- >>> solh_var_tadditions.inc(13) 28 Mb
--- >> bb4datainc.inc(803) 28 Mb
--- >>> WAVE_VAR_T.inc(3) 28 Mb
--- >> bb4datainc.inc(808) 28 Mb
--- >>> X3FX.inc(29) 28 Mb
--- >> bb4datainc.inc(813) 28 Mb
--- >>> X3FX_VAR_T.inc(17494) 29 Mb
--- >> bb4datainc.inc(818) 29 Mb
--- >>> HYPPROFILS.inc(20) 29 Mb
--- >> bb4datainc.inc(824) 29 Mb
--- >>> YMODEL.inc(10) 29 Mb
--- >> bb4datainc.inc(826) 29 Mb
--- >>> YMODELDELTA.inc(11) 29 Mb
--- >> bb4datainc.inc(840) 29 Mb
--- >>> OMONEY.inc(3) 29 Mb
--- >> bb4datainc.inc(845) 29 Mb
--- >>> PENALTYQ.inc(5) 29 Mb
--- >> bb4datainc.inc(850) 29 Mb
--- >>> XES.inc(4) 29 Mb
--- >> bb4datainc.inc(856) 29 Mb
--- >>> pardeclare.inc(24) 29 Mb
--- >>>> hydrogen_pardeclare.inc(58) 29 Mb
--- >>> pardeclare.inc(31) 29 Mb
--- >>>> DECOM_pardeclare.inc(2) 29 Mb
--- >>> pardeclare.inc(38) 29 Mb
--- >> bb4datainc.inc(857) 29 Mb
--- >>> pardefine.inc(26) 29 Mb
--- >>>> hydrogen_pardefine.inc(3) 29 Mb
--- >>>>> HYDROGEN_DH2.inc(25) 29 Mb
--- >>>> hydrogen_pardefine.inc(8) 29 Mb
--- >>>>> HYDROGEN_DH2_VAR_T.inc(5) 29 Mb
--- >>>> hydrogen_pardefine.inc(13) 29 Mb
--- >>>>> HYDROGEN_DISLOSS_H2.inc(2) 29 Mb
--- >>>> hydrogen_pardefine.inc(22) 29 Mb
--- >>>>> HYDROGEN_DAC_DE.inc(2) 29 Mb
--- >>>> hydrogen_pardefine.inc(25) 29 Mb
--- >>>>> HYDROGEN_DAC_DH.inc(2) 29 Mb
--- >>>> hydrogen_pardefine.inc(28) 29 Mb
--- >>>>> HYDROGEN_METHANATION_DE.inc(5) 29 Mb
--- >>>> hydrogen_pardefine.inc(31) 29 Mb
--- >>>>> HYDROGEN_METHANATION_DH2.inc(6) 29 Mb
--- >>>> hydrogen_pardefine.inc(34) 29 Mb
--- >>>>> HYDROGEN_BIOGASUPGRADING_DE.inc(5) 29 Mb
--- >>>> hydrogen_pardefine.inc(37) 29 Mb
--- >>>>> HYDROGEN_XH2KFX.inc(2) 29 Mb
--- >>>> hydrogen_pardefine.inc(40) 29 Mb
--- >>>>> HYDROGEN_XH2INVCOST.inc(96) 29 Mb
--- >>>> hydrogen_pardefine.inc(43) 29 Mb
--- >>>>> HYDROGEN_XH2INVCOST_NGTOH2.inc(2) 29 Mb
--- >>>> hydrogen_pardefine.inc(46) 29 Mb
--- >>>>> HYDROGEN_XH2COST.inc(2) 29 Mb
--- >>>> hydrogen_pardefine.inc(49) 29 Mb
--- >>>>> HYDROGEN_XH2LOSS.inc(79) 29 Mb
--- >>>> hydrogen_pardefine.inc(52) 29 Mb
--- >>>>> HYDROGEN_XH2KRATE.inc(2) 29 Mb
--- >>>> hydrogen_pardefine.inc(55) 29 Mb
--- >>>>> HYDROGEN_ANNUITYCXH2.inc(4) 29 Mb
--- >>>> hydrogen_pardefine.inc(58) 29 Mb
--- >>>>> HYDROGEN_XH2MAXK_NGTOH2.inc(2) 29 Mb
--- >>>> hydrogen_pardefine.inc(61) 29 Mb
--- >>>>> HYDROGEN_LIFETIME_XH2.inc(2) 29 Mb
--- >>>> hydrogen_pardefine.inc(65) 29 Mb
--- >>>>> HYDROGEN_XH2INVCOST_ES.inc(15) 29 Mb
--- >>>> hydrogen_pardefine.inc(68) 29 Mb
--- >>>>> HYDROGEN_XH2KN_ES.inc(14) 29 Mb
--- >>>> hydrogen_pardefine.inc(70) 29 Mb
--- >>> pardefine.inc(38) 29 Mb
--- >>>> DECOM_pardefine.inc(3) 29 Mb
--- >>> pardefine.inc(50) 29 Mb
--- >> bb4datainc.inc(859) 29 Mb
--- > Balmorelbb4.inc(475) 29 Mb
--- >> isetdecdef.inc(13) 29 Mb
--- >>> hydrogen_isetdecdef.inc(61) 29 Mb
--- >> isetdecdef.inc(25) 29 Mb
--- >>> DECOM_isetdecdef.inc(8) 29 Mb
--- >> isetdecdef.inc(33) 29 Mb
--- > Balmorelbb4.inc(926) 29 Mb
--- >> ipardecdef.inc(11) 29 Mb
--- >>> hydrogen_ipardecdef.inc(106) 29 Mb
--- >> ipardecdef.inc(21) 29 Mb
--- >>> DECOM_ipardecdef.inc(93) 29 Mb
--- >> ipardecdef.inc(26) 29 Mb
--- > Balmorelbb4.inc(1041) 29 Mb
--- >> print1.inc(353) 29 Mb
--- > Balmorelbb4.inc(1046) 29 Mb
--- >> error2.inc(1119) 29 Mb
--- > Balmorelbb4.inc(1077) 29 Mb
--- >> reducecard.inc(4) 29 Mb
--- > Balmorelbb4.inc(1179) 29 Mb
--- >> vardeclare.inc(17) 29 Mb
--- >>> hydrogen_vardeclare.inc(21) 29 Mb
--- >> vardeclare.inc(29) 29 Mb
--- >>> DECOM_vardeclare.inc(20) 29 Mb
--- >> vardeclare.inc(43) 29 Mb
--- > Balmorelbb4.inc(1391) 29 Mb
--- >> qobj.inc(19) 29 Mb
--- >>> hydrogen_qobj.inc(88) 29 Mb
--- >> qobj.inc(31) 29 Mb
--- >>> DECOM_qobj.inc(10) 29 Mb
--- >> qobj.inc(42) 29 Mb
--- > Balmorelbb4.inc(1419) 29 Mb
--- >> qeeq.inc(11) 29 Mb
--- >>> hydrogen_qeeq.inc(14) 29 Mb
--- >> qeeq.inc(29) 29 Mb
--- > Balmorelbb4.inc(1436) 29 Mb
--- >> qheq.inc(15) 29 Mb
--- >>> hydrogen_qheq.inc(7) 29 Mb
--- >> qheq.inc(24) 29 Mb
--- > Balmorelbb4.inc(1468) 29 Mb
--- >> qgfeq.inc(16) 29 Mb
--- >>> hydrogen_qgfeq.inc(6) 29 Mb
--- >> qgfeq.inc(24) 29 Mb
--- > Balmorelbb4.inc(1489) 29 Mb
--- >> qgcbgbprbypass2.inc(12) 29 Mb
--- > Balmorelbb4.inc(1517) 29 Mb
--- >> qgcvgext.inc(12) 29 Mb
--- > Balmorelbb4.inc(1538) 29 Mb
--- >> qgcvgextbypass1.inc(12) 29 Mb
--- > Balmorelbb4.inc(1547) 29 Mb
--- >> qgfeqextbypass1.inc(10) 29 Mb
--- > Balmorelbb4.inc(1555) 29 Mb
--- >> qgfeqextbypass2.inc(10) 29 Mb
--- > Balmorelbb4.inc(1564) 29 Mb
--- >> qggetoh.inc(4) 29 Mb
--- > Balmorelbb4.inc(1590) 29 Mb
--- >> qhyrsseq.inc(10) 29 Mb
--- > Balmorelbb4.inc(1601) 29 Mb
--- >> qhyrsminvol.inc(8) 29 Mb
--- > Balmorelbb4.inc(1613) 29 Mb
--- >> qhyrsmaxvol.inc(8) 29 Mb
--- > Balmorelbb4.inc(1629) 29 Mb
--- >> qhymaxg.inc(8) 29 Mb
--- > Balmorelbb4.inc(1643) 29 Mb
--- >> qestovolt.inc(8) 29 Mb
--- > Balmorelbb4.inc(1656) 29 Mb
--- >> qestovolts.inc(11) 29 Mb
--- > Balmorelbb4.inc(1666) 29 Mb
--- >> qhstovolt.inc(8) 29 Mb
--- > Balmorelbb4.inc(1679) 29 Mb
--- >> qhstovolts.inc(10) 29 Mb
--- > Balmorelbb4.inc(1839) 29 Mb
--- >> qkefuelc.inc(8) 29 Mb
--- > Balmorelbb4.inc(1850) 29 Mb
--- >> qkefuelr.inc(8) 29 Mb
--- > Balmorelbb4.inc(1861) 29 Mb
--- >> qkefuela.inc(8) 29 Mb
--- > Balmorelbb4.inc(1914) 29 Mb
--- >> qgeqcf.inc(8) 29 Mb
--- > Balmorelbb4.inc(1932) 29 Mb
--- >> qgeqrf.inc(8) 29 Mb
--- > Balmorelbb4.inc(1949) 29 Mb
--- >> qgeqaf.inc(8) 29 Mb
--- > Balmorelbb4.inc(2072) 29 Mb
--- >> qktechgroupc.inc(8) 29 Mb
--- > Balmorelbb4.inc(2083) 29 Mb
--- >> qktechgroupr.inc(8) 29 Mb
--- > Balmorelbb4.inc(2094) 29 Mb
--- >> qktechgroupa.inc(8) 29 Mb
--- > Balmorelbb4.inc(2147) 29 Mb
--- >> qxk_up.inc(8) 29 Mb
--- > Balmorelbb4.inc(2165) 29 Mb
--- >> qxknaccumnet.inc(8) 29 Mb
--- > Balmorelbb4.inc(2183) 29 Mb
--- >> qlimco2c.inc(10) 29 Mb
--- > Balmorelbb4.inc(2202) 29 Mb
--- >> qlimco2na.inc(10) 29 Mb
--- > Balmorelbb4.inc(2236) 29 Mb
--- >> qgknaccumnet.inc(3) 29 Mb
--- >>> DECOM_qgknaccumnet.inc(6) 29 Mb
--- >> qgknaccumnet.inc(9) 29 Mb
--- > Balmorelbb4.inc(2261) 29 Mb
--- >> qgke_up.inc(8) 29 Mb
--- > Balmorelbb4.inc(2271) 29 Mb
--- >> qgkh_up.inc(8) 29 Mb
--- > Balmorelbb4.inc(2382) 29 Mb
--- >> eqndecdef.inc(24) 29 Mb
--- >>> hydrogen_eqndecdef.inc(61) 29 Mb
--- >>>> qhydrogen_eq.inc(10) 29 Mb
--- >>> hydrogen_eqndecdef.inc(81) 29 Mb
--- >>>> qhydrogen_eq_area.inc(8) 29 Mb
--- >>> hydrogen_eqndecdef.inc(102) 29 Mb
--- >>>> qhydrogen_stovol.inc(10) 29 Mb
--- >>> hydrogen_eqndecdef.inc(167) 29 Mb
--- >>>> qbiomethane_stovolts.inc(7) 29 Mb
--- >>> hydrogen_eqndecdef.inc(257) 29 Mb
--- >> eqndecdef.inc(32) 29 Mb
--- >>> DECOM_eqndecdef.inc(68) 29 Mb
--- >> eqndecdef.inc(41) 29 Mb
--- > Balmorelbb4.inc(2534) 29 Mb
--- >> balbase4.inc(10) 29 Mb
--- >>> hydrogen_balbase4.inc(28) 29 Mb
--- >> balbase4.inc(21) 29 Mb
--- >>> DECOM_balbase4.inc(21) 29 Mb
--- >> balbase4.inc(30) 29 Mb
--- > Balmorelbb4.inc(2554) 29 Mb
--- >> error2.inc(15) 29 Mb
--- > Balmorelbb4.inc(2555) 29 Mb
--- >> errorBB4.inc(62) 29 Mb
--- > Balmorelbb4.inc(2582) 29 Mb
--- >> BB4overview.inc(114) 29 Mb
--- > Balmorelbb4.inc(2587) 29 Mb
--- >> Balmorelbb4.sim(223) 29 Mb
--- >>> sim.inc(24) 29 Mb
--- >>>> DECOM_sim.inc(6) 29 Mb
--- >>> sim.inc(27) 29 Mb
--- >>>> hydrogen_sim.inc(23) 29 Mb
--- >>> sim.inc(30) 29 Mb
--- >> Balmorelbb4.sim(224) 29 Mb
--- >>> varloupfx.inc(10) 29 Mb
--- >> Balmorelbb4.sim(277) 29 Mb
--- >>> solveend.inc(18) 29 Mb
--- >> Balmorelbb4.sim(282) 29 Mb
--- >>> balbase4.mss(120) 29 Mb
--- >> Balmorelbb4.sim(317) 29 Mb
--- >>> errorBB4.inc(62) 29 Mb
--- >> Balmorelbb4.sim(344) 29 Mb
--- >>> varassign.inc(4) 29 Mb
--- >>>> DECOM_varassign.inc(17) 29 Mb
--- >>> varassign.inc(6) 29 Mb
--- >>>> hydrogen_varassign.inc(7) 29 Mb
--- >>> varassign.inc(7) 29 Mb
--- >> Balmorelbb4.sim(367) 29 Mb
--- > Balmorelbb4.inc(2593) 29 Mb
--- >> OUTPUT_SUMMARY.inc(1901) 29 Mb
--- > Balmorelbb4.inc(2852) 29 Mb
--- Balmorel.gms(210) 29 Mb
--- Starting execution: elapsed 0:00:01.543
--- Balmorel.gms(57212) 66 Mb  6 secs
--- Balmorel.gms(93526) 66 Mb
--- GDX File (execute_unload) D:\DTU DOCs\LargeScale\Exercises\day_2\BalmorelSimpleModel\Balmorel\Project_base\output\temp\IWEIGHTY.gdx
--- Balmorel.gms(94322) 66 Mb
--- Balmorel.gms(95359) 70 Mb
--- GDX File (execute_unload) D:\DTU DOCs\LargeScale\Exercises\day_2\BalmorelSimpleModel\Balmorel\Project_base\output\inputout\INPUTDATAOUT.gdx
--- Balmorel.gms(98168) 71 Mb
--- Generating RMIP model BALBASE4
--- Balmorel.gms(98423) 265 Mb
--- LOOPS IYALIAS = 2030
---   566,893 rows  544,083 columns  2,034,434 non-zeroes
--- Range statistics (absolute non-zero finite values)
--- RHS       [min, max] : [ 5.994E-04, 2.893E+09] - Zero values observed as well
--- Bound     [min, max] : [ 2.736E-03, 3.705E+03] - Zero values observed as well
--- Matrix    [min, max] : [ 7.821E-10, 1.408E+02]
--- Executing CPLEX (Solvelink=2): elapsed 0:00:23.630

IBM ILOG CPLEX   53.5.1 f2e5fac3 May 20, 2026          WEI x86 64bit/MS Window

--- GAMS/CPLEX licensed for continuous and discrete problems.

Reading parameter(s) from "D:\DTU DOCs\LargeScale\Exercises\day_2\BalmorelSimpleModel\Balmorel\Project_base\Model\cplex.op4"
>>  * Option file 4 for CPLEX solver. For possible options, see the GAMS Solver Manual.
>>  * To use with CPLEX,  set  '$Setglobal USEOPTIONFILE 4' in balgams.opt.
>>  * Do not change this file, it is predefined.
>>  * To use other options with CPLEX, make and/or use some other file, see USEOPTIONFILE in balgams.opt.
>>  * "LPmethod  4": Barrier method
>>  * "Threads  -1": Use all available threads except 1.
>>  * If memory tight, set the Threads parameter to 1.
>> ~* advind is set to 0 by default since for large problems a better performance has been experienced. If 0, the optimization will no~
>> ~t use the previous solution to try to find the next run faster.
>> 
>>  LPmethod  4
>>  Threads  -1
>>  advind 0
>> 
>> 
Finished reading from "D:\DTU DOCs\LargeScale\Exercises\day_2\BalmorelSimpleModel\Balmorel\Project_base\Model\cplex.op4"

--- GMO setup time: 0.00s
--- Space for names approximately 71.65 Mb
--- Use option 'names no' to turn use of names off
--- GMO memory 219.00 Mb (peak 223.15 Mb)
--- Dictionary memory 0.00 Mb
--- Cplex 22.1.2.0 link memory 16.87 Mb (peak 119.68 Mb)
--- Starting Cplex

Version identifier: 22.1.2.0 | 2024-11-25 | 0edbb82fd
CPXPARAM_Advance                                 0
CPXPARAM_LPMethod                                4
CPXPARAM_Threads                                 7
CPXPARAM_Parallel                                1
CPXPARAM_MIP_Display                             4
CPXPARAM_MIP_Pool_Capacity                       0
CPXPARAM_Barrier_Limits_Iteration                2000000000
CPXPARAM_TimeLimit                               1209600
CPXPARAM_MIP_Tolerances_AbsMIPGap                0
CPXPARAM_MIP_Tolerances_MIPGap                   9.9999999999999995e-07
Tried aggregator 1 time.
DUAL formed by presolve
LP Presolve eliminated 282050 rows and 277351 columns.
Aggregator did 86580 substitutions.
Reduced LP has 180158 rows, 214923 columns, and 734561 nonzeros.
Presolve time = 2.77 sec. (2413.53 ticks)
Parallel mode: using up to 7 threads for barrier.

***NOTE: Found 56 dense columns.

Number of nonzeros in lower triangle of A*A' = 4247233
Using Nested Dissection ordering
Total time for automatic ordering = 9.80 sec. (8996.74 ticks)
Summary statistics for Cholesky factor:
  Threads                   = 7
  Rows in Factor            = 180214
  Integer space required    = 1202716
  Total non-zeros in factor = 29882732
  Total FP ops to factor    = 11335544270
 Itn      Primal Obj        Dual Obj  Prim Inf Upper Inf  Dual Inf Inf Ratio
   0  -5.1627005e+13   2.2919736e+10  2.43e+10  0.00e+00  1.49e+10  1.00e+00
   1  -1.3418394e+13   1.1259316e+12  6.88e+09  0.00e+00  5.13e+09  9.24e-09
   2  -6.3584466e+12   1.0333580e+12  3.22e+09  0.00e+00  4.75e+09  1.27e-08
   3  -6.0836484e+12   5.4537467e+11  2.97e+09  0.00e+00  4.17e+09  1.09e-08
   4  -3.3235292e+12   2.0967663e+11  1.59e+09  0.00e+00  2.16e+09  1.21e-08
   5  -9.6193580e+11   9.1179280e+10  4.66e+08  0.00e+00  8.09e+08  2.37e-08
   6  -6.9854334e+11   3.8530840e+10  3.41e+08  0.00e+00  1.98e+08  8.92e-08
   7  -2.4612579e+11   9.6889564e+10  1.56e+08  0.00e+00  7.88e+07  2.28e-07
   8  -7.1649779e+10   9.4633000e+10  7.55e+07  0.00e+00  4.50e+07  4.16e-07
   9  -1.6372533e+10   8.8189519e+10  4.75e+07  0.00e+00  2.81e+07  6.95e-07
  10   1.0523902e+10   8.4828743e+10  3.30e+07  0.00e+00  2.24e+07  8.91e-07
  11   2.5059136e+10   8.3091794e+10  2.53e+07  0.00e+00  1.92e+07  1.05e-06
  12   3.1615602e+10   8.2686919e+10  2.19e+07  0.00e+00  1.83e+07  1.11e-06
  13   3.9192706e+10   8.2573450e+10  1.80e+07  0.00e+00  1.81e+07  1.13e-06
  14   4.3462286e+10   8.1057476e+10  1.57e+07  0.00e+00  1.53e+07  1.36e-06
  15   4.7643185e+10   7.9353885e+10  1.35e+07  0.00e+00  1.20e+07  1.79e-06
  16   5.3835014e+10   7.8093290e+10  1.03e+07  0.00e+00  9.28e+06  2.39e-06
  17   5.7549042e+10   7.7209444e+10  8.37e+06  0.00e+00  7.49e+06  3.04e-06
  18   6.1626717e+10   7.6559099e+10  6.27e+06  0.00e+00  6.05e+06  3.86e-06
  19   6.2923035e+10   7.6248972e+10  5.62e+06  0.00e+00  5.27e+06  4.48e-06
  20   6.3105376e+10   7.5859124e+10  5.53e+06  0.00e+00  4.50e+06  5.31e-06
  21   6.6257410e+10   7.5470448e+10  3.93e+06  0.00e+00  3.54e+06  6.92e-06
  22   6.7858287e+10   7.5233372e+10  3.10e+06  0.00e+00  3.02e+06  8.25e-06
  23   6.8324677e+10   7.5060939e+10  2.87e+06  0.00e+00  2.55e+06  9.88e-06
  24   6.8919734e+10   7.5010533e+10  2.59e+06  0.00e+00  2.37e+06  1.07e-05
  25   6.9151919e+10   7.4919890e+10  2.46e+06  0.00e+00  2.21e+06  1.15e-05
  26   7.0338968e+10   7.4801577e+10  1.88e+06  0.00e+00  1.84e+06  1.41e-05
  27   7.0479028e+10   7.4769669e+10  1.82e+06  0.00e+00  1.68e+06  1.55e-05
  28   7.0683766e+10   7.4712076e+10  1.71e+06  0.00e+00  1.59e+06  1.65e-05
  29   7.1011546e+10   7.4685796e+10  1.56e+06  0.00e+00  1.39e+06  1.90e-05
  30   7.1431415e+10   7.4664203e+10  1.37e+06  0.00e+00  1.21e+06  2.21e-05
  31   7.1467386e+10   7.4668582e+10  1.36e+06  0.00e+00  1.17e+06  2.28e-05
  32   7.1813247e+10   7.4637905e+10  1.20e+06  0.00e+00  9.25e+05  2.92e-05
  33   7.2143682e+10   7.4614610e+10  1.06e+06  0.00e+00  6.95e+05  3.93e-05
  34   7.2361309e+10   7.4589922e+10  9.61e+05  0.00e+00  5.49e+05  5.01e-05
  35   7.2675566e+10   7.4545473e+10  8.12e+05  0.00e+00  4.24e+05  6.52e-05
  36   7.2883036e+10   7.4524004e+10  7.18e+05  0.00e+00  3.23e+05  8.54e-05
  37   7.3132731e+10   7.4508878e+10  6.03e+05  0.00e+00  2.62e+05  1.05e-04
  38   7.3305962e+10   7.4486010e+10  5.22e+05  0.00e+00  1.97e+05  1.39e-04
  39   7.3412844e+10   7.4474409e+10  4.71e+05  0.00e+00  1.67e+05  1.62e-04
  40   7.3527799e+10   7.4466864e+10  4.16e+05  0.00e+00  1.52e+05  1.78e-04
  41   7.3613215e+10   7.4441035e+10  3.74e+05  0.00e+00  1.08e+05  2.47e-04
  42   7.3713788e+10   7.4432295e+10  3.25e+05  0.00e+00  9.21e+04  2.86e-04
  43   7.3747680e+10   7.4415353e+10  3.08e+05  0.00e+00  6.85e+04  3.76e-04
  44   7.3816144e+10   7.4407468e+10  2.74e+05  0.00e+00  5.63e+04  4.47e-04
  45   7.3912427e+10   7.4395763e+10  2.26e+05  0.00e+00  4.20e+04  5.76e-04
  46   7.3956365e+10   7.4383012e+10  2.03e+05  0.00e+00  3.15e+04  7.39e-04
  47   7.3977742e+10   7.4375952e+10  1.92e+05  0.00e+00  2.61e+04  8.63e-04
  48   7.4013886e+10   7.4365544e+10  1.72e+05  0.00e+00  1.88e+04  1.12e-03
  49   7.4042340e+10   7.4360877e+10  1.57e+05  0.00e+00  1.61e+04  1.26e-03
  50   7.4079800e+10   7.4355287e+10  1.36e+05  0.00e+00  1.35e+04  1.45e-03
  51   7.4091403e+10   7.4347605e+10  1.30e+05  0.00e+00  1.06e+04  1.74e-03
  52   7.4106526e+10   7.4346038e+10  1.21e+05  0.00e+00  1.00e+04  1.82e-03
  53   7.4147336e+10   7.4343582e+10  9.74e+04  0.00e+00  9.24e+03  1.93e-03
  54   7.4177627e+10   7.4337552e+10  7.85e+04  0.00e+00  7.85e+03  2.20e-03
  55   7.4194264e+10   7.4331164e+10  6.75e+04  0.00e+00  6.61e+03  2.54e-03
  56   7.4206264e+10   7.4325426e+10  5.94e+04  0.00e+00  5.60e+03  2.92e-03
  57   7.4218771e+10   7.4321675e+10  5.06e+04  0.00e+00  4.99e+03  3.23e-03
  58   7.4226958e+10   7.4314851e+10  4.47e+04  0.00e+00  3.96e+03  3.94e-03
  59   7.4236380e+10   7.4309005e+10  3.77e+04  0.00e+00  3.12e+03  4.83e-03
  60   7.4241444e+10   7.4301672e+10  3.39e+04  0.00e+00  2.14e+03  6.66e-03
  61   7.4246999e+10   7.4295407e+10  2.96e+04  0.00e+00  1.30e+03  9.79e-03
  62   7.4251154e+10   7.4292752e+10  2.64e+04  0.00e+00  9.72e+02  1.21e-02
  63   7.4258248e+10   7.4290819e+10  2.07e+04  0.00e+00  7.54e+02  1.45e-02
  64   7.4259737e+10   7.4290514e+10  1.94e+04  0.00e+00  7.27e+02  1.49e-02
  65   7.4261832e+10   7.4289826e+10  1.76e+04  0.00e+00  6.69e+02  1.59e-02
  66   7.4263441e+10   7.4287594e+10  1.61e+04  0.00e+00  4.91e+02  2.01e-02
  67   7.4265253e+10   7.4286217e+10  1.45e+04  0.00e+00  3.85e+02  2.41e-02
  68   7.4266376e+10   7.4285650e+10  1.34e+04  0.00e+00  3.44e+02  2.61e-02
  69   7.4268931e+10   7.4284476e+10  1.10e+04  0.00e+00  2.64e+02  3.15e-02
  70   7.4271248e+10   7.4283421e+10  8.72e+03  0.00e+00  2.02e+02  3.83e-02
  71   7.4272832e+10   7.4282231e+10  7.02e+03  0.00e+00  1.43e+02  5.00e-02
  72   7.4274165e+10   7.4281703e+10  5.51e+03  0.00e+00  1.19e+02  5.74e-02
  73   7.4275317e+10   7.4281089e+10  4.11e+03  0.00e+00  9.48e+01  6.90e-02
  74   7.4275655e+10   7.4280794e+10  3.66e+03  0.00e+00  8.45e+01  7.62e-02
  75   7.4276099e+10   7.4280402e+10  3.04e+03  0.00e+00  7.13e+01  8.83e-02
  76   7.4276231e+10   7.4280260e+10  2.85e+03  0.00e+00  6.66e+01  9.37e-02
  77   7.4276679e+10   7.4279695e+10  2.20e+03  0.00e+00  4.86e+01  1.24e-01
  78   7.4277272e+10   7.4279276e+10  1.27e+03  0.00e+00  3.59e+01  1.61e-01
  79   7.4277493e+10   7.4278987e+10  8.39e+02  0.00e+00  2.83e+01  2.02e-01
  80   7.4277741e+10   7.4278308e+10  2.68e+02  0.00e+00  1.13e+01  5.03e-01
  81   7.4277761e+10   7.4277985e+10  2.18e+02  0.00e+00  3.39e+00  1.70e+00
  82   7.4277827e+10   7.4277897e+10  6.34e+01  0.00e+00  1.11e+00  4.89e+00
  83   7.4277844e+10   7.4277858e+10  1.51e+01  0.00e+00  2.00e-01  2.54e+01
  84   7.4277845e+10   7.4277858e+10  1.45e+01  0.00e+00  1.97e-01  2.59e+01
Barrier time = 80.02 sec. (45908.92 ticks)
Parallel mode: deterministic, using up to 7 threads for concurrent optimization:
 * Starting dual Simplex on 1 thread...
 * Starting primal Simplex on 1 thread...

Dual crossover.
  Dual:  Fixing 18464 variables.
    18463 DMoves:  Infeasibility  4.76095071e+01  Objective  7.42778416e+10
    17352 DMoves:  Infeasibility  4.70675472e+01  Objective  7.42778416e+10
    16444 DMoves:  Infeasibility  4.66274201e+01  Objective  7.42778415e+10
    15054 DMoves:  Infeasibility  4.48867528e+01  Objective  7.42778420e+10
    13656 DMoves:  Infeasibility  4.45785041e+01  Objective  7.42778420e+10
    12862 DMoves:  Infeasibility  4.41087349e+01  Objective  7.42778420e+10
    11994 DMoves:  Infeasibility  3.41058243e+01  Objective  7.42778420e+10
    11328 DMoves:  Infeasibility  3.37300927e+01  Objective  7.42778420e+10
    10612 DMoves:  Infeasibility  3.23313052e+01  Objective  7.42778423e+10
     9770 DMoves:  Infeasibility  3.19069186e+01  Objective  7.42778424e+10
     8986 DMoves:  Infeasibility  3.14620636e+01  Objective  7.42778425e+10
     8201 DMoves:  Infeasibility  3.06689248e+01  Objective  7.42778416e+10
     7459 DMoves:  Infeasibility  2.99218551e+01  Objective  7.42778422e+10
     6894 DMoves:  Infeasibility  2.97631121e+01  Objective  7.42778388e+10
     6171 DMoves:  Infeasibility  2.90170399e+01  Objective  7.42778484e+10
     5643 DMoves:  Infeasibility  2.80038838e+01  Objective  7.42778470e+10
     3391 DMoves:  Infeasibility  1.98495094e+07  Objective  7.42734508e+10
     1846 DMoves:  Infeasibility  1.94998686e+07  Objective  7.42680012e+10
      761 DMoves:  Infeasibility  1.85926563e+07  Objective  7.42671492e+10
        0 DMoves:  Infeasibility  1.68965789e+07  Objective  7.42654858e+10
  Dual:  Pushed 3129, exchanged 15335.
  Primal:  Fixing 161014 variables.
   161013 PMoves:  Infeasibility  1.92089149e+01  Objective  7.42644809e+10
   154538 PMoves:  Infeasibility  4.15773529e-01  Objective  7.42644581e+10
   150852 PMoves:  Infeasibility  2.69102349e-01  Objective  7.42644669e+10
Removing shift (620).

Primal simplex solved model.

Total crossover time = 10.73 sec. (5210.98 ticks)

Total time on 7 threads = 93.58 sec. (53556.43 ticks)

--- LP status (1): optimal.
--- Cplex Time: 93.58sec (det. 53558.05 ticks)


Optimal solution found
Simplex iterations after crossover: 0
Objective:  74277848755.196182

--- Reading solution for model BALBASE4
--- Balmorel.gms(98423) 265 Mb  97 secs
--- GDX Point D:\DTU DOCs\LargeScale\Exercises\day_2\BalmorelSimpleModel\Balmorel\Project_base\Model\BALBASE4_p.gdx
--- Executing after solve: elapsed 0:02:00.999
--- Balmorel.gms(98168) 265 Mb
--- Generating RMIP model BALBASE4
--- Balmorel.gms(98423) 426 Mb
--- LOOPS IYALIAS = 2050
---   811,986 rows  765,191 columns  2,867,722 non-zeroes
--- Range statistics (absolute non-zero finite values)
--- RHS       [min, max] : [ 5.994E-04, 2.893E+09] - Zero values observed as well
--- Bound     [min, max] : [ 2.736E-03, 1.018E+05] - Zero values observed as well
--- Matrix    [min, max] : [ 3.570E-10, 1.408E+02]
--- Executing CPLEX (Solvelink=2): elapsed 0:02:08.621

IBM ILOG CPLEX   53.5.1 f2e5fac3 May 20, 2026          WEI x86 64bit/MS Window

--- GAMS/CPLEX licensed for continuous and discrete problems.

Reading parameter(s) from "D:\DTU DOCs\LargeScale\Exercises\day_2\BalmorelSimpleModel\Balmorel\Project_base\Model\cplex.op4"
>>  * Option file 4 for CPLEX solver. For possible options, see the GAMS Solver Manual.
>>  * To use with CPLEX,  set  '$Setglobal USEOPTIONFILE 4' in balgams.opt.
>>  * Do not change this file, it is predefined.
>>  * To use other options with CPLEX, make and/or use some other file, see USEOPTIONFILE in balgams.opt.
>>  * "LPmethod  4": Barrier method
>>  * "Threads  -1": Use all available threads except 1.
>>  * If memory tight, set the Threads parameter to 1.
>> ~* advind is set to 0 by default since for large problems a better performance has been experienced. If 0, the optimization will no~
>> ~t use the previous solution to try to find the next run faster.
>> 
>>  LPmethod  4
>>  Threads  -1
>>  advind 0
>> 
>> 
Finished reading from "D:\DTU DOCs\LargeScale\Exercises\day_2\BalmorelSimpleModel\Balmorel\Project_base\Model\cplex.op4"

--- GMO setup time: 0.00s
--- Space for names approximately 105.67 Mb
--- Use option 'names no' to turn use of names off
--- GMO memory 309.63 Mb (peak 315.46 Mb)
--- Dictionary memory 0.00 Mb
--- Cplex 22.1.2.0 link memory 23.89 Mb (peak 173.55 Mb)
--- Starting Cplex

Version identifier: 22.1.2.0 | 2024-11-25 | 0edbb82fd
CPXPARAM_Advance                                 0
CPXPARAM_LPMethod                                4
CPXPARAM_Threads                                 7
CPXPARAM_Parallel                                1
CPXPARAM_MIP_Display                             4
CPXPARAM_MIP_Pool_Capacity                       0
CPXPARAM_Barrier_Limits_Iteration                2000000000
CPXPARAM_TimeLimit                               1209600
CPXPARAM_MIP_Tolerances_AbsMIPGap                0
CPXPARAM_MIP_Tolerances_MIPGap                   9.9999999999999995e-07
Tried aggregator 1 time.
DUAL formed by presolve
LP Presolve eliminated 545906 rows and 521388 columns.
Aggregator did 90508 substitutions.
Reduced LP has 153301 rows, 188413 columns, and 625959 nonzeros.
Presolve time = 4.25 sec. (3069.39 ticks)
Parallel mode: using up to 7 threads for barrier.

***NOTE: Found 56 dense columns.

Number of nonzeros in lower triangle of A*A' = 2809975
Using Nested Dissection ordering
Total time for automatic ordering = 4.45 sec. (2786.80 ticks)
Summary statistics for Cholesky factor:
  Threads                   = 7
  Rows in Factor            = 153357
  Integer space required    = 1047266
  Total non-zeros in factor = 22635616
  Total FP ops to factor    = 8171795888
 Itn      Primal Obj        Dual Obj  Prim Inf Upper Inf  Dual Inf Inf Ratio
   0  -2.0479544e+13   1.6094877e+10  7.86e+09  0.00e+00  1.26e+10  1.00e+00
   1  -4.5299961e+12   3.7878584e+11  1.89e+09  0.00e+00  3.30e+09  1.63e-08
   2  -4.0661021e+12   1.3696995e+11  1.51e+09  0.00e+00  3.00e+09  1.48e-08
   3  -2.4292785e+12   1.0141598e+11  9.11e+08  0.00e+00  1.27e+09  1.56e-08
   4  -1.0818589e+12   6.7254171e+10  4.10e+08  0.00e+00  7.25e+08  2.38e-08
   5  -4.1898623e+11   6.0847619e+10  1.72e+08  0.00e+00  2.12e+08  7.74e-08
   6  -1.2614763e+11   6.2173703e+10  6.73e+07  0.00e+00  6.17e+07  3.25e-07
   7  -9.1747265e+10   6.2347169e+10  5.50e+07  0.00e+00  4.37e+07  4.82e-07
   8  -6.6922226e+10   6.2882853e+10  4.62e+07  0.00e+00  2.48e+07  9.23e-07
   9  -3.1128504e+10   6.2462795e+10  3.33e+07  0.00e+00  1.91e+07  1.21e-06
  10  -4.5390440e+09   6.1447570e+10  2.32e+07  0.00e+00  1.57e+07  1.51e-06
  11  -2.2715583e+09   6.0996331e+10  2.23e+07  0.00e+00  1.50e+07  1.58e-06
  12   7.7423853e+09   5.8598339e+10  1.82e+07  0.00e+00  1.10e+07  2.24e-06
  13   1.2204399e+10   5.7044705e+10  1.63e+07  0.00e+00  8.63e+06  2.91e-06
  14   1.8072194e+10   5.5903486e+10  1.39e+07  0.00e+00  6.88e+06  3.70e-06
  15   2.3764627e+10   5.5012807e+10  1.15e+07  0.00e+00  5.57e+06  4.60e-06
  16   2.8607606e+10   5.4048967e+10  9.46e+06  0.00e+00  4.28e+06  6.03e-06
  17   3.1445249e+10   5.3575013e+10  8.24e+06  0.00e+00  3.68e+06  7.03e-06
  18   3.4788667e+10   5.3201203e+10  6.77e+06  0.00e+00  3.27e+06  7.94e-06
  19   3.8226079e+10   5.2823303e+10  5.18e+06  0.00e+00  2.94e+06  8.89e-06
  20   4.0321403e+10   5.2167727e+10  4.15e+06  0.00e+00  2.47e+06  1.07e-05
  21   4.2996428e+10   5.1632332e+10  2.80e+06  0.00e+00  2.10e+06  1.28e-05
  22   4.3569211e+10   5.1508862e+10  2.49e+06  0.00e+00  2.03e+06  1.34e-05
  23   4.4275785e+10   5.0825323e+10  2.10e+06  0.00e+00  1.62e+06  1.70e-05
  24   4.4912608e+10   5.0676859e+10  1.75e+06  0.00e+00  1.54e+06  1.81e-05
  25   4.5899156e+10   5.0499925e+10  1.19e+06  0.00e+00  1.43e+06  1.96e-05
  26   4.6128204e+10   5.0033558e+10  1.05e+06  0.00e+00  1.18e+06  2.42e-05
  27   4.6599723e+10   4.9312044e+10  7.65e+05  0.00e+00  7.87e+05  3.80e-05
  28   4.6758938e+10   4.9055196e+10  6.76e+05  0.00e+00  6.37e+05  4.76e-05
  29   4.7054454e+10   4.8874254e+10  5.09e+05  0.00e+00  5.32e+05  5.74e-05
  30   4.7186220e+10   4.8699245e+10  4.29e+05  0.00e+00  4.37e+05  7.08e-05
  31   4.7305025e+10   4.8596916e+10  3.56e+05  0.00e+00  3.82e+05  8.15e-05
  32   4.7325226e+10   4.8566333e+10  3.42e+05  0.00e+00  3.67e+05  8.51e-05
  33   4.7350018e+10   4.8548281e+10  3.26e+05  0.00e+00  3.58e+05  8.75e-05
  34   4.7392004e+10   4.8463221e+10  2.99e+05  0.00e+00  3.14e+05  1.01e-04
  35   4.7456402e+10   4.8428365e+10  2.58e+05  0.00e+00  2.96e+05  1.07e-04
  36   4.7477260e+10   4.8375574e+10  2.45e+05  0.00e+00  2.68e+05  1.19e-04
  37   4.7523941e+10   4.8309538e+10  2.16e+05  0.00e+00  2.33e+05  1.39e-04
  38   4.7590138e+10   4.8286902e+10  1.75e+05  0.00e+00  2.21e+05  1.47e-04
  39   4.7601950e+10   4.8281251e+10  1.67e+05  0.00e+00  2.18e+05  1.49e-04
  40   4.7642311e+10   4.8176503e+10  1.41e+05  0.00e+00  1.64e+05  2.02e-04
  41   4.7686466e+10   4.8136398e+10  1.14e+05  0.00e+00  1.43e+05  2.35e-04
  42   4.7713052e+10   4.8087324e+10  9.68e+04  0.00e+00  1.17e+05  2.91e-04
  43   4.7746995e+10   4.8051025e+10  7.63e+04  0.00e+00  9.70e+04  3.55e-04
  44   4.7778560e+10   4.8007243e+10  5.70e+04  0.00e+00  7.33e+04  4.78e-04
  45   4.7787765e+10   4.7972930e+10  5.13e+04  0.00e+00  5.47e+04  6.52e-04
  46   4.7803132e+10   4.7954816e+10  4.25e+04  0.00e+00  4.43e+04  8.11e-04
  47   4.7814080e+10   4.7941905e+10  3.64e+04  0.00e+00  3.68e+04  9.84e-04
  48   4.7822386e+10   4.7931317e+10  3.16e+04  0.00e+00  3.07e+04  1.18e-03
  49   4.7830639e+10   4.7918301e+10  2.69e+04  0.00e+00  2.33e+04  1.57e-03
  50   4.7832902e+10   4.7909886e+10  2.56e+04  0.00e+00  1.83e+04  1.99e-03
  51   4.7840332e+10   4.7902965e+10  2.16e+04  0.00e+00  1.40e+04  2.59e-03
  52   4.7845797e+10   4.7899017e+10  1.87e+04  0.00e+00  1.16e+04  3.12e-03
  53   4.7850399e+10   4.7897356e+10  1.61e+04  0.00e+00  1.06e+04  3.39e-03
  54   4.7855345e+10   4.7892470e+10  1.32e+04  0.00e+00  7.97e+03  4.47e-03
  55   4.7858912e+10   4.7887177e+10  1.10e+04  0.00e+00  5.22e+03  6.69e-03
  56   4.7860694e+10   4.7884429e+10  9.96e+03  0.00e+00  3.76e+03  9.03e-03
  57   4.7862095e+10   4.7882426e+10  9.12e+03  0.00e+00  2.70e+03  1.21e-02
  58   4.7863173e+10   4.7881611e+10  8.48e+03  0.00e+00  2.26e+03  1.40e-02
  59   4.7864896e+10   4.7880710e+10  7.43e+03  0.00e+00  1.81e+03  1.68e-02
  60   4.7865721e+10   4.7880444e+10  6.91e+03  0.00e+00  1.69e+03  1.77e-02
  61   4.7866721e+10   4.7880111e+10  6.27e+03  0.00e+00  1.55e+03  1.91e-02
  62   4.7868360e+10   4.7878818e+10  5.19e+03  0.00e+00  1.03e+03  2.65e-02
  63   4.7868788e+10   4.7878303e+10  4.90e+03  0.00e+00  8.47e+02  3.10e-02
  64   4.7869767e+10   4.7877608e+10  4.22e+03  0.00e+00  6.05e+02  3.99e-02
  65   4.7870159e+10   4.7877052e+10  3.94e+03  0.00e+00  4.31e+02  5.11e-02
  66   4.7870735e+10   4.7876929e+10  3.52e+03  0.00e+00  3.95e+02  5.43e-02
  67   4.7871576e+10   4.7876442e+10  2.89e+03  0.00e+00  2.68e+02  7.09e-02
  68   4.7871864e+10   4.7876124e+10  2.66e+03  0.00e+00  1.99e+02  8.68e-02
  69   4.7872942e+10   4.7875783e+10  1.78e+03  0.00e+00  1.32e+02  1.13e-01
  70   4.7873188e+10   4.7875658e+10  1.54e+03  0.00e+00  1.15e+02  1.24e-01
  71   4.7873268e+10   4.7875314e+10  1.46e+03  0.00e+00  7.46e+01  1.73e-01
  72   4.7873773e+10   4.7874929e+10  9.45e+02  0.00e+00  2.84e+01  3.05e-01
  73   4.7873923e+10   4.7874868e+10  7.58e+02  0.00e+00  2.41e+01  3.40e-01
  74   4.7874152e+10   4.7874726e+10  4.40e+02  0.00e+00  1.56e+01  4.63e-01
  75   4.7874170e+10   4.7874654e+10  4.04e+02  0.00e+00  1.24e+01  5.62e-01
  76   4.7874216e+10   4.7874582e+10  3.12e+02  0.00e+00  9.28e+00  7.11e-01
  77   4.7874223e+10   4.7874558e+10  2.95e+02  0.00e+00  8.33e+00  7.79e-01
  78   4.7874276e+10   4.7874542e+10  1.62e+02  0.00e+00  7.81e+00  8.20e-01
  79   4.7874286e+10   4.7874421e+10  1.19e+02  0.00e+00  3.71e+00  1.67e+00
  80   4.7874301e+10   4.7874342e+10  5.39e+01  0.00e+00  1.03e+00  4.98e+00
  81   4.7874302e+10   4.7874308e+10  1.59e+01  0.00e+00  2.57e-01  2.91e+01
  82   4.7874301e+10   4.7874304e+10  6.66e+00  0.00e+00  9.05e-02  7.95e+01
  83   4.7874302e+10   4.7874303e+10  3.26e+00  0.00e+00  7.23e-02  9.41e+01
Barrier time = 59.75 sec. (30219.91 ticks)
Parallel mode: deterministic, using up to 7 threads for concurrent optimization:
 * Starting dual Simplex on 1 thread...
 * Starting primal Simplex on 1 thread...

Dual crossover.
  Dual:  Fixing 24073 variables.
    24072 DMoves:  Infeasibility  5.36922553e+00  Objective  4.78742994e+10
    22273 DMoves:  Infeasibility  5.20001844e+00  Objective  4.78742994e+10
    21166 DMoves:  Infeasibility  5.11026421e+00  Objective  4.78742994e+10
    20116 DMoves:  Infeasibility  2.73841307e+00  Objective  4.78742992e+10
    18871 DMoves:  Infeasibility  2.67639694e+00  Objective  4.78742993e+10
    17355 DMoves:  Infeasibility  2.62070554e+00  Objective  4.78742993e+10
    16641 DMoves:  Infeasibility  2.52609932e+00  Objective  4.78742993e+10
    15853 DMoves:  Infeasibility  2.44764430e+00  Objective  4.78742995e+10
    15343 DMoves:  Infeasibility  2.25551231e+00  Objective  4.78742995e+10
    14501 DMoves:  Infeasibility  1.91434283e+00  Objective  4.78742994e+10
    13598 DMoves:  Infeasibility  1.86690039e+00  Objective  4.78742994e+10
    12764 DMoves:  Infeasibility  1.71744736e+00  Objective  4.78742994e+10
    12152 DMoves:  Infeasibility  1.42511596e+00  Objective  4.78742994e+10
    11702 DMoves:  Infeasibility  1.32218998e+00  Objective  4.78742995e+10
     9877 DMoves:  Infeasibility  3.06354075e+01  Objective  4.78743020e+10
     7173 DMoves:  Infeasibility  1.52132053e+09  Objective  4.78597097e+10
     6117 DMoves:  Infeasibility  1.50190498e+09  Objective  4.78634476e+10
     4735 DMoves:  Infeasibility  1.48680032e+09  Objective  4.78682788e+10
     3702 DMoves:  Infeasibility  2.57469729e+09  Objective  4.79354232e+10
     2762 DMoves:  Infeasibility  2.55027135e+09  Objective  4.78973230e+10
     1753 DMoves:  Infeasibility  2.51779555e+09  Objective  4.78267420e+10
      802 DMoves:  Infeasibility  2.50889330e+09  Objective  4.78302056e+10
        0 DMoves:  Infeasibility  2.48066936e+09  Objective  4.77996945e+10
  Dual:  Pushed 6651, exchanged 17422.
  Primal:  Fixing 116000 variables.
   115999 PMoves:  Infeasibility  1.00022007e+02  Objective  4.78073705e+10
   113526 PMoves:  Infeasibility  3.66984752e+01  Objective  4.77530373e+10
   110088 PMoves:  Infeasibility  1.15051128e+01  Objective  4.77051148e+10
   108665 PMoves:  Infeasibility  2.59958011e+00  Objective  4.77026819e+10
    84665 PMoves:  Infeasibility  1.44812886e+00  Objective  4.76708324e+10
    78402 PMoves:  Infeasibility  1.07115998e+00  Objective  4.76708280e+10
    76729 PMoves:  Infeasibility  1.05941013e+00  Objective  4.76708254e+10
    74892 PMoves:  Infeasibility  9.60260704e-01  Objective  4.76708085e+10
    73084 PMoves:  Infeasibility  9.59175644e-01  Objective  4.76708085e+10
    69149 PMoves:  Infeasibility  9.51769297e-01  Objective  4.76708086e+10
    65803 PMoves:  Infeasibility  9.51769297e-01  Objective  4.76708086e+10
    60608 PMoves:  Infeasibility  9.51769297e-01  Objective  4.76708086e+10
    55932 PMoves:  Infeasibility  9.51769297e-01  Objective  4.76708086e+10
    47225 PMoves:  Infeasibility  9.25018356e-01  Objective  4.76707999e+10
    38653 PMoves:  Infeasibility  7.94632868e-01  Objective  4.76707999e+10
    31144 PMoves:  Infeasibility  7.19754448e-01  Objective  4.76708009e+10
    27682 PMoves:  Infeasibility  6.31884791e-01  Objective  4.76708249e+10
    20860 PMoves:  Infeasibility  6.03831726e-01  Objective  4.76707220e+10
    18351 PMoves:  Infeasibility  5.75998887e-01  Objective  4.76706565e+10
    14404 PMoves:  Infeasibility  4.30635588e-01  Objective  4.76705391e+10
    12552 PMoves:  Infeasibility  4.22032209e-01  Objective  4.76704706e+10
     9084 PMoves:  Infeasibility  4.22032210e-01  Objective  4.76704706e+10
     4607 PMoves:  Infeasibility  4.22032209e-01  Objective  4.76704706e+10
        0 PMoves:  Infeasibility  4.13740651e-01  Objective  4.76730811e+10
  Primal:  Pushed 96015, exchanged 19984.
Elapsed time = 87.34 sec. (46900.52 ticks, 1 iterations)

Iteration log . . .
Iteration:     1   Dual objective     =   47799694512.552910
Iteration:   254   Dual objective     =   47799684578.733849
Iteration:   588   Dual objective     =   47799178282.922981
Iteration:  1131   Dual objective     =   47797258020.536774
Removing shift (5732).

Primal simplex solved model.

Total crossover time = 34.69 sec. (13689.20 ticks)

Total time on 7 threads = 98.77 sec. (47008.52 ticks)

--- LP status (1): optimal.
--- Cplex Time: 98.77sec (det. 47010.85 ticks)


Optimal solution found
Simplex iterations after crossover: 0
Objective:  47874300819.634338

--- Reading solution for model BALBASE4
--- Balmorel.gms(98423) 426 Mb  104 secs
--- GDX Point D:\DTU DOCs\LargeScale\Exercises\day_2\BalmorelSimpleModel\Balmorel\Project_base\Model\BALBASE4_p.gdx
--- Executing after solve: elapsed 0:03:53.051
--- Balmorel.gms(100059) 426 Mb
--- GDX File (execute_unload) D:\DTU DOCs\LargeScale\Exercises\day_2\BalmorelSimpleModel\Balmorel\Project_base\Model\MainResults.gdx
--- Balmorel.gms(100405) 426 Mb
--- GDX File (execute_unload) D:\DTU DOCs\LargeScale\Exercises\day_2\BalmorelSimpleModel\Balmorel\simex\HYRSG.gdx
--- Balmorel.gms(100406) 426 Mb
--- GDX File (execute_unload) D:\DTU DOCs\LargeScale\Exercises\day_2\BalmorelSimpleModel\Balmorel\simex\VHYRS_SL.gdx
--- Balmorel.gms(100407) 426 Mb
--- GDX File (execute_unload) D:\DTU DOCs\LargeScale\Exercises\day_2\BalmorelSimpleModel\Balmorel\simex\WATERVAL.gdx
--- Balmorel.gms(100408) 426 Mb
--- GDX File (execute_unload) D:\DTU DOCs\LargeScale\Exercises\day_2\BalmorelSimpleModel\Balmorel\simex\VHYRS_STL.gdx
--- Balmorel.gms(100432) 426 Mb
--- GDX File (execute_unload) D:\DTU DOCs\LargeScale\Exercises\day_2\BalmorelSimpleModel\Balmorel\simex\XKACCUMNET.gdx
--- Balmorel.gms(100433) 426 Mb
--- GDX File (execute_unload) D:\DTU DOCs\LargeScale\Exercises\day_2\BalmorelSimpleModel\Balmorel\simex\GKACCUMNET.gdx
--- Balmorel.gms(100463) 426 Mb
--- GDX File (execute_unload) D:\DTU DOCs\LargeScale\Exercises\day_2\BalmorelSimpleModel\Balmorel\simex\ESTOVOLTS.gdx
--- Balmorel.gms(100464) 426 Mb
--- GDX File (execute_unload) D:\DTU DOCs\LargeScale\Exercises\day_2\BalmorelSimpleModel\Balmorel\simex\HSTOVOLTS.gdx
--- Balmorel.gms(100465) 426 Mb
--- GDX File (execute_unload) D:\DTU DOCs\LargeScale\Exercises\day_2\BalmorelSimpleModel\Balmorel\simex\ESTOVOLT.gdx
--- Balmorel.gms(100466) 426 Mb
--- GDX File (execute_unload) D:\DTU DOCs\LargeScale\Exercises\day_2\BalmorelSimpleModel\Balmorel\simex\HSTOVOLT.gdx
--- Balmorel.gms(100471) 426 Mb
--- GDX File (execute_unload) D:\DTU DOCs\LargeScale\Exercises\day_2\BalmorelSimpleModel\Balmorel\simex\ESTOVOLTSVAL.gdx
--- Balmorel.gms(100472) 426 Mb
--- GDX File (execute_unload) D:\DTU DOCs\LargeScale\Exercises\day_2\BalmorelSimpleModel\Balmorel\simex\HSTOVOLTSVAL.gdx
--- Balmorel.gms(100473) 426 Mb
--- GDX File (execute_unload) D:\DTU DOCs\LargeScale\Exercises\day_2\BalmorelSimpleModel\Balmorel\simex\ESTOVOLTVAL.gdx
--- Balmorel.gms(100474) 426 Mb
--- GDX File (execute_unload) D:\DTU DOCs\LargeScale\Exercises\day_2\BalmorelSimpleModel\Balmorel\simex\HSTOVOLTVAL.gdx
--- Balmorel.gms(100504) 426 Mb
--- GDX File (execute_unload) D:\DTU DOCs\LargeScale\Exercises\day_2\BalmorelSimpleModel\Balmorel\simex\GE_T.gdx
--- Balmorel.gms(100505) 426 Mb
--- GDX File (execute_unload) D:\DTU DOCs\LargeScale\Exercises\day_2\BalmorelSimpleModel\Balmorel\simex\GH_T.gdx
--- Balmorel.gms(100522) 426 Mb
--- GDX File (execute_unload) D:\DTU DOCs\LargeScale\Exercises\day_2\BalmorelSimpleModel\Balmorel\simex\F_T.gdx
--- Balmorel.gms(100533) 426 Mb
--- GDX File (execute_unload) D:\DTU DOCs\LargeScale\Exercises\day_2\BalmorelSimpleModel\Balmorel\simex\GMAXFS.gdx
--- Balmorel.gms(100538) 426 Mb
--- GDX File (execute_unload) D:\DTU DOCs\LargeScale\Exercises\day_2\BalmorelSimpleModel\Balmorel\simex\FUELPRICE_EXC.gdx
--- Balmorel.gms(100568) 426 Mb
--- GDX File (execute_unload) D:\DTU DOCs\LargeScale\Exercises\day_2\BalmorelSimpleModel\Balmorel\simex\H2STOVOLTS.gdx
--- Balmorel.gms(100569) 426 Mb
--- GDX File (execute_unload) D:\DTU DOCs\LargeScale\Exercises\day_2\BalmorelSimpleModel\Balmorel\simex\H2STOVOLTSVAL.gdx
--- Balmorel.gms(100579) 426 Mb
--- GDX File (execute_unload) D:\DTU DOCs\LargeScale\Exercises\day_2\BalmorelSimpleModel\Balmorel\simex\BIOMETHSTOVOLTS.gdx
--- Balmorel.gms(100580) 426 Mb
--- GDX File (execute_unload) D:\DTU DOCs\LargeScale\Exercises\day_2\BalmorelSimpleModel\Balmorel\simex\BIOMETHSTOVOLTSVAL.gdx
--- Balmorel.gms(100590) 426 Mb
--- GDX File (execute_unload) D:\DTU DOCs\LargeScale\Exercises\day_2\BalmorelSimpleModel\Balmorel\simex\XH2KACCUMNET.gdx
--- Balmorel.gms(100638) 426 Mb
--- GDX File (execute_unload) D:\DTU DOCs\LargeScale\Exercises\day_2\BalmorelSimpleModel\Balmorel\Project_base\Model\all_endofmodel.gdx
--- Putfile fileMERGEWITHBASEbat D:\DTU DOCs\LargeScale\Exercises\day_2\BalmorelSimpleModel\Balmorel\Project_base\Model\%batfileMERGEWITHBASE%
--- Putfile errorfile D:\DTU DOCs\LargeScale\Exercises\day_2\BalmorelSimpleModel\Balmorel\Project_base\logerror\errors.out
--- Putfile logfile D:\DTU DOCs\LargeScale\Exercises\day_2\BalmorelSimpleModel\Balmorel\Project_base\logerror\logfile.out
--- Putfile printoutoverview D:\DTU DOCs\LargeScale\Exercises\day_2\BalmorelSimpleModel\Balmorel\Project_base\output\printout\printoutoverview.out
--- Putfile BB4overview D:\DTU DOCs\LargeScale\Exercises\day_2\BalmorelSimpleModel\Balmorel\Project_base\logerror\BB4overview.out
*** Status: Normal completion
--- Job Balmorel.gms Stop 06/17/26 10:57:52 elapsed 0:04:02.110
