
--- Job Balmorel.gms Start 06/17/26 16:03:17 53.5.1 f2e5fac3 WEX-WEI x86 64bit/MS Windows
--- Applying:
    C:\GAMS\53\gmsprmNT.txt
--- GAMS Parameters defined
    Input "D:\DTU DOCs\LargeScale\Exercises\day_2\BalmorelSimpleModel\Balmorel\Project_NZwithoutCCS\Model\Balmorel.gms"
    PageSize 0
    ScrDir "D:\DTU DOCs\LargeScale\Exercises\day_2\BalmorelSimpleModel\Balmorel\Project_NZwithoutCCS\Model\225c\"
    SysDir C:\GAMS\53\
    LogOption 3
    AppendLog 1
    ErrMsg 1
    ErrorLog 99
    IDE 1
    LstTitleLeftAligned 1
Licensee: Large MUD - 20 User License                    G251106+0003Ac-GEN
          Technical University of Denmark, Management Engineering    DC8611
          C:\Users\david\OneDrive\Documenti\GAMS\gamslice.txt
          556f6a85-f5d8-4c6d
          v:2                                                              
          The maintenance period of the license expires on Dec 31, 2026
System information: 4 physical cores and 8 Gb physical memory detected
GAMS 53.5.1   Copyright (C) 1987-2026 GAMS Development. All rights reserved
--- Starting compilation
--- Balmorel.gms(42) 2 Mb
--- > balgams.opt(161) 2 Mb
--- Balmorel.gms(48) 2 Mb
--- > balopt.opt(1051) 2 Mb
--- Balmorel.gms(99) 2 Mb
--- > error1.inc(44) 2 Mb
--- >> hellolog.inc(120) 2 Mb
--- > error1.inc(56) 2 Mb
--- Balmorel.gms(121) 2 Mb
--- > Balmorelbb4.inc(305) 2 Mb
--- >> bb4datainc.inc(25) 2 Mb
--- >>> ACRONYMS.inc(16) 2 Mb
--- >> bb4datainc.inc(27) 2 Mb
--- >>> acronymsadditions.inc(11) 2 Mb
--- >>>> hydrogen_acronymsadditions.inc(3) 2 Mb
--- >>>>> HYDROGEN_ACRONYMS.inc(2) 2 Mb
--- >>>> hydrogen_acronymsadditions.inc(4) 2 Mb
--- >>> acronymsadditions.inc(15) 2 Mb
--- >> bb4datainc.inc(33) 2 Mb
--- >>> CCCRRRAAA.inc(109) 3 Mb
--- >> bb4datainc.inc(36) 3 Mb
--- >>> cccrrraaaadditions.inc(9) 3 Mb
--- >> bb4datainc.inc(40) 3 Mb
--- >>> CCC.inc(5) 3 Mb
--- >> bb4datainc.inc(43) 3 Mb
--- >>> cccadditions.inc(8) 3 Mb
--- >> bb4datainc.inc(47) 3 Mb
--- >>> RRR.inc(10) 3 Mb
--- >> bb4datainc.inc(50) 3 Mb
--- >>> rrradditions.inc(8) 3 Mb
--- >> bb4datainc.inc(54) 3 Mb
--- >>> AAA.inc(88) 3 Mb
--- >> bb4datainc.inc(57) 3 Mb
--- >>> aaaadditions.inc(9) 3 Mb
--- >> bb4datainc.inc(61) 3 Mb
--- >>> CCCRRR.inc(10) 3 Mb
--- >> bb4datainc.inc(64) 3 Mb
--- >>> cccrrradditions.inc(8) 3 Mb
--- >> bb4datainc.inc(68) 3 Mb
--- >>> RRRAAA.inc(90) 3 Mb
--- >> bb4datainc.inc(71) 3 Mb
--- >>> rrraaaadditions.inc(9) 3 Mb
--- >> bb4datainc.inc(75) 3 Mb
--- >>> C.inc(5) 3 Mb
--- >> bb4datainc.inc(77) 3 Mb
--- >>> cadditions.inc(8) 3 Mb
--- >> bb4datainc.inc(104) 3 Mb
--- >>> YYY.inc(2) 3 Mb
--- >> bb4datainc.inc(109) 3 Mb
--- >>> SSS.inc(4) 3 Mb
--- >> bb4datainc.inc(114) 3 Mb
--- >>> TTT.inc(4) 3 Mb
--- >> bb4datainc.inc(119) 3 Mb
--- >>> GROUP.inc(7) 3 Mb
--- >> bb4datainc.inc(124) 3 Mb
--- >>> GROUP_AAA.inc(8) 3 Mb
--- >> bb4datainc.inc(129) 3 Mb
--- >>> DEUSER.inc(10) 3 Mb
--- >> bb4datainc.inc(132) 3 Mb
--- >>> deuseradditions.inc(12) 3 Mb
--- >> bb4datainc.inc(136) 3 Mb
--- >>> DHUSER.inc(14) 3 Mb
--- >> bb4datainc.inc(141) 3 Mb
--- >>> FFF.inc(112) 3 Mb
--- >> bb4datainc.inc(144) 3 Mb
--- >>> fffadditions.inc(1) 3 Mb
--- >>>> hydrogen_fffadditions.inc(3) 3 Mb
--- >>>>> HYDROGEN_FFF.inc(10) 3 Mb
--- >>>> hydrogen_fffadditions.inc(4) 3 Mb
--- >>> fffadditions.inc(4) 3 Mb
--- >> bb4datainc.inc(148) 3 Mb
--- >>> FDATASET.inc(9) 3 Mb
--- >> bb4datainc.inc(153) 3 Mb
--- >>> FDATA.inc(56) 3 Mb
--- >> bb4datainc.inc(156) 3 Mb
--- >>> fdataadditions.inc(1) 3 Mb
--- >>>> hydrogen_fdataadditions.inc(3) 3 Mb
--- >>>>> HYDROGEN_FDATA.inc(11) 3 Mb
--- >>>> hydrogen_fdataadditions.inc(4) 3 Mb
--- >>> fdataadditions.inc(3) 3 Mb
--- >> bb4datainc.inc(159) 3 Mb
--- >>> GGG.inc(1324) 3 Mb
--- >> bb4datainc.inc(163) 3 Mb
--- >>> gggadditions.inc(6) 3 Mb
--- >>>> hydrogen_gggadditions.inc(3) 3 Mb
--- >>>>> HYDROGEN_GGG.inc(288) 3 Mb
--- >>>> hydrogen_gggadditions.inc(4) 3 Mb
--- >>> gggadditions.inc(9) 3 Mb
--- >> bb4datainc.inc(167) 3 Mb
--- >>> GDATASET.inc(63) 3 Mb
--- >> bb4datainc.inc(172) 3 Mb
--- >>> TECH_GROUP.inc(27) 3 Mb
--- >> bb4datainc.inc(175) 3 Mb
--- >>> tech_groupadditions.inc(4) 3 Mb
--- >> bb4datainc.inc(179) 3 Mb
--- >>> TECH_GROUP_VALUE.inc(25) 3 Mb
--- >> bb4datainc.inc(182) 3 Mb
--- >>> tech_group_valueadditions.inc(4) 3 Mb
--- >> bb4datainc.inc(186) 3 Mb
--- >>> TECHGROUP_DEUSER.inc(5) 3 Mb
--- >> bb4datainc.inc(191) 3 Mb
--- >>> SUBTECH_GROUP.inc(25) 3 Mb
--- >> bb4datainc.inc(196) 3 Mb
--- >>> SUBTECH_GROUP_VALUE.inc(25) 3 Mb
--- >> bb4datainc.inc(200) 3 Mb
--- >>> G.inc(1273) 3 Mb
--- >> bb4datainc.inc(204) 3 Mb
--- >>> gadditions.inc(6) 3 Mb
--- >>>> hydrogen_gadditions.inc(3) 3 Mb
--- >>>>> HYDROGEN_G.inc(290) 3 Mb
--- >>>> hydrogen_gadditions.inc(4) 3 Mb
--- >>> gadditions.inc(9) 3 Mb
--- >> bb4datainc.inc(210) 3 Mb
--- >>> setdeclare.inc(33) 3 Mb
--- >> bb4datainc.inc(211) 3 Mb
--- >>> setdefine.inc(20) 3 Mb
--- >>> setdefine.inc(47) 3 Mb
--- >> bb4datainc.inc(218) 3 Mb
--- >>> GDATA.inc(1286) 5 Mb
--- >> bb4datainc.inc(222) 5 Mb
--- >>> gdataadditions.inc(13) 5 Mb
--- >>>> hydrogen_gdataadditions.inc(3) 5 Mb
--- >>>>> HYDROGEN_GDATA.inc(290) 5 Mb
--- >>>> hydrogen_gdataadditions.inc(4) 5 Mb
--- >>> gdataadditions.inc(18) 5 Mb
--- >> bb4datainc.inc(238) 5 Mb
--- >>> HYRSMAXVOL_G.inc(848) 5 Mb
--- >> bb4datainc.inc(243) 5 Mb
--- >>> HYRSDATASET.inc(8) 5 Mb
--- >> bb4datainc.inc(248) 5 Mb
--- >>> DF_QP.inc(5) 5 Mb
--- >> bb4datainc.inc(253) 5 Mb
--- >>> EMIPOLSET.inc(9) 5 Mb
--- >> bb4datainc.inc(258) 5 Mb
--- >>> AGKN.inc(572) 5 Mb
--- >> bb4datainc.inc(263) 5 Mb
--- >>> agknadditions.inc(7) 5 Mb
--- >>>> hydrogen_agknadditions.inc(3) 5 Mb
--- >>>>> HYDROGEN_AGKN.inc(72) 5 Mb
--- >>>> hydrogen_agknadditions.inc(4) 5 Mb
--- >>> agknadditions.inc(14) 5 Mb
--- >> bb4datainc.inc(266) 5 Mb
--- >>> Y.inc(11) 5 Mb
--- >> bb4datainc.inc(275) 5 Mb
--- >>> S.inc(6) 5 Mb
--- >> bb4datainc.inc(280) 5 Mb
--- >>> T.inc(7) 5 Mb
--- >> bb4datainc.inc(286) 5 Mb
--- >>> YVALUE.inc(12) 5 Mb
--- >> bb4datainc.inc(291) 5 Mb
--- >>> TWORKDAY.inc(1) 5 Mb
--- >> bb4datainc.inc(296) 5 Mb
--- >>> TWEEKEND.inc(1) 5 Mb
--- >> bb4datainc.inc(403) 5 Mb
--- >>> GKFX.inc(593) 5 Mb
--- >> bb4datainc.inc(406) 5 Mb
--- >>> gkfxadditions.inc(5) 5 Mb
--- >>>> hydrogen_gkfxadditions.inc(3) 5 Mb
--- >>>>> HYDROGEN_GKFX.inc(22) 5 Mb
--- >>>> hydrogen_gkfxadditions.inc(4) 5 Mb
--- >>> gkfxadditions.inc(14) 5 Mb
--- >> bb4datainc.inc(411) 5 Mb
--- >>> FMAXINVEST.inc(5) 5 Mb
--- >> bb4datainc.inc(416) 5 Mb
--- >>> FMAXINVESTNA.inc(2) 5 Mb
--- >> bb4datainc.inc(421) 5 Mb
--- >>> DISLOSS_E.inc(11) 5 Mb
--- >> bb4datainc.inc(426) 5 Mb
--- >>> DISLOSS_E_AG.inc(57) 5 Mb
--- >> bb4datainc.inc(429) 5 Mb
--- >>> disloss_e_agadditions.inc(17) 5 Mb
--- >> bb4datainc.inc(433) 5 Mb
--- >>> DISLOSS_H.inc(3) 5 Mb
--- >> bb4datainc.inc(438) 5 Mb
--- >>> DISCOST_E.inc(10) 5 Mb
--- >> bb4datainc.inc(443) 5 Mb
--- >>> DISCOST_H.inc(18) 5 Mb
--- >> bb4datainc.inc(448) 5 Mb
--- >>> FKPOT.inc(36) 5 Mb
--- >> bb4datainc.inc(453) 5 Mb
--- >>> TECHGROUPKPOT.inc(31) 5 Mb
--- >> bb4datainc.inc(458) 5 Mb
--- >>> SUBTECHGROUPKPOT.inc(117) 5 Mb
--- >> bb4datainc.inc(461) 5 Mb
--- >>> subtechgroupkpotadditions.inc(15) 5 Mb
--- >> bb4datainc.inc(466) 5 Mb
--- >>> FKMIN.inc(4) 5 Mb
--- >> bb4datainc.inc(472) 5 Mb
--- >>> FKMAX.inc(4) 5 Mb
--- >> bb4datainc.inc(478) 5 Mb
--- >>> FKEQ.inc(4) 5 Mb
--- >> bb4datainc.inc(484) 5 Mb
--- >>> FKMINNA.inc(4) 5 Mb
--- >> bb4datainc.inc(489) 5 Mb
--- >>> FKMAXNA.inc(4) 5 Mb
--- >> bb4datainc.inc(494) 5 Mb
--- >>> FKEQNA.inc(4) 5 Mb
--- >> bb4datainc.inc(499) 5 Mb
--- >>> FGEMIN.inc(5) 5 Mb
--- >> bb4datainc.inc(504) 5 Mb
--- >>> FGEMAX.inc(4) 5 Mb
--- >> bb4datainc.inc(510) 5 Mb
--- >>> GMINF.inc(5) 5 Mb
--- >> bb4datainc.inc(516) 5 Mb
--- >>> GMAXF.inc(22) 5 Mb
--- >> bb4datainc.inc(522) 5 Mb
--- >>> GEQF.inc(45) 5 Mb
--- >> bb4datainc.inc(527) 5 Mb
--- >>> GMAXFS.inc(39) 5 Mb
--- >> bb4datainc.inc(532) 5 Mb
--- >>> WTRRSFLH.inc(14) 5 Mb
--- >> bb4datainc.inc(537) 5 Mb
--- >>> WTRRRFLH.inc(15) 5 Mb
--- >> bb4datainc.inc(543) 5 Mb
--- >>> WNDFLH.inc(51) 5 Mb
--- >> bb4datainc.inc(546) 5 Mb
--- >>> wndflhadditions.inc(15) 5 Mb
--- >> bb4datainc.inc(551) 5 Mb
--- >>> SOLEFLH.inc(42) 5 Mb
--- >> bb4datainc.inc(558) 5 Mb
--- >>> SOLHFLH.inc(34) 5 Mb
--- >> bb4datainc.inc(561) 5 Mb
--- >>> solhflhadditions.inc(13) 5 Mb
--- >> bb4datainc.inc(566) 5 Mb
--- >>> WAVEFLH.inc(14) 5 Mb
--- >> bb4datainc.inc(571) 5 Mb
--- >>> HYRSDATA.inc(25) 5 Mb
--- >> bb4datainc.inc(576) 5 Mb
--- >>> DISCOUNTRATE.inc(2) 5 Mb
--- >> bb4datainc.inc(581) 5 Mb
--- >>> LIFETIME_X.inc(2) 5 Mb
--- >> bb4datainc.inc(585) 5 Mb
--- >>> ANNUITYCG.inc(1236) 5 Mb
--- >> bb4datainc.inc(589) 5 Mb
--- >>> annuitycgadditions.inc(3) 5 Mb
--- >>>> hydrogen_annuitycgadditions.inc(3) 5 Mb
--- >>>>> HYDROGEN_ANNUITYCG.inc(39) 5 Mb
--- >>>> hydrogen_annuitycgadditions.inc(4) 5 Mb
--- >>> annuitycgadditions.inc(3) 5 Mb
--- >> bb4datainc.inc(593) 5 Mb
--- >>> ANNUITYCX.inc(4) 5 Mb
--- >> bb4datainc.inc(598) 5 Mb
--- >>> GINVCOST.inc(3) 5 Mb
--- >> bb4datainc.inc(603) 5 Mb
--- >>> GOMVCOSTO.inc(6) 5 Mb
--- >> bb4datainc.inc(608) 5 Mb
--- >>> GOMVCOSTIN.inc(6) 5 Mb
--- >> bb4datainc.inc(613) 5 Mb
--- >>> GOMFCOST.inc(10) 5 Mb
--- >> bb4datainc.inc(618) 5 Mb
--- >>> GEFFRATE.inc(5) 5 Mb
--- >> bb4datainc.inc(623) 5 Mb
--- >>> DEFP_BASE.inc(10) 5 Mb
--- >> bb4datainc.inc(628) 5 Mb
--- >>> DHFP_BASE.inc(35) 5 Mb
--- >> bb4datainc.inc(633) 5 Mb
--- >>> GKF_LO.inc(4) 5 Mb
--- >> bb4datainc.inc(646) 5 Mb
--- >>> DE.inc(58) 5 Mb
--- >> bb4datainc.inc(649) 5 Mb
--- >>> deadditions.inc(17) 5 Mb
--- >> bb4datainc.inc(657) 5 Mb
--- >>> DH.inc(158) 5 Mb
--- >> bb4datainc.inc(660) 5 Mb
--- >>> dhadditions.inc(13) 5 Mb
--- >> bb4datainc.inc(667) 5 Mb
--- >>> XINVCOST.inc(66) 5 Mb
--- >> bb4datainc.inc(670) 5 Mb
--- >>> xinvcostadditions.inc(10) 5 Mb
--- >> bb4datainc.inc(674) 5 Mb
--- >>> XKFX.inc(58) 5 Mb
--- >> bb4datainc.inc(679) 5 Mb
--- >>> XCOST.inc(29) 5 Mb
--- >> bb4datainc.inc(682) 5 Mb
--- >>> xcostadditions.inc(10) 5 Mb
--- >> bb4datainc.inc(686) 5 Mb
--- >>> XLOSS.inc(40) 5 Mb
--- >> bb4datainc.inc(689) 5 Mb
--- >>> xlossadditions.inc(10) 5 Mb
--- >> bb4datainc.inc(695) 5 Mb
--- >>> XKRATE.inc(11) 5 Mb
--- >> bb4datainc.inc(700) 5 Mb
--- >>> XMAXINV.inc(55) 5 Mb
--- >> bb4datainc.inc(709) 5 Mb
--- >>> FUELPRICE.inc(67) 5 Mb
--- >> bb4datainc.inc(712) 5 Mb
--- >>> fuelpriceadditions.inc(1) 5 Mb
--- >>>> hydrogen_fuelpriceadditions.inc(3) 5 Mb
--- >>>>> HYDROGEN_FUELPRICE.inc(1) 5 Mb
--- >>>> hydrogen_fuelpriceadditions.inc(4) 5 Mb
--- >>> fuelpriceadditions.inc(2) 5 Mb
--- >> bb4datainc.inc(720) 5 Mb
--- >>> EMI_POL.inc(52) 5 Mb
--- >> bb4datainc.inc(724) 5 Mb
--- >>> EMI_POLNA.inc(8) 5 Mb
--- >> bb4datainc.inc(734) 5 Mb
--- >>> WEIGHT_S.inc(7) 5 Mb
--- >> bb4datainc.inc(739) 5 Mb
--- >>> WEIGHT_T.inc(8) 5 Mb
--- >> bb4datainc.inc(744) 5 Mb
--- >>> CHRONOHOUR.inc(4) 5 Mb
--- >> bb4datainc.inc(749) 5 Mb
--- >>> SSIZE.inc(3) 5 Mb
--- >> bb4datainc.inc(755) 5 Mb
--- >>> GKRATE.inc(93) 5 Mb
--- >> bb4datainc.inc(760) 5 Mb
--- >>> DE_VAR_T.inc(17494) 10 Mb
--- >> bb4datainc.inc(763) 10 Mb
--- >>> de_var_tadditions.inc(13) 10 Mb
--- >> bb4datainc.inc(767) 10 Mb
--- >>> DH_VAR_T.inc(8797) 13 Mb
--- >> bb4datainc.inc(770) 13 Mb
--- >>> dh_var_tadditions.inc(13) 13 Mb
--- >> bb4datainc.inc(774) 13 Mb
--- >>> WTRRSVAR_S.inc(51) 13 Mb
--- >> bb4datainc.inc(779) 13 Mb
--- >>> WTRRRVAR_T.inc(74) 13 Mb
--- >> bb4datainc.inc(784) 13 Mb
--- >>> WND_VAR_T.inc(8743) 18 Mb
--- >>>> WND_VAR_T2.inc(8992) 20 Mb
--- >>> WND_VAR_T.inc(8992) 20 Mb
--- >> bb4datainc.inc(787) 20 Mb
--- >>> wnd_var_tadditions.inc(15) 20 Mb
--- >> bb4datainc.inc(791) 20 Mb
--- >>> SOLE_VAR_T.inc(8748) 25 Mb
--- >> bb4datainc.inc(796) 25 Mb
--- >>> SOLH_VAR_T.inc(8758) 28 Mb
--- >> bb4datainc.inc(799) 28 Mb
--- >>> solh_var_tadditions.inc(13) 28 Mb
--- >> bb4datainc.inc(803) 28 Mb
--- >>> WAVE_VAR_T.inc(3) 28 Mb
--- >> bb4datainc.inc(808) 28 Mb
--- >>> X3FX.inc(29) 28 Mb
--- >> bb4datainc.inc(813) 28 Mb
--- >>> X3FX_VAR_T.inc(17494) 29 Mb
--- >> bb4datainc.inc(818) 29 Mb
--- >>> HYPPROFILS.inc(20) 29 Mb
--- >> bb4datainc.inc(824) 29 Mb
--- >>> YMODEL.inc(10) 29 Mb
--- >> bb4datainc.inc(826) 29 Mb
--- >>> YMODELDELTA.inc(11) 29 Mb
--- >> bb4datainc.inc(840) 29 Mb
--- >>> OMONEY.inc(3) 29 Mb
--- >> bb4datainc.inc(845) 29 Mb
--- >>> PENALTYQ.inc(5) 29 Mb
--- >> bb4datainc.inc(850) 29 Mb
--- >>> XES.inc(4) 29 Mb
--- >> bb4datainc.inc(856) 29 Mb
--- >>> pardeclare.inc(24) 29 Mb
--- >>>> hydrogen_pardeclare.inc(58) 29 Mb
--- >>> pardeclare.inc(31) 29 Mb
--- >>>> DECOM_pardeclare.inc(2) 29 Mb
--- >>> pardeclare.inc(38) 29 Mb
--- >> bb4datainc.inc(857) 29 Mb
--- >>> pardefine.inc(26) 29 Mb
--- >>>> hydrogen_pardefine.inc(3) 29 Mb
--- >>>>> HYDROGEN_DH2.inc(25) 29 Mb
--- >>>> hydrogen_pardefine.inc(8) 29 Mb
--- >>>>> HYDROGEN_DH2_VAR_T.inc(5) 29 Mb
--- >>>> hydrogen_pardefine.inc(13) 29 Mb
--- >>>>> HYDROGEN_DISLOSS_H2.inc(2) 29 Mb
--- >>>> hydrogen_pardefine.inc(22) 29 Mb
--- >>>>> HYDROGEN_DAC_DE.inc(2) 29 Mb
--- >>>> hydrogen_pardefine.inc(25) 29 Mb
--- >>>>> HYDROGEN_DAC_DH.inc(2) 29 Mb
--- >>>> hydrogen_pardefine.inc(28) 29 Mb
--- >>>>> HYDROGEN_METHANATION_DE.inc(5) 29 Mb
--- >>>> hydrogen_pardefine.inc(31) 29 Mb
--- >>>>> HYDROGEN_METHANATION_DH2.inc(6) 29 Mb
--- >>>> hydrogen_pardefine.inc(34) 29 Mb
--- >>>>> HYDROGEN_BIOGASUPGRADING_DE.inc(5) 29 Mb
--- >>>> hydrogen_pardefine.inc(37) 29 Mb
--- >>>>> HYDROGEN_XH2KFX.inc(2) 29 Mb
--- >>>> hydrogen_pardefine.inc(40) 29 Mb
--- >>>>> HYDROGEN_XH2INVCOST.inc(96) 29 Mb
--- >>>> hydrogen_pardefine.inc(43) 29 Mb
--- >>>>> HYDROGEN_XH2INVCOST_NGTOH2.inc(2) 29 Mb
--- >>>> hydrogen_pardefine.inc(46) 29 Mb
--- >>>>> HYDROGEN_XH2COST.inc(2) 29 Mb
--- >>>> hydrogen_pardefine.inc(49) 29 Mb
--- >>>>> HYDROGEN_XH2LOSS.inc(79) 29 Mb
--- >>>> hydrogen_pardefine.inc(52) 29 Mb
--- >>>>> HYDROGEN_XH2KRATE.inc(2) 29 Mb
--- >>>> hydrogen_pardefine.inc(55) 29 Mb
--- >>>>> HYDROGEN_ANNUITYCXH2.inc(4) 29 Mb
--- >>>> hydrogen_pardefine.inc(58) 29 Mb
--- >>>>> HYDROGEN_XH2MAXK_NGTOH2.inc(2) 29 Mb
--- >>>> hydrogen_pardefine.inc(61) 29 Mb
--- >>>>> HYDROGEN_LIFETIME_XH2.inc(2) 29 Mb
--- >>>> hydrogen_pardefine.inc(65) 29 Mb
--- >>>>> HYDROGEN_XH2INVCOST_ES.inc(15) 29 Mb
--- >>>> hydrogen_pardefine.inc(68) 29 Mb
--- >>>>> HYDROGEN_XH2KN_ES.inc(14) 29 Mb
--- >>>> hydrogen_pardefine.inc(70) 29 Mb
--- >>> pardefine.inc(38) 29 Mb
--- >>>> DECOM_pardefine.inc(3) 29 Mb
--- >>> pardefine.inc(50) 29 Mb
--- >> bb4datainc.inc(859) 29 Mb
--- > Balmorelbb4.inc(475) 29 Mb
--- >> isetdecdef.inc(13) 29 Mb
--- >>> hydrogen_isetdecdef.inc(61) 29 Mb
--- >> isetdecdef.inc(25) 29 Mb
--- >>> DECOM_isetdecdef.inc(8) 29 Mb
--- >> isetdecdef.inc(33) 29 Mb
--- > Balmorelbb4.inc(926) 29 Mb
--- >> ipardecdef.inc(11) 29 Mb
--- >>> hydrogen_ipardecdef.inc(106) 29 Mb
--- >> ipardecdef.inc(21) 29 Mb
--- >>> DECOM_ipardecdef.inc(93) 29 Mb
--- >> ipardecdef.inc(26) 29 Mb
--- > Balmorelbb4.inc(1041) 29 Mb
--- >> print1.inc(353) 29 Mb
--- > Balmorelbb4.inc(1046) 29 Mb
--- >> error2.inc(1119) 29 Mb
--- > Balmorelbb4.inc(1077) 29 Mb
--- >> reducecard.inc(4) 29 Mb
--- > Balmorelbb4.inc(1179) 29 Mb
--- >> vardeclare.inc(17) 29 Mb
--- >>> hydrogen_vardeclare.inc(21) 29 Mb
--- >> vardeclare.inc(29) 29 Mb
--- >>> DECOM_vardeclare.inc(20) 29 Mb
--- >> vardeclare.inc(43) 29 Mb
--- > Balmorelbb4.inc(1391) 29 Mb
--- >> qobj.inc(19) 29 Mb
--- >>> hydrogen_qobj.inc(88) 29 Mb
--- >> qobj.inc(31) 29 Mb
--- >>> DECOM_qobj.inc(10) 29 Mb
--- >> qobj.inc(42) 29 Mb
--- > Balmorelbb4.inc(1419) 29 Mb
--- >> qeeq.inc(11) 29 Mb
--- >>> hydrogen_qeeq.inc(14) 29 Mb
--- >> qeeq.inc(29) 29 Mb
--- > Balmorelbb4.inc(1436) 29 Mb
--- >> qheq.inc(15) 29 Mb
--- >>> hydrogen_qheq.inc(7) 29 Mb
--- >> qheq.inc(24) 29 Mb
--- > Balmorelbb4.inc(1468) 29 Mb
--- >> qgfeq.inc(16) 29 Mb
--- >>> hydrogen_qgfeq.inc(6) 29 Mb
--- >> qgfeq.inc(24) 29 Mb
--- > Balmorelbb4.inc(1489) 29 Mb
--- >> qgcbgbprbypass2.inc(12) 29 Mb
--- > Balmorelbb4.inc(1517) 29 Mb
--- >> qgcvgext.inc(12) 29 Mb
--- > Balmorelbb4.inc(1538) 29 Mb
--- >> qgcvgextbypass1.inc(12) 29 Mb
--- > Balmorelbb4.inc(1547) 29 Mb
--- >> qgfeqextbypass1.inc(10) 29 Mb
--- > Balmorelbb4.inc(1555) 29 Mb
--- >> qgfeqextbypass2.inc(10) 29 Mb
--- > Balmorelbb4.inc(1564) 29 Mb
--- >> qggetoh.inc(4) 29 Mb
--- > Balmorelbb4.inc(1590) 29 Mb
--- >> qhyrsseq.inc(10) 29 Mb
--- > Balmorelbb4.inc(1601) 29 Mb
--- >> qhyrsminvol.inc(8) 29 Mb
--- > Balmorelbb4.inc(1613) 29 Mb
--- >> qhyrsmaxvol.inc(8) 29 Mb
--- > Balmorelbb4.inc(1629) 29 Mb
--- >> qhymaxg.inc(8) 29 Mb
--- > Balmorelbb4.inc(1643) 29 Mb
--- >> qestovolt.inc(8) 29 Mb
--- > Balmorelbb4.inc(1656) 29 Mb
--- >> qestovolts.inc(11) 29 Mb
--- > Balmorelbb4.inc(1666) 29 Mb
--- >> qhstovolt.inc(8) 29 Mb
--- > Balmorelbb4.inc(1679) 29 Mb
--- >> qhstovolts.inc(10) 29 Mb
--- > Balmorelbb4.inc(1839) 29 Mb
--- >> qkefuelc.inc(8) 29 Mb
--- > Balmorelbb4.inc(1850) 29 Mb
--- >> qkefuelr.inc(8) 29 Mb
--- > Balmorelbb4.inc(1861) 29 Mb
--- >> qkefuela.inc(8) 29 Mb
--- > Balmorelbb4.inc(1914) 29 Mb
--- >> qgeqcf.inc(8) 29 Mb
--- > Balmorelbb4.inc(1932) 29 Mb
--- >> qgeqrf.inc(8) 29 Mb
--- > Balmorelbb4.inc(1949) 29 Mb
--- >> qgeqaf.inc(8) 29 Mb
--- > Balmorelbb4.inc(2072) 29 Mb
--- >> qktechgroupc.inc(8) 29 Mb
--- > Balmorelbb4.inc(2083) 29 Mb
--- >> qktechgroupr.inc(8) 29 Mb
--- > Balmorelbb4.inc(2094) 29 Mb
--- >> qktechgroupa.inc(8) 29 Mb
--- > Balmorelbb4.inc(2147) 29 Mb
--- >> qxk_up.inc(8) 29 Mb
--- > Balmorelbb4.inc(2165) 29 Mb
--- >> qxknaccumnet.inc(8) 29 Mb
--- > Balmorelbb4.inc(2183) 29 Mb
--- >> qlimco2c.inc(10) 29 Mb
--- > Balmorelbb4.inc(2202) 29 Mb
--- >> qlimco2na.inc(10) 29 Mb
--- > Balmorelbb4.inc(2236) 29 Mb
--- >> qgknaccumnet.inc(3) 29 Mb
--- >>> DECOM_qgknaccumnet.inc(6) 29 Mb
--- >> qgknaccumnet.inc(9) 29 Mb
--- > Balmorelbb4.inc(2261) 29 Mb
--- >> qgke_up.inc(8) 29 Mb
--- > Balmorelbb4.inc(2271) 29 Mb
--- >> qgkh_up.inc(8) 29 Mb
--- > Balmorelbb4.inc(2382) 29 Mb
--- >> eqndecdef.inc(24) 29 Mb
--- >>> hydrogen_eqndecdef.inc(61) 29 Mb
--- >>>> qhydrogen_eq.inc(10) 29 Mb
--- >>> hydrogen_eqndecdef.inc(81) 29 Mb
--- >>>> qhydrogen_eq_area.inc(8) 29 Mb
--- >>> hydrogen_eqndecdef.inc(102) 29 Mb
--- >>>> qhydrogen_stovol.inc(10) 29 Mb
--- >>> hydrogen_eqndecdef.inc(167) 29 Mb
--- >>>> qbiomethane_stovolts.inc(7) 29 Mb
--- >>> hydrogen_eqndecdef.inc(257) 29 Mb
--- >> eqndecdef.inc(32) 29 Mb
--- >>> DECOM_eqndecdef.inc(68) 29 Mb
--- >> eqndecdef.inc(41) 29 Mb
--- > Balmorelbb4.inc(2534) 29 Mb
--- >> balbase4.inc(10) 29 Mb
--- >>> hydrogen_balbase4.inc(28) 29 Mb
--- >> balbase4.inc(21) 29 Mb
--- >>> DECOM_balbase4.inc(21) 29 Mb
--- >> balbase4.inc(30) 29 Mb
--- > Balmorelbb4.inc(2554) 29 Mb
--- >> error2.inc(15) 29 Mb
--- > Balmorelbb4.inc(2555) 29 Mb
--- >> errorBB4.inc(62) 29 Mb
--- > Balmorelbb4.inc(2582) 29 Mb
--- >> BB4overview.inc(114) 29 Mb
--- > Balmorelbb4.inc(2587) 29 Mb
--- >> Balmorelbb4.sim(223) 29 Mb
--- >>> sim.inc(24) 29 Mb
--- >>>> DECOM_sim.inc(6) 29 Mb
--- >>> sim.inc(27) 29 Mb
--- >>>> hydrogen_sim.inc(23) 29 Mb
--- >>> sim.inc(30) 29 Mb
--- >> Balmorelbb4.sim(224) 29 Mb
--- >>> varloupfx.inc(10) 29 Mb
--- >> Balmorelbb4.sim(277) 29 Mb
--- >>> solveend.inc(18) 29 Mb
--- >> Balmorelbb4.sim(282) 29 Mb
--- >>> balbase4.mss(120) 29 Mb
--- >> Balmorelbb4.sim(317) 29 Mb
--- >>> errorBB4.inc(62) 29 Mb
--- >> Balmorelbb4.sim(344) 29 Mb
--- >>> varassign.inc(4) 29 Mb
--- >>>> DECOM_varassign.inc(17) 29 Mb
--- >>> varassign.inc(6) 29 Mb
--- >>>> hydrogen_varassign.inc(7) 29 Mb
--- >>> varassign.inc(7) 29 Mb
--- >> Balmorelbb4.sim(367) 29 Mb
--- > Balmorelbb4.inc(2593) 29 Mb
--- >> OUTPUT_SUMMARY.inc(1901) 29 Mb
--- > Balmorelbb4.inc(2852) 29 Mb
--- Balmorel.gms(210) 29 Mb
--- Starting execution: elapsed 0:00:02.274
--- Balmorel.gms(57234) 66 Mb  9 secs
--- Balmorel.gms(93548) 66 Mb
--- GDX File (execute_unload) D:\DTU DOCs\LargeScale\Exercises\day_2\BalmorelSimpleModel\Balmorel\Project_NZwithoutCCS\output\temp\IWEIGHTY.gdx
--- Balmorel.gms(93944) 66 Mb  3 secs
--- Balmorel.gms(93963) 67 Mb  3 secs
--- Balmorel.gms(94344) 68 Mb
--- Balmorel.gms(95381) 71 Mb
--- GDX File (execute_unload) D:\DTU DOCs\LargeScale\Exercises\day_2\BalmorelSimpleModel\Balmorel\Project_NZwithoutCCS\output\inputout\INPUTDATAOUT.gdx
--- Balmorel.gms(98190) 73 Mb
--- Generating RMIP model BALBASE4
--- Balmorel.gms(98445) 261 Mb
--- LOOPS IYALIAS = 2030
---   566,891 rows  544,083 columns  1,906,754 non-zeroes
--- Range statistics (absolute non-zero finite values)
--- RHS       [min, max] : [ 5.994E-04, 2.893E+09] - Zero values observed as well
--- Bound     [min, max] : [ 2.736E-03, 3.705E+03] - Zero values observed as well
--- Matrix    [min, max] : [ 7.821E-10, 1.408E+02]
--- Executing CPLEX (Solvelink=2): elapsed 0:00:31.622

IBM ILOG CPLEX   53.5.1 f2e5fac3 May 20, 2026          WEI x86 64bit/MS Window

--- GAMS/CPLEX licensed for continuous and discrete problems.

Reading parameter(s) from "D:\DTU DOCs\LargeScale\Exercises\day_2\BalmorelSimpleModel\Balmorel\Project_NZwithoutCCS\Model\cplex.op4"
>>  * Option file 4 for CPLEX solver. For possible options, see the GAMS Solver Manual.
>>  * To use with CPLEX,  set  '$Setglobal USEOPTIONFILE 4' in balgams.opt.
>>  * Do not change this file, it is predefined.
>>  * To use other options with CPLEX, make and/or use some other file, see USEOPTIONFILE in balgams.opt.
>>  * "LPmethod  4": Barrier method
>>  * "Threads  -1": Use all available threads except 1.
>>  * If memory tight, set the Threads parameter to 1.
>> ~* advind is set to 0 by default since for large problems a better performance has been experienced. If 0, the optimization will no~
>> ~t use the previous solution to try to find the next run faster.
>> 
>>  LPmethod  4
>>  Threads  -1
>>  advind 0
>> 
>> 
Finished reading from "D:\DTU DOCs\LargeScale\Exercises\day_2\BalmorelSimpleModel\Balmorel\Project_NZwithoutCCS\Model\cplex.op4"

--- GMO setup time: 0.00s
--- Space for names approximately 71.65 Mb
--- Use option 'names no' to turn use of names off
--- GMO memory 213.00 Mb (peak 217.15 Mb)
--- Dictionary memory 0.00 Mb
--- Cplex 22.1.2.0 link memory 16.87 Mb (peak 118.21 Mb)
--- Starting Cplex

Version identifier: 22.1.2.0 | 2024-11-25 | 0edbb82fd
CPXPARAM_Advance                                 0
CPXPARAM_LPMethod                                4
CPXPARAM_Threads                                 7
CPXPARAM_Parallel                                1
CPXPARAM_MIP_Display                             4
CPXPARAM_MIP_Pool_Capacity                       0
CPXPARAM_Barrier_Limits_Iteration                2000000000
CPXPARAM_TimeLimit                               1209600
CPXPARAM_MIP_Tolerances_AbsMIPGap                0
CPXPARAM_MIP_Tolerances_MIPGap                   9.9999999999999995e-07
Tried aggregator 1 time.
DUAL formed by presolve
LP Presolve eliminated 232767 rows and 228118 columns.
Aggregator did 97332 substitutions.
Reduced LP has 218639 rows, 253668 columns, and 862681 nonzeros.
Presolve time = 4.12 sec. (2476.22 ticks)
Parallel mode: using up to 7 threads for barrier.

***NOTE: Found 281 dense columns.

Number of nonzeros in lower triangle of A*A' = 5149483
Using Nested Dissection ordering
Total time for automatic ordering = 10.59 sec. (9558.91 ticks)
Summary statistics for Cholesky factor:
  Threads                   = 7
  Rows in Factor            = 218920
  Integer space required    = 1265879
  Total non-zeros in factor = 32380149
  Total FP ops to factor    = 12873038509
 Itn      Primal Obj        Dual Obj  Prim Inf Upper Inf  Dual Inf Inf Ratio
   0  -1.1050458e+14   2.4338976e+10  6.09e+10  0.00e+00  1.80e+10  1.00e+00
   1  -3.4658690e+13   1.3271073e+12  2.01e+10  0.00e+00  8.81e+09  4.81e-09
   2  -7.4164447e+12   1.2467694e+12  4.76e+09  0.00e+00  6.16e+09  7.05e-09
   3  -4.8870465e+12   9.4870529e+11  2.98e+09  0.00e+00  5.18e+09  8.21e-09
   4  -3.0298553e+12  -7.2465609e+09  1.66e+09  0.00e+00  2.17e+09  1.03e-08
   5  -1.5711608e+12  -1.8084893e+11  7.89e+08  0.00e+00  6.35e+08  2.34e-08
   6  -9.6429634e+11  -2.5840645e+10  4.97e+08  0.00e+00  2.41e+08  5.76e-08
   7  -6.8389477e+11   2.5383421e+10  3.73e+08  0.00e+00  1.74e+08  7.98e-08
   8  -6.0526354e+11   2.9028718e+10  3.34e+08  0.00e+00  1.61e+08  8.72e-08
   9  -4.4933073e+11   4.1385258e+10  2.63e+08  0.00e+00  1.41e+08  1.02e-07
  10  -1.8659756e+11   5.9325609e+10  1.35e+08  0.00e+00  9.08e+07  1.68e-07
  11  -4.3265923e+10   6.6910844e+10  6.06e+07  0.00e+00  4.10e+07  3.91e-07
  12  -4.0309568e+09   6.8182455e+10  3.97e+07  0.00e+00  2.45e+07  6.98e-07
  13   2.3381316e+10   6.7733924e+10  2.42e+07  0.00e+00  1.86e+07  9.57e-07
  14   3.5504675e+10   6.7788069e+10  1.76e+07  0.00e+00  1.52e+07  1.21e-06
  15   4.3823671e+10   6.7983612e+10  1.32e+07  0.00e+00  1.21e+07  1.56e-06
  16   4.8091681e+10   6.8070562e+10  1.10e+07  0.00e+00  1.15e+07  1.66e-06
  17   5.2503551e+10   6.8128439e+10  8.74e+06  0.00e+00  1.09e+07  1.77e-06
  18   5.5747921e+10   6.8168584e+10  7.02e+06  0.00e+00  1.04e+07  1.88e-06
  19   5.8339435e+10   6.8194615e+10  5.66e+06  0.00e+00  1.01e+07  1.95e-06
  20   5.9544455e+10   6.8234470e+10  5.02e+06  0.00e+00  9.64e+06  2.08e-06
  21   6.1603755e+10   6.8399127e+10  4.03e+06  0.00e+00  8.71e+06  2.33e-06
  22   6.1848052e+10   6.8488055e+10  3.90e+06  0.00e+00  7.80e+06  2.63e-06
  23   6.4525630e+10   6.8876111e+10  2.62e+06  0.00e+00  5.84e+06  3.65e-06
  24   6.5673341e+10   6.9021853e+10  2.12e+06  0.00e+00  5.33e+06  4.06e-06
  25   6.6971296e+10   6.9368313e+10  1.57e+06  0.00e+00  4.23e+06  5.29e-06
  26   6.7898471e+10   6.9554831e+10  1.24e+06  0.00e+00  3.83e+06  5.92e-06
  27   6.8147683e+10   6.9763728e+10  1.16e+06  0.00e+00  3.42e+06  6.72e-06
  28   6.8384841e+10   6.9975809e+10  1.08e+06  0.00e+00  3.08e+06  7.55e-06
  29   6.9060082e+10   7.0388438e+10  8.72e+05  0.00e+00  2.40e+06  9.98e-06
  30   6.9558541e+10   7.0671403e+10  7.43e+05  0.00e+00  2.07e+06  1.17e-05
  31   6.9620520e+10   7.0926882e+10  7.27e+05  0.00e+00  1.77e+06  1.39e-05
  32   6.9920988e+10   7.1233548e+10  6.58e+05  0.00e+00  1.48e+06  1.69e-05
  33   7.0244858e+10   7.1361744e+10  5.89e+05  0.00e+00  1.37e+06  1.84e-05
  34   7.0279108e+10   7.1561261e+10  5.81e+05  0.00e+00  1.18e+06  2.16e-05
  35   7.0847085e+10   7.1943489e+10  4.59e+05  0.00e+00  8.62e+05  3.05e-05
  36   7.0946409e+10   7.2168855e+10  4.37e+05  0.00e+00  6.65e+05  4.02e-05
  37   7.1104998e+10   7.2235363e+10  3.98e+05  0.00e+00  5.87e+05  4.59e-05
  38   7.1516378e+10   7.2460489e+10  3.15e+05  0.00e+00  4.29e+05  6.39e-05
  39   7.1806662e+10   7.2485774e+10  2.55e+05  0.00e+00  4.11e+05  6.72e-05
  40   7.2014694e+10   7.2578468e+10  2.10e+05  0.00e+00  3.34e+05  8.37e-05
  41   7.2209576e+10   7.2659354e+10  1.67e+05  0.00e+00  2.65e+05  1.07e-04
  42   7.2302483e+10   7.2714396e+10  1.47e+05  0.00e+00  2.17e+05  1.32e-04
  43   7.2387885e+10   7.2773654e+10  1.28e+05  0.00e+00  1.67e+05  1.73e-04
  44   7.2484660e+10   7.2819343e+10  1.07e+05  0.00e+00  1.32e+05  2.21e-04
  45   7.2539887e+10   7.2825324e+10  9.55e+04  0.00e+00  1.27e+05  2.30e-04
  46   7.2606145e+10   7.2853683e+10  8.09e+04  0.00e+00  1.03e+05  2.86e-04
  47   7.2665806e+10   7.2876522e+10  6.78e+04  0.00e+00  8.31e+04  3.55e-04
  48   7.2713782e+10   7.2884923e+10  5.72e+04  0.00e+00  7.57e+04  3.91e-04
  49   7.2756303e+10   7.2899780e+10  4.74e+04  0.00e+00  6.13e+04  4.86e-04
  50   7.2779663e+10   7.2915038e+10  4.20e+04  0.00e+00  4.61e+04  6.52e-04
  51   7.2818683e+10   7.2926635e+10  3.32e+04  0.00e+00  3.55e+04  8.49e-04
  52   7.2830361e+10   7.2932119e+10  3.05e+04  0.00e+00  3.00e+04  1.00e-03
  53   7.2846354e+10   7.2934007e+10  2.68e+04  0.00e+00  2.81e+04  1.07e-03
  54   7.2866301e+10   7.2935129e+10  2.20e+04  0.00e+00  2.69e+04  1.12e-03
  55   7.2887201e+10   7.2941369e+10  1.69e+04  0.00e+00  1.85e+04  1.65e-03
  56   7.2899772e+10   7.2944342e+10  1.38e+04  0.00e+00  1.47e+04  2.07e-03
  57   7.2908193e+10   7.2946773e+10  1.17e+04  0.00e+00  1.16e+04  2.62e-03
  58   7.2912549e+10   7.2947125e+10  1.06e+04  0.00e+00  1.12e+04  2.73e-03
  59   7.2919162e+10   7.2947720e+10  8.99e+03  0.00e+00  1.03e+04  2.95e-03
  60   7.2924424e+10   7.2949530e+10  7.62e+03  0.00e+00  7.30e+03  4.20e-03
  61   7.2929017e+10   7.2950428e+10  6.47e+03  0.00e+00  6.07e+03  5.05e-03
  62   7.2932617e+10   7.2950849e+10  5.56e+03  0.00e+00  5.44e+03  5.63e-03
  63   7.2935787e+10   7.2951415e+10  4.74e+03  0.00e+00  4.50e+03  6.81e-03
  64   7.2939185e+10   7.2951938e+10  3.85e+03  0.00e+00  3.55e+03  8.60e-03
  65   7.2941850e+10   7.2952325e+10  3.14e+03  0.00e+00  2.77e+03  1.10e-02
  66   7.2942823e+10   7.2952619e+10  2.88e+03  0.00e+00  2.14e+03  1.42e-02
  67   7.2946045e+10   7.2952890e+10  2.03e+03  0.00e+00  1.64e+03  1.84e-02
  68   7.2946479e+10   7.2952919e+10  1.91e+03  0.00e+00  1.50e+03  2.01e-02
  69   7.2947235e+10   7.2952977e+10  1.70e+03  0.00e+00  1.26e+03  2.38e-02
  70   7.2948510e+10   7.2953055e+10  1.34e+03  0.00e+00  8.97e+02  3.31e-02
  71   7.2950057e+10   7.2953082e+10  8.96e+02  0.00e+00  7.06e+02  4.17e-02
  72   7.2950969e+10   7.2953025e+10  6.10e+02  0.00e+00  4.64e+02  6.31e-02
  73   7.2951220e+10   7.2953004e+10  5.29e+02  0.00e+00  4.04e+02  7.24e-02
  74   7.2951521e+10   7.2952967e+10  4.31e+02  0.00e+00  3.10e+02  9.39e-02
  75   7.2951824e+10   7.2952927e+10  3.32e+02  0.00e+00  2.12e+02  1.37e-01
  76   7.2951928e+10   7.2952918e+10  2.98e+02  0.00e+00  1.91e+02  1.52e-01
  77   7.2952292e+10   7.2952838e+10  1.73e+02  0.00e+00  6.52e+01  4.33e-01
  78   7.2952413e+10   7.2952836e+10  1.34e+02  0.00e+00  3.99e+01  6.74e-01
  79   7.2952667e+10   7.2952794e+10  3.91e+01  0.00e+00  1.41e+01  1.85e+00
  80   7.2952741e+10   7.2952779e+10  9.95e+00  0.00e+00  6.79e+00  3.66e+00
  81   7.2952748e+10   7.2952764e+10  5.20e+00  0.00e+00  2.31e+00  1.16e+01
  82   7.2952758e+10   7.2952761e+10  1.08e+00  0.00e+00  1.13e+00  2.48e+01
  83   7.2952758e+10   7.2952761e+10  1.10e+00  0.00e+00  1.12e+00  2.50e+01
Barrier time = 105.67 sec. (50954.07 ticks)
Parallel mode: deterministic, using up to 7 threads for concurrent optimization:
 * Starting dual Simplex on 1 thread...
 * Starting primal Simplex on 1 thread...

Dual crossover.
  Dual:  Fixing 19442 variables.
    19441 DMoves:  Infeasibility  6.49491647e+01  Objective  7.29527546e+10
    18323 DMoves:  Infeasibility  6.46561661e+01  Objective  7.29527546e+10
    17312 DMoves:  Infeasibility  3.54997765e+01  Objective  7.29527546e+10
    16151 DMoves:  Infeasibility  3.01241771e+01  Objective  7.29527536e+10
    15116 DMoves:  Infeasibility  2.94713115e+01  Objective  7.29527536e+10
    14410 DMoves:  Infeasibility  2.80895029e+01  Objective  7.29527537e+10
    13540 DMoves:  Infeasibility  2.77192761e+01  Objective  7.29527526e+10
    12721 DMoves:  Infeasibility  2.73596818e+01  Objective  7.29527535e+10
    11819 DMoves:  Infeasibility  2.54206437e+01  Objective  7.29527536e+10
    10992 DMoves:  Infeasibility  2.49160071e+01  Objective  7.29527534e+10
    10176 DMoves:  Infeasibility  2.46744195e+01  Objective  7.29527536e+10
     9588 DMoves:  Infeasibility  2.46236755e+01  Objective  7.29527538e+10
     8898 DMoves:  Infeasibility  2.40284950e+01  Objective  7.29527553e+10
     8209 DMoves:  Infeasibility  2.38256797e+01  Objective  7.29527549e+10
     6602 DMoves:  Infeasibility  4.61398918e+05  Objective  7.29524047e+10
     4484 DMoves:  Infeasibility  4.60636566e+05  Objective  7.29524350e+10
     2815 DMoves:  Infeasibility  7.75929680e+05  Objective  7.29515572e+10
     1478 DMoves:  Infeasibility  5.91343384e+05  Objective  7.29520391e+10
      560 DMoves:  Infeasibility  4.54958939e+05  Objective  7.29531013e+10
        0 DMoves:  Infeasibility  3.97197200e+05  Objective  7.29531768e+10
  Dual:  Pushed 4293, exchanged 15149.
  Primal:  Fixing 162003 variables.
   162002 PMoves:  Infeasibility  7.78970185e+01  Objective  7.29458489e+10
   157424 PMoves:  Infeasibility  2.41377668e+01  Objective  7.29453361e+10
   142837 PMoves:  Infeasibility  1.29322215e+01  Objective  7.29452467e+10
   127997 PMoves:  Infeasibility  4.63499513e+00  Objective  7.29452434e+10
   125574 PMoves:  Infeasibility  4.57133194e+00  Objective  7.29452484e+10
   122063 PMoves:  Infeasibility  4.54655896e+00  Objective  7.29452484e+10
   112823 PMoves:  Infeasibility  4.31896477e+00  Objective  7.29452483e+10
   107322 PMoves:  Infeasibility  4.31896477e+00  Objective  7.29452483e+10
    92394 PMoves:  Infeasibility  4.31896477e+00  Objective  7.29452483e+10
    79494 PMoves:  Infeasibility  4.31871056e+00  Objective  7.29452483e+10
    67150 PMoves:  Infeasibility  4.31871056e+00  Objective  7.29452483e+10
    49933 PMoves:  Infeasibility  4.31871056e+00  Objective  7.29452501e+10
    38140 PMoves:  Infeasibility  3.02061397e+00  Objective  7.29452692e+10
    28470 PMoves:  Infeasibility  2.15382700e-01  Objective  7.29452679e+10
    21709 PMoves:  Infeasibility  2.14146720e-01  Objective  7.29452681e+10
    19078 PMoves:  Infeasibility  2.14146719e-01  Objective  7.29452681e+10
    13903 PMoves:  Infeasibility  2.14146717e-01  Objective  7.29452681e+10
    10784 PMoves:  Infeasibility  2.14146717e-01  Objective  7.29452681e+10
     7657 PMoves:  Infeasibility  2.14146724e-01  Objective  7.29452681e+10
        2 PMoves:  Infeasibility  2.14146719e-01  Objective  7.29452680e+10
        0 PMoves:  Infeasibility  2.14146719e-01  Objective  7.29452699e+10
  Primal:  Pushed 136055, exchanged 25948.
Elapsed time = 129.05 sec. (67041.00 ticks, 1 iterations)

Iteration log . . .
Iteration:     1   Dual objective     =   72953176825.837402
Removing shift (1625).

Primal simplex solved model.

Total crossover time = 22.92 sec. (6460.62 ticks)

Total time on 7 threads = 132.86 sec. (59913.82 ticks)

--- LP status (1): optimal.
--- Cplex Time: 132.86sec (det. 59915.44 ticks)


Optimal solution found
Simplex iterations after crossover: 0
Objective:  72952760402.795471

--- Reading solution for model BALBASE4
--- Balmorel.gms(98445) 261 Mb  138 secs
--- GDX Point D:\DTU DOCs\LargeScale\Exercises\day_2\BalmorelSimpleModel\Balmorel\Project_NZwithoutCCS\Model\BALBASE4_p.gdx
--- Executing after solve: elapsed 0:02:49.734
--- Balmorel.gms(98190) 261 Mb
--- Generating RMIP model BALBASE4
--- Balmorel.gms(98445) 444 Mb
--- LOOPS IYALIAS = 2050
---   907,440 rows  822,821 columns  3,123,121 non-zeroes
--- Range statistics (absolute non-zero finite values)
--- RHS       [min, max] : [ 5.994E-04, 2.893E+09] - Zero values observed as well
--- Bound     [min, max] : [ 2.736E-03, 1.029E+05] - Zero values observed as well
--- Matrix    [min, max] : [ 3.570E-10, 1.408E+02]
--- Executing CPLEX (Solvelink=2): elapsed 0:03:01.499

IBM ILOG CPLEX   53.5.1 f2e5fac3 May 20, 2026          WEI x86 64bit/MS Window

--- GAMS/CPLEX licensed for continuous and discrete problems.

Reading parameter(s) from "D:\DTU DOCs\LargeScale\Exercises\day_2\BalmorelSimpleModel\Balmorel\Project_NZwithoutCCS\Model\cplex.op4"
>>  * Option file 4 for CPLEX solver. For possible options, see the GAMS Solver Manual.
>>  * To use with CPLEX,  set  '$Setglobal USEOPTIONFILE 4' in balgams.opt.
>>  * Do not change this file, it is predefined.
>>  * To use other options with CPLEX, make and/or use some other file, see USEOPTIONFILE in balgams.opt.
>>  * "LPmethod  4": Barrier method
>>  * "Threads  -1": Use all available threads except 1.
>>  * If memory tight, set the Threads parameter to 1.
>> ~* advind is set to 0 by default since for large problems a better performance has been experienced. If 0, the optimization will no~
>> ~t use the previous solution to try to find the next run faster.
>> 
>>  LPmethod  4
>>  Threads  -1
>>  advind 0
>> 
>> 
Finished reading from "D:\DTU DOCs\LargeScale\Exercises\day_2\BalmorelSimpleModel\Balmorel\Project_NZwithoutCCS\Model\cplex.op4"

--- GMO setup time: 0.00s
--- Space for names approximately 115.44 Mb
--- Use option 'names no' to turn use of names off
--- GMO memory 338.34 Mb (peak 344.61 Mb)
--- Dictionary memory 0.00 Mb
--- Cplex 22.1.2.0 link memory 26.08 Mb (peak 189.40 Mb)
--- Starting Cplex

Version identifier: 22.1.2.0 | 2024-11-25 | 0edbb82fd
CPXPARAM_Advance                                 0
CPXPARAM_LPMethod                                4
CPXPARAM_Threads                                 7
CPXPARAM_Parallel                                1
CPXPARAM_MIP_Display                             4
CPXPARAM_MIP_Pool_Capacity                       0
CPXPARAM_Barrier_Limits_Iteration                2000000000
CPXPARAM_TimeLimit                               1209600
CPXPARAM_MIP_Tolerances_AbsMIPGap                0
CPXPARAM_MIP_Tolerances_MIPGap                   9.9999999999999995e-07
Tried aggregator 1 time.
DUAL formed by presolve
LP Presolve eliminated 559988 rows and 535641 columns.
Aggregator did 92016 substitutions.
Reduced LP has 195170 rows, 268275 columns, and 842805 nonzeros.
Presolve time = 5.38 sec. (3502.87 ticks)
Parallel mode: using up to 7 threads for barrier.

***NOTE: Found 56 dense columns.

Number of nonzeros in lower triangle of A*A' = 4016122
Using Nested Dissection ordering
Total time for automatic ordering = 11.95 sec. (5840.34 ticks)
Summary statistics for Cholesky factor:
  Threads                   = 7
  Rows in Factor            = 195226
  Integer space required    = 1213472
  Total non-zeros in factor = 23633849
  Total FP ops to factor    = 7533784791
 Itn      Primal Obj        Dual Obj  Prim Inf Upper Inf  Dual Inf Inf Ratio
   0  -2.0475214e+13   1.5696585e+10  1.27e+10  0.00e+00  1.75e+10  1.00e+00
   1  -4.2960535e+12   3.8376960e+11  2.91e+09  0.00e+00  4.34e+09  1.94e-08
   2  -3.2374017e+12   2.6527256e+11  2.15e+09  0.00e+00  3.56e+09  2.03e-08
   3  -2.9331732e+12   1.5926461e+11  1.86e+09  0.00e+00  3.26e+09  1.96e-08
   4  -1.1480844e+12   6.3713497e+10  7.27e+08  0.00e+00  1.26e+09  2.54e-08
   5  -2.7619317e+11   4.7649378e+10  1.90e+08  0.00e+00  6.14e+08  4.93e-08
   6  -1.4146620e+11   4.1631670e+10  1.09e+08  0.00e+00  2.25e+08  1.66e-07
   7  -5.2460052e+10   4.7717709e+10  5.90e+07  0.00e+00  1.08e+08  3.99e-07
   8  -2.1075551e+10   4.9131738e+10  4.10e+07  0.00e+00  5.40e+07  8.91e-07
   9  -5.2531335e+08   4.9599637e+10  2.93e+07  0.00e+00  3.86e+07  1.31e-06
  10   1.2064156e+10   4.9538664e+10  2.19e+07  0.00e+00  2.51e+07  2.12e-06
  11   2.5853614e+10   4.9430512e+10  1.38e+07  0.00e+00  1.60e+07  3.53e-06
  12   3.1034352e+10   4.9311053e+10  1.06e+07  0.00e+00  1.37e+07  4.21e-06
  13   3.5494923e+10   4.9124444e+10  7.86e+06  0.00e+00  1.17e+07  5.05e-06
  14   3.7814932e+10   4.8859090e+10  6.30e+06  0.00e+00  1.01e+07  5.95e-06
  15   3.9447782e+10   4.8627694e+10  5.19e+06  0.00e+00  8.78e+06  6.95e-06
  16   4.0346808e+10   4.8464460e+10  4.58e+06  0.00e+00  7.81e+06  7.92e-06
  17   4.1756297e+10   4.8342497e+10  3.68e+06  0.00e+00  6.84e+06  9.18e-06
  18   4.2859422e+10   4.8277978e+10  2.99e+06  0.00e+00  6.23e+06  1.02e-05
  19   4.3615802e+10   4.8166169e+10  2.52e+06  0.00e+00  5.11e+06  1.27e-05
  20   4.4018246e+10   4.8124180e+10  2.28e+06  0.00e+00  4.48e+06  1.47e-05
  21   4.4661348e+10   4.8090668e+10  1.89e+06  0.00e+00  3.98e+06  1.67e-05
  22   4.5238399e+10   4.8066486e+10  1.54e+06  0.00e+00  3.70e+06  1.82e-05
  23   4.5677621e+10   4.8030226e+10  1.24e+06  0.00e+00  3.45e+06  1.96e-05
  24   4.5915455e+10   4.7968746e+10  1.07e+06  0.00e+00  3.09e+06  2.22e-05
  25   4.6282615e+10   4.7882291e+10  8.19e+05  0.00e+00  2.57e+06  2.72e-05
  26   4.6511906e+10   4.7833053e+10  6.61e+05  0.00e+00  2.27e+06  3.13e-05
  27   4.6768470e+10   4.7788905e+10  4.87e+05  0.00e+00  1.98e+06  3.64e-05
  28   4.6841963e+10   4.7746338e+10  4.36e+05  0.00e+00  1.72e+06  4.26e-05
  29   4.6942201e+10   4.7735613e+10  3.73e+05  0.00e+00  1.63e+06  4.51e-05
  30   4.7009415e+10   4.7697546e+10  3.30e+05  0.00e+00  1.34e+06  5.61e-05
  31   4.7078615e+10   4.7676944e+10  2.90e+05  0.00e+00  1.11e+06  6.89e-05
  32   4.7153544e+10   4.7672026e+10  2.49e+05  0.00e+00  1.02e+06  7.53e-05
  33   4.7289810e+10   4.7660422e+10  1.76e+05  0.00e+00  7.93e+05  9.98e-05
  34   4.7357448e+10   4.7657495e+10  1.43e+05  0.00e+00  6.10e+05  1.33e-04
  35   4.7413591e+10   4.7659240e+10  1.18e+05  0.00e+00  5.51e+05  1.49e-04
  36   4.7423459e+10   4.7659671e+10  1.13e+05  0.00e+00  4.99e+05  1.65e-04
  37   4.7478640e+10   4.7663289e+10  8.84e+04  0.00e+00  3.84e+05  2.19e-04
  38   4.7524159e+10   4.7664901e+10  6.85e+04  0.00e+00  3.50e+05  2.42e-04
  39   4.7559707e+10   4.7667067e+10  5.24e+04  0.00e+00  2.77e+05  3.11e-04
  40   4.7588173e+10   4.7670847e+10  4.00e+04  0.00e+00  1.97e+05  4.51e-04
  41   4.7597572e+10   4.7676090e+10  3.64e+04  0.00e+00  1.46e+05  6.21e-04
  42   4.7617127e+10   4.7680206e+10  2.93e+04  0.00e+00  1.18e+05  7.74e-04
  43   4.7629133e+10   4.7682664e+10  2.49e+04  0.00e+00  1.01e+05  9.08e-04
  44   4.7634885e+10   4.7686003e+10  2.28e+04  0.00e+00  7.83e+04  1.19e-03
  45   4.7641634e+10   4.7689228e+10  2.05e+04  0.00e+00  6.11e+04  1.53e-03
  46   4.7650164e+10   4.7692862e+10  1.76e+04  0.00e+00  4.47e+04  2.10e-03
  47   4.7657912e+10   4.7695242e+10  1.51e+04  0.00e+00  3.50e+04  2.67e-03
  48   4.7664852e+10   4.7696122e+10  1.28e+04  0.00e+00  3.14e+04  2.97e-03
  49   4.7669715e+10   4.7698139e+10  1.11e+04  0.00e+00  2.01e+04  4.62e-03
  50   4.7673649e+10   4.7698662e+10  9.77e+03  0.00e+00  1.77e+04  5.23e-03
  51   4.7675431e+10   4.7699271e+10  9.15e+03  0.00e+00  1.43e+04  6.39e-03
  52   4.7679066e+10   4.7700132e+10  7.90e+03  0.00e+00  9.67e+03  9.20e-03
  53   4.7681770e+10   4.7700274e+10  6.96e+03  0.00e+00  8.85e+03  9.97e-03
  54   4.7684551e+10   4.7700443e+10  5.95e+03  0.00e+00  6.78e+03  1.27e-02
  55   4.7685357e+10   4.7700487e+10  5.65e+03  0.00e+00  5.41e+03  1.56e-02
  56   4.7687127e+10   4.7700522e+10  5.00e+03  0.00e+00  4.28e+03  1.91e-02
  57   4.7688629e+10   4.7700500e+10  4.43e+03  0.00e+00  3.68e+03  2.17e-02
  58   4.7689443e+10   4.7700369e+10  4.12e+03  0.00e+00  2.63e+03  2.90e-02
  59   4.7690010e+10   4.7700286e+10  3.90e+03  0.00e+00  2.04e+03  3.57e-02
  60   4.7690798e+10   4.7700271e+10  3.59e+03  0.00e+00  1.91e+03  3.76e-02
  61   4.7692180e+10   4.7700132e+10  3.04e+03  0.00e+00  1.37e+03  4.86e-02
  62   4.7693713e+10   4.7699956e+10  2.40e+03  0.00e+00  1.01e+03  6.12e-02
  63   4.7693946e+10   4.7699842e+10  2.29e+03  0.00e+00  8.78e+02  6.86e-02
  64   4.7694441e+10   4.7699577e+10  2.07e+03  0.00e+00  5.82e+02  9.35e-02
  65   4.7695331e+10   4.7699486e+10  1.67e+03  0.00e+00  4.94e+02  1.05e-01
  66   4.7696207e+10   4.7699264e+10  1.24e+03  0.00e+00  3.50e+02  1.36e-01
  67   4.7696304e+10   4.7699126e+10  1.18e+03  0.00e+00  2.86e+02  1.60e-01
  68   4.7696519e+10   4.7699049e+10  1.07e+03  0.00e+00  2.52e+02  1.76e-01
  69   4.7697042e+10   4.7698953e+10  7.75e+02  0.00e+00  2.13e+02  2.01e-01
  70   4.7697506e+10   4.7698657e+10  4.84e+02  0.00e+00  1.20e+02  3.21e-01
  71   4.7697772e+10   4.7698549e+10  2.88e+02  0.00e+00  9.39e+01  3.95e-01
  72   4.7697830e+10   4.7698412e+10  2.35e+02  0.00e+00  6.65e+01  5.53e-01
  73   4.7697848e+10   4.7698363e+10  2.18e+02  0.00e+00  5.68e+01  6.39e-01
  74   4.7697975e+10   4.7698307e+10  9.64e+01  0.00e+00  4.56e+01  7.80e-01
  75   4.7697994e+10   4.7698246e+10  6.66e+01  0.00e+00  3.54e+01  1.01e+00
  76   4.7698006e+10   4.7698110e+10  4.50e+01  0.00e+00  1.28e+01  2.84e+00
  77   4.7698018e+10   4.7698056e+10  2.97e+01  0.00e+00  3.10e+00  1.07e+01
  78   4.7698027e+10   4.7698052e+10  1.79e+01  0.00e+00  2.32e+00  1.36e+01
  79   4.7698029e+10   4.7698051e+10  1.46e+01  0.00e+00  2.18e+00  1.44e+01
  80   4.7698031e+10   4.7698041e+10  1.08e+01  0.00e+00  6.34e-01  4.18e+01
  81   4.7698033e+10   4.7698041e+10  7.58e+00  0.00e+00  5.66e-01  4.56e+01
  82   4.7698034e+10   4.7698038e+10  4.79e+00  0.00e+00  2.17e-01  9.80e+01
  83   4.7698035e+10   4.7698036e+10  2.00e+00  0.00e+00  8.49e-02  2.47e+02
  84   4.7698034e+10   4.7698034e+10  1.44e+00  0.00e+00  1.53e-01  6.95e+02
Barrier time = 100.02 sec. (35052.29 ticks)
Parallel mode: deterministic, using up to 7 threads for concurrent optimization:
 * Starting dual Simplex on 1 thread...
 * Starting primal Simplex on 1 thread...

Dual crossover.
  Dual:  Fixing 21931 variables.
    21930 DMoves:  Infeasibility  1.03132569e+01  Objective  4.76980343e+10
    20020 DMoves:  Infeasibility  1.02227158e+01  Objective  4.76980343e+10
    18951 DMoves:  Infeasibility  1.01064876e+01  Objective  4.76980343e+10
    17234 DMoves:  Infeasibility  2.82820136e+00  Objective  4.76980343e+10
    14990 DMoves:  Infeasibility  2.78135136e+00  Objective  4.76980343e+10
    13943 DMoves:  Infeasibility  2.72366766e+00  Objective  4.76980343e+10
    13029 DMoves:  Infeasibility  2.61759004e+00  Objective  4.76980343e+10
    12532 DMoves:  Infeasibility  2.41643489e+00  Objective  4.76980342e+10
    11465 DMoves:  Infeasibility  2.28384233e+00  Objective  4.76980342e+10
    10479 DMoves:  Infeasibility  2.27062838e+00  Objective  4.76980342e+10
     9637 DMoves:  Infeasibility  2.26369553e+00  Objective  4.76980342e+10
     9008 DMoves:  Infeasibility  2.25663782e+00  Objective  4.76980342e+10
     8137 DMoves:  Infeasibility  2.21227075e+00  Objective  4.76980342e+10
     7370 DMoves:  Infeasibility  2.19234401e+00  Objective  4.76980343e+10
     6729 DMoves:  Infeasibility  2.17456723e+00  Objective  4.76980341e+10
     6200 DMoves:  Infeasibility  2.12507362e+00  Objective  4.76980339e+10
     4236 DMoves:  Infeasibility  5.65460104e+01  Objective  4.76980350e+10
     3314 DMoves:  Infeasibility  3.44697727e+01  Objective  4.76980350e+10
     2284 DMoves:  Infeasibility  1.66100767e+00  Objective  4.76980350e+10
     1152 DMoves:  Infeasibility  4.20423141e-03  Objective  4.76980352e+10
       47 DMoves:  Infeasibility  1.80465642e-03  Objective  4.76980353e+10
        0 DMoves:  Infeasibility  3.26120717e-10  Objective  4.76980352e+10
  Dual:  Pushed 2529, exchanged 19402.
  Primal:  Fixing 188774 variables.
   188773 PMoves:  Infeasibility  1.22860714e-01  Objective  4.76980352e+10
   144804 PMoves:  Infeasibility  7.43516565e-04  Objective  4.76980352e+10
   138559 PMoves:  Infeasibility  7.43516611e-04  Objective  4.76980352e+10
   136037 PMoves:  Infeasibility  7.43516611e-04  Objective  4.76980352e+10
   134194 PMoves:  Infeasibility  7.43516612e-04  Objective  4.76980352e+10
   130964 PMoves:  Infeasibility  7.43516612e-04  Objective  4.76980352e+10
   127696 PMoves:  Infeasibility  7.43516612e-04  Objective  4.76980352e+10
   124018 PMoves:  Infeasibility  7.43516611e-04  Objective  4.76980352e+10
   118975 PMoves:  Infeasibility  7.43516611e-04  Objective  4.76980352e+10
   114465 PMoves:  Infeasibility  7.43516611e-04  Objective  4.76980352e+10
   109151 PMoves:  Infeasibility  7.43516611e-04  Objective  4.76980352e+10
   100070 PMoves:  Infeasibility  7.43518719e-04  Objective  4.76980352e+10
    88266 PMoves:  Infeasibility  7.43515898e-04  Objective  4.76980352e+10
    81298 PMoves:  Infeasibility  7.43512013e-04  Objective  4.76980352e+10
    72851 PMoves:  Infeasibility  2.37246523e-04  Objective  4.76980352e+10
    68925 PMoves:  Infeasibility  2.12822589e-04  Objective  4.76980352e+10
    62147 PMoves:  Infeasibility  2.13700532e-04  Objective  4.76980352e+10
    47055 PMoves:  Infeasibility  2.13703832e-04  Objective  4.76980352e+10
    31474 PMoves:  Infeasibility  2.13698055e-04  Objective  4.76980352e+10
    26225 PMoves:  Infeasibility  2.13695440e-04  Objective  4.76980352e+10
    20229 PMoves:  Infeasibility  2.13695440e-04  Objective  4.76980352e+10
    13618 PMoves:  Infeasibility  2.13711208e-04  Objective  4.76980352e+10
   Elapsed crossover time = 3.77 sec. (10021.75 ticks, 13618 PMoves)
     8285 PMoves:  Infeasibility  2.13734680e-04  Objective  4.76980352e+10
     2514 PMoves:  Infeasibility  2.13703447e-04  Objective  4.76980352e+10
        0 PMoves:  Infeasibility  2.13703447e-04  Objective  4.76980352e+10
  Primal:  Pushed 158318, exchanged 30456.
Elapsed time = 121.98 sec. (53714.24 ticks, 1 iterations)

Iteration log . . .
Iteration:     1   Dual objective     =   47698035249.644775
Removing shift (1).
Iteration:    71   Dual objective     =   47698035249.552917

Primal simplex solved model.

Total crossover time = 32.63 sec. (12072.54 ticks)

Total time on 7 threads = 138.20 sec. (50661.70 ticks)

--- LP status (1): optimal.
--- Cplex Time: 138.22sec (det. 50664.29 ticks)


Optimal solution found
Simplex iterations after crossover: 0
Objective:  47698035249.553421

--- Reading solution for model BALBASE4
--- Balmorel.gms(98445) 444 Mb  146 secs
--- GDX Point D:\DTU DOCs\LargeScale\Exercises\day_2\BalmorelSimpleModel\Balmorel\Project_NZwithoutCCS\Model\BALBASE4_p.gdx
--- Executing after solve: elapsed 0:05:28.690
--- Balmorel.gms(100081) 444 Mb
--- GDX File (execute_unload) D:\DTU DOCs\LargeScale\Exercises\day_2\BalmorelSimpleModel\Balmorel\Project_NZwithoutCCS\Model\MainResults.gdx
--- Balmorel.gms(100427) 444 Mb
--- GDX File (execute_unload) D:\DTU DOCs\LargeScale\Exercises\day_2\BalmorelSimpleModel\Balmorel\simex\HYRSG.gdx
--- Balmorel.gms(100428) 444 Mb
--- GDX File (execute_unload) D:\DTU DOCs\LargeScale\Exercises\day_2\BalmorelSimpleModel\Balmorel\simex\VHYRS_SL.gdx
--- Balmorel.gms(100429) 444 Mb
--- GDX File (execute_unload) D:\DTU DOCs\LargeScale\Exercises\day_2\BalmorelSimpleModel\Balmorel\simex\WATERVAL.gdx
--- Balmorel.gms(100430) 444 Mb
--- GDX File (execute_unload) D:\DTU DOCs\LargeScale\Exercises\day_2\BalmorelSimpleModel\Balmorel\simex\VHYRS_STL.gdx
--- Balmorel.gms(100454) 444 Mb
--- GDX File (execute_unload) D:\DTU DOCs\LargeScale\Exercises\day_2\BalmorelSimpleModel\Balmorel\simex\XKACCUMNET.gdx
--- Balmorel.gms(100455) 444 Mb
--- GDX File (execute_unload) D:\DTU DOCs\LargeScale\Exercises\day_2\BalmorelSimpleModel\Balmorel\simex\GKACCUMNET.gdx
--- Balmorel.gms(100485) 444 Mb
--- GDX File (execute_unload) D:\DTU DOCs\LargeScale\Exercises\day_2\BalmorelSimpleModel\Balmorel\simex\ESTOVOLTS.gdx
--- Balmorel.gms(100486) 444 Mb
--- GDX File (execute_unload) D:\DTU DOCs\LargeScale\Exercises\day_2\BalmorelSimpleModel\Balmorel\simex\HSTOVOLTS.gdx
--- Balmorel.gms(100487) 444 Mb
--- GDX File (execute_unload) D:\DTU DOCs\LargeScale\Exercises\day_2\BalmorelSimpleModel\Balmorel\simex\ESTOVOLT.gdx
--- Balmorel.gms(100488) 444 Mb
--- GDX File (execute_unload) D:\DTU DOCs\LargeScale\Exercises\day_2\BalmorelSimpleModel\Balmorel\simex\HSTOVOLT.gdx
--- Balmorel.gms(100493) 444 Mb
--- GDX File (execute_unload) D:\DTU DOCs\LargeScale\Exercises\day_2\BalmorelSimpleModel\Balmorel\simex\ESTOVOLTSVAL.gdx
--- Balmorel.gms(100494) 444 Mb
--- GDX File (execute_unload) D:\DTU DOCs\LargeScale\Exercises\day_2\BalmorelSimpleModel\Balmorel\simex\HSTOVOLTSVAL.gdx
--- Balmorel.gms(100495) 444 Mb
--- GDX File (execute_unload) D:\DTU DOCs\LargeScale\Exercises\day_2\BalmorelSimpleModel\Balmorel\simex\ESTOVOLTVAL.gdx
--- Balmorel.gms(100496) 444 Mb
--- GDX File (execute_unload) D:\DTU DOCs\LargeScale\Exercises\day_2\BalmorelSimpleModel\Balmorel\simex\HSTOVOLTVAL.gdx
--- Balmorel.gms(100526) 444 Mb
--- GDX File (execute_unload) D:\DTU DOCs\LargeScale\Exercises\day_2\BalmorelSimpleModel\Balmorel\simex\GE_T.gdx
--- Balmorel.gms(100527) 444 Mb
--- GDX File (execute_unload) D:\DTU DOCs\LargeScale\Exercises\day_2\BalmorelSimpleModel\Balmorel\simex\GH_T.gdx
--- Balmorel.gms(100544) 444 Mb
--- GDX File (execute_unload) D:\DTU DOCs\LargeScale\Exercises\day_2\BalmorelSimpleModel\Balmorel\simex\F_T.gdx
--- Balmorel.gms(100555) 444 Mb
--- GDX File (execute_unload) D:\DTU DOCs\LargeScale\Exercises\day_2\BalmorelSimpleModel\Balmorel\simex\GMAXFS.gdx
--- Balmorel.gms(100560) 444 Mb
--- GDX File (execute_unload) D:\DTU DOCs\LargeScale\Exercises\day_2\BalmorelSimpleModel\Balmorel\simex\FUELPRICE_EXC.gdx
--- Balmorel.gms(100590) 444 Mb
--- GDX File (execute_unload) D:\DTU DOCs\LargeScale\Exercises\day_2\BalmorelSimpleModel\Balmorel\simex\H2STOVOLTS.gdx
--- Balmorel.gms(100591) 444 Mb
--- GDX File (execute_unload) D:\DTU DOCs\LargeScale\Exercises\day_2\BalmorelSimpleModel\Balmorel\simex\H2STOVOLTSVAL.gdx
--- Balmorel.gms(100601) 444 Mb
--- GDX File (execute_unload) D:\DTU DOCs\LargeScale\Exercises\day_2\BalmorelSimpleModel\Balmorel\simex\BIOMETHSTOVOLTS.gdx
--- Balmorel.gms(100602) 444 Mb
--- GDX File (execute_unload) D:\DTU DOCs\LargeScale\Exercises\day_2\BalmorelSimpleModel\Balmorel\simex\BIOMETHSTOVOLTSVAL.gdx
--- Balmorel.gms(100612) 444 Mb
--- GDX File (execute_unload) D:\DTU DOCs\LargeScale\Exercises\day_2\BalmorelSimpleModel\Balmorel\simex\XH2KACCUMNET.gdx
--- Balmorel.gms(100660) 444 Mb
--- GDX File (execute_unload) D:\DTU DOCs\LargeScale\Exercises\day_2\BalmorelSimpleModel\Balmorel\Project_NZwithoutCCS\Model\all_endofmodel.gdx
--- Putfile fileMERGEWITHBASEbat D:\DTU DOCs\LargeScale\Exercises\day_2\BalmorelSimpleModel\Balmorel\Project_NZwithoutCCS\Model\%batfileMERGEWITHBASE%
--- Putfile errorfile D:\DTU DOCs\LargeScale\Exercises\day_2\BalmorelSimpleModel\Balmorel\Project_NZwithoutCCS\logerror\errors.out
--- Putfile logfile D:\DTU DOCs\LargeScale\Exercises\day_2\BalmorelSimpleModel\Balmorel\Project_NZwithoutCCS\logerror\logfile.out
--- Putfile printoutoverview D:\DTU DOCs\LargeScale\Exercises\day_2\BalmorelSimpleModel\Balmorel\Project_NZwithoutCCS\output\printout\printoutoverview.out
--- Putfile BB4overview D:\DTU DOCs\LargeScale\Exercises\day_2\BalmorelSimpleModel\Balmorel\Project_NZwithoutCCS\logerror\BB4overview.out
*** Status: Normal completion
--- Job Balmorel.gms Stop 06/17/26 16:08:58 elapsed 0:05:41.296
